#
# There is insufficient memory for the Java Runtime Environment to continue.
# Native memory allocation (mmap) failed to map 97517568 bytes for G1 virtual space
# Possible reasons:
#   The system is out of physical RAM or swap space
#   The process is running with CompressedOops enabled, and the Java Heap may be blocking the growth of the native heap
# Possible solutions:
#   Reduce memory load on the system
#   Increase physical memory or swap space
#   Check if swap backing store is full
#   Decrease Java heap size (-Xmx/-Xms)
#   Decrease number of Java threads
#   Decrease Java thread stack sizes (-Xss)
#   Set larger code cache with -XX:ReservedCodeCacheSize=
#   JVM is running with Unscaled Compressed Oops mode in which the Java heap is
#     placed in the first 4GB address space. The Java Heap base address is the
#     maximum limit for the native heap growth. Please use -XX:HeapBaseMinAddress
#     to set the Java Heap base and to place the Java Heap above 4GB virtual address.
# This output file may be truncated or incomplete.
#
#  Out of Memory Error (os_windows.cpp:3552), pid=6556, tid=17740
#
# JRE version: Java(TM) SE Runtime Environment (17.0.9+11) (build 17.0.9+11-LTS-201)
# Java VM: Java HotSpot(TM) 64-Bit Server VM (17.0.9+11-LTS-201, mixed mode, sharing, tiered, compressed oops, compressed class ptrs, g1 gc, windows-amd64)
# No core dump will be written. Minidumps are not enabled by default on client versions of Windows
#

---------------  S U M M A R Y ------------

Command Line: --add-opens=java.base/java.util=ALL-UNNAMED --add-opens=java.base/java.lang=ALL-UNNAMED --add-opens=java.base/java.lang.invoke=ALL-UNNAMED --add-opens=java.prefs/java.util.prefs=ALL-UNNAMED --add-exports=jdk.compiler/com.sun.tools.javac.api=ALL-UNNAMED --add-exports=jdk.compiler/com.sun.tools.javac.util=ALL-UNNAMED --add-opens=java.base/java.nio.charset=ALL-UNNAMED --add-opens=java.base/java.net=ALL-UNNAMED --add-opens=java.base/java.util.concurrent.atomic=ALL-UNNAMED -XX:MaxMetaspaceSize=384m -XX:+HeapDumpOnOutOfMemoryError -Xms256m -Xmx512m -Dfile.encoding=utf8 -Duser.country=IN -Duser.language=en -Duser.variant -javaagent:C:\Users\Abina\.gradle\wrapper\dists\gradle-8.9-bin\90cnw93cvbtalezasaz0blq0a\gradle-8.9\lib\agents\gradle-instrumentation-agent-8.9.jar org.gradle.launcher.daemon.bootstrap.GradleDaemon 8.9

Host: 11th Gen Intel(R) Core(TM) i5-1135G7 @ 2.40GHz, 8 cores, 7G,  Windows 11 , 64 bit Build 26100 (10.0.26100.8246)
Time: Tue May 12 13:00:33 2026 India Standard Time elapsed time: 244.106024 seconds (0d 0h 4m 4s)

---------------  T H R E A D  ---------------

Current thread (0x000001d470588330):  VMThread "VM Thread" [stack: 0x000000b61b400000,0x000000b61b500000] [id=17740]

Stack: [0x000000b61b400000,0x000000b61b500000]
Native frames: (J=compiled Java code, j=interpreted, Vv=VM code, C=native code)
V  [jvm.dll+0x678a4a]
V  [jvm.dll+0x7d9cfd]
V  [jvm.dll+0x7db60e]
V  [jvm.dll+0x7dbc73]
V  [jvm.dll+0x245e1f]
V  [jvm.dll+0x6758f9]
V  [jvm.dll+0x66a2a2]
V  [jvm.dll+0x303686]
V  [jvm.dll+0x30ac06]
V  [jvm.dll+0x35a48e]
V  [jvm.dll+0x35a6bf]
V  [jvm.dll+0x2da678]
V  [jvm.dll+0x2dd716]
V  [jvm.dll+0x2e7f18]
V  [jvm.dll+0x31bb90]
V  [jvm.dll+0x7e048b]
V  [jvm.dll+0x7e11c4]
V  [jvm.dll+0x7e16dd]
V  [jvm.dll+0x7e1ab4]
V  [jvm.dll+0x7e1b80]
V  [jvm.dll+0x78998a]
V  [jvm.dll+0x677875]
C  [ucrtbase.dll+0x37b0]
C  [KERNEL32.DLL+0x2e8d7]
C  [ntdll.dll+0x8c3fc]

VM_Operation (0x000000b61b0ff890): G1Concurrent, mode: safepoint, requested by thread 0x000001d4540d85a0


---------------  P R O C E S S  ---------------

Threads class SMR info:
_java_thread_list=0x000001d47e9b8370, length=61, elements={
0x000001d4540a7410, 0x000001d47058c890, 0x000001d47058d160, 0x000001d47059fc50,
0x000001d4705a2530, 0x000001d4705a2e00, 0x000001d4705a36d0, 0x000001d4705a5390,
0x000001d4705b3d80, 0x000001d470708070, 0x000001d4705ee9e0, 0x000001d4708a7180,
0x000001d476a407c0, 0x000001d476a88c00, 0x000001d476b5a5a0, 0x000001d476bcb5b0,
0x000001d476e23a90, 0x000001d476e253e0, 0x000001d476e258f0, 0x000001d476e26820,
0x000001d476e249c0, 0x000001d476e24ed0, 0x000001d477470b00, 0x000001d47746f6c0,
0x000001d477471520, 0x000001d477471010, 0x000001d4774700e0, 0x000001d477471a30,
0x000001d477472960, 0x000001d477471f40, 0x000001d47746f1b0, 0x000001d47a5f72e0,
0x000001d4752780e0, 0x000001d479c7e5b0, 0x000001d47d25cd90, 0x000001d47a385110,
0x000001d47a381960, 0x000001d475274e40, 0x000001d475275350, 0x000001d475273f10,
0x000001d477a88630, 0x000001d477a89560, 0x000001d477a88120, 0x000001d477a89f80,
0x000001d479c7eac0, 0x000001d479c7f4e0, 0x000001d47b905950, 0x000001d47b903af0,
0x000001d47b904000, 0x000001d47b904a20, 0x000001d47b906370, 0x000001d47b904510,
0x000001d4774d2ec0, 0x000001d477a871f0, 0x000001d477a86ce0, 0x000001d47e0004a0,
0x000001d47dfffa80, 0x000001d47dffff90, 0x000001d47dffeb50, 0x000001d47dfff060,
0x000001d47dfff570
}

Java Threads: ( => current thread )
  0x000001d4540a7410 JavaThread "main" [_thread_blocked, id=21552, stack(0x000000b61ae00000,0x000000b61af00000)]
  0x000001d47058c890 JavaThread "Reference Handler" daemon [_thread_blocked, id=3860, stack(0x000000b61b500000,0x000000b61b600000)]
  0x000001d47058d160 JavaThread "Finalizer" daemon [_thread_blocked, id=18012, stack(0x000000b61b600000,0x000000b61b700000)]
  0x000001d47059fc50 JavaThread "Signal Dispatcher" daemon [_thread_blocked, id=1536, stack(0x000000b61b700000,0x000000b61b800000)]
  0x000001d4705a2530 JavaThread "Attach Listener" daemon [_thread_blocked, id=4312, stack(0x000000b61b800000,0x000000b61b900000)]
  0x000001d4705a2e00 JavaThread "Service Thread" daemon [_thread_blocked, id=20940, stack(0x000000b61b900000,0x000000b61ba00000)]
  0x000001d4705a36d0 JavaThread "Monitor Deflation Thread" daemon [_thread_blocked, id=13368, stack(0x000000b61ba00000,0x000000b61bb00000)]
  0x000001d4705a5390 JavaThread "C2 CompilerThread0" daemon [_thread_in_native, id=23512, stack(0x000000b61bb00000,0x000000b61bc00000)]
  0x000001d4705b3d80 JavaThread "C1 CompilerThread0" daemon [_thread_blocked, id=2288, stack(0x000000b61bc00000,0x000000b61bd00000)]
  0x000001d470708070 JavaThread "Sweeper thread" daemon [_thread_blocked, id=23896, stack(0x000000b61bd00000,0x000000b61be00000)]
  0x000001d4705ee9e0 JavaThread "Common-Cleaner" daemon [_thread_blocked, id=5584, stack(0x000000b61be00000,0x000000b61bf00000)]
  0x000001d4708a7180 JavaThread "Notification Thread" daemon [_thread_blocked, id=22620, stack(0x000000b61bf00000,0x000000b61c000000)]
  0x000001d476a407c0 JavaThread "Daemon health stats" [_thread_blocked, id=16984, stack(0x000000b61c100000,0x000000b61c200000)]
  0x000001d476a88c00 JavaThread "Incoming local TCP Connector on port 57408" [_thread_in_native, id=2872, stack(0x000000b61c200000,0x000000b61c300000)]
  0x000001d476b5a5a0 JavaThread "Daemon periodic checks" [_thread_blocked, id=24224, stack(0x000000b61c800000,0x000000b61c900000)]
  0x000001d476bcb5b0 JavaThread "Daemon" [_thread_blocked, id=19440, stack(0x000000b61c900000,0x000000b61ca00000)]
  0x000001d476e23a90 JavaThread "Daemon worker" [_thread_blocked, id=11492, stack(0x000000b61cc00000,0x000000b61cd00000)]
  0x000001d476e253e0 JavaThread "Cache worker for journal cache (C:\Users\Abina\.gradle\caches\journal-1)" [_thread_blocked, id=6176, stack(0x000000b61d000000,0x000000b61d100000)]
  0x000001d476e258f0 JavaThread "File lock request listener" [_thread_in_native, id=16160, stack(0x000000b61d100000,0x000000b61d200000)]
  0x000001d476e26820 JavaThread "Cache worker for file hash cache (C:\Users\Abina\.gradle\caches\8.9\fileHashes)" [_thread_blocked, id=21148, stack(0x000000b61d200000,0x000000b61d300000)]
  0x000001d476e249c0 JavaThread "File watcher server" daemon [_thread_in_native, id=2268, stack(0x000000b61d900000,0x000000b61da00000)]
  0x000001d476e24ed0 JavaThread "File watcher consumer" daemon [_thread_blocked, id=24436, stack(0x000000b61da00000,0x000000b61db00000)]
  0x000001d477470b00 JavaThread "jar transforms" [_thread_blocked, id=4904, stack(0x000000b61db00000,0x000000b61dc00000)]
  0x000001d47746f6c0 JavaThread "jar transforms Thread 2" [_thread_blocked, id=4288, stack(0x000000b61dc00000,0x000000b61dd00000)]
  0x000001d477471520 JavaThread "jar transforms Thread 3" [_thread_blocked, id=21308, stack(0x000000b61dd00000,0x000000b61de00000)]
  0x000001d477471010 JavaThread "Cache worker for file content cache (C:\Users\Abina\.gradle\caches\8.9\fileContent)" [_thread_blocked, id=12484, stack(0x000000b61df00000,0x000000b61e000000)]
  0x000001d4774700e0 JavaThread "jar transforms Thread 4" [_thread_blocked, id=14468, stack(0x000000b61e200000,0x000000b61e300000)]
  0x000001d477471a30 JavaThread "jar transforms Thread 5" [_thread_blocked, id=20284, stack(0x000000b61e300000,0x000000b61e400000)]
  0x000001d477472960 JavaThread "jar transforms Thread 6" [_thread_blocked, id=10960, stack(0x000000b61e600000,0x000000b61e700000)]
  0x000001d477471f40 JavaThread "jar transforms Thread 7" [_thread_blocked, id=23252, stack(0x000000b61e700000,0x000000b61e800000)]
  0x000001d47746f1b0 JavaThread "jar transforms Thread 8" [_thread_blocked, id=7764, stack(0x000000b61e800000,0x000000b61e900000)]
  0x000001d47a5f72e0 JavaThread "Memory manager" [_thread_blocked, id=7396, stack(0x000000b61f000000,0x000000b61f100000)]
  0x000001d4752780e0 JavaThread "pool-3-thread-1" [_thread_blocked, id=1088, stack(0x000000b620000000,0x000000b620100000)]
  0x000001d479c7e5b0 JavaThread "included builds" [_thread_blocked, id=25384, stack(0x000000b61ff00000,0x000000b620000000)]
  0x000001d47d25cd90 JavaThread "VFS cleanup" [_thread_blocked, id=23780, stack(0x000000b61ab00000,0x000000b61ac00000)]
  0x000001d47a385110 JavaThread "Handler for socket connection from /127.0.0.1:57408 to /127.0.0.1:52511" [_thread_in_native, id=21360, stack(0x000000b61ac00000,0x000000b61ad00000)]
  0x000001d47a381960 JavaThread "Cancel handler" [_thread_blocked, id=20700, stack(0x000000b61ad00000,0x000000b61ae00000)]
  0x000001d475274e40 JavaThread "Asynchronous log dispatcher for DefaultDaemonConnection: socket connection from /127.0.0.1:57408 to /127.0.0.1:52511" [_thread_blocked, id=4308, stack(0x000000b61ca00000,0x000000b61cb00000)]
  0x000001d475275350 JavaThread "Stdin handler" [_thread_blocked, id=3868, stack(0x000000b61cb00000,0x000000b61cc00000)]
  0x000001d475273f10 JavaThread "Daemon client event forwarder" [_thread_blocked, id=15144, stack(0x000000b61cd00000,0x000000b61ce00000)]
  0x000001d477a88630 JavaThread "Cache worker for file hash cache (D:\Final year project\mobile-android\.gradle\8.9\fileHashes)" [_thread_blocked, id=22368, stack(0x000000b61cf00000,0x000000b61d000000)]
  0x000001d477a89560 JavaThread "Cache worker for Build Output Cleanup Cache (D:\Final year project\mobile-android\.gradle\buildOutputCleanup)" [_thread_blocked, id=25584, stack(0x000000b61d300000,0x000000b61d400000)]
  0x000001d477a88120 JavaThread "Cache worker for checksums cache (D:\Final year project\mobile-android\.gradle\8.9\checksums)" [_thread_blocked, id=24936, stack(0x000000b61d400000,0x000000b61d500000)]
  0x000001d477a89f80 JavaThread "Cache worker for cache directory md-rule (C:\Users\Abina\.gradle\caches\8.9\md-rule)" [_thread_blocked, id=22756, stack(0x000000b61d500000,0x000000b61d600000)]
  0x000001d479c7eac0 JavaThread "Cache worker for cache directory md-supplier (C:\Users\Abina\.gradle\caches\8.9\md-supplier)" [_thread_blocked, id=17020, stack(0x000000b61de00000,0x000000b61df00000)]
  0x000001d479c7f4e0 JavaThread "Unconstrained build operations" [_thread_blocked, id=24904, stack(0x000000b61ce00000,0x000000b61cf00000)]
  0x000001d47b905950 JavaThread "Unconstrained build operations Thread 2" [_thread_blocked, id=16080, stack(0x000000b61e000000,0x000000b61e100000)]
  0x000001d47b903af0 JavaThread "Unconstrained build operations Thread 3" [_thread_blocked, id=25560, stack(0x000000b61e100000,0x000000b61e200000)]
  0x000001d47b904000 JavaThread "Unconstrained build operations Thread 4" [_thread_blocked, id=2972, stack(0x000000b61e900000,0x000000b61ea00000)]
  0x000001d47b904a20 JavaThread "Unconstrained build operations Thread 5" [_thread_blocked, id=24868, stack(0x000000b61ea00000,0x000000b61eb00000)]
  0x000001d47b906370 JavaThread "Unconstrained build operations Thread 6" [_thread_blocked, id=24860, stack(0x000000b61eb00000,0x000000b61ec00000)]
  0x000001d47b904510 JavaThread "Unconstrained build operations Thread 7" [_thread_blocked, id=18816, stack(0x000000b61ec00000,0x000000b61ed00000)]
  0x000001d4774d2ec0 JavaThread "C2 CompilerThread1" daemon [_thread_blocked, id=25236, stack(0x000000b61ed00000,0x000000b61ee00000)]
  0x000001d477a871f0 JavaThread "Unconstrained build operations Thread 8" [_thread_blocked, id=21036, stack(0x000000b61ee00000,0x000000b61ef00000)]
  0x000001d477a86ce0 JavaThread "Unconstrained build operations Thread 9" [_thread_blocked, id=13560, stack(0x000000b61ef00000,0x000000b61f000000)]
  0x000001d47e0004a0 JavaThread "Unconstrained build operations Thread 10" [_thread_blocked, id=13412, stack(0x000000b61f200000,0x000000b61f300000)]
  0x000001d47dfffa80 JavaThread "Unconstrained build operations Thread 11" [_thread_blocked, id=25240, stack(0x000000b61f300000,0x000000b61f400000)]
  0x000001d47dffff90 JavaThread "Unconstrained build operations Thread 12" [_thread_blocked, id=13540, stack(0x000000b61f400000,0x000000b61f500000)]
  0x000001d47dffeb50 JavaThread "Unconstrained build operations Thread 13" [_thread_blocked, id=17736, stack(0x000000b61f500000,0x000000b61f600000)]
  0x000001d47dfff060 JavaThread "Unconstrained build operations Thread 14" [_thread_blocked, id=1620, stack(0x000000b61f600000,0x000000b61f700000)]
  0x000001d47dfff570 JavaThread "Kotlin DSL Writer" [_thread_blocked, id=4980, stack(0x000000b61f800000,0x000000b61f900000)]

Other Threads:
=>0x000001d470588330 VMThread "VM Thread" [stack: 0x000000b61b400000,0x000000b61b500000] [id=17740]
  0x000001d4540f9190 WatcherThread [stack: 0x000000b61c000000,0x000000b61c100000] [id=17900]
  0x000001d4540d38a0 GCTaskThread "GC Thread#0" [stack: 0x000000b61af00000,0x000000b61b000000] [id=19500]
  0x000001d4752bcd00 GCTaskThread "GC Thread#1" [stack: 0x000000b61c300000,0x000000b61c400000] [id=17192]
  0x000001d4752bcfc0 GCTaskThread "GC Thread#2" [stack: 0x000000b61c400000,0x000000b61c500000] [id=22900]
  0x000001d4753d66a0 GCTaskThread "GC Thread#3" [stack: 0x000000b61c500000,0x000000b61c600000] [id=16344]
  0x000001d4753d50a0 GCTaskThread "GC Thread#4" [stack: 0x000000b61c600000,0x000000b61c700000] [id=10684]
  0x000001d4753d5360 GCTaskThread "GC Thread#5" [stack: 0x000000b61c700000,0x000000b61c800000] [id=19700]
  0x000001d4753d58e0 GCTaskThread "GC Thread#6" [stack: 0x000000b61d600000,0x000000b61d700000] [id=21456]
  0x000001d4753d63e0 GCTaskThread "GC Thread#7" [stack: 0x000000b61d700000,0x000000b61d800000] [id=22068]
  0x000001d4540d85a0 ConcurrentGCThread "G1 Main Marker" [stack: 0x000000b61b000000,0x000000b61b100000] [id=18516]
  0x000001d4540d98d0 ConcurrentGCThread "G1 Conc#0" [stack: 0x000000b61b100000,0x000000b61b200000] [id=12060]
  0x000001d4753d6c20 ConcurrentGCThread "G1 Conc#1" [stack: 0x000000b61d800000,0x000000b61d900000] [id=18040]
  0x000001d45416e9e0 ConcurrentGCThread "G1 Refine#0" [stack: 0x000000b61b200000,0x000000b61b300000] [id=12876]
  0x000001d477ba96e0 ConcurrentGCThread "G1 Refine#1" [stack: 0x000000b61e400000,0x000000b61e500000] [id=16672]
  0x000001d476f17be0 ConcurrentGCThread "G1 Refine#2" [stack: 0x000000b61e500000,0x000000b61e600000] [id=6468]
  0x000001d4780a0ac0 ConcurrentGCThread "G1 Refine#3" [stack: 0x000000b61fe00000,0x000000b61ff00000] [id=22448]
  0x000001d47044b520 ConcurrentGCThread "G1 Service" [stack: 0x000000b61b300000,0x000000b61b400000] [id=8316]

Threads with active compile tasks:
C2 CompilerThread0   244158 22036       4       org.jetbrains.kotlin.com.intellij.openapi.vfs.impl.jar.CoreJarVirtualFile::getPath (130 bytes)
C2 CompilerThread1   244158 22062       4       org.jetbrains.kotlin.com.intellij.psi.search.GlobalSearchScope$UnionScope$$Lambda$1634/0x000001d401bb8720::value (12 bytes)

VM state: at safepoint (normal execution)

VM Mutex/Monitor currently owned by a thread:  ([mutex/lock_event])
[0x000001d4540a1910] Threads_lock - owner thread: 0x000001d470588330
[0x000001d4540a2570] Heap_lock - owner thread: 0x000001d4540d85a0

Heap address: 0x00000000e0000000, size: 512 MB, Compressed Oops mode: 32-bit

CDS archive(s) mapped at: [0x000001d400000000-0x000001d400bd0000-0x000001d400bd0000), size 12386304, SharedBaseAddress: 0x000001d400000000, ArchiveRelocationMode: 1.
Compressed class space mapped at: 0x000001d401000000-0x000001d415000000, reserved size: 335544320
Narrow klass base: 0x000001d400000000, Narrow klass shift: 0, Narrow klass range: 0x100000000

GC Precious Log:
 CPUs: 8 total, 8 available
 Memory: 7926M
 Large Page Support: Disabled
 NUMA Support: Disabled
 Compressed Oops: Enabled (32-bit)
 Heap Region Size: 1M
 Heap Min Capacity: 256M
 Heap Initial Capacity: 256M
 Heap Max Capacity: 512M
 Pre-touch: Disabled
 Parallel Workers: 8
 Concurrent Workers: 2
 Concurrent Refinement Workers: 8
 Periodic GC: Disabled

Heap:
 garbage-first heap   total 301056K, used 235752K [0x00000000e0000000, 0x0000000100000000)
  region size 1024K, 21 young (21504K), 6 survivors (6144K)
 Metaspace       used 163142K, committed 164096K, reserved 524288K
  class space    used 20771K, committed 21248K, reserved 327680K

Heap Regions: E=young(eden), S=young(survivor), O=old, HS=humongous(starts), HC=humongous(continues), CS=collection set, F=free, OA=open archive, CA=closed archive, TAMS=top-at-mark-start (previous, next)
|   0|0x00000000e0000000, 0x00000000e0100000, 0x00000000e0100000|100%|HS|  |TAMS 0x00000000e0100000, 0x00000000e0000000| Complete 
|   1|0x00000000e0100000, 0x00000000e0200000, 0x00000000e0200000|100%|HC|  |TAMS 0x00000000e0200000, 0x00000000e0100000| Complete 
|   2|0x00000000e0200000, 0x00000000e0300000, 0x00000000e0300000|100%|HC|  |TAMS 0x00000000e0300000, 0x00000000e0200000| Complete 
|   3|0x00000000e0300000, 0x00000000e0400000, 0x00000000e0400000|100%|HC|  |TAMS 0x00000000e0400000, 0x00000000e0300000| Complete 
|   4|0x00000000e0400000, 0x00000000e0500000, 0x00000000e0500000|100%| O|  |TAMS 0x00000000e0500000, 0x00000000e0400000| Untracked 
|   5|0x00000000e0500000, 0x00000000e0600000, 0x00000000e0600000|100%| O|  |TAMS 0x00000000e0600000, 0x00000000e0500000| Untracked 
|   6|0x00000000e0600000, 0x00000000e0700000, 0x00000000e0700000|100%| O|  |TAMS 0x00000000e0700000, 0x00000000e0600000| Untracked 
|   7|0x00000000e0700000, 0x00000000e0800000, 0x00000000e0800000|100%| O|  |TAMS 0x00000000e0800000, 0x00000000e0700000| Untracked 
|   8|0x00000000e0800000, 0x00000000e0900000, 0x00000000e0900000|100%| O|  |TAMS 0x00000000e0900000, 0x00000000e0800000| Untracked 
|   9|0x00000000e0900000, 0x00000000e0a00000, 0x00000000e0a00000|100%| O|  |TAMS 0x00000000e0a00000, 0x00000000e0900000| Untracked 
|  10|0x00000000e0a00000, 0x00000000e0b00000, 0x00000000e0b00000|100%| O|  |TAMS 0x00000000e0b00000, 0x00000000e0a00000| Untracked 
|  11|0x00000000e0b00000, 0x00000000e0c00000, 0x00000000e0c00000|100%|HS|  |TAMS 0x00000000e0c00000, 0x00000000e0b00000| Complete 
|  12|0x00000000e0c00000, 0x00000000e0d00000, 0x00000000e0d00000|100%| O|  |TAMS 0x00000000e0d00000, 0x00000000e0c00000| Untracked 
|  13|0x00000000e0d00000, 0x00000000e0e00000, 0x00000000e0e00000|100%| O|  |TAMS 0x00000000e0e00000, 0x00000000e0d00000| Untracked 
|  14|0x00000000e0e00000, 0x00000000e0f00000, 0x00000000e0f00000|100%| O|  |TAMS 0x00000000e0f00000, 0x00000000e0e00000| Untracked 
|  15|0x00000000e0f00000, 0x00000000e1000000, 0x00000000e1000000|100%| O|  |TAMS 0x00000000e1000000, 0x00000000e0f00000| Untracked 
|  16|0x00000000e1000000, 0x00000000e1100000, 0x00000000e1100000|100%| O|  |TAMS 0x00000000e1100000, 0x00000000e1000000| Untracked 
|  17|0x00000000e1100000, 0x00000000e1200000, 0x00000000e1200000|100%| O|  |TAMS 0x00000000e1200000, 0x00000000e1100000| Untracked 
|  18|0x00000000e1200000, 0x00000000e1300000, 0x00000000e1300000|100%| O|  |TAMS 0x00000000e1300000, 0x00000000e1200000| Untracked 
|  19|0x00000000e1300000, 0x00000000e1400000, 0x00000000e1400000|100%| O|  |TAMS 0x00000000e1400000, 0x00000000e1300000| Untracked 
|  20|0x00000000e1400000, 0x00000000e1500000, 0x00000000e1500000|100%| O|  |TAMS 0x00000000e1500000, 0x00000000e1400000| Untracked 
|  21|0x00000000e1500000, 0x00000000e1600000, 0x00000000e1600000|100%| O|  |TAMS 0x00000000e1600000, 0x00000000e1500000| Untracked 
|  22|0x00000000e1600000, 0x00000000e1700000, 0x00000000e1700000|100%| O|  |TAMS 0x00000000e1700000, 0x00000000e1600000| Untracked 
|  23|0x00000000e1700000, 0x00000000e1800000, 0x00000000e1800000|100%| O|  |TAMS 0x00000000e1800000, 0x00000000e1700000| Untracked 
|  24|0x00000000e1800000, 0x00000000e1900000, 0x00000000e1900000|100%| O|  |TAMS 0x00000000e1900000, 0x00000000e1800000| Untracked 
|  25|0x00000000e1900000, 0x00000000e1a00000, 0x00000000e1a00000|100%| O|  |TAMS 0x00000000e1a00000, 0x00000000e1900000| Untracked 
|  26|0x00000000e1a00000, 0x00000000e1b00000, 0x00000000e1b00000|100%| O|  |TAMS 0x00000000e1b00000, 0x00000000e1a00000| Untracked 
|  27|0x00000000e1b00000, 0x00000000e1c00000, 0x00000000e1c00000|100%| O|  |TAMS 0x00000000e1c00000, 0x00000000e1b00000| Untracked 
|  28|0x00000000e1c00000, 0x00000000e1d00000, 0x00000000e1d00000|100%| O|  |TAMS 0x00000000e1d00000, 0x00000000e1c00000| Untracked 
|  29|0x00000000e1d00000, 0x00000000e1e00000, 0x00000000e1e00000|100%| O|  |TAMS 0x00000000e1e00000, 0x00000000e1d00000| Updating 
|  30|0x00000000e1e00000, 0x00000000e1f00000, 0x00000000e1f00000|100%| O|  |TAMS 0x00000000e1f00000, 0x00000000e1e00000| Updating 
|  31|0x00000000e1f00000, 0x00000000e2000000, 0x00000000e2000000|100%| O|  |TAMS 0x00000000e2000000, 0x00000000e1f00000| Updating 
|  32|0x00000000e2000000, 0x00000000e2100000, 0x00000000e2100000|100%| O|  |TAMS 0x00000000e2100000, 0x00000000e2000000| Untracked 
|  33|0x00000000e2100000, 0x00000000e2200000, 0x00000000e2200000|100%| O|  |TAMS 0x00000000e2200000, 0x00000000e2100000| Untracked 
|  34|0x00000000e2200000, 0x00000000e2300000, 0x00000000e2300000|100%| O|  |TAMS 0x00000000e2300000, 0x00000000e2200000| Updating 
|  35|0x00000000e2300000, 0x00000000e2400000, 0x00000000e2400000|100%| O|  |TAMS 0x00000000e2400000, 0x00000000e2300000| Updating 
|  36|0x00000000e2400000, 0x00000000e2500000, 0x00000000e2500000|100%| O|  |TAMS 0x00000000e2500000, 0x00000000e2400000| Updating 
|  37|0x00000000e2500000, 0x00000000e2600000, 0x00000000e2600000|100%| O|  |TAMS 0x00000000e2600000, 0x00000000e2500000| Updating 
|  38|0x00000000e2600000, 0x00000000e2700000, 0x00000000e2700000|100%| O|  |TAMS 0x00000000e2700000, 0x00000000e2600000| Updating 
|  39|0x00000000e2700000, 0x00000000e2800000, 0x00000000e2800000|100%| O|  |TAMS 0x00000000e2800000, 0x00000000e2700000| Updating 
|  40|0x00000000e2800000, 0x00000000e2900000, 0x00000000e2900000|100%| O|  |TAMS 0x00000000e2900000, 0x00000000e2800000| Updating 
|  41|0x00000000e2900000, 0x00000000e2a00000, 0x00000000e2a00000|100%| O|  |TAMS 0x00000000e2a00000, 0x00000000e2900000| Updating 
|  42|0x00000000e2a00000, 0x00000000e2b00000, 0x00000000e2b00000|100%| O|  |TAMS 0x00000000e2b00000, 0x00000000e2a00000| Updating 
|  43|0x00000000e2b00000, 0x00000000e2b00000, 0x00000000e2c00000|  0%| F|  |TAMS 0x00000000e2b00000, 0x00000000e2b00000| Untracked 
|  44|0x00000000e2c00000, 0x00000000e2d00000, 0x00000000e2d00000|100%| O|  |TAMS 0x00000000e2d00000, 0x00000000e2c00000| Updating 
|  45|0x00000000e2d00000, 0x00000000e2e00000, 0x00000000e2e00000|100%| O|  |TAMS 0x00000000e2e00000, 0x00000000e2d00000| Untracked 
|  46|0x00000000e2e00000, 0x00000000e2f00000, 0x00000000e2f00000|100%| O|  |TAMS 0x00000000e2f00000, 0x00000000e2e00000| Updating 
|  47|0x00000000e2f00000, 0x00000000e3000000, 0x00000000e3000000|100%| O|  |TAMS 0x00000000e3000000, 0x00000000e2f00000| Updating 
|  48|0x00000000e3000000, 0x00000000e3100000, 0x00000000e3100000|100%| O|  |TAMS 0x00000000e3100000, 0x00000000e3000000| Updating 
|  49|0x00000000e3100000, 0x00000000e3200000, 0x00000000e3200000|100%| O|  |TAMS 0x00000000e3200000, 0x00000000e3100000| Updating 
|  50|0x00000000e3200000, 0x00000000e3300000, 0x00000000e3300000|100%| O|  |TAMS 0x00000000e3300000, 0x00000000e3200000| Updating 
|  51|0x00000000e3300000, 0x00000000e3400000, 0x00000000e3400000|100%| O|  |TAMS 0x00000000e3400000, 0x00000000e3300000| Updating 
|  52|0x00000000e3400000, 0x00000000e3500000, 0x00000000e3500000|100%| O|  |TAMS 0x00000000e3500000, 0x00000000e3400000| Updating 
|  53|0x00000000e3500000, 0x00000000e3600000, 0x00000000e3600000|100%| O|  |TAMS 0x00000000e3600000, 0x00000000e3500000| Updating 
|  54|0x00000000e3600000, 0x00000000e3600000, 0x00000000e3700000|  0%| F|  |TAMS 0x00000000e3600000, 0x00000000e3600000| Untracked 
|  55|0x00000000e3700000, 0x00000000e3800000, 0x00000000e3800000|100%| O|  |TAMS 0x00000000e3800000, 0x00000000e3700000| Updating 
|  56|0x00000000e3800000, 0x00000000e3900000, 0x00000000e3900000|100%| O|  |TAMS 0x00000000e3900000, 0x00000000e3800000| Updating 
|  57|0x00000000e3900000, 0x00000000e3a00000, 0x00000000e3a00000|100%| O|  |TAMS 0x00000000e3a00000, 0x00000000e3900000| Updating 
|  58|0x00000000e3a00000, 0x00000000e3b00000, 0x00000000e3b00000|100%| O|  |TAMS 0x00000000e3b00000, 0x00000000e3a00000| Updating 
|  59|0x00000000e3b00000, 0x00000000e3c00000, 0x00000000e3c00000|100%| O|  |TAMS 0x00000000e3c00000, 0x00000000e3b00000| Updating 
|  60|0x00000000e3c00000, 0x00000000e3d00000, 0x00000000e3d00000|100%| O|  |TAMS 0x00000000e3d00000, 0x00000000e3c00000| Updating 
|  61|0x00000000e3d00000, 0x00000000e3d00000, 0x00000000e3e00000|  0%| F|  |TAMS 0x00000000e3d00000, 0x00000000e3d00000| Untracked 
|  62|0x00000000e3e00000, 0x00000000e3f00000, 0x00000000e3f00000|100%| O|  |TAMS 0x00000000e3f00000, 0x00000000e3e00000| Updating 
|  63|0x00000000e3f00000, 0x00000000e4000000, 0x00000000e4000000|100%| O|  |TAMS 0x00000000e4000000, 0x00000000e3f00000| Updating 
|  64|0x00000000e4000000, 0x00000000e4100000, 0x00000000e4100000|100%| O|  |TAMS 0x00000000e4100000, 0x00000000e4000000| Updating 
|  65|0x00000000e4100000, 0x00000000e4200000, 0x00000000e4200000|100%| O|  |TAMS 0x00000000e4200000, 0x00000000e4100000| Updating 
|  66|0x00000000e4200000, 0x00000000e4300000, 0x00000000e4300000|100%| O|  |TAMS 0x00000000e4300000, 0x00000000e4200000| Updating 
|  67|0x00000000e4300000, 0x00000000e4400000, 0x00000000e4400000|100%| O|  |TAMS 0x00000000e4400000, 0x00000000e4300000| Updating 
|  68|0x00000000e4400000, 0x00000000e4500000, 0x00000000e4500000|100%| O|  |TAMS 0x00000000e4500000, 0x00000000e4400000| Updating 
|  69|0x00000000e4500000, 0x00000000e4600000, 0x00000000e4600000|100%| O|  |TAMS 0x00000000e4600000, 0x00000000e4500000| Updating 
|  70|0x00000000e4600000, 0x00000000e4700000, 0x00000000e4700000|100%| O|  |TAMS 0x00000000e4700000, 0x00000000e4600000| Updating 
|  71|0x00000000e4700000, 0x00000000e4800000, 0x00000000e4800000|100%| O|  |TAMS 0x00000000e4800000, 0x00000000e4700000| Updating 
|  72|0x00000000e4800000, 0x00000000e4900000, 0x00000000e4900000|100%| O|  |TAMS 0x00000000e4900000, 0x00000000e4800000| Updating 
|  73|0x00000000e4900000, 0x00000000e4a00000, 0x00000000e4a00000|100%| O|  |TAMS 0x00000000e4a00000, 0x00000000e4900000| Updating 
|  74|0x00000000e4a00000, 0x00000000e4b00000, 0x00000000e4b00000|100%| O|  |TAMS 0x00000000e4b00000, 0x00000000e4a00000| Updating 
|  75|0x00000000e4b00000, 0x00000000e4c00000, 0x00000000e4c00000|100%| O|  |TAMS 0x00000000e4c00000, 0x00000000e4b00000| Updating 
|  76|0x00000000e4c00000, 0x00000000e4d00000, 0x00000000e4d00000|100%| O|  |TAMS 0x00000000e4d00000, 0x00000000e4c00000| Updating 
|  77|0x00000000e4d00000, 0x00000000e4e00000, 0x00000000e4e00000|100%| O|  |TAMS 0x00000000e4e00000, 0x00000000e4d00000| Updating 
|  78|0x00000000e4e00000, 0x00000000e4f00000, 0x00000000e4f00000|100%| O|  |TAMS 0x00000000e4f00000, 0x00000000e4e00000| Updating 
|  79|0x00000000e4f00000, 0x00000000e5000000, 0x00000000e5000000|100%| O|  |TAMS 0x00000000e5000000, 0x00000000e4f00000| Updating 
|  80|0x00000000e5000000, 0x00000000e5100000, 0x00000000e5100000|100%| O|  |TAMS 0x00000000e5100000, 0x00000000e5000000| Updating 
|  81|0x00000000e5100000, 0x00000000e5200000, 0x00000000e5200000|100%| O|  |TAMS 0x00000000e5200000, 0x00000000e5100000| Updating 
|  82|0x00000000e5200000, 0x00000000e5300000, 0x00000000e5300000|100%| O|  |TAMS 0x00000000e5300000, 0x00000000e5200000| Updating 
|  83|0x00000000e5300000, 0x00000000e5400000, 0x00000000e5400000|100%|HS|  |TAMS 0x00000000e5400000, 0x00000000e5300000| Complete 
|  84|0x00000000e5400000, 0x00000000e5500000, 0x00000000e5500000|100%| O|  |TAMS 0x00000000e5500000, 0x00000000e5400000| Updating 
|  85|0x00000000e5500000, 0x00000000e5600000, 0x00000000e5600000|100%| O|  |TAMS 0x00000000e5600000, 0x00000000e5500000| Updating 
|  86|0x00000000e5600000, 0x00000000e5700000, 0x00000000e5700000|100%| O|  |TAMS 0x00000000e5700000, 0x00000000e5600000| Updating 
|  87|0x00000000e5700000, 0x00000000e5800000, 0x00000000e5800000|100%| O|  |TAMS 0x00000000e5800000, 0x00000000e5700000| Updating 
|  88|0x00000000e5800000, 0x00000000e5900000, 0x00000000e5900000|100%| O|  |TAMS 0x00000000e5900000, 0x00000000e5800000| Updating 
|  89|0x00000000e5900000, 0x00000000e5900000, 0x00000000e5a00000|  0%| F|  |TAMS 0x00000000e5900000, 0x00000000e5900000| Untracked 
|  90|0x00000000e5a00000, 0x00000000e5b00000, 0x00000000e5b00000|100%| O|  |TAMS 0x00000000e5b00000, 0x00000000e5a00000| Updating 
|  91|0x00000000e5b00000, 0x00000000e5c00000, 0x00000000e5c00000|100%| O|  |TAMS 0x00000000e5c00000, 0x00000000e5b00000| Updating 
|  92|0x00000000e5c00000, 0x00000000e5d00000, 0x00000000e5d00000|100%| O|  |TAMS 0x00000000e5d00000, 0x00000000e5c00000| Updating 
|  93|0x00000000e5d00000, 0x00000000e5e00000, 0x00000000e5e00000|100%| O|  |TAMS 0x00000000e5e00000, 0x00000000e5d00000| Updating 
|  94|0x00000000e5e00000, 0x00000000e5f00000, 0x00000000e5f00000|100%| O|  |TAMS 0x00000000e5f00000, 0x00000000e5e00000| Updating 
|  95|0x00000000e5f00000, 0x00000000e6000000, 0x00000000e6000000|100%| O|  |TAMS 0x00000000e6000000, 0x00000000e5f00000| Updating 
|  96|0x00000000e6000000, 0x00000000e6100000, 0x00000000e6100000|100%|HS|  |TAMS 0x00000000e6100000, 0x00000000e6000000| Complete 
|  97|0x00000000e6100000, 0x00000000e6200000, 0x00000000e6200000|100%| O|  |TAMS 0x00000000e6200000, 0x00000000e6100000| Updating 
|  98|0x00000000e6200000, 0x00000000e6300000, 0x00000000e6300000|100%| O|  |TAMS 0x00000000e6300000, 0x00000000e6200000| Untracked 
|  99|0x00000000e6300000, 0x00000000e6400000, 0x00000000e6400000|100%| O|  |TAMS 0x00000000e6400000, 0x00000000e6300000| Updating 
| 100|0x00000000e6400000, 0x00000000e6500000, 0x00000000e6500000|100%|HS|  |TAMS 0x00000000e6500000, 0x00000000e6400000| Complete 
| 101|0x00000000e6500000, 0x00000000e6600000, 0x00000000e6600000|100%| O|  |TAMS 0x00000000e6600000, 0x00000000e6500000| Untracked 
| 102|0x00000000e6600000, 0x00000000e6700000, 0x00000000e6700000|100%| O|  |TAMS 0x00000000e6700000, 0x00000000e6600000| Updating 
| 103|0x00000000e6700000, 0x00000000e6800000, 0x00000000e6800000|100%| O|  |TAMS 0x00000000e6800000, 0x00000000e6700000| Updating 
| 104|0x00000000e6800000, 0x00000000e6900000, 0x00000000e6900000|100%| O|  |TAMS 0x00000000e6900000, 0x00000000e6800000| Updating 
| 105|0x00000000e6900000, 0x00000000e6a00000, 0x00000000e6a00000|100%| O|  |TAMS 0x00000000e6a00000, 0x00000000e6900000| Updating 
| 106|0x00000000e6a00000, 0x00000000e6b00000, 0x00000000e6b00000|100%| O|  |TAMS 0x00000000e6b00000, 0x00000000e6a00000| Updating 
| 107|0x00000000e6b00000, 0x00000000e6c00000, 0x00000000e6c00000|100%| O|  |TAMS 0x00000000e6c00000, 0x00000000e6b00000| Updating 
| 108|0x00000000e6c00000, 0x00000000e6d00000, 0x00000000e6d00000|100%| O|  |TAMS 0x00000000e6d00000, 0x00000000e6c00000| Updating 
| 109|0x00000000e6d00000, 0x00000000e6e00000, 0x00000000e6e00000|100%| O|  |TAMS 0x00000000e6e00000, 0x00000000e6d00000| Updating 
| 110|0x00000000e6e00000, 0x00000000e6f00000, 0x00000000e6f00000|100%| O|  |TAMS 0x00000000e6f00000, 0x00000000e6e00000| Updating 
| 111|0x00000000e6f00000, 0x00000000e7000000, 0x00000000e7000000|100%| O|  |TAMS 0x00000000e7000000, 0x00000000e6f00000| Updating 
| 112|0x00000000e7000000, 0x00000000e7100000, 0x00000000e7100000|100%| O|  |TAMS 0x00000000e7100000, 0x00000000e7000000| Untracked 
| 113|0x00000000e7100000, 0x00000000e7200000, 0x00000000e7200000|100%| O|  |TAMS 0x00000000e7200000, 0x00000000e7100000| Untracked 
| 114|0x00000000e7200000, 0x00000000e7300000, 0x00000000e7300000|100%|HS|  |TAMS 0x00000000e7300000, 0x00000000e7200000| Complete 
| 115|0x00000000e7300000, 0x00000000e7400000, 0x00000000e7400000|100%| O|  |TAMS 0x00000000e7400000, 0x00000000e7300000| Untracked 
| 116|0x00000000e7400000, 0x00000000e7500000, 0x00000000e7500000|100%| O|  |TAMS 0x00000000e7500000, 0x00000000e7400000| Untracked 
| 117|0x00000000e7500000, 0x00000000e7600000, 0x00000000e7600000|100%| O|  |TAMS 0x00000000e7600000, 0x00000000e7500000| Untracked 
| 118|0x00000000e7600000, 0x00000000e7700000, 0x00000000e7700000|100%| O|  |TAMS 0x00000000e7700000, 0x00000000e7600000| Untracked 
| 119|0x00000000e7700000, 0x00000000e7800000, 0x00000000e7800000|100%| O|  |TAMS 0x00000000e7800000, 0x00000000e7700000| Untracked 
| 120|0x00000000e7800000, 0x00000000e7900000, 0x00000000e7900000|100%| O|  |TAMS 0x00000000e7900000, 0x00000000e7800000| Updating 
| 121|0x00000000e7900000, 0x00000000e7a00000, 0x00000000e7a00000|100%| O|  |TAMS 0x00000000e7a00000, 0x00000000e7900000| Updating 
| 122|0x00000000e7a00000, 0x00000000e7b00000, 0x00000000e7b00000|100%| O|  |TAMS 0x00000000e7b00000, 0x00000000e7a00000| Updating 
| 123|0x00000000e7b00000, 0x00000000e7c00000, 0x00000000e7c00000|100%| O|  |TAMS 0x00000000e7c00000, 0x00000000e7b00000| Updating 
| 124|0x00000000e7c00000, 0x00000000e7d00000, 0x00000000e7d00000|100%| O|  |TAMS 0x00000000e7d00000, 0x00000000e7c00000| Untracked 
| 125|0x00000000e7d00000, 0x00000000e7e00000, 0x00000000e7e00000|100%| O|  |TAMS 0x00000000e7e00000, 0x00000000e7d00000| Untracked 
| 126|0x00000000e7e00000, 0x00000000e7f00000, 0x00000000e7f00000|100%| O|  |TAMS 0x00000000e7f00000, 0x00000000e7e00000| Untracked 
| 127|0x00000000e7f00000, 0x00000000e8000000, 0x00000000e8000000|100%| O|  |TAMS 0x00000000e8000000, 0x00000000e7f00000| Untracked 
| 128|0x00000000e8000000, 0x00000000e8100000, 0x00000000e8100000|100%| O|  |TAMS 0x00000000e8100000, 0x00000000e8000000| Untracked 
| 129|0x00000000e8100000, 0x00000000e8200000, 0x00000000e8200000|100%| O|  |TAMS 0x00000000e8200000, 0x00000000e8100000| Untracked 
| 130|0x00000000e8200000, 0x00000000e8300000, 0x00000000e8300000|100%| O|  |TAMS 0x00000000e8300000, 0x00000000e8200000| Untracked 
| 131|0x00000000e8300000, 0x00000000e8400000, 0x00000000e8400000|100%| O|  |TAMS 0x00000000e8400000, 0x00000000e8300000| Updating 
| 132|0x00000000e8400000, 0x00000000e8500000, 0x00000000e8500000|100%| O|  |TAMS 0x00000000e8500000, 0x00000000e8400000| Untracked 
| 133|0x00000000e8500000, 0x00000000e8600000, 0x00000000e8600000|100%| O|  |TAMS 0x00000000e8600000, 0x00000000e8500000| Untracked 
| 134|0x00000000e8600000, 0x00000000e8700000, 0x00000000e8700000|100%| O|  |TAMS 0x00000000e8700000, 0x00000000e8600000| Untracked 
| 135|0x00000000e8700000, 0x00000000e8800000, 0x00000000e8800000|100%| O|  |TAMS 0x00000000e8800000, 0x00000000e8700000| Untracked 
| 136|0x00000000e8800000, 0x00000000e8900000, 0x00000000e8900000|100%| O|  |TAMS 0x00000000e8900000, 0x00000000e8800000| Untracked 
| 137|0x00000000e8900000, 0x00000000e8a00000, 0x00000000e8a00000|100%| O|  |TAMS 0x00000000e8a00000, 0x00000000e8900000| Untracked 
| 138|0x00000000e8a00000, 0x00000000e8b00000, 0x00000000e8b00000|100%| O|  |TAMS 0x00000000e8b00000, 0x00000000e8a00000| Updating 
| 139|0x00000000e8b00000, 0x00000000e8c00000, 0x00000000e8c00000|100%| O|  |TAMS 0x00000000e8c00000, 0x00000000e8b00000| Untracked 
| 140|0x00000000e8c00000, 0x00000000e8d00000, 0x00000000e8d00000|100%| O|  |TAMS 0x00000000e8d00000, 0x00000000e8c00000| Untracked 
| 141|0x00000000e8d00000, 0x00000000e8e00000, 0x00000000e8e00000|100%| O|  |TAMS 0x00000000e8e00000, 0x00000000e8d00000| Updating 
| 142|0x00000000e8e00000, 0x00000000e8f00000, 0x00000000e8f00000|100%| O|  |TAMS 0x00000000e8f00000, 0x00000000e8e00000| Updating 
| 143|0x00000000e8f00000, 0x00000000e9000000, 0x00000000e9000000|100%| O|  |TAMS 0x00000000e9000000, 0x00000000e8f00000| Updating 
| 144|0x00000000e9000000, 0x00000000e9100000, 0x00000000e9100000|100%| O|  |TAMS 0x00000000e9100000, 0x00000000e9000000| Updating 
| 145|0x00000000e9100000, 0x00000000e9200000, 0x00000000e9200000|100%| O|  |TAMS 0x00000000e9200000, 0x00000000e9100000| Updating 
| 146|0x00000000e9200000, 0x00000000e9300000, 0x00000000e9300000|100%| O|  |TAMS 0x00000000e9300000, 0x00000000e9200000| Updating 
| 147|0x00000000e9300000, 0x00000000e9400000, 0x00000000e9400000|100%| O|  |TAMS 0x00000000e9400000, 0x00000000e9300000| Updating 
| 148|0x00000000e9400000, 0x00000000e9400000, 0x00000000e9500000|  0%| F|  |TAMS 0x00000000e9400000, 0x00000000e9400000| Untracked 
| 149|0x00000000e9500000, 0x00000000e9600000, 0x00000000e9600000|100%| O|  |TAMS 0x00000000e9600000, 0x00000000e9500000| Updating 
| 150|0x00000000e9600000, 0x00000000e9700000, 0x00000000e9700000|100%| O|  |TAMS 0x00000000e9700000, 0x00000000e9600000| Updating 
| 151|0x00000000e9700000, 0x00000000e9800000, 0x00000000e9800000|100%|HS|  |TAMS 0x00000000e9800000, 0x00000000e9700000| Complete 
| 152|0x00000000e9800000, 0x00000000e9900000, 0x00000000e9900000|100%|HS|  |TAMS 0x00000000e9900000, 0x00000000e9800000| Complete 
| 153|0x00000000e9900000, 0x00000000e9a00000, 0x00000000e9a00000|100%| O|  |TAMS 0x00000000e9a00000, 0x00000000e9900000| Untracked 
| 154|0x00000000e9a00000, 0x00000000e9b00000, 0x00000000e9b00000|100%| O|  |TAMS 0x00000000e9b00000, 0x00000000e9a00000| Untracked 
| 155|0x00000000e9b00000, 0x00000000e9c00000, 0x00000000e9c00000|100%| O|  |TAMS 0x00000000e9c00000, 0x00000000e9b00000| Untracked 
| 156|0x00000000e9c00000, 0x00000000e9d00000, 0x00000000e9d00000|100%|HS|  |TAMS 0x00000000e9d00000, 0x00000000e9c00000| Complete 
| 157|0x00000000e9d00000, 0x00000000e9e00000, 0x00000000e9e00000|100%| O|  |TAMS 0x00000000e9e00000, 0x00000000e9d00000| Untracked 
| 158|0x00000000e9e00000, 0x00000000e9f00000, 0x00000000e9f00000|100%| O|  |TAMS 0x00000000e9f00000, 0x00000000e9e00000| Untracked 
| 159|0x00000000e9f00000, 0x00000000ea000000, 0x00000000ea000000|100%| O|  |TAMS 0x00000000ea000000, 0x00000000e9f00000| Untracked 
| 160|0x00000000ea000000, 0x00000000ea100000, 0x00000000ea100000|100%| O|  |TAMS 0x00000000ea100000, 0x00000000ea000000| Updating 
| 161|0x00000000ea100000, 0x00000000ea200000, 0x00000000ea200000|100%| O|  |TAMS 0x00000000ea200000, 0x00000000ea100000| Untracked 
| 162|0x00000000ea200000, 0x00000000ea300000, 0x00000000ea300000|100%| O|  |TAMS 0x00000000ea300000, 0x00000000ea200000| Untracked 
| 163|0x00000000ea300000, 0x00000000ea400000, 0x00000000ea400000|100%| O|  |TAMS 0x00000000ea400000, 0x00000000ea300000| Updating 
| 164|0x00000000ea400000, 0x00000000ea500000, 0x00000000ea500000|100%| O|  |TAMS 0x00000000ea500000, 0x00000000ea400000| Untracked 
| 165|0x00000000ea500000, 0x00000000ea600000, 0x00000000ea600000|100%| O|  |TAMS 0x00000000ea600000, 0x00000000ea500000| Updating 
| 166|0x00000000ea600000, 0x00000000ea700000, 0x00000000ea700000|100%| O|  |TAMS 0x00000000ea700000, 0x00000000ea600000| Updating 
| 167|0x00000000ea700000, 0x00000000ea800000, 0x00000000ea800000|100%| O|  |TAMS 0x00000000ea800000, 0x00000000ea700000| Untracked 
| 168|0x00000000ea800000, 0x00000000ea900000, 0x00000000ea900000|100%| O|  |TAMS 0x00000000ea900000, 0x00000000ea800000| Updating 
| 169|0x00000000ea900000, 0x00000000eaa00000, 0x00000000eaa00000|100%| O|  |TAMS 0x00000000eaa00000, 0x00000000ea900000| Updating 
| 170|0x00000000eaa00000, 0x00000000eab00000, 0x00000000eab00000|100%| O|  |TAMS 0x00000000eab00000, 0x00000000eaa00000| Updating 
| 171|0x00000000eab00000, 0x00000000eab00000, 0x00000000eac00000|  0%| F|  |TAMS 0x00000000eab00000, 0x00000000eab00000| Untracked 
| 172|0x00000000eac00000, 0x00000000ead00000, 0x00000000ead00000|100%| O|  |TAMS 0x00000000ead00000, 0x00000000eac00000| Updating 
| 173|0x00000000ead00000, 0x00000000eae00000, 0x00000000eae00000|100%| O|  |TAMS 0x00000000eae00000, 0x00000000ead00000| Updating 
| 174|0x00000000eae00000, 0x00000000eaf00000, 0x00000000eaf00000|100%| O|  |TAMS 0x00000000eaf00000, 0x00000000eae00000| Updating 
| 175|0x00000000eaf00000, 0x00000000eb000000, 0x00000000eb000000|100%| O|  |TAMS 0x00000000eb000000, 0x00000000eaf00000| Updating 
| 176|0x00000000eb000000, 0x00000000eb100000, 0x00000000eb100000|100%| O|  |TAMS 0x00000000eb100000, 0x00000000eb000000| Updating 
| 177|0x00000000eb100000, 0x00000000eb100000, 0x00000000eb200000|  0%| F|  |TAMS 0x00000000eb100000, 0x00000000eb100000| Untracked 
| 178|0x00000000eb200000, 0x00000000eb200000, 0x00000000eb300000|  0%| F|  |TAMS 0x00000000eb200000, 0x00000000eb200000| Untracked 
| 179|0x00000000eb300000, 0x00000000eb400000, 0x00000000eb400000|100%| O|  |TAMS 0x00000000eb400000, 0x00000000eb300000| Updating 
| 180|0x00000000eb400000, 0x00000000eb500000, 0x00000000eb500000|100%| O|  |TAMS 0x00000000eb500000, 0x00000000eb400000| Updating 
| 181|0x00000000eb500000, 0x00000000eb600000, 0x00000000eb600000|100%| O|  |TAMS 0x00000000eb600000, 0x00000000eb500000| Updating 
| 182|0x00000000eb600000, 0x00000000eb700000, 0x00000000eb700000|100%| O|  |TAMS 0x00000000eb700000, 0x00000000eb600000| Updating 
| 183|0x00000000eb700000, 0x00000000eb800000, 0x00000000eb800000|100%| O|  |TAMS 0x00000000eb800000, 0x00000000eb700000| Updating 
| 184|0x00000000eb800000, 0x00000000eb900000, 0x00000000eb900000|100%| O|  |TAMS 0x00000000eb900000, 0x00000000eb800000| Updating 
| 185|0x00000000eb900000, 0x00000000eba00000, 0x00000000eba00000|100%| O|  |TAMS 0x00000000eba00000, 0x00000000eb900000| Updating 
| 186|0x00000000eba00000, 0x00000000ebb00000, 0x00000000ebb00000|100%|HS|  |TAMS 0x00000000ebb00000, 0x00000000eba00000| Complete 
| 187|0x00000000ebb00000, 0x00000000ebc00000, 0x00000000ebc00000|100%| O|  |TAMS 0x00000000ebc00000, 0x00000000ebb00000| Updating 
| 188|0x00000000ebc00000, 0x00000000ebd00000, 0x00000000ebd00000|100%| O|  |TAMS 0x00000000ebd00000, 0x00000000ebc00000| Updating 
| 189|0x00000000ebd00000, 0x00000000ebe00000, 0x00000000ebe00000|100%| O|  |TAMS 0x00000000ebd00000, 0x00000000ebd00000| Untracked 
| 190|0x00000000ebe00000, 0x00000000ebf00000, 0x00000000ebf00000|100%| O|  |TAMS 0x00000000ebe00000, 0x00000000ebe00000| Untracked 
| 191|0x00000000ebf00000, 0x00000000ec000000, 0x00000000ec000000|100%| O|  |TAMS 0x00000000ebf00000, 0x00000000ebf00000| Untracked 
| 192|0x00000000ec000000, 0x00000000ec100000, 0x00000000ec100000|100%| O|  |TAMS 0x00000000ec000000, 0x00000000ec000000| Untracked 
| 193|0x00000000ec100000, 0x00000000ec200000, 0x00000000ec200000|100%| O|  |TAMS 0x00000000ec100000, 0x00000000ec100000| Untracked 
| 194|0x00000000ec200000, 0x00000000ec300000, 0x00000000ec300000|100%| O|  |TAMS 0x00000000ec200000, 0x00000000ec200000| Untracked 
| 195|0x00000000ec300000, 0x00000000ec400000, 0x00000000ec400000|100%| O|  |TAMS 0x00000000ec300000, 0x00000000ec300000| Untracked 
| 196|0x00000000ec400000, 0x00000000ec500000, 0x00000000ec500000|100%| O|  |TAMS 0x00000000ec500000, 0x00000000ec400000| Untracked 
| 197|0x00000000ec500000, 0x00000000ec600000, 0x00000000ec600000|100%| O|  |TAMS 0x00000000ec600000, 0x00000000ec500000| Updating 
| 198|0x00000000ec600000, 0x00000000ec700000, 0x00000000ec700000|100%| O|  |TAMS 0x00000000ec700000, 0x00000000ec600000| Updating 
| 199|0x00000000ec700000, 0x00000000ec800000, 0x00000000ec800000|100%| O|  |TAMS 0x00000000ec800000, 0x00000000ec700000| Untracked 
| 200|0x00000000ec800000, 0x00000000ec900000, 0x00000000ec900000|100%| O|  |TAMS 0x00000000ec900000, 0x00000000ec800000| Untracked 
| 201|0x00000000ec900000, 0x00000000eca00000, 0x00000000eca00000|100%| O|  |TAMS 0x00000000eca00000, 0x00000000ec900000| Untracked 
| 202|0x00000000eca00000, 0x00000000ecb00000, 0x00000000ecb00000|100%| O|  |TAMS 0x00000000ecb00000, 0x00000000eca00000| Untracked 
| 203|0x00000000ecb00000, 0x00000000ecc00000, 0x00000000ecc00000|100%| O|  |TAMS 0x00000000ecc00000, 0x00000000ecb00000| Untracked 
| 204|0x00000000ecc00000, 0x00000000ecd00000, 0x00000000ecd00000|100%| O|  |TAMS 0x00000000ecd00000, 0x00000000ecc00000| Untracked 
| 205|0x00000000ecd00000, 0x00000000ece00000, 0x00000000ece00000|100%| O|  |TAMS 0x00000000ece00000, 0x00000000ecd00000| Untracked 
| 206|0x00000000ece00000, 0x00000000ecf00000, 0x00000000ecf00000|100%| O|  |TAMS 0x00000000ecf00000, 0x00000000ece00000| Untracked 
| 207|0x00000000ecf00000, 0x00000000ed000000, 0x00000000ed000000|100%| O|  |TAMS 0x00000000ed000000, 0x00000000ecf00000| Untracked 
| 208|0x00000000ed000000, 0x00000000ed100000, 0x00000000ed100000|100%| O|  |TAMS 0x00000000ed100000, 0x00000000ed000000| Untracked 
| 209|0x00000000ed100000, 0x00000000ed200000, 0x00000000ed200000|100%| O|  |TAMS 0x00000000ed1dde00, 0x00000000ed100000| Updating 
| 210|0x00000000ed200000, 0x00000000ed300000, 0x00000000ed300000|100%| O|  |TAMS 0x00000000ed200000, 0x00000000ed200000| Untracked 
| 211|0x00000000ed300000, 0x00000000ed3e4e00, 0x00000000ed400000| 89%| O|  |TAMS 0x00000000ed300000, 0x00000000ed300000| Untracked 
| 212|0x00000000ed400000, 0x00000000ed500000, 0x00000000ed500000|100%|HS|  |TAMS 0x00000000ed400000, 0x00000000ed400000| Complete 
| 213|0x00000000ed500000, 0x00000000ed600000, 0x00000000ed600000|100%|HC|  |TAMS 0x00000000ed500000, 0x00000000ed500000| Complete 
| 214|0x00000000ed600000, 0x00000000ed700000, 0x00000000ed700000|100%|HC|  |TAMS 0x00000000ed600000, 0x00000000ed600000| Complete 
| 215|0x00000000ed700000, 0x00000000ed800000, 0x00000000ed800000|100%|HC|  |TAMS 0x00000000ed700000, 0x00000000ed700000| Complete 
| 216|0x00000000ed800000, 0x00000000ed900000, 0x00000000ed900000|100%|HC|  |TAMS 0x00000000ed800000, 0x00000000ed800000| Complete 
| 217|0x00000000ed900000, 0x00000000eda00000, 0x00000000eda00000|100%|HC|  |TAMS 0x00000000ed900000, 0x00000000ed900000| Complete 
| 218|0x00000000eda00000, 0x00000000edb00000, 0x00000000edb00000|100%|HS|  |TAMS 0x00000000eda00000, 0x00000000eda00000| Complete 
| 219|0x00000000edb00000, 0x00000000edb00000, 0x00000000edc00000|  0%| F|  |TAMS 0x00000000edb00000, 0x00000000edb00000| Untracked 
| 220|0x00000000edc00000, 0x00000000edc00000, 0x00000000edd00000|  0%| F|  |TAMS 0x00000000edc00000, 0x00000000edc00000| Untracked 
| 221|0x00000000edd00000, 0x00000000edd00000, 0x00000000ede00000|  0%| F|  |TAMS 0x00000000edd00000, 0x00000000edd00000| Untracked 
| 222|0x00000000ede00000, 0x00000000ede00000, 0x00000000edf00000|  0%| F|  |TAMS 0x00000000ede00000, 0x00000000ede00000| Untracked 
| 223|0x00000000edf00000, 0x00000000edf00000, 0x00000000ee000000|  0%| F|  |TAMS 0x00000000edf00000, 0x00000000edf00000| Untracked 
| 224|0x00000000ee000000, 0x00000000ee000000, 0x00000000ee100000|  0%| F|  |TAMS 0x00000000ee000000, 0x00000000ee000000| Untracked 
| 225|0x00000000ee100000, 0x00000000ee100000, 0x00000000ee200000|  0%| F|  |TAMS 0x00000000ee100000, 0x00000000ee100000| Untracked 
| 226|0x00000000ee200000, 0x00000000ee200000, 0x00000000ee300000|  0%| F|  |TAMS 0x00000000ee200000, 0x00000000ee200000| Untracked 
| 227|0x00000000ee300000, 0x00000000ee300000, 0x00000000ee400000|  0%| F|  |TAMS 0x00000000ee300000, 0x00000000ee300000| Untracked 
| 228|0x00000000ee400000, 0x00000000ee400000, 0x00000000ee500000|  0%| F|  |TAMS 0x00000000ee400000, 0x00000000ee400000| Untracked 
| 229|0x00000000ee500000, 0x00000000ee500000, 0x00000000ee600000|  0%| F|  |TAMS 0x00000000ee500000, 0x00000000ee500000| Untracked 
| 230|0x00000000ee600000, 0x00000000ee600000, 0x00000000ee700000|  0%| F|  |TAMS 0x00000000ee600000, 0x00000000ee600000| Untracked 
| 231|0x00000000ee700000, 0x00000000ee700000, 0x00000000ee800000|  0%| F|  |TAMS 0x00000000ee700000, 0x00000000ee700000| Untracked 
| 232|0x00000000ee800000, 0x00000000ee800000, 0x00000000ee900000|  0%| F|  |TAMS 0x00000000ee800000, 0x00000000ee800000| Untracked 
| 233|0x00000000ee900000, 0x00000000ee900000, 0x00000000eea00000|  0%| F|  |TAMS 0x00000000ee900000, 0x00000000ee900000| Untracked 
| 234|0x00000000eea00000, 0x00000000eea00000, 0x00000000eeb00000|  0%| F|  |TAMS 0x00000000eea00000, 0x00000000eea00000| Untracked 
| 235|0x00000000eeb00000, 0x00000000eeb00000, 0x00000000eec00000|  0%| F|  |TAMS 0x00000000eeb00000, 0x00000000eeb00000| Untracked 
| 236|0x00000000eec00000, 0x00000000eec00000, 0x00000000eed00000|  0%| F|  |TAMS 0x00000000eec00000, 0x00000000eec00000| Untracked 
| 237|0x00000000eed00000, 0x00000000eed00000, 0x00000000eee00000|  0%| F|  |TAMS 0x00000000eed00000, 0x00000000eed00000| Untracked 
| 238|0x00000000eee00000, 0x00000000eee00000, 0x00000000eef00000|  0%| F|  |TAMS 0x00000000eee00000, 0x00000000eee00000| Untracked 
| 239|0x00000000eef00000, 0x00000000eef00000, 0x00000000ef000000|  0%| F|  |TAMS 0x00000000eef00000, 0x00000000eef00000| Untracked 
| 240|0x00000000ef000000, 0x00000000ef000000, 0x00000000ef100000|  0%| F|  |TAMS 0x00000000ef000000, 0x00000000ef000000| Untracked 
| 241|0x00000000ef100000, 0x00000000ef100000, 0x00000000ef200000|  0%| F|  |TAMS 0x00000000ef100000, 0x00000000ef100000| Untracked 
| 242|0x00000000ef200000, 0x00000000ef200000, 0x00000000ef300000|  0%| F|  |TAMS 0x00000000ef200000, 0x00000000ef200000| Untracked 
| 243|0x00000000ef300000, 0x00000000ef300000, 0x00000000ef400000|  0%| F|  |TAMS 0x00000000ef300000, 0x00000000ef300000| Untracked 
| 244|0x00000000ef400000, 0x00000000ef400000, 0x00000000ef500000|  0%| F|  |TAMS 0x00000000ef400000, 0x00000000ef400000| Untracked 
| 245|0x00000000ef500000, 0x00000000ef500000, 0x00000000ef600000|  0%| F|  |TAMS 0x00000000ef500000, 0x00000000ef500000| Untracked 
| 246|0x00000000ef600000, 0x00000000ef600000, 0x00000000ef700000|  0%| F|  |TAMS 0x00000000ef600000, 0x00000000ef600000| Untracked 
| 247|0x00000000ef700000, 0x00000000ef700000, 0x00000000ef800000|  0%| F|  |TAMS 0x00000000ef700000, 0x00000000ef700000| Untracked 
| 248|0x00000000ef800000, 0x00000000ef800000, 0x00000000ef900000|  0%| F|  |TAMS 0x00000000ef800000, 0x00000000ef800000| Untracked 
| 249|0x00000000ef900000, 0x00000000ef900000, 0x00000000efa00000|  0%| F|  |TAMS 0x00000000ef900000, 0x00000000ef900000| Untracked 
| 250|0x00000000efa00000, 0x00000000efa00000, 0x00000000efb00000|  0%| F|  |TAMS 0x00000000efa00000, 0x00000000efa00000| Untracked 
| 251|0x00000000efb00000, 0x00000000efb00000, 0x00000000efc00000|  0%| F|  |TAMS 0x00000000efb00000, 0x00000000efb00000| Untracked 
| 252|0x00000000efc00000, 0x00000000efc00000, 0x00000000efd00000|  0%| F|  |TAMS 0x00000000efc00000, 0x00000000efc00000| Untracked 
| 253|0x00000000efd00000, 0x00000000efd00000, 0x00000000efe00000|  0%| F|  |TAMS 0x00000000efd00000, 0x00000000efd00000| Untracked 
| 254|0x00000000efe00000, 0x00000000efe00000, 0x00000000eff00000|  0%| F|  |TAMS 0x00000000efe00000, 0x00000000efe00000| Untracked 
| 255|0x00000000eff00000, 0x00000000eff00000, 0x00000000f0000000|  0%| F|  |TAMS 0x00000000eff00000, 0x00000000eff00000| Untracked 
| 256|0x00000000f0000000, 0x00000000f0000000, 0x00000000f0100000|  0%| F|  |TAMS 0x00000000f0000000, 0x00000000f0000000| Untracked 
| 257|0x00000000f0100000, 0x00000000f0100000, 0x00000000f0200000|  0%| F|  |TAMS 0x00000000f0100000, 0x00000000f0100000| Untracked 
| 258|0x00000000f0200000, 0x00000000f0200000, 0x00000000f0300000|  0%| F|  |TAMS 0x00000000f0200000, 0x00000000f0200000| Untracked 
| 259|0x00000000f0300000, 0x00000000f0300000, 0x00000000f0400000|  0%| F|  |TAMS 0x00000000f0300000, 0x00000000f0300000| Untracked 
| 260|0x00000000f0400000, 0x00000000f0400000, 0x00000000f0500000|  0%| F|  |TAMS 0x00000000f0400000, 0x00000000f0400000| Untracked 
| 261|0x00000000f0500000, 0x00000000f0500000, 0x00000000f0600000|  0%| F|  |TAMS 0x00000000f0500000, 0x00000000f0500000| Untracked 
| 262|0x00000000f0600000, 0x00000000f0600000, 0x00000000f0700000|  0%| F|  |TAMS 0x00000000f0600000, 0x00000000f0600000| Untracked 
| 263|0x00000000f0700000, 0x00000000f0700000, 0x00000000f0800000|  0%| F|  |TAMS 0x00000000f0700000, 0x00000000f0700000| Untracked 
| 264|0x00000000f0800000, 0x00000000f0800000, 0x00000000f0900000|  0%| F|  |TAMS 0x00000000f0800000, 0x00000000f0800000| Untracked 
| 265|0x00000000f0900000, 0x00000000f0900000, 0x00000000f0a00000|  0%| F|  |TAMS 0x00000000f0900000, 0x00000000f0900000| Untracked 
| 266|0x00000000f0a00000, 0x00000000f0a00000, 0x00000000f0b00000|  0%| F|  |TAMS 0x00000000f0a00000, 0x00000000f0a00000| Untracked 
| 267|0x00000000f0b00000, 0x00000000f0b00000, 0x00000000f0c00000|  0%| F|  |TAMS 0x00000000f0b00000, 0x00000000f0b00000| Untracked 
| 268|0x00000000f0c00000, 0x00000000f0c00000, 0x00000000f0d00000|  0%| F|  |TAMS 0x00000000f0c00000, 0x00000000f0c00000| Untracked 
| 269|0x00000000f0d00000, 0x00000000f0d00000, 0x00000000f0e00000|  0%| F|  |TAMS 0x00000000f0d00000, 0x00000000f0d00000| Untracked 
| 270|0x00000000f0e00000, 0x00000000f0e55260, 0x00000000f0f00000| 33%| S|CS|TAMS 0x00000000f0e00000, 0x00000000f0e00000| Complete 
| 271|0x00000000f0f00000, 0x00000000f1000000, 0x00000000f1000000|100%| S|CS|TAMS 0x00000000f0f00000, 0x00000000f0f00000| Complete 
| 272|0x00000000f1000000, 0x00000000f1100000, 0x00000000f1100000|100%| S|CS|TAMS 0x00000000f1000000, 0x00000000f1000000| Complete 
| 273|0x00000000f1100000, 0x00000000f1200000, 0x00000000f1200000|100%| S|CS|TAMS 0x00000000f1100000, 0x00000000f1100000| Complete 
| 274|0x00000000f1200000, 0x00000000f1300000, 0x00000000f1300000|100%| S|CS|TAMS 0x00000000f1200000, 0x00000000f1200000| Complete 
| 275|0x00000000f1300000, 0x00000000f1400000, 0x00000000f1400000|100%| S|CS|TAMS 0x00000000f1300000, 0x00000000f1300000| Complete 
| 276|0x00000000f1400000, 0x00000000f1400000, 0x00000000f1500000|  0%| F|  |TAMS 0x00000000f1400000, 0x00000000f1400000| Untracked 
| 277|0x00000000f1500000, 0x00000000f1500000, 0x00000000f1600000|  0%| F|  |TAMS 0x00000000f1500000, 0x00000000f1500000| Untracked 
| 278|0x00000000f1600000, 0x00000000f1600000, 0x00000000f1700000|  0%| F|  |TAMS 0x00000000f1600000, 0x00000000f1600000| Untracked 
| 279|0x00000000f1700000, 0x00000000f1780800, 0x00000000f1800000| 50%| E|  |TAMS 0x00000000f1700000, 0x00000000f1700000| Complete 
| 280|0x00000000f1800000, 0x00000000f1900000, 0x00000000f1900000|100%| E|CS|TAMS 0x00000000f1800000, 0x00000000f1800000| Complete 
| 281|0x00000000f1900000, 0x00000000f1a00000, 0x00000000f1a00000|100%| E|CS|TAMS 0x00000000f1900000, 0x00000000f1900000| Complete 
| 282|0x00000000f1a00000, 0x00000000f1b00000, 0x00000000f1b00000|100%| E|CS|TAMS 0x00000000f1a00000, 0x00000000f1a00000| Complete 
| 283|0x00000000f1b00000, 0x00000000f1c00000, 0x00000000f1c00000|100%| E|CS|TAMS 0x00000000f1b00000, 0x00000000f1b00000| Complete 
| 284|0x00000000f1c00000, 0x00000000f1d00000, 0x00000000f1d00000|100%| E|CS|TAMS 0x00000000f1c00000, 0x00000000f1c00000| Complete 
| 285|0x00000000f1d00000, 0x00000000f1e00000, 0x00000000f1e00000|100%| E|CS|TAMS 0x00000000f1d00000, 0x00000000f1d00000| Complete 
| 286|0x00000000f1e00000, 0x00000000f1f00000, 0x00000000f1f00000|100%| E|CS|TAMS 0x00000000f1e00000, 0x00000000f1e00000| Complete 
| 287|0x00000000f1f00000, 0x00000000f2000000, 0x00000000f2000000|100%| E|CS|TAMS 0x00000000f1f00000, 0x00000000f1f00000| Complete 
| 288|0x00000000f2000000, 0x00000000f2100000, 0x00000000f2100000|100%| E|CS|TAMS 0x00000000f2000000, 0x00000000f2000000| Complete 
| 289|0x00000000f2100000, 0x00000000f2200000, 0x00000000f2200000|100%| E|CS|TAMS 0x00000000f2100000, 0x00000000f2100000| Complete 
| 290|0x00000000f2200000, 0x00000000f2300000, 0x00000000f2300000|100%| E|CS|TAMS 0x00000000f2200000, 0x00000000f2200000| Complete 
| 291|0x00000000f2300000, 0x00000000f2400000, 0x00000000f2400000|100%| E|CS|TAMS 0x00000000f2300000, 0x00000000f2300000| Complete 
| 292|0x00000000f2400000, 0x00000000f2500000, 0x00000000f2500000|100%| E|CS|TAMS 0x00000000f2400000, 0x00000000f2400000| Complete 
| 293|0x00000000f2500000, 0x00000000f2600000, 0x00000000f2600000|100%| E|CS|TAMS 0x00000000f2500000, 0x00000000f2500000| Complete 

Card table byte_map: [0x000001d46c970000,0x000001d46ca70000] _byte_map_base: 0x000001d46c270000

Marking Bits (Prev, Next): (CMBitMap*) 0x000001d4540d3cb0, (CMBitMap*) 0x000001d4540d3c70
 Prev Bits: [0x000001d46d370000, 0x000001d46db70000)
 Next Bits: [0x000001d46cb70000, 0x000001d46d370000)

Polling page: 0x000001d454170000

Metaspace:

Usage:
  Non-class:    139.03 MB used.
      Class:     20.28 MB used.
       Both:    159.32 MB used.

Virtual space:
  Non-class space:      192.00 MB reserved,     139.50 MB ( 73%) committed,  3 nodes.
      Class space:      320.00 MB reserved,      20.75 MB (  6%) committed,  1 nodes.
             Both:      512.00 MB reserved,     160.25 MB ( 31%) committed. 

Chunk freelists:
   Non-Class:  3.89 MB
       Class:  11.13 MB
        Both:  15.02 MB

MaxMetaspaceSize: 384.00 MB
CompressedClassSpaceSize: 320.00 MB
Initial GC threshold: 21.00 MB
Current GC threshold: 209.31 MB
CDS: on
MetaspaceReclaimPolicy: balanced
 - commit_granule_bytes: 65536.
 - commit_granule_words: 8192.
 - virtual_space_node_default_size: 8388608.
 - enlarge_chunks_in_place: 1.
 - new_chunks_are_fully_committed: 0.
 - uncommit_free_chunks: 1.
 - use_allocation_guard: 0.
 - handle_deallocations: 1.


Internal statistics:

num_allocs_failed_limit: 12.
num_arena_births: 1470.
num_arena_deaths: 20.
num_vsnodes_births: 4.
num_vsnodes_deaths: 0.
num_space_committed: 2560.
num_space_uncommitted: 0.
num_chunks_returned_to_freelist: 40.
num_chunks_taken_from_freelist: 7829.
num_chunk_merges: 18.
num_chunk_splits: 5683.
num_chunks_enlarged: 4278.
num_inconsistent_stats: 0.

CodeHeap 'non-profiled nmethods': size=120000Kb used=13998Kb max_used=14455Kb free=106001Kb
 bounds [0x000001d4648d0000, 0x000001d4656f0000, 0x000001d46be00000]
CodeHeap 'profiled nmethods': size=120000Kb used=36242Kb max_used=36790Kb free=83757Kb
 bounds [0x000001d45ce00000, 0x000001d45f1f0000, 0x000001d464330000]
CodeHeap 'non-nmethods': size=5760Kb used=2634Kb max_used=2708Kb free=3125Kb
 bounds [0x000001d464330000, 0x000001d4645e0000, 0x000001d4648d0000]
 total_blobs=18829 nmethods=17638 adapters=1101
 compilation: enabled
              stopped_count=0, restarted_count=0
 full_count=0

Compilation events (20 events):
Event: 244.050 Thread 0x000001d4705b3d80 22130       1       org.jetbrains.kotlin.serialization.deserialization.descriptors.DeserializedPropertyDescriptor::getTypeTable (5 bytes)
Event: 244.050 Thread 0x000001d4705b3d80 nmethod 22130 0x000001d465298d10 code [0x000001d465298ea0, 0x000001d465298f78]
Event: 244.050 Thread 0x000001d4705b3d80 22131       1       org.jetbrains.kotlin.descriptors.impl.PropertyDescriptorImpl$CopyConfiguration::access$800 (5 bytes)
Event: 244.050 Thread 0x000001d4705b3d80 nmethod 22131 0x000001d465298790 code [0x000001d465298920, 0x000001d4652989d8]
Event: 244.050 Thread 0x000001d4705b3d80 22132       1       org.jetbrains.kotlin.descriptors.impl.PropertyDescriptorImpl$CopyConfiguration::access$900 (5 bytes)
Event: 244.050 Thread 0x000001d4705b3d80 nmethod 22132 0x000001d464dbce90 code [0x000001d464dbd020, 0x000001d464dbd0d8]
Event: 244.050 Thread 0x000001d4705b3d80 22133       1       org.jetbrains.kotlin.descriptors.impl.PropertyDescriptorImpl$CopyConfiguration::access$1000 (5 bytes)
Event: 244.050 Thread 0x000001d4705b3d80 nmethod 22133 0x000001d464dbcb90 code [0x000001d464dbcd20, 0x000001d464dbcdd8]
Event: 244.050 Thread 0x000001d4705b3d80 22134       1       org.jetbrains.kotlin.descriptors.impl.PropertyDescriptorImpl$CopyConfiguration::access$1100 (5 bytes)
Event: 244.050 Thread 0x000001d4705b3d80 nmethod 22134 0x000001d464dbc890 code [0x000001d464dbca20, 0x000001d464dbcad8]
Event: 244.050 Thread 0x000001d4705b3d80 22135       1       org.jetbrains.kotlin.descriptors.impl.PropertyGetterDescriptorImpl::getReturnType (5 bytes)
Event: 244.050 Thread 0x000001d4705b3d80 nmethod 22135 0x000001d464dbc590 code [0x000001d464dbc720, 0x000001d464dbc7f8]
Event: 244.050 Thread 0x000001d4705b3d80 22136       1       org.jetbrains.kotlin.descriptors.impl.PropertyDescriptorImpl$CopyConfiguration::access$1200 (5 bytes)
Event: 244.050 Thread 0x000001d4705b3d80 nmethod 22136 0x000001d464e60210 code [0x000001d464e603a0, 0x000001d464e60458]
Event: 244.051 Thread 0x000001d4705b3d80 22137       3       org.jetbrains.kotlin.load.java.structure.impl.classFiles.BinaryJavaClass::processValue (138 bytes)
Event: 244.052 Thread 0x000001d4705b3d80 nmethod 22137 0x000001d45df5d290 code [0x000001d45df5d500, 0x000001d45df5e438]
Event: 244.052 Thread 0x000001d4705b3d80 22138       3       org.jetbrains.kotlin.load.java.structure.impl.classFiles.BinaryJavaField::<init> (82 bytes)
Event: 244.054 Thread 0x000001d4705b3d80 nmethod 22138 0x000001d45e98ef90 code [0x000001d45e98f320, 0x000001d45e9909c8]
Event: 244.054 Thread 0x000001d4705b3d80 22139       3       org.jetbrains.kotlin.load.java.structure.impl.classFiles.AnnotationsCollectorFieldVisitor::<init> (40 bytes)
Event: 244.055 Thread 0x000001d4705b3d80 nmethod 22139 0x000001d45e213a10 code [0x000001d45e213d40, 0x000001d45e214e28]

GC Heap History (20 events):
Event: 222.858 GC heap before
{Heap before GC invocations=86 (full 0):
 garbage-first heap   total 301056K, used 252487K [0x00000000e0000000, 0x0000000100000000)
  region size 1024K, 82 young (83968K), 8 survivors (8192K)
 Metaspace       used 133677K, committed 134464K, reserved 458752K
  class space    used 16957K, committed 17344K, reserved 327680K
}
Event: 222.869 GC heap after
{Heap after GC invocations=87 (full 0):
 garbage-first heap   total 301056K, used 184615K [0x00000000e0000000, 0x0000000100000000)
  region size 1024K, 8 young (8192K), 8 survivors (8192K)
 Metaspace       used 133677K, committed 134464K, reserved 458752K
  class space    used 16957K, committed 17344K, reserved 327680K
}
Event: 224.770 GC heap before
{Heap before GC invocations=87 (full 0):
 garbage-first heap   total 301056K, used 252199K [0x00000000e0000000, 0x0000000100000000)
  region size 1024K, 74 young (75776K), 8 survivors (8192K)
 Metaspace       used 139435K, committed 140288K, reserved 458752K
  class space    used 17646K, committed 18048K, reserved 327680K
}
Event: 224.777 GC heap after
{Heap after GC invocations=88 (full 0):
 garbage-first heap   total 301056K, used 187696K [0x00000000e0000000, 0x0000000100000000)
  region size 1024K, 3 young (3072K), 3 survivors (3072K)
 Metaspace       used 139435K, committed 140288K, reserved 458752K
  class space    used 17646K, committed 18048K, reserved 327680K
}
Event: 225.889 GC heap before
{Heap before GC invocations=88 (full 0):
 garbage-first heap   total 301056K, used 254256K [0x00000000e0000000, 0x0000000100000000)
  region size 1024K, 68 young (69632K), 3 survivors (3072K)
 Metaspace       used 144564K, committed 145408K, reserved 458752K
  class space    used 18512K, committed 18944K, reserved 327680K
}
Event: 225.896 GC heap after
{Heap after GC invocations=89 (full 0):
 garbage-first heap   total 301056K, used 189349K [0x00000000e0000000, 0x0000000100000000)
  region size 1024K, 5 young (5120K), 5 survivors (5120K)
 Metaspace       used 144564K, committed 145408K, reserved 458752K
  class space    used 18512K, committed 18944K, reserved 327680K
}
Event: 228.072 GC heap before
{Heap before GC invocations=89 (full 0):
 garbage-first heap   total 301056K, used 261029K [0x00000000e0000000, 0x0000000100000000)
  region size 1024K, 70 young (71680K), 5 survivors (5120K)
 Metaspace       used 150276K, committed 151168K, reserved 524288K
  class space    used 19218K, committed 19648K, reserved 327680K
}
Event: 228.083 GC heap after
{Heap after GC invocations=90 (full 0):
 garbage-first heap   total 301056K, used 189104K [0x00000000e0000000, 0x0000000100000000)
  region size 1024K, 9 young (9216K), 9 survivors (9216K)
 Metaspace       used 150276K, committed 151168K, reserved 524288K
  class space    used 19218K, committed 19648K, reserved 327680K
}
Event: 229.773 GC heap before
{Heap before GC invocations=90 (full 0):
 garbage-first heap   total 301056K, used 254640K [0x00000000e0000000, 0x0000000100000000)
  region size 1024K, 73 young (74752K), 9 survivors (9216K)
 Metaspace       used 153754K, committed 154688K, reserved 524288K
  class space    used 19723K, committed 20160K, reserved 327680K
}
Event: 229.786 GC heap after
{Heap after GC invocations=91 (full 0):
 garbage-first heap   total 301056K, used 193812K [0x00000000e0000000, 0x0000000100000000)
  region size 1024K, 10 young (10240K), 10 survivors (10240K)
 Metaspace       used 153754K, committed 154688K, reserved 524288K
  class space    used 19723K, committed 20160K, reserved 327680K
}
Event: 238.619 GC heap before
{Heap before GC invocations=91 (full 0):
 garbage-first heap   total 301056K, used 255252K [0x00000000e0000000, 0x0000000100000000)
  region size 1024K, 71 young (72704K), 10 survivors (10240K)
 Metaspace       used 159012K, committed 159936K, reserved 524288K
  class space    used 20410K, committed 20864K, reserved 327680K
}
Event: 238.630 GC heap after
{Heap after GC invocations=92 (full 0):
 garbage-first heap   total 301056K, used 195781K [0x00000000e0000000, 0x0000000100000000)
  region size 1024K, 7 young (7168K), 7 survivors (7168K)
 Metaspace       used 159012K, committed 159936K, reserved 524288K
  class space    used 20410K, committed 20864K, reserved 327680K
}
Event: 242.559 GC heap before
{Heap before GC invocations=92 (full 0):
 garbage-first heap   total 301056K, used 256197K [0x00000000e0000000, 0x0000000100000000)
  region size 1024K, 67 young (68608K), 7 survivors (7168K)
 Metaspace       used 162984K, committed 163968K, reserved 524288K
  class space    used 20769K, committed 21248K, reserved 327680K
}
Event: 242.568 GC heap after
{Heap after GC invocations=93 (full 0):
 garbage-first heap   total 301056K, used 199546K [0x00000000e0000000, 0x0000000100000000)
  region size 1024K, 6 young (6144K), 6 survivors (6144K)
 Metaspace       used 162984K, committed 163968K, reserved 524288K
  class space    used 20769K, committed 21248K, reserved 327680K
}
Event: 243.474 GC heap before
{Heap before GC invocations=93 (full 0):
 garbage-first heap   total 301056K, used 231290K [0x00000000e0000000, 0x0000000100000000)
  region size 1024K, 31 young (31744K), 6 survivors (6144K)
 Metaspace       used 163085K, committed 164032K, reserved 524288K
  class space    used 20771K, committed 21248K, reserved 327680K
}
Event: 243.482 GC heap after
{Heap after GC invocations=94 (full 0):
 garbage-first heap   total 301056K, used 200257K [0x00000000e0000000, 0x0000000100000000)
  region size 1024K, 4 young (4096K), 4 survivors (4096K)
 Metaspace       used 163085K, committed 164032K, reserved 524288K
  class space    used 20771K, committed 21248K, reserved 327680K
}
Event: 243.741 GC heap before
{Heap before GC invocations=94 (full 0):
 garbage-first heap   total 301056K, used 263745K [0x00000000e0000000, 0x0000000100000000)
  region size 1024K, 59 young (60416K), 4 survivors (4096K)
 Metaspace       used 163093K, committed 164032K, reserved 524288K
  class space    used 20771K, committed 21248K, reserved 327680K
}
Event: 243.757 GC heap after
{Heap after GC invocations=95 (full 0):
 garbage-first heap   total 301056K, used 215927K [0x00000000e0000000, 0x0000000100000000)
  region size 1024K, 8 young (8192K), 8 survivors (8192K)
 Metaspace       used 163093K, committed 164032K, reserved 524288K
  class space    used 20771K, committed 21248K, reserved 327680K
}
Event: 243.835 GC heap before
{Heap before GC invocations=95 (full 0):
 garbage-first heap   total 301056K, used 233335K [0x00000000e0000000, 0x0000000100000000)
  region size 1024K, 26 young (26624K), 8 survivors (8192K)
 Metaspace       used 163103K, committed 164032K, reserved 524288K
  class space    used 20771K, committed 21248K, reserved 327680K
}
Event: 243.846 GC heap after
{Heap after GC invocations=96 (full 0):
 garbage-first heap   total 301056K, used 222440K [0x00000000e0000000, 0x0000000100000000)
  region size 1024K, 6 young (6144K), 6 survivors (6144K)
 Metaspace       used 163103K, committed 164032K, reserved 524288K
  class space    used 20771K, committed 21248K, reserved 327680K
}

Deoptimization events (20 events):
Event: 243.469 Thread 0x000001d476e23a90 Uncommon trap: trap_request=0xffffff45 fr.pc=0x000001d464d8046c relative=0x000000000000004c
Event: 243.469 Thread 0x000001d476e23a90 Uncommon trap: reason=unstable_if action=reinterpret pc=0x000001d464d8046c method=org.jetbrains.kotlin.com.intellij.openapi.progress.ProgressManager.checkCanceled()V @ 5 c2
Event: 243.469 Thread 0x000001d476e23a90 DEOPT PACKING pc=0x000001d464d8046c sp=0x000000b61ccf6cc0
Event: 243.469 Thread 0x000001d476e23a90 DEOPT UNPACKING pc=0x000001d464385ba3 sp=0x000000b61ccf6c00 mode 2
Event: 243.472 Thread 0x000001d476e23a90 Uncommon trap: trap_request=0xffffff45 fr.pc=0x000001d46501acb4 relative=0x0000000000000254
Event: 243.472 Thread 0x000001d476e23a90 Uncommon trap: reason=unstable_if action=reinterpret pc=0x000001d46501acb4 method=org.jetbrains.kotlin.com.intellij.openapi.progress.ProgressManager.checkCanceled()V @ 5 c2
Event: 243.472 Thread 0x000001d476e23a90 DEOPT PACKING pc=0x000001d46501acb4 sp=0x000000b61ccf6130
Event: 243.472 Thread 0x000001d476e23a90 DEOPT UNPACKING pc=0x000001d464385ba3 sp=0x000000b61ccf6040 mode 2
Event: 243.473 Thread 0x000001d476e23a90 Uncommon trap: trap_request=0xffffff45 fr.pc=0x000001d4652b5c8c relative=0x000000000000046c
Event: 243.473 Thread 0x000001d476e23a90 Uncommon trap: reason=unstable_if action=reinterpret pc=0x000001d4652b5c8c method=jdk.internal.jrtfs.JrtPath.normalize(Ljava/lang/String;)Ljava/lang/String; @ 6 c2
Event: 243.473 Thread 0x000001d476e23a90 DEOPT PACKING pc=0x000001d4652b5c8c sp=0x000000b61ccf6960
Event: 243.473 Thread 0x000001d476e23a90 DEOPT UNPACKING pc=0x000001d464385ba3 sp=0x000000b61ccf68e8 mode 2
Event: 243.503 Thread 0x000001d476e23a90 DEOPT PACKING pc=0x000001d45d6fa6ea sp=0x000000b61ccf6710
Event: 243.503 Thread 0x000001d476e23a90 DEOPT UNPACKING pc=0x000001d4643866e3 sp=0x000000b61ccf5c60 mode 0
Event: 243.817 Thread 0x000001d476e23a90 DEOPT PACKING pc=0x000001d45da43778 sp=0x000000b61ccf6010
Event: 243.817 Thread 0x000001d476e23a90 DEOPT UNPACKING pc=0x000001d4643866e3 sp=0x000000b61ccf5520 mode 0
Event: 243.986 Thread 0x000001d476e23a90 DEOPT PACKING pc=0x000001d45da43778 sp=0x000000b61ccf42a0
Event: 243.986 Thread 0x000001d476e23a90 DEOPT UNPACKING pc=0x000001d4643866e3 sp=0x000000b61ccf37b0 mode 0
Event: 243.986 Thread 0x000001d476e23a90 DEOPT PACKING pc=0x000001d45da43778 sp=0x000000b61ccf42a0
Event: 243.986 Thread 0x000001d476e23a90 DEOPT UNPACKING pc=0x000001d4643866e3 sp=0x000000b61ccf37b0 mode 0

Classes unloaded (10 events):
Event: 178.202 Thread 0x000001d470588330 Unloading class 0x000001d40183d000 'java/lang/invoke/LambdaForm$DMH+0x000001d40183d000'
Event: 178.202 Thread 0x000001d470588330 Unloading class 0x000001d40183cc00 'java/lang/invoke/LambdaForm$DMH+0x000001d40183cc00'
Event: 178.202 Thread 0x000001d470588330 Unloading class 0x000001d40183c800 'java/lang/invoke/LambdaForm$DMH+0x000001d40183c800'
Event: 178.202 Thread 0x000001d470588330 Unloading class 0x000001d40183c400 'java/lang/invoke/LambdaForm$DMH+0x000001d40183c400'
Event: 206.433 Thread 0x000001d470588330 Unloading class 0x000001d401869800 'java/lang/invoke/LambdaForm$DMH+0x000001d401869800'
Event: 206.433 Thread 0x000001d470588330 Unloading class 0x000001d401869400 'java/lang/invoke/LambdaForm$DMH+0x000001d401869400'
Event: 206.433 Thread 0x000001d470588330 Unloading class 0x000001d401869000 'java/lang/invoke/LambdaForm$DMH+0x000001d401869000'
Event: 206.433 Thread 0x000001d470588330 Unloading class 0x000001d401868800 'java/lang/invoke/LambdaForm$DMH+0x000001d401868800'
Event: 206.433 Thread 0x000001d470588330 Unloading class 0x000001d401868c00 'java/lang/invoke/LambdaForm$DMH+0x000001d401868c00'
Event: 206.433 Thread 0x000001d470588330 Unloading class 0x000001d401868400 'java/lang/invoke/LambdaForm$DMH+0x000001d401868400'

Classes redefined (0 events):
No events

Internal exceptions (20 events):
Event: 238.408 Thread 0x000001d476e244b0 Exception <a 'java/lang/NoSuchMethodError'{0x00000000ef308d88}: static Lorg/gradle/internal/classloader/ClassLoaderSpec;.<clinit>()V> (0x00000000ef308d88) 
thrown [s\open\src\hotspot\share\prims\jni.cpp, line 1107]
Event: 238.409 Thread 0x000001d476e244b0 Exception <a 'java/lang/NoSuchMethodError'{0x00000000ef315320}: static Lorg/gradle/internal/classloader/VisitableURLClassLoader$Spec;.<clinit>()V> (0x00000000ef315320) 
thrown [s\open\src\hotspot\share\prims\jni.cpp, line 1107]
Event: 238.415 Thread 0x000001d476e244b0 Exception <a 'java/lang/NoSuchMethodError'{0x00000000ef3328b8}: static [Ljava/net/URL;.<clinit>()V> (0x00000000ef3328b8) 
thrown [s\open\src\hotspot\share\prims\jni.cpp, line 1107]
Event: 238.416 Thread 0x000001d476e244b0 Exception <a 'java/lang/NoSuchMethodError'{0x00000000ef33aa20}: static [B.<clinit>()V> (0x00000000ef33aa20) 
thrown [s\open\src\hotspot\share\prims\jni.cpp, line 1107]
Event: 238.456 Thread 0x000001d479c7f4e0 Implicit null exception at 0x000001d465059a81 to 0x000001d46505a954
Event: 238.457 Thread 0x000001d479c7f4e0 Exception <a 'sun/nio/fs/WindowsException'{0x00000000ef201018}> (0x00000000ef201018) 
thrown [s\open\src\hotspot\share\prims\jni.cpp, line 516]
Event: 238.457 Thread 0x000001d476e23a90 Exception <a 'java/lang/NoSuchMethodError'{0x00000000ef3f9348}: 'void java.lang.invoke.DirectMethodHandle$Holder.invokeSpecial(java.lang.Object, java.lang.Object, int)'> (0x00000000ef3f9348) 
thrown [s\open\src\hotspot\share\interpreter\linkResolver.cpp, line 759]
Event: 238.559 Thread 0x000001d476e23a90 Implicit null exception at 0x000001d464c25b07 to 0x000001d464c28464
Event: 238.559 Thread 0x000001d476e23a90 Implicit null exception at 0x000001d46507000f to 0x000001d46507005c
Event: 238.587 Thread 0x000001d476e23a90 Implicit null exception at 0x000001d46554579d to 0x000001d4655474a8
Event: 238.636 Thread 0x000001d476e23a90 Implicit null exception at 0x000001d464bf0134 to 0x000001d464bf0618
Event: 241.054 Thread 0x000001d476e23a90 Implicit null exception at 0x000001d464f67490 to 0x000001d464f69e98
Event: 241.250 Thread 0x000001d476e23a90 Exception <a 'java/lang/ClassNotFoundException'{0x00000000f07f27b8}: init_captwd1y4v45i1fv8u4t8kdyxBeanInfo> (0x00000000f07f27b8) 
thrown [s\open\src\hotspot\share\classfile\systemDictionary.cpp, line 256]
Event: 241.251 Thread 0x000001d476e23a90 Exception <a 'java/lang/ClassNotFoundException'{0x00000000f07f8c10}: init_captwd1y4v45i1fv8u4t8kdyxCustomizer> (0x00000000f07f8c10) 
thrown [s\open\src\hotspot\share\classfile\systemDictionary.cpp, line 256]
Event: 241.274 Thread 0x000001d476e23a90 Exception <a 'sun/nio/fs/WindowsException'{0x00000000f066ada8}> (0x00000000f066ada8) 
thrown [s\open\src\hotspot\share\prims\jni.cpp, line 516]
Event: 241.276 Thread 0x000001d476e23a90 Exception <a 'sun/nio/fs/WindowsException'{0x00000000f066c310}> (0x00000000f066c310) 
thrown [s\open\src\hotspot\share\prims\jni.cpp, line 516]
Event: 241.281 Thread 0x000001d476e23a90 Exception <a 'sun/nio/fs/WindowsException'{0x00000000f066d878}> (0x00000000f066d878) 
thrown [s\open\src\hotspot\share\prims\jni.cpp, line 516]
Event: 241.285 Thread 0x000001d476e23a90 Exception <a 'sun/nio/fs/WindowsException'{0x00000000f066edc0}> (0x00000000f066edc0) 
thrown [s\open\src\hotspot\share\prims\jni.cpp, line 516]
Event: 243.433 Thread 0x000001d476e23a90 Exception <a 'sun/nio/fs/WindowsException'{0x00000000f0d8a0c8}> (0x00000000f0d8a0c8) 
thrown [s\open\src\hotspot\share\prims\jni.cpp, line 516]
Event: 243.434 Thread 0x000001d476e23a90 Exception <a 'sun/nio/fs/WindowsException'{0x00000000f0d8bb80}> (0x00000000f0d8bb80) 
thrown [s\open\src\hotspot\share\prims\jni.cpp, line 516]

VM Operations (20 events):
Event: 238.631 Executing VM operation: G1CollectForAllocation done
Event: 239.632 Executing VM operation: Cleanup
Event: 239.632 Executing VM operation: Cleanup done
Event: 241.654 Executing VM operation: Cleanup
Event: 241.654 Executing VM operation: Cleanup done
Event: 242.542 Executing VM operation: G1CollectForAllocation
Event: 242.591 Executing VM operation: G1CollectForAllocation done
Event: 243.157 Executing VM operation: HandshakeAllThreads
Event: 243.157 Executing VM operation: HandshakeAllThreads done
Event: 243.408 Executing VM operation: ICBufferFull
Event: 243.408 Executing VM operation: ICBufferFull done
Event: 243.410 Executing VM operation: HandshakeAllThreads
Event: 243.411 Executing VM operation: HandshakeAllThreads done
Event: 243.474 Executing VM operation: G1TryInitiateConcMark
Event: 243.482 Executing VM operation: G1TryInitiateConcMark done
Event: 243.741 Executing VM operation: G1CollectForAllocation
Event: 243.757 Executing VM operation: G1CollectForAllocation done
Event: 243.835 Executing VM operation: G1TryInitiateConcMark
Event: 243.849 Executing VM operation: G1TryInitiateConcMark done
Event: 244.062 Executing VM operation: G1Concurrent

Events (20 events):
Event: 243.446 Thread 0x000001d470708070 flushing nmethod 0x000001d45e993b10
Event: 243.446 Thread 0x000001d470708070 flushing nmethod 0x000001d45e998f10
Event: 243.446 Thread 0x000001d470708070 flushing nmethod 0x000001d45e99ba90
Event: 243.446 Thread 0x000001d470708070 flushing nmethod 0x000001d45e99df90
Event: 243.447 Thread 0x000001d470708070 flushing nmethod 0x000001d45ea66790
Event: 243.447 Thread 0x000001d470708070 flushing nmethod 0x000001d45ea8bb10
Event: 243.447 Thread 0x000001d470708070 flushing nmethod 0x000001d45eadb910
Event: 243.447 Thread 0x000001d470708070 flushing nmethod 0x000001d45eaf5690
Event: 243.448 Thread 0x000001d470708070 flushing nmethod 0x000001d45eb49210
Event: 243.449 Thread 0x000001d470708070 flushing nmethod 0x000001d45ed14310
Event: 243.449 Thread 0x000001d470708070 flushing nmethod 0x000001d45ed17190
Event: 243.449 Thread 0x000001d470708070 flushing nmethod 0x000001d45ed52110
Event: 243.449 Thread 0x000001d470708070 flushing nmethod 0x000001d45edeb890
Event: 243.449 Thread 0x000001d470708070 flushing nmethod 0x000001d45edf5c90
Event: 243.449 Thread 0x000001d470708070 flushing nmethod 0x000001d45edf6110
Event: 243.450 loading class jdk/internal/reflect/UnsafeStaticObjectFieldAccessorImpl done
Event: 243.450 Thread 0x000001d470708070 flushing nmethod 0x000001d45ee55610
Event: 243.450 Thread 0x000001d470708070 flushing nmethod 0x000001d45eea8490
Event: 243.450 Thread 0x000001d470708070 flushing nmethod 0x000001d45eee5390
Event: 243.450 Thread 0x000001d470708070 flushing nmethod 0x000001d45eee5a90


Dynamic libraries:
0x00007ff6faf80000 - 0x00007ff6faf90000 	C:\Program Files\Java\jdk-17\bin\java.exe
0x00007ffd10020000 - 0x00007ffd10287000 	C:\WINDOWS\SYSTEM32\ntdll.dll
0x00007ffd0e840000 - 0x00007ffd0e909000 	C:\WINDOWS\System32\KERNEL32.DLL
0x00007ffd0d9b0000 - 0x00007ffd0dda4000 	C:\WINDOWS\System32\KERNELBASE.dll
0x00007ffd0cbe0000 - 0x00007ffd0cd2b000 	C:\WINDOWS\System32\ucrtbase.dll
0x00007ffcd1a10000 - 0x00007ffcd1a29000 	C:\Program Files\Java\jdk-17\bin\jli.dll
0x00007ffcc4250000 - 0x00007ffcc426b000 	C:\Program Files\Java\jdk-17\bin\VCRUNTIME140.dll
0x00007ffd0df60000 - 0x00007ffd0e016000 	C:\WINDOWS\System32\ADVAPI32.dll
0x00007ffd0e240000 - 0x00007ffd0e2e9000 	C:\WINDOWS\System32\msvcrt.dll
0x00007ffd0e420000 - 0x00007ffd0e4c7000 	C:\WINDOWS\System32\sechost.dll
0x00007ffd0f630000 - 0x00007ffd0f748000 	C:\WINDOWS\System32\RPCRT4.dll
0x00007ffd0e4d0000 - 0x00007ffd0e695000 	C:\WINDOWS\System32\USER32.dll
0x00007ffd0d8d0000 - 0x00007ffd0d8f7000 	C:\WINDOWS\System32\win32u.dll
0x00007ffcf2cf0000 - 0x00007ffcf2f83000 	C:\WINDOWS\WinSxS\amd64_microsoft.windows.common-controls_6595b64144ccf1df_6.0.26100.8115_none_3e075c82e3354f9c\COMCTL32.dll
0x00007ffd0e020000 - 0x00007ffd0e04b000 	C:\WINDOWS\System32\GDI32.dll
0x00007ffd0d7a0000 - 0x00007ffd0d8cb000 	C:\WINDOWS\System32\gdi32full.dll
0x00007ffd0d900000 - 0x00007ffd0d9a3000 	C:\WINDOWS\System32\msvcp_win.dll
0x00007ffcfd960000 - 0x00007ffcfd96b000 	C:\WINDOWS\SYSTEM32\VERSION.dll
0x00007ffd0e1a0000 - 0x00007ffd0e1d2000 	C:\WINDOWS\System32\IMM32.DLL
0x00007ffcfe330000 - 0x00007ffcfe33c000 	C:\Program Files\Java\jdk-17\bin\vcruntime140_1.dll
0x00007ffcc3d10000 - 0x00007ffcc3d9e000 	C:\Program Files\Java\jdk-17\bin\msvcp140.dll
0x00007ffc90000000 - 0x00007ffc90be1000 	C:\Program Files\Java\jdk-17\bin\server\jvm.dll
0x00007ffd0ff50000 - 0x00007ffd0ff58000 	C:\WINDOWS\System32\PSAPI.DLL
0x00007ffc7d9c0000 - 0x00007ffc7d9ca000 	C:\WINDOWS\SYSTEM32\WSOCK32.dll
0x00007ffd0e390000 - 0x00007ffd0e410000 	C:\WINDOWS\System32\WS2_32.dll
0x00007ffd055d0000 - 0x00007ffd05606000 	C:\WINDOWS\SYSTEM32\WINMM.dll
0x00007ffd0b680000 - 0x00007ffd0b69b000 	C:\WINDOWS\SYSTEM32\kernel.appcore.dll
0x00007ffcc4240000 - 0x00007ffcc424a000 	C:\Program Files\Java\jdk-17\bin\jimage.dll
0x00007ffd0a650000 - 0x00007ffd0a892000 	C:\WINDOWS\SYSTEM32\DBGHELP.DLL
0x00007ffd0e9a0000 - 0x00007ffd0ed22000 	C:\WINDOWS\System32\combase.dll
0x00007ffd0e6a0000 - 0x00007ffd0e778000 	C:\WINDOWS\System32\OLEAUT32.dll
0x00007ffcef440000 - 0x00007ffcef47b000 	C:\WINDOWS\SYSTEM32\dbgcore.DLL
0x00007ffd0ca70000 - 0x00007ffd0cb15000 	C:\WINDOWS\System32\bcryptPrimitives.dll
0x00007ffcc3d00000 - 0x00007ffcc3d0e000 	C:\Program Files\Java\jdk-17\bin\instrument.dll
0x00007ffcc3cd0000 - 0x00007ffcc3cf5000 	C:\Program Files\Java\jdk-17\bin\java.dll
0x00007ffcc3bf0000 - 0x00007ffcc3cc7000 	C:\Program Files\Java\jdk-17\bin\jsvml.dll
0x00007ffd0eec0000 - 0x00007ffd0f627000 	C:\WINDOWS\System32\SHELL32.dll
0x00007ffd0d630000 - 0x00007ffd0d79a000 	C:\WINDOWS\System32\wintypes.dll
0x00007ffd0cd30000 - 0x00007ffd0d598000 	C:\WINDOWS\System32\windows.storage.dll
0x00007ffd0fdd0000 - 0x00007ffd0fec8000 	C:\WINDOWS\System32\SHCORE.dll
0x00007ffd0e930000 - 0x00007ffd0e996000 	C:\WINDOWS\System32\shlwapi.dll
0x00007ffd0c810000 - 0x00007ffd0c839000 	C:\WINDOWS\SYSTEM32\profapi.dll
0x00007ffcc3bd0000 - 0x00007ffcc3be8000 	C:\Program Files\Java\jdk-17\bin\zip.dll
0x00007ffcc3bb0000 - 0x00007ffcc3bc9000 	C:\Program Files\Java\jdk-17\bin\net.dll
0x00007ffcfe910000 - 0x00007ffcfea3d000 	C:\WINDOWS\SYSTEM32\WINHTTP.dll
0x00007ffd0bbf0000 - 0x00007ffd0bc5c000 	C:\WINDOWS\system32\mswsock.dll
0x00007ffcc3b90000 - 0x00007ffcc3ba6000 	C:\Program Files\Java\jdk-17\bin\nio.dll
0x00007ffcc3b80000 - 0x00007ffcc3b90000 	C:\Program Files\Java\jdk-17\bin\verify.dll
0x00007ffcacb60000 - 0x00007ffcacb87000 	C:\Users\Abina\.gradle\native\c067742578af261105cb4f569cf0c3c89f3d7b1fecec35dd04571415982c5e48\windows-amd64\native-platform.dll
0x00007ffcc3a30000 - 0x00007ffcc3b74000 	C:\Users\Abina\.gradle\native\100fb08df4bc3b14c8652ba06237920a3bd2aa13389f12d3474272988ae205f9\windows-amd64\native-platform-file-events.dll
0x00007ffcc3a20000 - 0x00007ffcc3a2a000 	C:\Program Files\Java\jdk-17\bin\management.dll
0x00007ffcc3a10000 - 0x00007ffcc3a1b000 	C:\Program Files\Java\jdk-17\bin\management_ext.dll
0x00007ffd0bed0000 - 0x00007ffd0beeb000 	C:\WINDOWS\SYSTEM32\CRYPTSP.dll
0x00007ffd0b5e0000 - 0x00007ffd0b619000 	C:\WINDOWS\system32\rsaenh.dll
0x00007ffd0bca0000 - 0x00007ffd0bcd3000 	C:\WINDOWS\SYSTEM32\USERENV.dll
0x00007ffd0c7e0000 - 0x00007ffd0c80a000 	C:\WINDOWS\SYSTEM32\bcrypt.dll
0x00007ffd0bef0000 - 0x00007ffd0befc000 	C:\WINDOWS\SYSTEM32\CRYPTBASE.dll
0x00007ffd0b0b0000 - 0x00007ffd0b0e2000 	C:\WINDOWS\SYSTEM32\IPHLPAPI.DLL
0x00007ffd0f930000 - 0x00007ffd0f93a000 	C:\WINDOWS\System32\NSI.dll
0x00007ffd07100000 - 0x00007ffd0711d000 	C:\WINDOWS\SYSTEM32\dhcpcsvc6.DLL
0x00007ffd070d0000 - 0x00007ffd070f5000 	C:\WINDOWS\SYSTEM32\dhcpcsvc.DLL
0x00007ffd0b150000 - 0x00007ffd0b282000 	C:\WINDOWS\SYSTEM32\DNSAPI.dll
0x00007ffcd2350000 - 0x00007ffcd235e000 	C:\Program Files\Java\jdk-17\bin\sunmscapi.dll
0x00007ffd0c8f0000 - 0x00007ffd0ca67000 	C:\WINDOWS\System32\CRYPT32.dll
0x00007ffd0c0f0000 - 0x00007ffd0c120000 	C:\WINDOWS\SYSTEM32\ncrypt.dll
0x00007ffd0c0a0000 - 0x00007ffd0c0df000 	C:\WINDOWS\SYSTEM32\NTASN1.dll
0x00007ffccdf80000 - 0x00007ffccdf88000 	C:\WINDOWS\system32\wshunix.dll
0x00007ffd05380000 - 0x00007ffd0538b000 	C:\Windows\System32\rasadhlp.dll
0x00007ffd07580000 - 0x00007ffd07606000 	C:\WINDOWS\System32\fwpuclnt.dll

dbghelp: loaded successfully - version: 4.0.5 - missing functions: none
symbol engine: initialized successfully - sym options: 0x614 - pdb path: .;C:\Program Files\Java\jdk-17\bin;C:\WINDOWS\SYSTEM32;C:\WINDOWS\WinSxS\amd64_microsoft.windows.common-controls_6595b64144ccf1df_6.0.26100.8115_none_3e075c82e3354f9c;C:\Program Files\Java\jdk-17\bin\server;C:\Users\Abina\.gradle\native\c067742578af261105cb4f569cf0c3c89f3d7b1fecec35dd04571415982c5e48\windows-amd64;C:\Users\Abina\.gradle\native\100fb08df4bc3b14c8652ba06237920a3bd2aa13389f12d3474272988ae205f9\windows-amd64

VM Arguments:
jvm_args: --add-opens=java.base/java.util=ALL-UNNAMED --add-opens=java.base/java.lang=ALL-UNNAMED --add-opens=java.base/java.lang.invoke=ALL-UNNAMED --add-opens=java.prefs/java.util.prefs=ALL-UNNAMED --add-exports=jdk.compiler/com.sun.tools.javac.api=ALL-UNNAMED --add-exports=jdk.compiler/com.sun.tools.javac.util=ALL-UNNAMED --add-opens=java.base/java.nio.charset=ALL-UNNAMED --add-opens=java.base/java.net=ALL-UNNAMED --add-opens=java.base/java.util.concurrent.atomic=ALL-UNNAMED -XX:MaxMetaspaceSize=384m -XX:+HeapDumpOnOutOfMemoryError -Xms256m -Xmx512m -Dfile.encoding=utf8 -Duser.country=IN -Duser.language=en -Duser.variant -javaagent:C:\Users\Abina\.gradle\wrapper\dists\gradle-8.9-bin\90cnw93cvbtalezasaz0blq0a\gradle-8.9\lib\agents\gradle-instrumentation-agent-8.9.jar 
java_command: org.gradle.launcher.daemon.bootstrap.GradleDaemon 8.9
java_class_path (initial): C:\Users\Abina\.gradle\wrapper\dists\gradle-8.9-bin\90cnw93cvbtalezasaz0blq0a\gradle-8.9\lib\gradle-daemon-main-8.9.jar
Launcher Type: SUN_STANDARD

[Global flags]
     intx CICompilerCount                          = 4                                         {product} {ergonomic}
   size_t CompressedClassSpaceSize                 = 335544320                                 {product} {ergonomic}
     uint ConcGCThreads                            = 2                                         {product} {ergonomic}
     uint G1ConcRefinementThreads                  = 8                                         {product} {ergonomic}
   size_t G1HeapRegionSize                         = 1048576                                   {product} {ergonomic}
    uintx GCDrainStackTargetSize                   = 64                                        {product} {ergonomic}
     bool HeapDumpOnOutOfMemoryError               = true                                   {manageable} {command line}
   size_t InitialHeapSize                          = 268435456                                 {product} {command line}
   size_t MarkStackSize                            = 4194304                                   {product} {ergonomic}
   size_t MaxHeapSize                              = 536870912                                 {product} {command line}
   size_t MaxMetaspaceSize                         = 402653184                                 {product} {command line}
   size_t MaxNewSize                               = 321912832                                 {product} {ergonomic}
   size_t MinHeapDeltaBytes                        = 1048576                                   {product} {ergonomic}
   size_t MinHeapSize                              = 268435456                                 {product} {command line}
    uintx NonNMethodCodeHeapSize                   = 5839372                                {pd product} {ergonomic}
    uintx NonProfiledCodeHeapSize                  = 122909434                              {pd product} {ergonomic}
    uintx ProfiledCodeHeapSize                     = 122909434                              {pd product} {ergonomic}
    uintx ReservedCodeCacheSize                    = 251658240                              {pd product} {ergonomic}
     bool SegmentedCodeCache                       = true                                      {product} {ergonomic}
   size_t SoftMaxHeapSize                          = 536870912                              {manageable} {ergonomic}
     bool UseCompressedClassPointers               = true                           {product lp64_product} {ergonomic}
     bool UseCompressedOops                        = true                           {product lp64_product} {ergonomic}
     bool UseG1GC                                  = true                                      {product} {ergonomic}
     bool UseLargePagesIndividualAllocation        = false                                  {pd product} {ergonomic}

Logging:
Log output configuration:
 #0: stdout all=warning uptime,level,tags
 #1: stderr all=off uptime,level,tags

Environment Variables:
PATH=C:\Users\Abina\AppData\Local\Programs\Microsoft VS Code;E:\Python\Python314\Scripts\;E:\Python\Python314\;C:\Python313\Scripts\;C:\Python313\;C:\Program Files\Common Files\Oracle\Java\javapath;C:\WINDOWS\system32;C:\WINDOWS;C:\WINDOWS\System32\Wbem;C:\WINDOWS\System32\WindowsPowerShell\v1.0\;C:\WINDOWS\System32\OpenSSH\;C:\Program Files\dotnet\;C:\ProgramData\ComposerSetup\bin;C:\Windows\System32;C:\Program Files\Java\jdk-17\bin;C:\Users\Abina\flutter\bin;C:\Program Files\PuTTY\;D:\ngrok-v3-stable-windows-amd64;c:\xampp\mysql\bin\;E:\Program Files\Git\cmd;C:\ProgramData\chocolatey\bin;C:\Users\Abina\AppData\Roaming\Python\Python313\Scripts;E:\Python\Scripts;E:\Python;E:\ffmpeg\bin;E:\php;D:\Program Files\nodejs;D:\Program Files\nodejs\;C:\Program Files\Tailscale\;E:\Python\Scripts\;E:\Python\;E:\Python\Python314\Scripts\;E:\Python\Python314\;C:\Users\Abina\AppData\Local\pnpm;C:\Users\Abina\AppData\Local\Microsoft\WindowsApps;C:\Users\Abina\AppData\Local\Programs\Microsoft VS Code\bin;C:\Users\Abina\AppData\Roaming\Composer\vendor\bin;C:\Windows\System32;C:\Program Files\Java\jdk-17\bin;C:\Users\Abina\flutter\bin;E:\JetBrains\PyCharm 2025.2.5\bin;E:\PyCharm Community Edition 2023.3.3\bin;;D:\ngrok-v3-stable-windows-amd64;c:\xampp\mysql\bin\;E:\php;D:\Program Files\nodejs;C:\Users\Abina\AppData\Roaming\npm;D:\cursor\resources\app\bin
USERNAME=Abina
OS=Windows_NT
PROCESSOR_IDENTIFIER=Intel64 Family 6 Model 140 Stepping 1, GenuineIntel



---------------  S Y S T E M  ---------------

OS:
 Windows 11 , 64 bit Build 26100 (10.0.26100.8246)
OS uptime: 0 days 16:07 hours
Hyper-V role detected

CPU: total 8 (initial active 8) (4 cores per cpu, 2 threads per core) family 6 model 140 stepping 1 microcode 0xbe, cx8, cmov, fxsr, ht, mmx, 3dnowpref, sse, sse2, sse3, ssse3, sse4.1, sse4.2, popcnt, lzcnt, tsc, tscinvbit, avx, avx2, aes, erms, clmul, bmi1, bmi2, adx, avx512f, avx512dq, avx512cd, avx512bw, avx512vl, sha, fma, vzeroupper, avx512_vpopcntdq, avx512_vpclmulqdq, avx512_vaes, avx512_vnni, clflush, clflushopt, clwb, avx512_vbmi2, avx512_vbmi, hv

Memory: 4k page, system-wide physical 7926M (642M free)
TotalPageFile size 14775M (AvailPageFile size 21M)
current process WorkingSet (physical memory assigned to process): 671M, peak: 693M
current process commit charge ("private bytes"): 740M, peak: 831M

vm_info: Java HotSpot(TM) 64-Bit Server VM (17.0.9+11-LTS-201) for windows-amd64 JRE (17.0.9+11-LTS-201), built on Oct 10 2023 23:16:06 by "mach5one" with MS VC++ 17.1 (VS2022)

END.
