#
# There is insufficient memory for the Java Runtime Environment to continue.
# Native memory allocation (mmap) failed to map 65536 bytes. Error detail: Failed to commit metaspace.
# Possible reasons:
#   The system is out of physical RAM or swap space
#   This process is running with CompressedOops enabled, and the Java Heap may be blocking the growth of the native heap
# Possible solutions:
#   Reduce memory load on the system
#   Increase physical memory or swap space
#   Check if swap backing store is full
#   Decrease Java heap size (-Xmx/-Xms)
#   Decrease number of Java threads
#   Decrease Java thread stack sizes (-Xss)
#   Set larger code cache with -XX:ReservedCodeCacheSize=
#   JVM is running with Unscaled Compressed Oops mode in which the Java heap is
#     placed in the first 4GB address space. The Java Heap base address is the
#     maximum limit for the native heap growth. Please use -XX:HeapBaseMinAddress
#     to set the Java Heap base and to place the Java Heap above 4GB virtual address.
# This output file may be truncated or incomplete.
#
#  Out of Memory Error (virtualSpaceNode.cpp:113), pid=2944, tid=5088
#
# JRE version: OpenJDK Runtime Environment Temurin-21.0.10+7 (21.0.10+7) (build 21.0.10+7-LTS)
# Java VM: OpenJDK 64-Bit Server VM Temurin-21.0.10+7 (21.0.10+7-LTS, mixed mode, sharing, tiered, compressed oops, compressed class ptrs, parallel gc, windows-amd64)
# No core dump will be written. Minidumps are not enabled by default on client versions of Windows
#

---------------  S U M M A R Y ------------

Command Line: --add-modules=ALL-SYSTEM --add-opens=java.base/java.util=ALL-UNNAMED --add-opens=java.base/java.lang=ALL-UNNAMED --add-opens=java.base/sun.nio.fs=ALL-UNNAMED -Declipse.application=org.eclipse.jdt.ls.core.id1 -Dosgi.bundles.defaultStartLevel=4 -Declipse.product=org.eclipse.jdt.ls.core.product -Djava.import.generatesMetadataFilesAtProjectRoot=false -DDetectVMInstallationsJob.disabled=true -Dfile.encoding=utf8 -XX:+UseParallelGC -XX:GCTimeRatio=4 -XX:AdaptiveSizePolicyWeight=90 -Dsun.zip.disableMemoryMapping=true -Xmx2G -Xms100m -Xlog:disable -javaagent:c:\Users\Abina\.vscode\extensions\redhat.java-1.54.0-win32-x64\lombok\lombok-1.18.39-4050.jar c:\Users\Abina\.vscode\extensions\redhat.java-1.54.0-win32-x64\server\plugins\org.eclipse.equinox.launcher_1.7.100.v20251111-0406.jar -configuration c:\Users\Abina\AppData\Roaming\Code\User\globalStorage\redhat.java\1.54.0\config_ss_win -data c:\Users\Abina\AppData\Roaming\Code\User\workspaceStorage\4b7f7d80164e17c7a29ae92a7ccfe082\redhat.java\ss_ws --pipe=\\.\pipe\lsp-e3f086776e465e43ad1d7777e37ce2ed-sock

Host: 11th Gen Intel(R) Core(TM) i5-1135G7 @ 2.40GHz, 8 cores, 7G,  Windows 11 , 64 bit Build 26100 (10.0.26100.8246)
Time: Wed May 13 01:17:41 2026 India Standard Time elapsed time: 1.960391 seconds (0d 0h 0m 1s)

---------------  T H R E A D  ---------------

Current thread (0x000002033083c900):  JavaThread "main"             [_thread_in_vm, id=5088, stack(0x000000ef4ec00000,0x000000ef4ed00000) (1024K)]

Stack: [0x000000ef4ec00000,0x000000ef4ed00000]
Native frames: (J=compiled Java code, j=interpreted, Vv=VM code, C=native code)
V  [jvm.dll+0x6d7a39]
V  [jvm.dll+0x8b4b26]
V  [jvm.dll+0x8b70de]
V  [jvm.dll+0x8b77c3]
V  [jvm.dll+0x284346]
V  [jvm.dll+0x8b086e]
V  [jvm.dll+0x679444]
V  [jvm.dll+0x6794aa]
V  [jvm.dll+0x67bca6]
V  [jvm.dll+0x67bb72]
V  [jvm.dll+0x679e1e]
V  [jvm.dll+0x26e1f0]
V  [jvm.dll+0x684085]
V  [jvm.dll+0x28c59d]
V  [jvm.dll+0x28daf9]
V  [jvm.dll+0x211fac]
V  [jvm.dll+0x21172d]
V  [jvm.dll+0x5b6479]
V  [jvm.dll+0x22168e]
V  [jvm.dll+0x82e12d]
V  [jvm.dll+0x82f15b]
V  [jvm.dll+0x82f724]
V  [jvm.dll+0x47fc3b]
C  [java.dll+0x1a2d]

Java frames: (J=compiled Java code, j=interpreted, Vv=VM code)
J 938  java.lang.ClassLoader.findBootstrapClass(Ljava/lang/String;)Ljava/lang/Class; java.base@21.0.10 (0 bytes) @ 0x000002033b57292a [0x000002033b5728c0+0x000000000000006a]
J 1128 c1 jdk.internal.loader.ClassLoaders$BootClassLoader.loadClassOrNull(Ljava/lang/String;Z)Ljava/lang/Class; java.base@21.0.10 (10 bytes) @ 0x0000020333bff5dc [0x0000020333bff460+0x000000000000017c]
J 1101 c1 jdk.internal.loader.BuiltinClassLoader.loadClassOrNull(Ljava/lang/String;Z)Ljava/lang/Class; java.base@21.0.10 (143 bytes) @ 0x0000020333bf2da4 [0x0000020333bf2760+0x0000000000000644]
J 1105 c1 jdk.internal.loader.BuiltinClassLoader.loadClass(Ljava/lang/String;Z)Ljava/lang/Class; java.base@21.0.10 (22 bytes) @ 0x0000020333bf50f4 [0x0000020333bf4fe0+0x0000000000000114]
J 1189 c1 java.lang.ClassLoader.loadClass(Ljava/lang/String;Z)Ljava/lang/Class; java.base@21.0.10 (121 bytes) @ 0x0000020333c2016c [0x0000020333c1fde0+0x000000000000038c]
J 1031 c1 java.lang.ClassLoader.loadClass(Ljava/lang/String;)Ljava/lang/Class; java.base@21.0.10 (7 bytes) @ 0x0000020333bd96d4 [0x0000020333bd95c0+0x0000000000000114]
v  ~StubRoutines::call_stub 0x000002033af710e7
j  org.eclipse.osgi.storage.Storage.<init>(Lorg/eclipse/osgi/internal/framework/EquinoxContainer;[Ljava/lang/String;)V+658
j  org.eclipse.osgi.storage.Storage.createStorage(Lorg/eclipse/osgi/internal/framework/EquinoxContainer;)Lorg/eclipse/osgi/storage/Storage;+11
j  org.eclipse.osgi.internal.framework.EquinoxContainer.<init>(Ljava/util/Map;Lorg/osgi/framework/connect/ModuleConnector;)V+146
j  org.eclipse.osgi.launch.Equinox.<init>(Ljava/util/Map;Lorg/osgi/framework/connect/ModuleConnector;)V+10
j  org.eclipse.osgi.launch.Equinox.<init>(Ljava/util/Map;)V+3
j  org.eclipse.core.runtime.adaptor.EclipseStarter.startup([Ljava/lang/String;Ljava/lang/Runnable;)Lorg/osgi/framework/BundleContext;+28
j  org.eclipse.core.runtime.adaptor.EclipseStarter.run([Ljava/lang/String;Ljava/lang/Runnable;)Ljava/lang/Object;+21
j  java.lang.invoke.DirectMethodHandle$Holder.invokeStatic(Ljava/lang/Object;Ljava/lang/Object;Ljava/lang/Object;)Ljava/lang/Object;+11 java.base@21.0.10
j  java.lang.invoke.LambdaForm$MH+0x000002034908a800.invoke(Ljava/lang/Object;Ljava/lang/Object;Ljava/lang/Object;Ljava/lang/Object;)Ljava/lang/Object;+54 java.base@21.0.10
j  java.lang.invoke.LambdaForm$MH+0x0000020349002c00.invokeExact_MT(Ljava/lang/Object;Ljava/lang/Object;Ljava/lang/Object;Ljava/lang/Object;Ljava/lang/Object;)Ljava/lang/Object;+22 java.base@21.0.10
j  jdk.internal.reflect.DirectMethodHandleAccessor.invokeImpl(Ljava/lang/Object;[Ljava/lang/Object;)Ljava/lang/Object;+72 java.base@21.0.10
j  jdk.internal.reflect.DirectMethodHandleAccessor.invoke(Ljava/lang/Object;[Ljava/lang/Object;)Ljava/lang/Object;+23 java.base@21.0.10
j  java.lang.reflect.Method.invoke(Ljava/lang/Object;[Ljava/lang/Object;)Ljava/lang/Object;+102 java.base@21.0.10
j  org.eclipse.equinox.launcher.Main.invokeFramework([Ljava/lang/String;[Ljava/net/URL;)V+155
j  org.eclipse.equinox.launcher.Main.basicRun([Ljava/lang/String;)V+191
j  org.eclipse.equinox.launcher.Main.run([Ljava/lang/String;)I+4
j  org.eclipse.equinox.launcher.Main.main([Ljava/lang/String;)V+10
v  ~StubRoutines::call_stub 0x000002033af710e7

Compiled method (n/a) 1995  938     n 0       java.lang.ClassLoader::findBootstrapClass (native)
 total in heap  [0x000002033b572710,0x000002033b572b30] = 1056
 relocation     [0x000002033b572870,0x000002033b5728a8] = 56
 main code      [0x000002033b5728c0,0x000002033b572b2b] = 619
 stub code      [0x000002033b572b2b,0x000002033b572b30] = 5

[Constant Pool (empty)]

[MachCode]
[Entry Point]
  # {method} {0x0000020348434dd8} 'findBootstrapClass' '(Ljava/lang/String;)Ljava/lang/Class;' in 'java/lang/ClassLoader'
  # parm0:    rdx:rdx   = 'java/lang/String'
  #           [sp+0x70]  (sp of caller)
  0x000002033b5728c0: 448b 5208 | 49bb 0000 | 0048 0302 | 0000 4d03 | d349 3bc2 | 0f84 0600 

  0x000002033b5728d8: ;   {runtime_call ic_miss_stub}
  0x000002033b5728d8: 0000 e9a1 | bda4 ff90 
[Verified Entry Point]
  0x000002033b5728e0: 8984 2400 | 80ff ff55 | 488b ec48 | 83ec 6090 | 4181 7f20 | 0100 0000 

  0x000002033b5728f8: ;   {runtime_call StubRoutines (final stubs)}
  0x000002033b5728f8: 7405 e801 | afa3 ff48 | 8954 2420 | 4883 fa00 | 4c8d 4424 | 204c 0f44 

  0x000002033b572910: ;   {oop(a 'java/lang/Class'{0x00000000d6ecbd98} = 'java/lang/ClassLoader')}
  0x000002033b572910: 4424 2049 | be98 bdec | d600 0000 | 004c 8974 | 2450 4c8d | 7424 5049 | 8bd6 c5f8 

  0x000002033b57292c: ;   {internal_word}
  0x000002033b57292c: 7749 ba2a | 2957 3b03 | 0200 004d | 8997 a803 | 0000 4989 | a7a0 0300 

  0x000002033b572944: ;   {external_word}
  0x000002033b572944: 0049 bac6 | 5cbc d2fb | 7f00 0041 | 803a 000f | 844a 0000 | 0052 4150 

  0x000002033b57295c: ;   {metadata({method} {0x0000020348434dd8} 'findBootstrapClass' '(Ljava/lang/String;)Ljava/lang/Class;' in 'java/lang/ClassLoader')}
  0x000002033b57295c: 48ba d04d | 4348 0302 | 0000 498b | cf48 83ec | 2040 f6c4 | 0f0f 8419 | 0000 0048 

  0x000002033b572978: ;   {runtime_call}
  0x000002033b572978: 83ec 0848 | b850 e165 | d2fb 7f00 | 00ff d048 | 83c4 08e9 | 0c00 0000 

  0x000002033b572990: ;   {runtime_call}
  0x000002033b572990: 48b8 50e1 | 65d2 fb7f | 0000 ffd0 | 4883 c420 | 4158 5a49 | 8d8f c003 | 0000 41c7 | 874c 0400 
  0x000002033b5729b0: 0004 0000 

  0x000002033b5729b4: ;   {runtime_call}
  0x000002033b5729b4: 0048 b8c0 | 19f9 00fc | 7f00 00ff | d0c5 f877 | 41c7 874c | 0400 0005 | 0000 00f0 | 8344 24c0 
  0x000002033b5729d4: 0049 3baf | 5004 0000 | 0f87 0e00 | 0000 4183 | bf48 0400 | 0000 0f84 | 2b00 0000 | c5f8 7748 
  0x000002033b5729f4: 8945 f849 | 8bcf 4c8b | e448 83ec | 2048 83e4 

  0x000002033b572a04: ;   {runtime_call}
  0x000002033b572a04: f048 b8d0 | 5231 d2fb | 7f00 00ff | d049 8be4 | 4d33 e448 | 8b45 f841 | c787 4c04 | 0000 0800 
  0x000002033b572a24: 0000 4183 | bfc8 0400 | 0002 0f84 | ca00 0000 

  0x000002033b572a34: ;   {external_word}
  0x000002033b572a34: 49ba c65c | bcd2 fb7f | 0000 4180 | 3a00 0f84 | 4c00 0000 | 4889 45f8 

  0x000002033b572a4c: ;   {metadata({method} {0x0000020348434dd8} 'findBootstrapClass' '(Ljava/lang/String;)Ljava/lang/Class;' in 'java/lang/ClassLoader')}
  0x000002033b572a4c: 48ba d04d | 4348 0302 | 0000 498b | cf48 83ec | 2040 f6c4 | 0f0f 8419 | 0000 0048 

  0x000002033b572a68: ;   {runtime_call}
  0x000002033b572a68: 83ec 0848 | b850 e165 | d2fb 7f00 | 00ff d048 | 83c4 08e9 | 0c00 0000 

  0x000002033b572a80: ;   {runtime_call}
  0x000002033b572a80: 48b8 50e1 | 65d2 fb7f | 0000 ffd0 | 4883 c420 | 488b 45f8 | 49c7 87a0 | 0300 0000 | 0000 0049 
  0x000002033b572aa0: c787 a803 | 0000 0000 | 0000 c5f8 | 7748 85c0 | 0f84 2500 | 0000 a803 | 0f85 0800 | 0000 488b 
  0x000002033b572ac0: 00e9 1500 | 0000 a801 | 0f85 0900 | 0000 488b | 40fe e904 | 0000 0048 | 8b40 ff49 | 8b8f 3004 
  0x000002033b572ae0: 0000 c781 | 0001 0000 | 0000 0000 | c949 837f | 0800 0f85 | 0100 0000 

  0x000002033b572af8: ;   {runtime_call StubRoutines (initial stubs)}
  0x000002033b572af8: c3e9 02e4 | 9fff c5f8 | 7748 8945 | f84c 8be4 | 4883 ec20 | 4883 e4f0 

  0x000002033b572b10: ;   {runtime_call}
  0x000002033b572b10: 48b8 a018 | 66d2 fb7f | 0000 ffd0 | 498b e44d | 33e4 488b | 45f8 e909 | ffff fff4 | f4f4 f4f4 
[/MachCode]


Compiled method (c1) 2014 1128       3       jdk.internal.loader.ClassLoaders$BootClassLoader::loadClassOrNull (10 bytes)
 total in heap  [0x0000020333bff290,0x0000020333bff7e8] = 1368
 relocation     [0x0000020333bff3f0,0x0000020333bff458] = 104
 main code      [0x0000020333bff460,0x0000020333bff6a0] = 576
 stub code      [0x0000020333bff6a0,0x0000020333bff6f0] = 80
 metadata       [0x0000020333bff6f0,0x0000020333bff710] = 32
 scopes data    [0x0000020333bff710,0x0000020333bff768] = 88
 scopes pcs     [0x0000020333bff768,0x0000020333bff7d8] = 112
 dependencies   [0x0000020333bff7d8,0x0000020333bff7e8] = 16

[Constant Pool (empty)]

[MachCode]
[Entry Point]
  # {method} {0x0000020348174ed0} 'loadClassOrNull' '(Ljava/lang/String;Z)Ljava/lang/Class;' in 'jdk/internal/loader/ClassLoaders$BootClassLoader'
  # this:     rdx:rdx   = 'jdk/internal/loader/ClassLoaders$BootClassLoader'
  # parm0:    r8:r8     = 'java/lang/String'
  # parm1:    r9        = boolean
  #           [sp+0x60]  (sp of caller)
  0x0000020333bff460: 448b 5208 | 49bb 0000 | 0048 0302 | 0000 4d03 | d34c 3bd0 

  0x0000020333bff474: ;   {runtime_call ic_miss_stub}
  0x0000020333bff474: 0f85 06f2 | 3b07 660f | 1f44 0000 
[Verified Entry Point]
  0x0000020333bff480: 8984 2400 | 80ff ff55 | 4883 ec50 | 4181 7f20 | 0100 0000 

  0x0000020333bff494: ;   {runtime_call StubRoutines (final stubs)}
  0x0000020333bff494: 7405 e865 

  0x0000020333bff498: ;   {metadata(method data for {method} {0x0000020348174ed0} 'loadClassOrNull' '(Ljava/lang/String;Z)Ljava/lang/Class;' in 'jdk/internal/loader/ClassLoaders$BootClassLoader')}
  0x0000020333bff498: e33a 0748 | be30 c630 | 8a03 0200 | 008b becc | 0000 0083 | c702 89be | cc00 0000 | 81e7 fe07 
  0x0000020333bff4b8: 0000 85ff | 0f84 3b01 

  0x0000020333bff4c0: ;   {oop(a 'java/lang/System$2'{0x00000000d6f3e0a0})}
  0x0000020333bff4c0: 0000 48ba | a0e0 f3d6 | 0000 0000 

  0x0000020333bff4cc: ;   {metadata(method data for {method} {0x0000020348174ed0} 'loadClassOrNull' '(Ljava/lang/String;Z)Ljava/lang/Class;' in 'jdk/internal/loader/ClassLoaders$BootClassLoader')}
  0x0000020333bff4cc: 48be 30c6 | 308a 0302 

  0x0000020333bff4d4: ;   {metadata('java/lang/System$2')}
  0x0000020333bff4d4: 0000 49ba | 6082 0148 | 0302 0000 | 4c89 9620 | 0100 0048 | 8386 2801 

  0x0000020333bff4ec: ;   {metadata(method data for {method} {0x0000020348019530} 'findBootstrapClassOrNull' '(Ljava/lang/String;)Ljava/lang/Class;' in 'java/lang/System$2')}
  0x0000020333bff4ec: 0000 0148 | ba98 9630 | 8a03 0200 | 008b b2cc | 0000 0083 | c602 89b2 | cc00 0000 | 81e6 feff 
  0x0000020333bff50c: 1f00 85f6 | 0f84 0801 

  0x0000020333bff514: ;   {metadata(method data for {method} {0x0000020348019530} 'findBootstrapClassOrNull' '(Ljava/lang/String;)Ljava/lang/Class;' in 'java/lang/System$2')}
  0x0000020333bff514: 0000 48ba | 9896 308a | 0302 0000 | 4883 8210 | 0100 0001 

  0x0000020333bff528: ;   {metadata(method data for {method} {0x0000020348435388} 'findBootstrapClassOrNull' '(Ljava/lang/String;)Ljava/lang/Class;' in 'java/lang/ClassLoader')}
  0x0000020333bff528: 48ba 0098 | 308a 0302 | 0000 8bb2 | cc00 0000 | 83c6 0289 | b2cc 0000 | 0081 e6fe | ff1f 0085 
  0x0000020333bff548: f60f 84f0 

  0x0000020333bff54c: ;   {metadata(method data for {method} {0x0000020348435388} 'findBootstrapClassOrNull' '(Ljava/lang/String;)Ljava/lang/Class;' in 'java/lang/ClassLoader')}
  0x0000020333bff54c: 0000 0048 | ba00 9830 | 8a03 0200 | 0048 8382 | 1001 0000 | 0149 8bd0 | 4c89 4424 | 3866 0f1f 
  0x0000020333bff56c: ;   {static_call}
  0x0000020333bff56c: 4400 00e8 

  0x0000020333bff570: ; ImmutableOopMap {[56]=Oop }
                      ;*invokestatic checkName {reexecute=0 rethrow=0 return_oop=0}
                      ; - java.lang.ClassLoader::findBootstrapClassOrNull@1
                      ; - java.lang.System$2::findBootstrapClassOrNull@1
                      ; - jdk.internal.loader.ClassLoaders$BootClassLoader::loadClassOrNull@4
  0x0000020333bff570: 4c3c edff 

  0x0000020333bff574: ;   {other}
  0x0000020333bff574: 0f1f 8400 | e402 0000 

  0x0000020333bff57c: ;   {metadata(method data for {method} {0x0000020348435388} 'findBootstrapClassOrNull' '(Ljava/lang/String;)Ljava/lang/Class;' in 'java/lang/ClassLoader')}
  0x0000020333bff57c: 85c0 48ba | 0098 308a | 0302 0000 | 48c7 c620 | 0100 0075 | 0748 c7c6 | 3001 0000 | 488b 3c32 
  0x0000020333bff59c: 488d 7f01 | 4889 3c32 | 0f85 0f00 

  0x0000020333bff5a8: ;   {oop(nullptr)}
  0x0000020333bff5a8: 0000 48be | 0000 0000 | 0000 0000 | e92e 0000 | 004c 8b44 

  0x0000020333bff5bc: ;   {metadata(method data for {method} {0x0000020348435388} 'findBootstrapClassOrNull' '(Ljava/lang/String;)Ljava/lang/Class;' in 'java/lang/ClassLoader')}
  0x0000020333bff5bc: 2438 48ba | 0098 308a | 0302 0000 | 4883 8240 | 0100 0001 | 498b d00f 

  0x0000020333bff5d4: ;   {static_call}
  0x0000020333bff5d4: 1f40 00e8 

  0x0000020333bff5d8: ; ImmutableOopMap {}
                      ;*invokestatic findBootstrapClass {reexecute=0 rethrow=0 return_oop=0}
                      ; - java.lang.ClassLoader::findBootstrapClassOrNull@10
                      ; - java.lang.System$2::findBootstrapClassOrNull@1
                      ; - jdk.internal.loader.ClassLoaders$BootClassLoader::loadClassOrNull@4
  0x0000020333bff5d8: 0433 9707 

  0x0000020333bff5dc: ;   {other}
  0x0000020333bff5dc: 0f1f 8400 | 4c03 0001 | 488b f048 | 8bc6 4883 

  0x0000020333bff5ec: ;   {poll_return}
  0x0000020333bff5ec: c450 5d49 | 3ba7 5004 | 0000 0f87 | 6400 0000 

  0x0000020333bff5fc: ;   {metadata({method} {0x0000020348174ed0} 'loadClassOrNull' '(Ljava/lang/String;Z)Ljava/lang/Class;' in 'jdk/internal/loader/ClassLoaders$BootClassLoader')}
  0x0000020333bff5fc: c349 bac8 | 4e17 4803 | 0200 004c | 8954 2408 | 48c7 0424 | ffff ffff 

  0x0000020333bff614: ;   {runtime_call counter_overflow Runtime1 stub}
  0x0000020333bff614: e867 5347 

  0x0000020333bff618: ; ImmutableOopMap {rdx=Oop r8=Oop }
                      ;*synchronization entry
                      ; - jdk.internal.loader.ClassLoaders$BootClassLoader::loadClassOrNull@-1
  0x0000020333bff618: 07e9 a4fe 

  0x0000020333bff61c: ;   {metadata({method} {0x0000020348019530} 'findBootstrapClassOrNull' '(Ljava/lang/String;)Ljava/lang/Class;' in 'java/lang/System$2')}
  0x0000020333bff61c: ffff 49ba | 2895 0148 | 0302 0000 | 4c89 5424 | 0848 c704 | 24ff ffff 

  0x0000020333bff634: ;   {runtime_call counter_overflow Runtime1 stub}
  0x0000020333bff634: ffe8 4653 

  0x0000020333bff638: ; ImmutableOopMap {r8=Oop }
                      ;*synchronization entry
                      ; - java.lang.System$2::findBootstrapClassOrNull@-1
                      ; - jdk.internal.loader.ClassLoaders$BootClassLoader::loadClassOrNull@4
  0x0000020333bff638: 4707 e9d7 

  0x0000020333bff63c: ;   {metadata({method} {0x0000020348435388} 'findBootstrapClassOrNull' '(Ljava/lang/String;)Ljava/lang/Class;' in 'java/lang/ClassLoader')}
  0x0000020333bff63c: feff ff49 | ba80 5343 | 4803 0200 | 004c 8954 | 2408 48c7 | 0424 ffff 

  0x0000020333bff654: ;   {runtime_call counter_overflow Runtime1 stub}
  0x0000020333bff654: ffff e825 

  0x0000020333bff658: ; ImmutableOopMap {r8=Oop }
                      ;*synchronization entry
                      ; - java.lang.ClassLoader::findBootstrapClassOrNull@-1
                      ; - java.lang.System$2::findBootstrapClassOrNull@1
                      ; - jdk.internal.loader.ClassLoaders$BootClassLoader::loadClassOrNull@4
  0x0000020333bff658: 5347 07e9 | effe ffff 

  0x0000020333bff660: ;   {internal_word}
  0x0000020333bff660: 49ba eff5 | bf33 0302 | 0000 4d89 | 9768 0400 

  0x0000020333bff670: ;   {runtime_call SafepointBlob}
  0x0000020333bff670: 00e9 0a65 | 3c07 498b | 8700 0500 | 0049 c787 | 0005 0000 | 0000 0000 | 49c7 8708 | 0500 0000 
  0x0000020333bff690: 0000 0048 | 83c4 505d 

  0x0000020333bff698: ;   {runtime_call unwind_exception Runtime1 stub}
  0x0000020333bff698: e963 e146 | 07f4 f4f4 
[Stub Code]
  0x0000020333bff6a0: ;   {no_reloc}
  0x0000020333bff6a0: 48bb 0000 | 0000 0000 

  0x0000020333bff6a8: ;   {runtime_call nmethod}
  0x0000020333bff6a8: 0000 e9fb 

  0x0000020333bff6ac: ;   {static_stub}
  0x0000020333bff6ac: ffff ff48 | bb00 0000 | 0000 0000 

  0x0000020333bff6b8: ;   {runtime_call nmethod}
  0x0000020333bff6b8: 00e9 fbff 

  0x0000020333bff6bc: ;   {runtime_call handle_exception_from_callee Runtime1 stub}
  0x0000020333bff6bc: ffff e83d 

  0x0000020333bff6c0: ;   {external_word}
  0x0000020333bff6c0: 1647 0748 | b940 5392 | d2fb 7f00 | 0048 83e4 

  0x0000020333bff6d0: ;   {runtime_call}
  0x0000020333bff6d0: f048 b8b0 | c354 d2fb | 7f00 00ff 

  0x0000020333bff6dc: ;   {section_word}
  0x0000020333bff6dc: d0f4 49ba | def6 bf33 | 0302 0000 

  0x0000020333bff6e8: ;   {runtime_call DeoptimizationBlob}
  0x0000020333bff6e8: 4152 e931 | 793c 07f4 
[/MachCode]


Compiled method (c1) 2075 1101   !   3       jdk.internal.loader.BuiltinClassLoader::loadClassOrNull (143 bytes)
 total in heap  [0x0000020333bf2490,0x0000020333bf3c88] = 6136
 relocation     [0x0000020333bf25f0,0x0000020333bf2758] = 360
 main code      [0x0000020333bf2760,0x0000020333bf35c0] = 3680
 stub code      [0x0000020333bf35c0,0x0000020333bf3680] = 192
 metadata       [0x0000020333bf3680,0x0000020333bf36e8] = 104
 scopes data    [0x0000020333bf36e8,0x0000020333bf3910] = 552
 scopes pcs     [0x0000020333bf3910,0x0000020333bf3af0] = 480
 dependencies   [0x0000020333bf3af0,0x0000020333bf3b10] = 32
 handler table  [0x0000020333bf3b10,0x0000020333bf3c60] = 336
 nul chk table  [0x0000020333bf3c60,0x0000020333bf3c88] = 40

[Constant Pool (empty)]

[MachCode]
[Entry Point]
  # {method} {0x00000203480670b0} 'loadClassOrNull' '(Ljava/lang/String;Z)Ljava/lang/Class;' in 'jdk/internal/loader/BuiltinClassLoader'
  # this:     rdx:rdx   = 'jdk/internal/loader/BuiltinClassLoader'
  # parm0:    r8:r8     = 'java/lang/String'
  # parm1:    r9        = boolean
  #           [sp+0xd0]  (sp of caller)
  0x0000020333bf2760: 448b 5208 | 49bb 0000 | 0048 0302 | 0000 4d03 | d34c 3bd0 

  0x0000020333bf2774: ;   {runtime_call ic_miss_stub}
  0x0000020333bf2774: 0f85 06bf | 3c07 660f | 1f44 0000 
[Verified Entry Point]
  0x0000020333bf2780: 8984 2400 | 80ff ff55 | 4881 ecc0 | 0000 0090 | 4181 7f20 | 0100 0000 

  0x0000020333bf2798: ;   {runtime_call StubRoutines (final stubs)}
  0x0000020333bf2798: 7405 e861 | b03b 0748 | 8954 2468 

  0x0000020333bf27a4: ;   {metadata(method data for {method} {0x00000203480670b0} 'loadClassOrNull' '(Ljava/lang/String;Z)Ljava/lang/Class;' in 'jdk/internal/loader/BuiltinClassLoader')}
  0x0000020333bf27a4: 48be e0d8 | 2f8a 0302 | 0000 8bbe | cc00 0000 | 83c7 0289 | becc 0000 | 0081 e7fe | 0700 0085 
  0x0000020333bf27c4: ff0f 84d1 | 0b00 0044 | 894c 2478 

  0x0000020333bf27d0: ;   {metadata(method data for {method} {0x00000203480670b0} 'loadClassOrNull' '(Ljava/lang/String;Z)Ljava/lang/Class;' in 'jdk/internal/loader/BuiltinClassLoader')}
  0x0000020333bf27d0: 488b f248 | bfe0 d82f | 8a03 0200 | 008b 7608 | 49ba 0000 | 0048 0302 | 0000 4903 | f248 3bb7 
  0x0000020333bf27f0: 2001 0000 | 750d 4883 | 8728 0100 | 0001 e960 | 0000 0048 | 3bb7 3001 | 0000 750d | 4883 8738 
  0x0000020333bf2810: 0100 0001 | e94a 0000 | 0048 83bf | 2001 0000 | 0075 1748 | 89b7 2001 | 0000 48c7 | 8728 0100 
  0x0000020333bf2830: 0001 0000 | 00e9 2900 | 0000 4883 | bf30 0100 | 0000 7517 | 4889 b730 | 0100 0048 | c787 3801 
  0x0000020333bf2850: 0000 0100 | 0000 e908 | 0000 0048 | 8387 1001 | 0000 0149 | 8bf0 4c8b | c648 8bfa | 488b d748 
  0x0000020333bf2870: 8974 2470 

  0x0000020333bf2874: ;   {optimized virtual_call}
  0x0000020333bf2874: 6666 90e8 

  0x0000020333bf2878: ; ImmutableOopMap {[104]=Oop [112]=Oop }
                      ;*invokevirtual getClassLoadingLock {reexecute=0 rethrow=0 return_oop=0}
                      ; - jdk.internal.loader.BuiltinClassLoader::loadClassOrNull@2
  0x0000020333bf2878: 84fa fdff 

  0x0000020333bf287c: ;   {other}
  0x0000020333bf287c: 0f1f 8400 | ec03 0000 | 4889 8424 | 8000 0000 | 488d 9424 | a000 0000 | 488b f048 | 8972 0848 
  0x0000020333bf289c: 8b06 4883 | c801 4889 | 02f0 480f | b116 0f84 | 1200 0000 | 482b c448 | 2507 f0ff | ff48 8902 
  0x0000020333bf28bc: 0f85 000b | 0000 49ff | 8750 0500 | 0048 8b54 

  0x0000020333bf28cc: ;   {metadata(method data for {method} {0x00000203480670b0} 'loadClassOrNull' '(Ljava/lang/String;Z)Ljava/lang/Class;' in 'jdk/internal/loader/BuiltinClassLoader')}
  0x0000020333bf28cc: 2468 48be | e0d8 2f8a | 0302 0000 | 4883 8648 | 0100 0001 

  0x0000020333bf28e0: ;   {metadata(method data for {method} {0x00000203484353e0} 'findLoadedClass' '(Ljava/lang/String;)Ljava/lang/Class;' in 'java/lang/ClassLoader')}
  0x0000020333bf28e0: 48ba 78dc | 238a 0302 | 0000 8bb2 | cc00 0000 | 83c6 0289 | b2cc 0000 | 0081 e6fe | ff1f 0085 
  0x0000020333bf2900: f60f 84ce 

  0x0000020333bf2904: ;   {metadata(method data for {method} {0x00000203484353e0} 'findLoadedClass' '(Ljava/lang/String;)Ljava/lang/Class;' in 'java/lang/ClassLoader')}
  0x0000020333bf2904: 0a00 0048 | ba78 dc23 | 8a03 0200 | 0048 8382 | 1001 0000 | 0148 8b54 

  0x0000020333bf291c: ;   {static_call}
  0x0000020333bf291c: 2470 90e8 

  0x0000020333bf2920: ; ImmutableOopMap {[104]=Oop [112]=Oop [128]=Oop [168]=Oop }
                      ;*invokestatic checkName {reexecute=0 rethrow=0 return_oop=0}
                      ; - java.lang.ClassLoader::findLoadedClass@1
                      ; - jdk.internal.loader.BuiltinClassLoader::loadClassOrNull@10
  0x0000020333bf2920: 9c08 eeff 

  0x0000020333bf2924: ;   {other}
  0x0000020333bf2924: 0f1f 8400 | 9404 0001 

  0x0000020333bf292c: ;   {metadata(method data for {method} {0x00000203484353e0} 'findLoadedClass' '(Ljava/lang/String;)Ljava/lang/Class;' in 'java/lang/ClassLoader')}
  0x0000020333bf292c: 85c0 49b8 | 78dc 238a | 0302 0000 | 48c7 c220 | 0100 0075 | 0748 c7c2 | 3001 0000 | 498b 3410 
  0x0000020333bf294c: 488d 7601 | 4989 3410 | 0f85 0f00 

  0x0000020333bf2958: ;   {oop(nullptr)}
  0x0000020333bf2958: 0000 48be | 0000 0000 | 0000 0000 | e936 0000 | 0048 8b54 

  0x0000020333bf296c: ;   {metadata(method data for {method} {0x00000203484353e0} 'findLoadedClass' '(Ljava/lang/String;)Ljava/lang/Class;' in 'java/lang/ClassLoader')}
  0x0000020333bf296c: 2468 49b8 | 78dc 238a | 0302 0000 | 4983 8040 | 0100 0001 | 4c8b 4424 | 7048 8b54 | 2468 0f1f 
  0x0000020333bf298c: ;   {optimized virtual_call}
  0x0000020333bf298c: 4400 00e8 

  0x0000020333bf2990: ; ImmutableOopMap {[104]=Oop [112]=Oop [128]=Oop [168]=Oop }
                      ;*invokevirtual findLoadedClass0 {reexecute=0 rethrow=0 return_oop=0}
                      ; - java.lang.ClassLoader::findLoadedClass@11
                      ; - jdk.internal.loader.BuiltinClassLoader::loadClassOrNull@10
  0x0000020333bf2990: 2c15 9407 

  0x0000020333bf2994: ;   {other}
  0x0000020333bf2994: 0f1f 8400 | 0405 0002 | 488b f048 

  0x0000020333bf29a0: ;   {metadata(method data for {method} {0x00000203480670b0} 'loadClassOrNull' '(Ljava/lang/String;Z)Ljava/lang/Class;' in 'jdk/internal/loader/BuiltinClassLoader')}
  0x0000020333bf29a0: 85f6 49b8 | e0d8 2f8a | 0302 0000 | 48c7 c280 | 0100 0075 | 0748 c7c2 | 9001 0000 | 498b 3c10 
  0x0000020333bf29c0: 488d 7f01 | 4989 3c10 | 0f85 b907 | 0000 4889 | b424 8800 | 0000 488b 

  0x0000020333bf29d8: ;   {metadata(method data for {method} {0x00000203480670b0} 'loadClassOrNull' '(Ljava/lang/String;Z)Ljava/lang/Class;' in 'jdk/internal/loader/BuiltinClassLoader')}
  0x0000020333bf29d8: 5424 6849 | b8e0 d82f | 8a03 0200 | 0049 8380 | a001 0000 | 014c 8b44 | 2470 488b 

  0x0000020333bf29f4: ;   {optimized virtual_call}
  0x0000020333bf29f4: 5424 68e8 

  0x0000020333bf29f8: ; ImmutableOopMap {[104]=Oop [112]=Oop [128]=Oop [136]=Oop [168]=Oop }
                      ;*invokevirtual findLoadedModule {reexecute=0 rethrow=0 return_oop=0}
                      ; - jdk.internal.loader.BuiltinClassLoader::loadClassOrNull@22
  0x0000020333bf29f8: e428 0300 

  0x0000020333bf29fc: ;   {other}
  0x0000020333bf29fc: 0f1f 8400 | 6c05 0003 

  0x0000020333bf2a04: ;   {metadata(method data for {method} {0x00000203480670b0} 'loadClassOrNull' '(Ljava/lang/String;Z)Ljava/lang/Class;' in 'jdk/internal/loader/BuiltinClassLoader')}
  0x0000020333bf2a04: 4885 c049 | b8e0 d82f | 8a03 0200 | 0049 c7c1 | d801 0000 | 7407 49c7 | c1e8 0100 | 004b 8b14 
  0x0000020333bf2a24: 0848 8d52 | 014b 8914 | 0848 8b54 | 2468 0f84 | 8d03 0000 

  0x0000020333bf2a38: ; implicit exception: dispatches to 0x0000020333bf33f6
  0x0000020333bf2a38: 483b 004c 

  0x0000020333bf2a3c: ;   {metadata(method data for {method} {0x00000203480670b0} 'loadClassOrNull' '(Ljava/lang/String;Z)Ljava/lang/Class;' in 'jdk/internal/loader/BuiltinClassLoader')}
  0x0000020333bf2a3c: 8bc0 49b9 | e0d8 2f8a | 0302 0000 

  0x0000020333bf2a48: ;   {metadata('jdk/internal/loader/BuiltinClassLoader$LoadedModule')}
  0x0000020333bf2a48: 49ba 20dd | 1648 0302 | 0000 4d89 | 9108 0200 | 0049 8381 | 1002 0000 | 018b 700c 

  0x0000020333bf2a64: ;   {metadata(method data for {method} {0x00000203480670b0} 'loadClassOrNull' '(Ljava/lang/String;Z)Ljava/lang/Class;' in 'jdk/internal/loader/BuiltinClassLoader')}
  0x0000020333bf2a64: 483b f249 | b8e0 d82f | 8a03 0200 | 0049 c7c1 | 3002 0000 | 7507 49c7 | c140 0200 | 004b 8b3c 
  0x0000020333bf2a84: 0848 8d7f | 014b 893c | 080f 851a 

  0x0000020333bf2a90: ;   {metadata(method data for {method} {0x00000203480670b0} 'loadClassOrNull' '(Ljava/lang/String;Z)Ljava/lang/Class;' in 'jdk/internal/loader/BuiltinClassLoader')}
  0x0000020333bf2a90: 0200 0049 | b8e0 d82f | 8a03 0200 | 0049 8380 | 5002 0000 

  0x0000020333bf2aa4: ;   {metadata(method data for {method} {0x000002034844f6a8} 'isModuleSystemInited' '()Z' in 'jdk/internal/misc/VM')}
  0x0000020333bf2aa4: 0149 b8c8 | a625 8a03 | 0200 0045 | 8b88 cc00 | 0000 4183 | c102 4589 | 88cc 0000 | 0041 81e1 
  0x0000020333bf2ac4: feff 1f00 | 4585 c90f | 842a 0900 

  0x0000020333bf2ad0: ;   {oop(a 'java/lang/Class'{0x00000000d6ec57e0} = 'jdk/internal/misc/VM')}
  0x0000020333bf2ad0: 0049 b8e0 | 57ec d600 | 0000 0045 | 8b80 9400 | 0000 4183 

  0x0000020333bf2ae4: ;   {metadata(method data for {method} {0x000002034844f6a8} 'isModuleSystemInited' '()Z' in 'jdk/internal/misc/VM')}
  0x0000020333bf2ae4: f802 49b8 | c8a6 258a | 0302 0000 | 49c7 c110 | 0100 007c | 0749 c7c1 | 2001 0000 | 4b8b 3408 
  0x0000020333bf2b04: 488d 7601 | 4b89 3408 | 0f8c 1c00 

  0x0000020333bf2b10: ;   {metadata(method data for {method} {0x000002034844f6a8} 'isModuleSystemInited' '()Z' in 'jdk/internal/misc/VM')}
  0x0000020333bf2b10: 0000 49b8 | c8a6 258a | 0302 0000 | 41ff 8030 | 0100 0041 | b801 0000 | 00e9 0600 | 0000 41b8 
  0x0000020333bf2b30: 0000 0000 | 4183 e001 

  0x0000020333bf2b38: ;   {metadata(method data for {method} {0x00000203480670b0} 'loadClassOrNull' '(Ljava/lang/String;Z)Ljava/lang/Class;' in 'jdk/internal/loader/BuiltinClassLoader')}
  0x0000020333bf2b38: 4585 c049 | b8e0 d82f | 8a03 0200 | 0049 c7c1 | 7002 0000 | 7507 49c7 | c160 0200 | 004b 8b34 
  0x0000020333bf2b58: 0848 8d76 | 014b 8934 | 080f 850d | 0000 0048 | 8bb4 2488 | 0000 00e9 | 3b02 0000 

  0x0000020333bf2b74: ;   {metadata(method data for {method} {0x00000203480670b0} 'loadClassOrNull' '(Ljava/lang/String;Z)Ljava/lang/Class;' in 'jdk/internal/loader/BuiltinClassLoader')}
  0x0000020333bf2b74: 4c8b c249 | b9e0 d82f | 8a03 0200 | 0049 8381 | 8002 0000 

  0x0000020333bf2b88: ;   {metadata(method data for {method} {0x0000020348067790} 'findClassInModuleOrNull' '(Ljdk/internal/loader/BuiltinClassLoader$LoadedModule;Ljava/lang/String;)Ljava/lang/Class;' in 'jdk/internal/loader/BuiltinClassLoader')}
  0x0000020333bf2b88: 0149 b858 | e02f 8a03 | 0200 0045 | 8b88 cc00 | 0000 4183 | c102 4589 | 88cc 0000 | 0041 81e1 
  0x0000020333bf2ba8: feff 1f00 | 4585 c90f | 8467 0800 

  0x0000020333bf2bb4: ;   {metadata(method data for {method} {0x0000020348067790} 'findClassInModuleOrNull' '(Ljdk/internal/loader/BuiltinClassLoader$LoadedModule;Ljava/lang/String;)Ljava/lang/Class;' in 'jdk/internal/loader/BuiltinClassLoader')}
  0x0000020333bf2bb4: 0049 b858 | e02f 8a03 | 0200 0049 | 8380 1001 

  0x0000020333bf2bc4: ;   {metadata(method data for {method} {0x000002034801b1d0} 'getSecurityManager' '()Ljava/lang/SecurityManager;' in 'java/lang/System')}
  0x0000020333bf2bc4: 0000 0149 | b8a0 4102 | 8a03 0200 | 0045 8b88 | cc00 0000 | 4183 c102 | 4589 88cc | 0000 0041 
  0x0000020333bf2be4: 81e1 feff | 1f00 4585 | c90f 844a 

  0x0000020333bf2bf0: ;   {metadata(method data for {method} {0x000002034801b1d0} 'getSecurityManager' '()Ljava/lang/SecurityManager;' in 'java/lang/System')}
  0x0000020333bf2bf0: 0800 0049 | b8a0 4102 | 8a03 0200 | 0049 8380 | 1001 0000 

  0x0000020333bf2c04: ;   {metadata(method data for {method} {0x000002034801b2e8} 'allowSecurityManager' '()Z' in 'java/lang/System')}
  0x0000020333bf2c04: 0149 b818 | 4302 8a03 | 0200 0045 | 8b88 cc00 | 0000 4183 | c102 4589 | 88cc 0000 | 0041 81e1 
  0x0000020333bf2c24: feff 1f00 | 4585 c90f | 842d 0800 

  0x0000020333bf2c30: ;   {metadata(method data for {method} {0x000002034801b2e8} 'allowSecurityManager' '()Z' in 'java/lang/System')}
  0x0000020333bf2c30: 0049 b818 | 4302 8a03 | 0200 0041 | ff80 1001 

  0x0000020333bf2c40: ;   {metadata(method data for {method} {0x000002034801b1d0} 'getSecurityManager' '()Ljava/lang/SecurityManager;' in 'java/lang/System')}
  0x0000020333bf2c40: 0000 49b8 | a041 028a | 0302 0000 | 41ff 8020 

  0x0000020333bf2c50: ;   {metadata(method data for {method} {0x0000020348067790} 'findClassInModuleOrNull' '(Ljdk/internal/loader/BuiltinClassLoader$LoadedModule;Ljava/lang/String;)Ljava/lang/Class;' in 'jdk/internal/loader/BuiltinClassLoader')}
  0x0000020333bf2c50: 0100 0049 | b858 e02f | 8a03 0200 | 0041 ff80 | 3001 0000 

  0x0000020333bf2c64: ;   {metadata(method data for {method} {0x0000020348067790} 'findClassInModuleOrNull' '(Ljdk/internal/loader/BuiltinClassLoader$LoadedModule;Ljava/lang/String;)Ljava/lang/Class;' in 'jdk/internal/loader/BuiltinClassLoader')}
  0x0000020333bf2c64: 4c8b c249 | b958 e02f | 8a03 0200 | 0049 8381 | 4001 0000 | 014c 8b44 | 2470 4c8b | c848 8bf2 
  0x0000020333bf2c84: ;   {optimized virtual_call}
  0x0000020333bf2c84: 488b d6e8 

  0x0000020333bf2c88: ; ImmutableOopMap {[104]=Oop [128]=Oop [168]=Oop }
                      ;*invokevirtual defineClass {reexecute=0 rethrow=0 return_oop=0}
                      ; - jdk.internal.loader.BuiltinClassLoader::findClassInModuleOrNull@9
                      ; - jdk.internal.loader.BuiltinClassLoader::loadClassOrNull@55
  0x0000020333bf2c88: f4be 3c07 

  0x0000020333bf2c8c: ;   {other}
  0x0000020333bf2c8c: 0f1f 8400 | fc07 0004 

  0x0000020333bf2c94: ;   {metadata(method data for {method} {0x00000203480670b0} 'loadClassOrNull' '(Ljava/lang/String;Z)Ljava/lang/Class;' in 'jdk/internal/loader/BuiltinClassLoader')}
  0x0000020333bf2c94: 49b8 e0d8 | 2f8a 0302 | 0000 41ff | 80b8 0200 | 0048 8bf0 | e902 0100 | 0048 3b06 

  0x0000020333bf2cb0: ;   {metadata(method data for {method} {0x00000203480670b0} 'loadClassOrNull' '(Ljava/lang/String;Z)Ljava/lang/Class;' in 'jdk/internal/loader/BuiltinClassLoader')}
  0x0000020333bf2cb0: 4c8b c649 | b9e0 d82f | 8a03 0200 | 0049 8381 | d002 0000 

  0x0000020333bf2cc4: ;   {metadata(method data for {method} {0x0000020348067840} 'loadClassOrNull' '(Ljava/lang/String;)Ljava/lang/Class;' in 'jdk/internal/loader/BuiltinClassLoader')}
  0x0000020333bf2cc4: 0149 b848 | e82f 8a03 | 0200 0045 | 8b88 cc00 | 0000 4183 | c102 4589 | 88cc 0000 | 0041 81e1 
  0x0000020333bf2ce4: feff 1f00 | 4585 c90f | 8493 0700 | 004c 8bc6 

  0x0000020333bf2cf4: ;   {metadata(method data for {method} {0x0000020348067840} 'loadClassOrNull' '(Ljava/lang/String;)Ljava/lang/Class;' in 'jdk/internal/loader/BuiltinClassLoader')}
  0x0000020333bf2cf4: 49b9 48e8 | 2f8a 0302 | 0000 458b | 4008 49ba | 0000 0048 | 0302 0000 | 4d03 c24d | 3b81 2001 
  0x0000020333bf2d14: 0000 750d | 4983 8128 | 0100 0001 | e960 0000 | 004d 3b81 | 3001 0000 | 750d 4983 | 8138 0100 
  0x0000020333bf2d34: 0001 e94a | 0000 0049 | 83b9 2001 | 0000 0075 | 174d 8981 | 2001 0000 | 49c7 8128 | 0100 0001 
  0x0000020333bf2d54: 0000 00e9 | 2900 0000 | 4983 b930 | 0100 0000 | 7517 4d89 | 8130 0100 | 0049 c781 | 3801 0000 
  0x0000020333bf2d74: 0100 0000 | e908 0000 | 0049 8381 | 1001 0000 | 014c 8b44 | 2470 41b9 | 0000 0000 | 488b d666 
  0x0000020333bf2d94: 9048 b8c0 | 8b6e 8e03 

  0x0000020333bf2d9c: ;   {virtual_call}
  0x0000020333bf2d9c: 0200 00e8 

  0x0000020333bf2da0: ; ImmutableOopMap {[104]=Oop [128]=Oop [168]=Oop }
                      ;*invokevirtual loadClassOrNull {reexecute=0 rethrow=0 return_oop=0}
                      ; - jdk.internal.loader.BuiltinClassLoader::loadClassOrNull@3
                      ; - jdk.internal.loader.BuiltinClassLoader::loadClassOrNull@66
  0x0000020333bf2da0: 7c86 3c07 

  0x0000020333bf2da4: ;   {other}
  0x0000020333bf2da4: 0f1f 8400 | 1409 0005 

  0x0000020333bf2dac: ;   {metadata(method data for {method} {0x00000203480670b0} 'loadClassOrNull' '(Ljava/lang/String;Z)Ljava/lang/Class;' in 'jdk/internal/loader/BuiltinClassLoader')}
  0x0000020333bf2dac: 488b f049 | b8e0 d82f | 8a03 0200 | 0041 ff80 | 0803 0000 | e9c2 0300 | 008b 7254 

  0x0000020333bf2dc8: ;   {metadata(method data for {method} {0x00000203480670b0} 'loadClassOrNull' '(Ljava/lang/String;Z)Ljava/lang/Class;' in 'jdk/internal/loader/BuiltinClassLoader')}
  0x0000020333bf2dc8: 4885 f649 | b8e0 d82f | 8a03 0200 | 0049 c7c1 | 3003 0000 | 7507 49c7 | c120 0300 | 004b 8b3c 
  0x0000020333bf2de8: 0848 8d7f | 014b 893c | 080f 850d | 0000 0048 | 8bb4 2488 | 0000 00e9 | 0301 0000 

  0x0000020333bf2e04: ; implicit exception: dispatches to 0x0000020333bf34a5
  0x0000020333bf2e04: 483b 064c 

  0x0000020333bf2e08: ;   {metadata(method data for {method} {0x00000203480670b0} 'loadClassOrNull' '(Ljava/lang/String;Z)Ljava/lang/Class;' in 'jdk/internal/loader/BuiltinClassLoader')}
  0x0000020333bf2e08: 8bc6 49b9 | e0d8 2f8a | 0302 0000 | 4983 8140 | 0300 0001 

  0x0000020333bf2e1c: ;   {metadata(method data for {method} {0x0000020348067840} 'loadClassOrNull' '(Ljava/lang/String;)Ljava/lang/Class;' in 'jdk/internal/loader/BuiltinClassLoader')}
  0x0000020333bf2e1c: 49b8 48e8 | 2f8a 0302 | 0000 458b | 88cc 0000 | 0041 83c1 | 0245 8988 | cc00 0000 | 4181 e1fe 
  0x0000020333bf2e3c: ff1f 0045 | 85c9 0f84 | 6206 0000 

  0x0000020333bf2e48: ;   {metadata(method data for {method} {0x0000020348067840} 'loadClassOrNull' '(Ljava/lang/String;)Ljava/lang/Class;' in 'jdk/internal/loader/BuiltinClassLoader')}
  0x0000020333bf2e48: 4c8b c649 | b948 e82f | 8a03 0200 | 0045 8b40 | 0849 ba00 | 0000 4803 | 0200 004d | 03c2 4d3b 
  0x0000020333bf2e68: 8120 0100 | 0075 0d49 | 8381 2801 | 0000 01e9 | 6000 0000 | 4d3b 8130 | 0100 0075 | 0d49 8381 
  0x0000020333bf2e88: 3801 0000 | 01e9 4a00 | 0000 4983 | b920 0100 | 0000 7517 | 4d89 8120 | 0100 0049 | c781 2801 
  0x0000020333bf2ea8: 0000 0100 | 0000 e929 | 0000 0049 | 83b9 3001 | 0000 0075 | 174d 8981 | 3001 0000 | 49c7 8138 
  0x0000020333bf2ec8: 0100 0001 | 0000 00e9 | 0800 0000 | 4983 8110 | 0100 0001 | 4c8b 4424 | 7041 b900 | 0000 0048 
  0x0000020333bf2ee8: 8bd6 6666 | 9048 b870 | 906e 8e03 

  0x0000020333bf2ef4: ;   {virtual_call}
  0x0000020333bf2ef4: 0200 00e8 

  0x0000020333bf2ef8: ; ImmutableOopMap {[104]=Oop [112]=Oop [128]=Oop [168]=Oop }
                      ;*invokevirtual loadClassOrNull {reexecute=0 rethrow=0 return_oop=0}
                      ; - jdk.internal.loader.BuiltinClassLoader::loadClassOrNull@3
                      ; - jdk.internal.loader.BuiltinClassLoader::loadClassOrNull@86
  0x0000020333bf2ef8: e484 3c07 

  0x0000020333bf2efc: ;   {other}
  0x0000020333bf2efc: 0f1f 8400 | 6c0a 0006 | 488b f048 

  0x0000020333bf2f08: ;   {metadata(method data for {method} {0x00000203480670b0} 'loadClassOrNull' '(Ljava/lang/String;Z)Ljava/lang/Class;' in 'jdk/internal/loader/BuiltinClassLoader')}
  0x0000020333bf2f08: 85f6 49b8 | e0d8 2f8a | 0302 0000 | 48c7 c278 | 0300 0075 | 0748 c7c2 | 8803 0000 | 498b 3c10 
  0x0000020333bf2f28: 488d 7f01 | 4989 3c10 | 0f85 5102 | 0000 488b | 5424 684c 

  0x0000020333bf2f3c: ;   {metadata(method data for {method} {0x00000203480670b0} 'loadClassOrNull' '(Ljava/lang/String;Z)Ljava/lang/Class;' in 'jdk/internal/loader/BuiltinClassLoader')}
  0x0000020333bf2f3c: 8bc2 48bf | e0d8 2f8a | 0302 0000 | 458b 4008 | 49ba 0000 | 0048 0302 | 0000 4d03 | c24c 3b87 
  0x0000020333bf2f5c: a803 0000 | 750d 4883 | 87b0 0300 | 0001 e960 | 0000 004c | 3b87 b803 | 0000 750d | 4883 87c0 
  0x0000020333bf2f7c: 0300 0001 | e94a 0000 | 0048 83bf | a803 0000 | 0075 174c | 8987 a803 | 0000 48c7 | 87b0 0300 
  0x0000020333bf2f9c: 0001 0000 | 00e9 2900 | 0000 4883 | bfb8 0300 | 0000 7517 | 4c89 87b8 | 0300 0048 | c787 c003 
  0x0000020333bf2fbc: 0000 0100 | 0000 e908 | 0000 0048 | 8387 9803 

  0x0000020333bf2fcc: ;   {metadata(method data for {method} {0x0000020348067058} 'hasClassPath' '()Z' in 'jdk/internal/loader/BuiltinClassLoader')}
  0x0000020333bf2fcc: 0000 0149 | b8d8 e92f | 8a03 0200 | 0041 8bb8 | cc00 0000 | 83c7 0241 | 89b8 cc00 | 0000 81e7 
  0x0000020333bf2fec: feff 1f00 | 85ff 0f84 | d304 0000 | 448b 4258 

  0x0000020333bf2ffc: ;   {metadata(method data for {method} {0x0000020348067058} 'hasClassPath' '()Z' in 'jdk/internal/loader/BuiltinClassLoader')}
  0x0000020333bf2ffc: 4d85 c049 | b8d8 e92f | 8a03 0200 | 0048 c7c7 | 1001 0000 | 7407 48c7 | c720 0100 | 0049 8b1c 
  0x0000020333bf301c: 3848 8d5b | 0149 891c | 380f 841c 

  0x0000020333bf3028: ;   {metadata(method data for {method} {0x0000020348067058} 'hasClassPath' '()Z' in 'jdk/internal/loader/BuiltinClassLoader')}
  0x0000020333bf3028: 0000 0049 | b8d8 e92f | 8a03 0200 | 0041 ff80 | 3001 0000 | 41b8 0100 | 0000 e906 | 0000 0041 
  0x0000020333bf3048: b800 0000 | 0041 83e0 | 0145 85c0 

  0x0000020333bf3054: ;   {metadata(method data for {method} {0x00000203480670b0} 'loadClassOrNull' '(Ljava/lang/String;Z)Ljava/lang/Class;' in 'jdk/internal/loader/BuiltinClassLoader')}
  0x0000020333bf3054: 49b8 e0d8 | 2f8a 0302 | 0000 48c7 | c7d0 0300 | 0074 0748 | c7c7 e003 | 0000 498b | 1c38 488d 
  0x0000020333bf3074: 5b01 4989 | 1c38 0f84 | 0701 0000 

  0x0000020333bf3080: ;   {metadata(method data for {method} {0x00000203480670b0} 'loadClassOrNull' '(Ljava/lang/String;Z)Ljava/lang/Class;' in 'jdk/internal/loader/BuiltinClassLoader')}
  0x0000020333bf3080: 49b8 e0d8 | 2f8a 0302 | 0000 4983 | 80f0 0300 

  0x0000020333bf3090: ;   {metadata(method data for {method} {0x000002034844f6a8} 'isModuleSystemInited' '()Z' in 'jdk/internal/misc/VM')}
  0x0000020333bf3090: 0001 49b8 | c8a6 258a | 0302 0000 | 418b b8cc | 0000 0083 | c702 4189 | b8cc 0000 | 0081 e7fe 
  0x0000020333bf30b0: ff1f 0085 | ff0f 8431 

  0x0000020333bf30b8: ;   {oop(a 'java/lang/Class'{0x00000000d6ec57e0} = 'jdk/internal/misc/VM')}
  0x0000020333bf30b8: 0400 0049 | b8e0 57ec | d600 0000 | 0045 8b80 | 9400 0000 | 4183 f802 

  0x0000020333bf30d0: ;   {metadata(method data for {method} {0x000002034844f6a8} 'isModuleSystemInited' '()Z' in 'jdk/internal/misc/VM')}
  0x0000020333bf30d0: 49b8 c8a6 | 258a 0302 | 0000 48c7 | c710 0100 | 007c 0748 | c7c7 2001 | 0000 498b | 1c38 488d 
  0x0000020333bf30f0: 5b01 4989 | 1c38 0f8c | 1c00 0000 

  0x0000020333bf30fc: ;   {metadata(method data for {method} {0x000002034844f6a8} 'isModuleSystemInited' '()Z' in 'jdk/internal/misc/VM')}
  0x0000020333bf30fc: 49b8 c8a6 | 258a 0302 | 0000 41ff | 8030 0100 | 0041 b801 | 0000 00e9 | 0600 0000 | 41b8 0000 
  0x0000020333bf311c: 0000 4183 | e001 4585 

  0x0000020333bf3124: ;   {metadata(method data for {method} {0x00000203480670b0} 'loadClassOrNull' '(Ljava/lang/String;Z)Ljava/lang/Class;' in 'jdk/internal/loader/BuiltinClassLoader')}
  0x0000020333bf3124: c049 b8e0 | d82f 8a03 | 0200 0048 | c7c7 0004 | 0000 7407 | 48c7 c710 | 0400 0049 | 8b1c 3848 
  0x0000020333bf3144: 8d5b 0149 | 891c 380f | 8436 0000 | 004c 8b44 | 2470 488b 

  0x0000020333bf3158: ;   {metadata(method data for {method} {0x00000203480670b0} 'loadClassOrNull' '(Ljava/lang/String;Z)Ljava/lang/Class;' in 'jdk/internal/loader/BuiltinClassLoader')}
  0x0000020333bf3158: f248 bfe0 | d82f 8a03 | 0200 0048 | 8387 2004 | 0000 0148 | 8bf2 488b | d666 0f1f 

  0x0000020333bf3174: ;   {optimized virtual_call}
  0x0000020333bf3174: 4400 00e8 

  0x0000020333bf3178: ; ImmutableOopMap {[104]=Oop [128]=Oop [168]=Oop }
                      ;*invokevirtual findClassOnClassPathOrNull {reexecute=0 rethrow=0 return_oop=0}
                      ; - jdk.internal.loader.BuiltinClassLoader::loadClassOrNull@111
  0x0000020333bf3178: 04ba 3c07 

  0x0000020333bf317c: ;   {other}
  0x0000020333bf317c: 0f1f 8400 | ec0c 0007 | 488b f044 | 8b4c 2478 

  0x0000020333bf318c: ;   {metadata(method data for {method} {0x00000203480670b0} 'loadClassOrNull' '(Ljava/lang/String;Z)Ljava/lang/Class;' in 'jdk/internal/loader/BuiltinClassLoader')}
  0x0000020333bf318c: 4585 c948 | b8e0 d82f | 8a03 0200 | 0048 c7c2 | 5804 0000 | 7407 48c7 | c268 0400 | 0048 8b3c 
  0x0000020333bf31ac: 1048 8d7f | 0148 893c | 100f 849c | 0000 0048 

  0x0000020333bf31bc: ;   {metadata(method data for {method} {0x00000203480670b0} 'loadClassOrNull' '(Ljava/lang/String;Z)Ljava/lang/Class;' in 'jdk/internal/loader/BuiltinClassLoader')}
  0x0000020333bf31bc: 85f6 48b8 | e0d8 2f8a | 0302 0000 | 48c7 c278 | 0400 0074 | 0748 c7c2 | 8804 0000 | 488b 3c10 
  0x0000020333bf31dc: 488d 7f01 | 4889 3c10 | 0f84 6d00 | 0000 488b 

  0x0000020333bf31ec: ;   {metadata(method data for {method} {0x00000203480670b0} 'loadClassOrNull' '(Ljava/lang/String;Z)Ljava/lang/Class;' in 'jdk/internal/loader/BuiltinClassLoader')}
  0x0000020333bf31ec: 5424 6848 | b8e0 d82f | 8a03 0200 | 0048 8380 | 9804 0000 

  0x0000020333bf3200: ;   {metadata(method data for {method} {0x0000020348435330} 'resolveClass' '(Ljava/lang/Class;)V' in 'java/lang/ClassLoader')}
  0x0000020333bf3200: 0148 b840 | ee2f 8a03 | 0200 008b | 90cc 0000 | 0083 c202 | 8990 cc00 | 0000 81e2 | feff 1f00 
  0x0000020333bf3220: 85d2 0f84 | e502 0000 

  0x0000020333bf3228: ;   {metadata(method data for {method} {0x0000020348435330} 'resolveClass' '(Ljava/lang/Class;)V' in 'java/lang/ClassLoader')}
  0x0000020333bf3228: 4885 f648 | b840 ee2f | 8a03 0200 | 0048 c7c2 | 2001 0000 | 7407 48c7 | c210 0100 | 0048 8b3c 
  0x0000020333bf3248: 1048 8d7f | 0148 893c | 100f 8443 | 0000 0048 | 8d84 24a0 | 0000 0048 | 8b10 4885 | d20f 840f 
  0x0000020333bf3268: 0000 0048 | 8b78 08f0 | 480f b117 | 0f85 b402 | 0000 49ff | 8f50 0500 | 0048 8bc6 | 4881 c4c0 
  0x0000020333bf3288: 0000 005d 

  0x0000020333bf328c: ;   {poll_return}
  0x0000020333bf328c: 493b a750 | 0400 000f | 87ab 0200 | 00c3 4889 | b424 9800 | 0000 660f | 1f44 0000 

  0x0000020333bf32a8: ;   {no_reloc}
  0x0000020333bf32a8: e9bc 0200 | 0000 0000 | 0000 498b | 87b8 0100 | 0048 8d78 | 3049 3bbf | c801 0000 | 0f87 a902 
  0x0000020333bf32c8: 0000 4989 | bfb8 0100 | 0048 c700 | 0100 0000 | 488b ca49 | ba00 0000 | 4803 0200 | 0049 2bca 
  0x0000020333bf32e8: 8948 0848 | 33c9 8948 | 0c48 33c9 | 4889 4810 | 4889 4818 | 4889 4820 | 4889 4828 

  0x0000020333bf3304: ;   {metadata(method data for {method} {0x0000020348435330} 'resolveClass' '(Ljava/lang/Class;)V' in 'java/lang/ClassLoader')}
  0x0000020333bf3304: 488b d048 | be40 ee2f | 8a03 0200 | 0048 8386 | 3001 0000 | 0148 8bd0 | 4889 8424 | 9000 0000 
  0x0000020333bf3324: ;   {optimized virtual_call}
  0x0000020333bf3324: 6666 90e8 

  0x0000020333bf3328: ; ImmutableOopMap {[128]=Oop [144]=Oop [152]=Oop [168]=Oop }
                      ;*invokespecial <init> {reexecute=0 rethrow=0 return_oop=0}
                      ; - java.lang.ClassLoader::resolveClass@8
                      ; - jdk.internal.loader.BuiltinClassLoader::loadClassOrNull@128
  0x0000020333bf3328: 54b8 3c07 

  0x0000020333bf332c: ;   {other}
  0x0000020333bf332c: 0f1f 8400 | 9c0e 0008 | 488b 8424 

  0x0000020333bf3338: ; ImmutableOopMap {rax=Oop [128]=Oop [152]=Oop [168]=Oop }
                      ;*athrow {reexecute=1 rethrow=0 return_oop=0}
                      ; - (reexecute) java.lang.ClassLoader::resolveClass@11
                      ; - jdk.internal.loader.BuiltinClassLoader::loadClassOrNull@128
  0x0000020333bf3338: 9000 0000 

  0x0000020333bf333c: ;   {section_word}
  0x0000020333bf333c: 48ba 3c33 | bf33 0302 

  0x0000020333bf3344: ;   {runtime_call handle_exception_nofpu Runtime1 stub}
  0x0000020333bf3344: 0000 e8b5 | d247 0790 | 498b 8700 | 0500 004d | 33d2 4d89 | 9700 0500 | 004d 33d2 | 4d89 9708 
  0x0000020333bf3364: 0500 0048 | 8bf0 488d | 8424 a000 | 0000 488b | 3848 85ff | 0f84 0f00 | 0000 488b | 5808 f048 
  0x0000020333bf3384: 0fb1 3b0f | 85f3 0100 | 0049 ff8f | 5005 0000 | 488b c6e9 | 1702 0000 

  0x0000020333bf339c: ;   {metadata({method} {0x00000203480670b0} 'loadClassOrNull' '(Ljava/lang/String;Z)Ljava/lang/Class;' in 'jdk/internal/loader/BuiltinClassLoader')}
  0x0000020333bf339c: 49ba a870 | 0648 0302 | 0000 4c89 | 5424 0848 | c704 24ff 

  0x0000020333bf33b0: ;   {runtime_call counter_overflow Runtime1 stub}
  0x0000020333bf33b0: ffff ffe8 

  0x0000020333bf33b4: ; ImmutableOopMap {rdx=Oop r8=Oop [104]=Oop }
                      ;*synchronization entry
                      ; - jdk.internal.loader.BuiltinClassLoader::loadClassOrNull@-1
  0x0000020333bf33b4: c815 4807 | e90e f4ff 

  0x0000020333bf33bc: ;   {runtime_call throw_null_pointer_exception Runtime1 stub}
  0x0000020333bf33bc: ffe8 5eb3 

  0x0000020333bf33c0: ; ImmutableOopMap {rsi=Oop [104]=Oop [112]=Oop [128]=Oop }
                      ;*monitorenter {reexecute=0 rethrow=0 return_oop=0}
                      ; - jdk.internal.loader.BuiltinClassLoader::loadClassOrNull@7
  0x0000020333bf33c0: 4707 4889 | 7424 0848 

  0x0000020333bf33c8: ;   {runtime_call monitorenter_nofpu Runtime1 stub}
  0x0000020333bf33c8: 8914 24e8 

  0x0000020333bf33cc: ; ImmutableOopMap {rsi=Oop [104]=Oop [112]=Oop [128]=Oop [168]=Oop }
                      ;*monitorenter {reexecute=0 rethrow=0 return_oop=0}
                      ; - jdk.internal.loader.BuiltinClassLoader::loadClassOrNull@7
  0x0000020333bf33cc: b0eb 4707 | e9f4 f4ff 

  0x0000020333bf33d4: ;   {metadata({method} {0x00000203484353e0} 'findLoadedClass' '(Ljava/lang/String;)Ljava/lang/Class;' in 'java/lang/ClassLoader')}
  0x0000020333bf33d4: ff49 bad8 | 5343 4803 | 0200 004c | 8954 2408 | 48c7 0424 | ffff ffff 

  0x0000020333bf33ec: ;   {runtime_call counter_overflow Runtime1 stub}
  0x0000020333bf33ec: e88f 1548 

  0x0000020333bf33f0: ; ImmutableOopMap {[104]=Oop [112]=Oop [128]=Oop [168]=Oop }
                      ;*synchronization entry
                      ; - java.lang.ClassLoader::findLoadedClass@-1
                      ; - jdk.internal.loader.BuiltinClassLoader::loadClassOrNull@10
  0x0000020333bf33f0: 07e9 11f5 

  0x0000020333bf33f4: ;   {runtime_call throw_null_pointer_exception Runtime1 stub}
  0x0000020333bf33f4: ffff e825 

  0x0000020333bf33f8: ; ImmutableOopMap {rax=Oop rdx=Oop [104]=Oop [112]=Oop [128]=Oop [136]=Oop [168]=Oop }
                      ;*invokevirtual loader {reexecute=0 rethrow=0 return_oop=0}
                      ; - jdk.internal.loader.BuiltinClassLoader::loadClassOrNull@34
                      ;   {metadata({method} {0x000002034844f6a8} 'isModuleSystemInited' '()Z' in 'jdk/internal/misc/VM')}
  0x0000020333bf33f8: b347 0749 | baa0 f644 | 4803 0200 | 004c 8954 | 2408 48c7 | 0424 ffff 

  0x0000020333bf3410: ;   {runtime_call counter_overflow Runtime1 stub}
  0x0000020333bf3410: ffff e869 

  0x0000020333bf3414: ; ImmutableOopMap {rax=Oop rdx=Oop [104]=Oop [112]=Oop [128]=Oop [136]=Oop [168]=Oop }
                      ;*synchronization entry
                      ; - jdk.internal.misc.VM::isModuleSystemInited@-1
                      ; - jdk.internal.loader.BuiltinClassLoader::loadClassOrNull@45
  0x0000020333bf3414: 1548 07e9 | b5f6 ffff 

  0x0000020333bf341c: ;   {metadata({method} {0x0000020348067790} 'findClassInModuleOrNull' '(Ljdk/internal/loader/BuiltinClassLoader$LoadedModule;Ljava/lang/String;)Ljava/lang/Class;' in 'jdk/internal/loader/BuiltinClassLoader')}
  0x0000020333bf341c: 49ba 8877 | 0648 0302 | 0000 4c89 | 5424 0848 | c704 24ff 

  0x0000020333bf3430: ;   {runtime_call counter_overflow Runtime1 stub}
  0x0000020333bf3430: ffff ffe8 

  0x0000020333bf3434: ; ImmutableOopMap {rdx=Oop rax=Oop [104]=Oop [112]=Oop [128]=Oop [168]=Oop }
                      ;*synchronization entry
                      ; - jdk.internal.loader.BuiltinClassLoader::findClassInModuleOrNull@-1
                      ; - jdk.internal.loader.BuiltinClassLoader::loadClassOrNull@55
  0x0000020333bf3434: 4815 4807 | e978 f7ff 

  0x0000020333bf343c: ;   {metadata({method} {0x000002034801b1d0} 'getSecurityManager' '()Ljava/lang/SecurityManager;' in 'java/lang/System')}
  0x0000020333bf343c: ff49 bac8 | b101 4803 | 0200 004c | 8954 2408 | 48c7 0424 | ffff ffff 

  0x0000020333bf3454: ;   {runtime_call counter_overflow Runtime1 stub}
  0x0000020333bf3454: e827 1548 

  0x0000020333bf3458: ; ImmutableOopMap {rdx=Oop rax=Oop [104]=Oop [112]=Oop [128]=Oop [168]=Oop }
                      ;*synchronization entry
                      ; - java.lang.System::getSecurityManager@-1
                      ; - jdk.internal.loader.BuiltinClassLoader::findClassInModuleOrNull@0
                      ; - jdk.internal.loader.BuiltinClassLoader::loadClassOrNull@55
  0x0000020333bf3458: 07e9 95f7 

  0x0000020333bf345c: ;   {metadata({method} {0x000002034801b2e8} 'allowSecurityManager' '()Z' in 'java/lang/System')}
  0x0000020333bf345c: ffff 49ba | e0b2 0148 | 0302 0000 | 4c89 5424 | 0848 c704 | 24ff ffff 

  0x0000020333bf3474: ;   {runtime_call counter_overflow Runtime1 stub}
  0x0000020333bf3474: ffe8 0615 

  0x0000020333bf3478: ; ImmutableOopMap {rdx=Oop rax=Oop [104]=Oop [112]=Oop [128]=Oop [168]=Oop }
                      ;*synchronization entry
                      ; - java.lang.System::allowSecurityManager@-1
                      ; - java.lang.System::getSecurityManager@0
                      ; - jdk.internal.loader.BuiltinClassLoader::findClassInModuleOrNull@0
                      ; - jdk.internal.loader.BuiltinClassLoader::loadClassOrNull@55
  0x0000020333bf3478: 4807 e9b2 

  0x0000020333bf347c: ;   {runtime_call throw_null_pointer_exception Runtime1 stub}
  0x0000020333bf347c: f7ff ffe8 

  0x0000020333bf3480: ; ImmutableOopMap {rsi=Oop [104]=Oop [112]=Oop [128]=Oop [168]=Oop }
                      ;*invokevirtual loadClassOrNull {reexecute=0 rethrow=0 return_oop=0}
                      ; - jdk.internal.loader.BuiltinClassLoader::loadClassOrNull@66
  0x0000020333bf3480: 9cb2 4707 

  0x0000020333bf3484: ;   {metadata({method} {0x0000020348067840} 'loadClassOrNull' '(Ljava/lang/String;)Ljava/lang/Class;' in 'jdk/internal/loader/BuiltinClassLoader')}
  0x0000020333bf3484: 49ba 3878 | 0648 0302 | 0000 4c89 | 5424 0848 | c704 24ff 

  0x0000020333bf3498: ;   {runtime_call counter_overflow Runtime1 stub}
  0x0000020333bf3498: ffff ffe8 

  0x0000020333bf349c: ; ImmutableOopMap {rsi=Oop [104]=Oop [112]=Oop [128]=Oop [168]=Oop }
                      ;*synchronization entry
                      ; - jdk.internal.loader.BuiltinClassLoader::loadClassOrNull@-1
                      ; - jdk.internal.loader.BuiltinClassLoader::loadClassOrNull@66
  0x0000020333bf349c: e014 4807 | e94c f8ff 

  0x0000020333bf34a4: ;   {runtime_call throw_null_pointer_exception Runtime1 stub}
  0x0000020333bf34a4: ffe8 76b2 

  0x0000020333bf34a8: ; ImmutableOopMap {rsi=Oop [104]=Oop [112]=Oop [128]=Oop [168]=Oop }
                      ;*invokevirtual loadClassOrNull {reexecute=0 rethrow=0 return_oop=0}
                      ; - jdk.internal.loader.BuiltinClassLoader::loadClassOrNull@86
                      ;   {metadata({method} {0x0000020348067840} 'loadClassOrNull' '(Ljava/lang/String;)Ljava/lang/Class;' in 'jdk/internal/loader/BuiltinClassLoader')}
  0x0000020333bf34a8: 4707 49ba | 3878 0648 | 0302 0000 | 4c89 5424 | 0848 c704 | 24ff ffff 

  0x0000020333bf34c0: ;   {runtime_call counter_overflow Runtime1 stub}
  0x0000020333bf34c0: ffe8 ba14 

  0x0000020333bf34c4: ; ImmutableOopMap {rsi=Oop [104]=Oop [112]=Oop [128]=Oop [168]=Oop }
                      ;*synchronization entry
                      ; - jdk.internal.loader.BuiltinClassLoader::loadClassOrNull@-1
                      ; - jdk.internal.loader.BuiltinClassLoader::loadClassOrNull@86
  0x0000020333bf34c4: 4807 e97d 

  0x0000020333bf34c8: ;   {metadata({method} {0x0000020348067058} 'hasClassPath' '()Z' in 'jdk/internal/loader/BuiltinClassLoader')}
  0x0000020333bf34c8: f9ff ff49 | ba50 7006 | 4803 0200 | 004c 8954 | 2408 48c7 | 0424 ffff 

  0x0000020333bf34e0: ;   {runtime_call counter_overflow Runtime1 stub}
  0x0000020333bf34e0: ffff e899 

  0x0000020333bf34e4: ; ImmutableOopMap {rdx=Oop rsi=Oop [104]=Oop [112]=Oop [128]=Oop [168]=Oop }
                      ;*synchronization entry
                      ; - jdk.internal.loader.BuiltinClassLoader::hasClassPath@-1
                      ; - jdk.internal.loader.BuiltinClassLoader::loadClassOrNull@97
  0x0000020333bf34e4: 1448 07e9 | 0cfb ffff 

  0x0000020333bf34ec: ;   {metadata({method} {0x000002034844f6a8} 'isModuleSystemInited' '()Z' in 'jdk/internal/misc/VM')}
  0x0000020333bf34ec: 49ba a0f6 | 4448 0302 | 0000 4c89 | 5424 0848 | c704 24ff 

  0x0000020333bf3500: ;   {runtime_call counter_overflow Runtime1 stub}
  0x0000020333bf3500: ffff ffe8 

  0x0000020333bf3504: ; ImmutableOopMap {rdx=Oop rsi=Oop [104]=Oop [112]=Oop [128]=Oop [168]=Oop }
                      ;*synchronization entry
                      ; - jdk.internal.misc.VM::isModuleSystemInited@-1
                      ; - jdk.internal.loader.BuiltinClassLoader::loadClassOrNull@103
  0x0000020333bf3504: 7814 4807 | e9ae fbff 

  0x0000020333bf350c: ;   {metadata({method} {0x0000020348435330} 'resolveClass' '(Ljava/lang/Class;)V' in 'java/lang/ClassLoader')}
  0x0000020333bf350c: ff49 ba28 | 5343 4803 | 0200 004c | 8954 2408 | 48c7 0424 | ffff ffff 

  0x0000020333bf3524: ;   {runtime_call counter_overflow Runtime1 stub}
  0x0000020333bf3524: e857 1448 

  0x0000020333bf3528: ; ImmutableOopMap {rsi=Oop [128]=Oop [168]=Oop }
                      ;*synchronization entry
                      ; - java.lang.ClassLoader::resolveClass@-1
                      ; - jdk.internal.loader.BuiltinClassLoader::loadClassOrNull@128
  0x0000020333bf3528: 07e9 fafc | ffff 488d | 8424 a000 | 0000 4889 

  0x0000020333bf3538: ;   {runtime_call monitorexit_nofpu Runtime1 stub}
  0x0000020333bf3538: 0424 e8c1 | f047 07e9 | 3dfd ffff 

  0x0000020333bf3544: ;   {internal_word}
  0x0000020333bf3544: 49ba 8c32 | bf33 0302 | 0000 4d89 | 9768 0400 

  0x0000020333bf3554: ;   {runtime_call SafepointBlob}
  0x0000020333bf3554: 00e9 2626 

  0x0000020333bf3558: ;   {metadata(nullptr)}
  0x0000020333bf3558: 3d07 48ba | 0000 0000 | 0000 0000 | b800 0f05 

  0x0000020333bf3568: ;   {runtime_call load_klass_patching Runtime1 stub}
  0x0000020333bf3568: 0ae8 92fd 

  0x0000020333bf356c: ; ImmutableOopMap {[128]=Oop [152]=Oop [168]=Oop }
                      ;*new {reexecute=1 rethrow=0 return_oop=0}
                      ; - (reexecute) java.lang.ClassLoader::resolveClass@4
                      ; - jdk.internal.loader.BuiltinClassLoader::loadClassOrNull@128
  0x0000020333bf356c: 4707 e935 | fdff ff48 

  0x0000020333bf3574: ;   {runtime_call fast_new_instance Runtime1 stub}
  0x0000020333bf3574: 8bd2 e885 

  0x0000020333bf3578: ; ImmutableOopMap {[128]=Oop [152]=Oop [168]=Oop }
                      ;*new {reexecute=0 rethrow=0 return_oop=0}
                      ; - java.lang.ClassLoader::resolveClass@4
                      ; - jdk.internal.loader.BuiltinClassLoader::loadClassOrNull@128
  0x0000020333bf3578: bc47 07e9 | 84fd ffff | 488d 8424 | a000 0000 | 4889 0424 

  0x0000020333bf358c: ;   {runtime_call monitorexit_nofpu Runtime1 stub}
  0x0000020333bf358c: e86f f047 | 07e9 fefd | ffff 498b | 8700 0500 | 0049 c787 | 0005 0000 | 0000 0000 | 49c7 8708 
  0x0000020333bf35ac: 0500 0000 | 0000 0048 | 81c4 c000 

  0x0000020333bf35b8: ;   {runtime_call unwind_exception Runtime1 stub}
  0x0000020333bf35b8: 0000 5de9 | 40a2 4707 
[Stub Code]
  0x0000020333bf35c0: ;   {no_reloc}
  0x0000020333bf35c0: 0f1f 4400 

  0x0000020333bf35c4: ;   {static_stub}
  0x0000020333bf35c4: 0048 bb00 | 0000 0000 

  0x0000020333bf35cc: ;   {runtime_call nmethod}
  0x0000020333bf35cc: 0000 00e9 | fbff ffff 

  0x0000020333bf35d4: ;   {static_stub}
  0x0000020333bf35d4: 9048 bb00 | 0000 0000 

  0x0000020333bf35dc: ;   {runtime_call nmethod}
  0x0000020333bf35dc: 0000 00e9 | fbff ffff 

  0x0000020333bf35e4: ;   {static_stub}
  0x0000020333bf35e4: 9048 bb00 | 0000 0000 

  0x0000020333bf35ec: ;   {runtime_call nmethod}
  0x0000020333bf35ec: 0000 00e9 | fbff ffff 

  0x0000020333bf35f4: ;   {static_stub}
  0x0000020333bf35f4: 48bb 0000 | 0000 0000 

  0x0000020333bf35fc: ;   {runtime_call nmethod}
  0x0000020333bf35fc: 0000 e9fb 

  0x0000020333bf3600: ;   {static_stub}
  0x0000020333bf3600: ffff ff48 | bb20 7506 | 4803 0200 

  0x0000020333bf360c: ;   {runtime_call I2C/C2I adapters}
  0x0000020333bf360c: 00e9 550b 

  0x0000020333bf3610: ;   {static_stub}
  0x0000020333bf3610: 3d07 48bb | 0000 0000 | 0000 0000 

  0x0000020333bf361c: ;   {runtime_call nmethod}
  0x0000020333bf361c: e9fb ffff 

  0x0000020333bf3620: ;   {static_stub}
  0x0000020333bf3620: ff48 bb00 | 0000 0000 

  0x0000020333bf3628: ;   {runtime_call nmethod}
  0x0000020333bf3628: 0000 00e9 | fbff ffff 

  0x0000020333bf3630: ;   {static_stub}
  0x0000020333bf3630: 48bb 0000 | 0000 0000 

  0x0000020333bf3638: ;   {runtime_call nmethod}
  0x0000020333bf3638: 0000 e9fb 

  0x0000020333bf363c: ;   {static_stub}
  0x0000020333bf363c: ffff ff48 | bb00 0000 | 0000 0000 

  0x0000020333bf3648: ;   {runtime_call nmethod}
  0x0000020333bf3648: 00e9 fbff 

  0x0000020333bf364c: ;   {runtime_call handle_exception_from_callee Runtime1 stub}
  0x0000020333bf364c: ffff e8ad 

  0x0000020333bf3650: ;   {external_word}
  0x0000020333bf3650: d647 0748 | b940 5392 | d2fb 7f00 | 0048 83e4 

  0x0000020333bf3660: ;   {runtime_call}
  0x0000020333bf3660: f048 b8b0 | c354 d2fb | 7f00 00ff 

  0x0000020333bf366c: ;   {section_word}
  0x0000020333bf366c: d0f4 49ba | 6e36 bf33 | 0302 0000 

  0x0000020333bf3678: ;   {runtime_call DeoptimizationBlob}
  0x0000020333bf3678: 4152 e9a1 | 393d 07f4 
[/MachCode]


---------------  P R O C E S S  ---------------

Threads class SMR info:
_java_thread_list=0x000002038e6ef9d0, length=11, elements={
0x000002033083c900, 0x00000203307ae010, 0x00000203307aff40, 0x00000203307b5e70,
0x00000203307b68d0, 0x00000203307ba9d0, 0x00000203307bb430, 0x00000203307c0290,
0x0000020389aa8070, 0x0000020389cf4230, 0x0000020389e8ff90
}

Java Threads: ( => current thread )
=>0x000002033083c900 JavaThread "main"                              [_thread_in_vm, id=5088, stack(0x000000ef4ec00000,0x000000ef4ed00000) (1024K)]
  0x00000203307ae010 JavaThread "Reference Handler"          daemon [_thread_blocked, id=27420, stack(0x000000ef4f000000,0x000000ef4f100000) (1024K)]
  0x00000203307aff40 JavaThread "Finalizer"                  daemon [_thread_blocked, id=15784, stack(0x000000ef4f100000,0x000000ef4f200000) (1024K)]
  0x00000203307b5e70 JavaThread "Signal Dispatcher"          daemon [_thread_blocked, id=26568, stack(0x000000ef4f200000,0x000000ef4f300000) (1024K)]
  0x00000203307b68d0 JavaThread "Attach Listener"            daemon [_thread_blocked, id=7112, stack(0x000000ef4f300000,0x000000ef4f400000) (1024K)]
  0x00000203307ba9d0 JavaThread "Service Thread"             daemon [_thread_blocked, id=14284, stack(0x000000ef4f400000,0x000000ef4f500000) (1024K)]
  0x00000203307bb430 JavaThread "Monitor Deflation Thread"   daemon [_thread_blocked, id=3324, stack(0x000000ef4f500000,0x000000ef4f600000) (1024K)]
  0x00000203307c0290 JavaThread "C2 CompilerThread0"         daemon [_thread_blocked, id=25072, stack(0x000000ef4f600000,0x000000ef4f700000) (1024K)]
  0x0000020389aa8070 JavaThread "C1 CompilerThread0"         daemon [_thread_blocked, id=25976, stack(0x000000ef4f700000,0x000000ef4f800000) (1024K)]
  0x0000020389cf4230 JavaThread "Common-Cleaner"             daemon [_thread_blocked, id=26212, stack(0x000000ef4f800000,0x000000ef4f900000) (1024K)]
  0x0000020389e8ff90 JavaThread "Notification Thread"        daemon [_thread_blocked, id=15468, stack(0x000000ef4fa00000,0x000000ef4fb00000) (1024K)]
Total: 11

Other Threads:
  0x0000020330792480 VMThread "VM Thread"                           [id=7192, stack(0x000000ef4ef00000,0x000000ef4f000000) (1024K)]
  0x00000203308a98f0 WatcherThread "VM Periodic Task Thread"        [id=1064, stack(0x000000ef4ee00000,0x000000ef4ef00000) (1024K)]
  0x000002033085c690 WorkerThread "GC Thread#0"                     [id=27088, stack(0x000000ef4ed00000,0x000000ef4ee00000) (1024K)]
  0x0000020389cc34e0 WorkerThread "GC Thread#1"                     [id=25840, stack(0x000000ef4f900000,0x000000ef4fa00000) (1024K)]
  0x0000020389cc3130 WorkerThread "GC Thread#2"                     [id=21212, stack(0x000000ef4fb00000,0x000000ef4fc00000) (1024K)]
  0x0000020389cc3c40 WorkerThread "GC Thread#3"                     [id=26532, stack(0x000000ef4fc00000,0x000000ef4fd00000) (1024K)]
  0x0000020389cc2d80 WorkerThread "GC Thread#4"                     [id=11508, stack(0x000000ef4fd00000,0x000000ef4fe00000) (1024K)]
  0x0000020389cc29d0 WorkerThread "GC Thread#5"                     [id=27540, stack(0x000000ef4fe00000,0x000000ef4ff00000) (1024K)]
  0x0000020389cc3890 WorkerThread "GC Thread#6"                     [id=13580, stack(0x000000ef4ff00000,0x000000ef50000000) (1024K)]
Total: 9

Threads with active compile tasks:
Total: 0

VM state: not at safepoint (normal execution)

VM Mutex/Monitor currently owned by a thread:  ([mutex/lock_event])
[0x00007ffbd2bdc4e0] Metaspace_lock - owner thread: 0x000002033083c900

Heap address: 0x0000000080000000, size: 2048 MB, Compressed Oops mode: 32-bit

CDS archive(s) mapped at: [0x0000020348000000-0x0000020348ba0000-0x0000020348ba0000), size 12189696, SharedBaseAddress: 0x0000020348000000, ArchiveRelocationMode: 1.
Compressed class space mapped at: 0x0000020349000000-0x0000020389000000, reserved size: 1073741824
Narrow klass base: 0x0000020348000000, Narrow klass shift: 0, Narrow klass range: 0x100000000

GC Precious Log:
 CardTable entry size: 512
 CPUs: 8 total, 8 available
 Memory: 7926M
 Large Page Support: Disabled
 NUMA Support: Disabled
 Compressed Oops: Enabled (32-bit)
 Alignments: Space 512K, Generation 512K, Heap 2M
 Heap Min Capacity: 100M
 Heap Initial Capacity: 100M
 Heap Max Capacity: 2G
 Pre-touch: Disabled
 Parallel Workers: 8

Heap:
 PSYoungGen      total 29696K, used 8266K [0x00000000d5580000, 0x00000000d7680000, 0x0000000100000000)
  eden space 25600K, 19% used [0x00000000d5580000,0x00000000d5a5e820,0x00000000d6e80000)
  from space 4096K, 80% used [0x00000000d6e80000,0x00000000d71b4148,0x00000000d7280000)
  to   space 4096K, 0% used [0x00000000d7280000,0x00000000d7280000,0x00000000d7680000)
 ParOldGen       total 68608K, used 0K [0x0000000080000000, 0x0000000084300000, 0x00000000d5580000)
  object space 68608K, 0% used [0x0000000080000000,0x0000000080000000,0x0000000084300000)
 Metaspace       used 5451K, committed 5696K, reserved 1114112K
  class space    used 580K, committed 704K, reserved 1048576K

Card table byte_map: [0x00000203301e0000,0x00000203305f0000] _byte_map_base: 0x000002032fde0000

Marking Bits: (ParMarkBitMap*) 0x00007ffbd2be3450
 Begin Bits: [0x0000020342cf0000, 0x0000020344cf0000)
 End Bits:   [0x0000020344cf0000, 0x0000020346cf0000)

Polling page: 0x000002032e680000

Metaspace:

Usage:
  Non-class:      4.76 MB used.
      Class:    580.19 KB used.
       Both:      5.32 MB used.

Virtual space:
  Non-class space:       64.00 MB reserved,       4.88 MB (  8%) committed,  1 nodes.
      Class space:        1.00 GB reserved,     704.00 KB ( <1%) committed,  1 nodes.
             Both:        1.06 GB reserved,       5.56 MB ( <1%) committed. 

Chunk freelists:
   Non-Class:  10.47 MB
       Class:  15.36 MB
        Both:  25.83 MB

MaxMetaspaceSize: unlimited
CompressedClassSpaceSize: 1.00 GB
Initial GC threshold: 21.00 MB
Current GC threshold: 21.00 MB
CDS: on
 - commit_granule_bytes: 65536.
 - commit_granule_words: 8192.
 - virtual_space_node_default_size: 8388608.
 - enlarge_chunks_in_place: 1.
 - use_allocation_guard: 0.


Internal statistics:

num_allocs_failed_limit: 0.
num_arena_births: 190.
num_arena_deaths: 0.
num_vsnodes_births: 2.
num_vsnodes_deaths: 0.
num_space_committed: 89.
num_space_uncommitted: 0.
num_chunks_returned_to_freelist: 0.
num_chunks_taken_from_freelist: 293.
num_chunk_merges: 0.
num_chunk_splits: 186.
num_chunks_enlarged: 113.
num_inconsistent_stats: 0.

CodeHeap 'non-profiled nmethods': size=120000Kb used=517Kb max_used=517Kb free=119483Kb
 bounds [0x000002033b510000, 0x000002033b780000, 0x0000020342a40000]
CodeHeap 'profiled nmethods': size=120000Kb used=2089Kb max_used=2089Kb free=117910Kb
 bounds [0x0000020333a40000, 0x0000020333cb0000, 0x000002033af70000]
CodeHeap 'non-nmethods': size=5760Kb used=1214Kb max_used=1230Kb free=4545Kb
 bounds [0x000002033af70000, 0x000002033b1e0000, 0x000002033b510000]
CodeCache: size=245760Kb, used=3820Kb, max_used=3836Kb, free=241938Kb
 total_blobs=1736, nmethods=1269, adapters=374, full_count=0
Compilation: enabled, stopped_count=0, restarted_count=0

Compilation events (20 events):
Event: 1.944 Thread 0x0000020389aa8070 nmethod 1260 0x0000020333c45510 code [0x0000020333c456e0, 0x0000020333c45a60]
Event: 1.945 Thread 0x0000020389aa8070 1262       3       java.lang.reflect.Constructor::newInstanceWithCaller (51 bytes)
Event: 1.945 Thread 0x0000020389aa8070 nmethod 1262 0x0000020333c45c10 code [0x0000020333c45de0, 0x0000020333c460b8]
Event: 1.945 Thread 0x0000020389aa8070 1263       3       java.util.zip.ZipFile$ZipFileInflaterInputStream::fill (80 bytes)
Event: 1.945 Thread 0x0000020389aa8070 nmethod 1263 0x0000020333c46210 code [0x0000020333c46400, 0x0000020333c46780]
Event: 1.945 Thread 0x0000020389aa8070 1264   !   3       java.util.zip.ZipFile$ZipFileInputStream::read (135 bytes)
Event: 1.946 Thread 0x0000020389aa8070 nmethod 1264 0x0000020333c46910 code [0x0000020333c46b40, 0x0000020333c47220]
Event: 1.949 Thread 0x0000020389aa8070 1265       3       java.lang.ref.Cleaner::register (25 bytes)
Event: 1.949 Thread 0x0000020389aa8070 nmethod 1265 0x0000020333c47610 code [0x0000020333c47800, 0x0000020333c47d00]
Event: 1.949 Thread 0x0000020389aa8070 1266       3       jdk.internal.ref.CleanerImpl$PhantomCleanableRef::<init> (12 bytes)
Event: 1.950 Thread 0x0000020389aa8070 nmethod 1266 0x0000020333c47f10 code [0x0000020333c480c0, 0x0000020333c48230]
Event: 1.951 Thread 0x0000020389aa8070 1267       3       jdk.internal.loader.BuiltinClassLoader::hasClassPath (13 bytes)
Event: 1.951 Thread 0x0000020389aa8070 nmethod 1267 0x0000020333c48310 code [0x0000020333c484a0, 0x0000020333c48600]
Event: 1.954 Thread 0x00000203307c0290 nmethod 1259 0x000002033b58fb90 code [0x000002033b58fd80, 0x000002033b590690]
Event: 1.954 Thread 0x00000203307c0290 1261       4       java.lang.String::<init> (98 bytes)
Event: 1.954 Thread 0x0000020389aa8070 1268       3       java.io.BufferedReader::implReadLine (301 bytes)
Event: 1.956 Thread 0x0000020389aa8070 nmethod 1268 0x0000020333c48690 code [0x0000020333c48980, 0x0000020333c49978]
Event: 1.956 Thread 0x0000020389aa8070 1269   !   3       jdk.internal.ref.PhantomCleanable::remove (60 bytes)
Event: 1.956 Thread 0x0000020389aa8070 nmethod 1269 0x0000020333c4a090 code [0x0000020333c4a240, 0x0000020333c4a538]
Event: 1.958 Thread 0x00000203307c0290 nmethod 1261 0x000002033b590a90 code [0x000002033b590c40, 0x000002033b591188]

GC Heap History (2 events):
Event: 1.593 GC heap before
{Heap before GC invocations=1 (full 0):
 PSYoungGen      total 29696K, used 25600K [0x00000000d5580000, 0x00000000d7680000, 0x0000000100000000)
  eden space 25600K, 100% used [0x00000000d5580000,0x00000000d6e80000,0x00000000d6e80000)
  from space 4096K, 0% used [0x00000000d7280000,0x00000000d7280000,0x00000000d7680000)
  to   space 4096K, 0% used [0x00000000d6e80000,0x00000000d6e80000,0x00000000d7280000)
 ParOldGen       total 68608K, used 0K [0x0000000080000000, 0x0000000084300000, 0x00000000d5580000)
  object space 68608K, 0% used [0x0000000080000000,0x0000000080000000,0x0000000084300000)
 Metaspace       used 4364K, committed 4608K, reserved 1114112K
  class space    used 474K, committed 576K, reserved 1048576K
}
Event: 1.628 GC heap after
{Heap after GC invocations=1 (full 0):
 PSYoungGen      total 29696K, used 3280K [0x00000000d5580000, 0x00000000d7680000, 0x0000000100000000)
  eden space 25600K, 0% used [0x00000000d5580000,0x00000000d5580000,0x00000000d6e80000)
  from space 4096K, 80% used [0x00000000d6e80000,0x00000000d71b4148,0x00000000d7280000)
  to   space 4096K, 0% used [0x00000000d7280000,0x00000000d7280000,0x00000000d7680000)
 ParOldGen       total 68608K, used 0K [0x0000000080000000, 0x0000000084300000, 0x00000000d5580000)
  object space 68608K, 0% used [0x0000000080000000,0x0000000080000000,0x0000000084300000)
 Metaspace       used 4364K, committed 4608K, reserved 1114112K
  class space    used 474K, committed 576K, reserved 1048576K
}

Dll operation events (8 events):
Event: 0.032 Loaded shared library c:\Users\Abina\.vscode\extensions\redhat.java-1.54.0-win32-x64\jre\21.0.10-win32-x86_64\bin\java.dll
Event: 0.163 Loaded shared library c:\Users\Abina\.vscode\extensions\redhat.java-1.54.0-win32-x64\jre\21.0.10-win32-x86_64\bin\zip.dll
Event: 0.195 Loaded shared library C:\Users\Abina\.vscode\extensions\redhat.java-1.54.0-win32-x64\jre\21.0.10-win32-x86_64\bin\instrument.dll
Event: 0.202 Loaded shared library C:\Users\Abina\.vscode\extensions\redhat.java-1.54.0-win32-x64\jre\21.0.10-win32-x86_64\bin\net.dll
Event: 0.205 Loaded shared library C:\Users\Abina\.vscode\extensions\redhat.java-1.54.0-win32-x64\jre\21.0.10-win32-x86_64\bin\nio.dll
Event: 0.209 Loaded shared library C:\Users\Abina\.vscode\extensions\redhat.java-1.54.0-win32-x64\jre\21.0.10-win32-x86_64\bin\zip.dll
Event: 0.236 Loaded shared library C:\Users\Abina\.vscode\extensions\redhat.java-1.54.0-win32-x64\jre\21.0.10-win32-x86_64\bin\jimage.dll
Event: 0.359 Loaded shared library c:\Users\Abina\.vscode\extensions\redhat.java-1.54.0-win32-x64\jre\21.0.10-win32-x86_64\bin\verify.dll

Deoptimization events (20 events):
Event: 1.731 Thread 0x000002033083c900 Uncommon trap: trap_request=0xffffff45 fr.pc=0x000002033b580438 relative=0x0000000000000278
Event: 1.731 Thread 0x000002033083c900 Uncommon trap: reason=unstable_if action=reinterpret pc=0x000002033b580438 method=java.util.HashMap.hash(Ljava/lang/Object;)I @ 1 c2
Event: 1.731 Thread 0x000002033083c900 DEOPT PACKING pc=0x000002033b580438 sp=0x000000ef4ecfe6d0
Event: 1.731 Thread 0x000002033083c900 DEOPT UNPACKING pc=0x000002033afc6da2 sp=0x000000ef4ecfe568 mode 2
Event: 1.734 Thread 0x000002033083c900 Uncommon trap: trap_request=0xffffff45 fr.pc=0x000002033b577a60 relative=0x0000000000000300
Event: 1.737 Thread 0x000002033083c900 Uncommon trap: reason=unstable_if action=reinterpret pc=0x000002033b577a60 method=java.util.HashMap.hash(Ljava/lang/Object;)I @ 1 c2
Event: 1.737 Thread 0x000002033083c900 DEOPT PACKING pc=0x000002033b577a60 sp=0x000000ef4ecfe640
Event: 1.737 Thread 0x000002033083c900 DEOPT UNPACKING pc=0x000002033afc6da2 sp=0x000000ef4ecfe548 mode 2
Event: 1.737 Thread 0x000002033083c900 Uncommon trap: trap_request=0xffffff45 fr.pc=0x000002033b5764d0 relative=0x00000000000000b0
Event: 1.737 Thread 0x000002033083c900 Uncommon trap: reason=unstable_if action=reinterpret pc=0x000002033b5764d0 method=java.util.HashMap.hash(Ljava/lang/Object;)I @ 1 c2
Event: 1.737 Thread 0x000002033083c900 DEOPT PACKING pc=0x000002033b5764d0 sp=0x000000ef4ecfe6f0
Event: 1.737 Thread 0x000002033083c900 DEOPT UNPACKING pc=0x000002033afc6da2 sp=0x000000ef4ecfe688 mode 2
Event: 1.737 Thread 0x000002033083c900 Uncommon trap: trap_request=0xffffffde fr.pc=0x000002033b567b34 relative=0x0000000000000594
Event: 1.737 Thread 0x000002033083c900 Uncommon trap: reason=class_check action=maybe_recompile pc=0x000002033b567b34 method=java.util.Collections$UnmodifiableCollection$1.<init>(Ljava/util/Collections$UnmodifiableCollection;)V @ 17 c2
Event: 1.737 Thread 0x000002033083c900 DEOPT PACKING pc=0x000002033b567b34 sp=0x000000ef4ecfe720
Event: 1.737 Thread 0x000002033083c900 DEOPT UNPACKING pc=0x000002033afc6da2 sp=0x000000ef4ecfe668 mode 2
Event: 1.917 Thread 0x000002033083c900 Uncommon trap: trap_request=0xffffff45 fr.pc=0x000002033b5697f8 relative=0x0000000000000198
Event: 1.917 Thread 0x000002033083c900 Uncommon trap: reason=unstable_if action=reinterpret pc=0x000002033b5697f8 method=java.lang.invoke.VarHandle.checkAccessModeThenIsDirect(Ljava/lang/invoke/VarHandle$AccessDescriptor;)Z @ 4 c2
Event: 1.917 Thread 0x000002033083c900 DEOPT PACKING pc=0x000002033b5697f8 sp=0x000000ef4ecfe6d0
Event: 1.917 Thread 0x000002033083c900 DEOPT UNPACKING pc=0x000002033afc6da2 sp=0x000000ef4ecfe628 mode 2

Classes loaded (20 events):
Event: 1.858 Loading class sun/nio/ch/NativeThread done
Event: 1.858 Loading class sun/nio/ch/FileLockTable
Event: 1.858 Loading class sun/nio/ch/FileLockTable done
Event: 1.858 Loading class sun/nio/ch/FileKey
Event: 1.858 Loading class sun/nio/ch/FileKey done
Event: 1.858 Loading class sun/nio/ch/FileLockTable$FileLockReference
Event: 1.858 Loading class sun/nio/ch/FileLockTable$FileLockReference done
Event: 1.864 Loading class java/io/DeleteOnExitHook
Event: 1.864 Loading class java/io/DeleteOnExitHook done
Event: 1.865 Loading class java/io/DeleteOnExitHook$1
Event: 1.865 Loading class java/io/DeleteOnExitHook$1 done
Event: 1.865 Loading class java/util/ComparableTimSort
Event: 1.866 Loading class java/util/ComparableTimSort done
Event: 1.948 Loading class java/security/AllPermissionCollection
Event: 1.949 Loading class java/security/AllPermissionCollection done
Event: 1.955 Loading class java/lang/ArrayIndexOutOfBoundsException
Event: 1.955 Loading class java/lang/IndexOutOfBoundsException
Event: 1.955 Loading class java/lang/IndexOutOfBoundsException done
Event: 1.955 Loading class java/lang/ArrayIndexOutOfBoundsException done
Event: 1.958 Loading class java/util/concurrent/BlockingQueue

Classes unloaded (0 events):
No events

Classes redefined (0 events):
No events

Internal exceptions (20 events):
Event: 0.881 Thread 0x000002033083c900 Exception <a 'java/io/FileNotFoundException'{0x00000000d64cbb08}> (0x00000000d64cbb08) 
thrown [s\src\hotspot\share\prims\jni.cpp, line 520]
Event: 0.886 Thread 0x000002033083c900 Exception <a 'java/io/FileNotFoundException'{0x00000000d64cc780}> (0x00000000d64cc780) 
thrown [s\src\hotspot\share\prims\jni.cpp, line 520]
Event: 0.886 Thread 0x000002033083c900 Exception <a 'java/io/FileNotFoundException'{0x00000000d64cd2c0}> (0x00000000d64cd2c0) 
thrown [s\src\hotspot\share\prims\jni.cpp, line 520]
Event: 0.898 Thread 0x000002033083c900 Implicit null exception at 0x000002033b53e8a4 to 0x000002033b53eea4
Event: 0.901 Thread 0x000002033083c900 Exception <a 'java/io/FileNotFoundException'{0x00000000d65056e0}> (0x00000000d65056e0) 
thrown [s\src\hotspot\share\prims\jni.cpp, line 520]
Event: 0.926 Thread 0x000002033083c900 Exception <a 'java/lang/NoSuchMethodError'{0x00000000d653ed98}: 'java.lang.Object java.lang.invoke.DirectMethodHandle$Holder.invokeInterface(java.lang.Object, java.lang.Object)'> (0x00000000d653ed98) 
thrown [s\src\hotspot\share\interpreter\linkResolver.cpp, line 773]
Event: 0.930 Thread 0x000002033083c900 Exception <a 'java/lang/NoSuchMethodError'{0x00000000d6552328}: 'java.lang.Object java.lang.invoke.Invokers$Holder.invokeExact_MT(java.lang.Object, java.lang.Object, java.lang.Object, java.lang.Object, java.lang.Object, java.lang.Object)'> (0x00000000d6552328) 
thrown [s\src\hotspot\share\interpreter\linkResolver.cpp, line 773]
Event: 0.933 Thread 0x000002033083c900 Exception <a 'java/lang/NoSuchMethodError'{0x00000000d6569400}: 'int java.lang.invoke.DirectMethodHandle$Holder.invokeStatic(java.lang.Object, java.lang.Object, java.lang.Object, java.lang.Object, java.lang.Object)'> (0x00000000d6569400) 
thrown [s\src\hotspot\share\interpreter\linkResolver.cpp, line 773]
Event: 1.049 Thread 0x000002033083c900 Exception <a 'java/lang/NoSuchMethodError'{0x00000000d65fde88}: 'java.lang.Object java.lang.invoke.DirectMethodHandle$Holder.invokeInterface(java.lang.Object, java.lang.Object, int)'> (0x00000000d65fde88) 
thrown [s\src\hotspot\share\interpreter\linkResolver.cpp, line 773]
Event: 1.412 Thread 0x000002033083c900 Exception <a 'java/lang/NoSuchMethodError'{0x00000000d6a64658}: 'java.lang.ClassLoader java.lang.ClassLoader.getPlatformClassLoader(java.lang.Class)'> (0x00000000d6a64658) 
thrown [s\src\hotspot\share\interpreter\linkResolver.cpp, line 773]
Event: 1.631 Thread 0x000002033083c900 Exception <a 'java/lang/ClassNotFoundException'{0x00000000d5581e10}: sun/net/www/protocol/c/Handler> (0x00000000d5581e10) 
thrown [s\src\hotspot\share\classfile\systemDictionary.cpp, line 312]
Event: 1.631 Thread 0x000002033083c900 Exception <a 'java/lang/ClassNotFoundException'{0x00000000d5583170}: sun/net/www/protocol/d/Handler> (0x00000000d5583170) 
thrown [s\src\hotspot\share\classfile\systemDictionary.cpp, line 312]
Event: 1.631 Thread 0x000002033083c900 Exception <a 'java/lang/ClassNotFoundException'{0x00000000d55842f0}: sun/net/www/protocol/c/Handler> (0x00000000d55842f0) 
thrown [s\src\hotspot\share\classfile\systemDictionary.cpp, line 312]
Event: 1.646 Thread 0x000002033083c900 Exception <a 'java/io/FileNotFoundException'{0x00000000d55ac818}> (0x00000000d55ac818) 
thrown [s\src\hotspot\share\prims\jni.cpp, line 520]
Event: 1.731 Thread 0x000002033083c900 Implicit null exception at 0x000002033b574549 to 0x000002033b574edc
Event: 1.731 Thread 0x000002033083c900 Implicit null exception at 0x000002033b58021a to 0x000002033b580420
Event: 1.732 Thread 0x000002033083c900 Exception <a 'java/lang/NoSuchMethodError'{0x00000000d56dc400}: 'void java.lang.invoke.DirectMethodHandle$Holder.invokeStatic(java.lang.Object, java.lang.Object, java.lang.Object, java.lang.Object)'> (0x00000000d56dc400) 
thrown [s\src\hotspot\share\interpreter\linkResolver.cpp, line 773]
Event: 1.734 Thread 0x000002033083c900 Implicit null exception at 0x000002033b5777bc to 0x000002033b577a48
Event: 1.737 Thread 0x000002033083c900 Implicit null exception at 0x000002033b57643d to 0x000002033b5764c1
Event: 1.939 Thread 0x000002033083c900 Exception <a 'java/lang/NoSuchMethodError'{0x00000000d59a1250}: 'void java.lang.invoke.DirectMethodHandle$Holder.invokeSpecial(java.lang.Object, java.lang.Object, java.lang.Object)'> (0x00000000d59a1250) 
thrown [s\src\hotspot\share\interpreter\linkResolver.cpp, line 773]

ZGC Phase Switch (0 events):
No events

VM Operations (14 events):
Event: 0.161 Executing non-safepoint VM operation: HandshakeAllThreads (Deoptimize)
Event: 0.161 Executing non-safepoint VM operation: HandshakeAllThreads (Deoptimize) done
Event: 0.263 Executing non-safepoint VM operation: HandshakeAllThreads (Deoptimize)
Event: 0.263 Executing non-safepoint VM operation: HandshakeAllThreads (Deoptimize) done
Event: 0.796 Executing non-safepoint VM operation: HandshakeAllThreads (Deoptimize)
Event: 0.796 Executing non-safepoint VM operation: HandshakeAllThreads (Deoptimize) done
Event: 0.831 Executing non-safepoint VM operation: HandshakeAllThreads (Deoptimize)
Event: 0.831 Executing non-safepoint VM operation: HandshakeAllThreads (Deoptimize) done
Event: 1.500 Executing safepoint VM operation: ICBufferFull
Event: 1.500 Executing safepoint VM operation: ICBufferFull done
Event: 1.548 Executing non-safepoint VM operation: HandshakeAllThreads (Deoptimize)
Event: 1.548 Executing non-safepoint VM operation: HandshakeAllThreads (Deoptimize) done
Event: 1.593 Executing safepoint VM operation: ParallelGCFailedAllocation (Allocation Failure)
Event: 1.628 Executing safepoint VM operation: ParallelGCFailedAllocation (Allocation Failure) done

Memory protections (0 events):
No events

Nmethod flushes (0 events):
No events

Events (13 events):
Event: 0.070 Thread 0x000002033083c900 Thread added: 0x000002033083c900
Event: 0.091 Thread 0x000002033083c900 Thread added: 0x00000203307ae010
Event: 0.091 Thread 0x000002033083c900 Thread added: 0x00000203307aff40
Event: 0.091 Thread 0x000002033083c900 Thread added: 0x00000203307b5e70
Event: 0.092 Thread 0x000002033083c900 Thread added: 0x00000203307b68d0
Event: 0.092 Thread 0x000002033083c900 Thread added: 0x00000203307ba9d0
Event: 0.092 Thread 0x000002033083c900 Thread added: 0x00000203307bb430
Event: 0.092 Thread 0x000002033083c900 Thread added: 0x00000203307c0290
Event: 0.093 Thread 0x000002033083c900 Thread added: 0x0000020389aa8070
Event: 0.197 Thread 0x000002033083c900 Thread added: 0x0000020389cf4230
Event: 0.348 Thread 0x00000203307c0290 Thread added: 0x0000020389d8e000
Event: 0.506 Thread 0x000002033083c900 Thread added: 0x0000020389e8ff90
Event: 1.454 Thread 0x0000020389d8e000 Thread exited: 0x0000020389d8e000


Dynamic libraries:
0x00007ff6ce1e0000 - 0x00007ff6ce1ee000 	c:\Users\Abina\.vscode\extensions\redhat.java-1.54.0-win32-x64\jre\21.0.10-win32-x86_64\bin\java.exe
0x00007ffc4d1c0000 - 0x00007ffc4d427000 	C:\WINDOWS\SYSTEM32\ntdll.dll
0x00007ffc4b820000 - 0x00007ffc4b8e9000 	C:\WINDOWS\System32\KERNEL32.DLL
0x00007ffc49b20000 - 0x00007ffc49f14000 	C:\WINDOWS\System32\KERNELBASE.dll
0x00007ffc4aaf0000 - 0x00007ffc4ac3b000 	C:\WINDOWS\System32\ucrtbase.dll
0x00007ffc44d60000 - 0x00007ffc44d78000 	c:\Users\Abina\.vscode\extensions\redhat.java-1.54.0-win32-x64\jre\21.0.10-win32-x86_64\bin\jli.dll
0x00007ffc39b10000 - 0x00007ffc39b2e000 	c:\Users\Abina\.vscode\extensions\redhat.java-1.54.0-win32-x64\jre\21.0.10-win32-x86_64\bin\VCRUNTIME140.dll
0x00007ffc4b5b0000 - 0x00007ffc4b775000 	C:\WINDOWS\System32\USER32.dll
0x00007ffc4af20000 - 0x00007ffc4af47000 	C:\WINDOWS\System32\win32u.dll
0x00007ffc4b450000 - 0x00007ffc4b47b000 	C:\WINDOWS\System32\GDI32.dll
0x00007ffc49f20000 - 0x00007ffc4a04b000 	C:\WINDOWS\System32\gdi32full.dll
0x00007ffc4acf0000 - 0x00007ffc4ad93000 	C:\WINDOWS\System32\msvcp_win.dll
0x00007ffc2fd80000 - 0x00007ffc30013000 	C:\WINDOWS\WinSxS\amd64_microsoft.windows.common-controls_6595b64144ccf1df_6.0.26100.8115_none_3e075c82e3354f9c\COMCTL32.dll
0x00007ffc4b480000 - 0x00007ffc4b529000 	C:\WINDOWS\System32\msvcrt.dll
0x00007ffc4c9a0000 - 0x00007ffc4c9d2000 	C:\WINDOWS\System32\IMM32.DLL
0x00007ffc46d80000 - 0x00007ffc46d8c000 	c:\Users\Abina\.vscode\extensions\redhat.java-1.54.0-win32-x64\jre\21.0.10-win32-x86_64\bin\vcruntime140_1.dll
0x00007ffc00fb0000 - 0x00007ffc0103d000 	c:\Users\Abina\.vscode\extensions\redhat.java-1.54.0-win32-x64\jre\21.0.10-win32-x86_64\bin\msvcp140.dll
0x00007ffbd1f20000 - 0x00007ffbd2cc1000 	c:\Users\Abina\.vscode\extensions\redhat.java-1.54.0-win32-x64\jre\21.0.10-win32-x86_64\bin\server\jvm.dll
0x00007ffc4c9e0000 - 0x00007ffc4ca96000 	C:\WINDOWS\System32\ADVAPI32.dll
0x00007ffc4ce60000 - 0x00007ffc4cf07000 	C:\WINDOWS\System32\sechost.dll
0x00007ffc4cc30000 - 0x00007ffc4cd48000 	C:\WINDOWS\System32\RPCRT4.dll
0x00007ffc4d0f0000 - 0x00007ffc4d170000 	C:\WINDOWS\System32\WS2_32.dll
0x00007ffc498f0000 - 0x00007ffc4994e000 	C:\WINDOWS\SYSTEM32\POWRPROF.dll
0x00007ffc40e50000 - 0x00007ffc40e5b000 	C:\WINDOWS\SYSTEM32\VERSION.dll
0x00007ffc40fc0000 - 0x00007ffc40ff6000 	C:\WINDOWS\SYSTEM32\WINMM.dll
0x00007ffc498d0000 - 0x00007ffc498e4000 	C:\WINDOWS\SYSTEM32\UMPDC.dll
0x00007ffc48820000 - 0x00007ffc4883b000 	C:\WINDOWS\SYSTEM32\kernel.appcore.dll
0x00007ffc08670000 - 0x00007ffc0867a000 	c:\Users\Abina\.vscode\extensions\redhat.java-1.54.0-win32-x64\jre\21.0.10-win32-x86_64\bin\jimage.dll
0x00007ffc478e0000 - 0x00007ffc47b22000 	C:\WINDOWS\SYSTEM32\DBGHELP.DLL
0x00007ffc4c280000 - 0x00007ffc4c602000 	C:\WINDOWS\System32\combase.dll
0x00007ffc4c610000 - 0x00007ffc4c6e8000 	C:\WINDOWS\System32\OLEAUT32.dll
0x00007ffc2c720000 - 0x00007ffc2c75b000 	C:\WINDOWS\SYSTEM32\dbgcore.DLL
0x00007ffc4ac40000 - 0x00007ffc4ace5000 	C:\WINDOWS\System32\bcryptPrimitives.dll
0x00007ffc00ec0000 - 0x00007ffc00ecf000 	c:\Users\Abina\.vscode\extensions\redhat.java-1.54.0-win32-x64\jre\21.0.10-win32-x86_64\bin\instrument.dll
0x00007ffc00f90000 - 0x00007ffc00fb0000 	c:\Users\Abina\.vscode\extensions\redhat.java-1.54.0-win32-x64\jre\21.0.10-win32-x86_64\bin\java.dll
0x00007ffc4bb10000 - 0x00007ffc4c277000 	C:\WINDOWS\System32\SHELL32.dll
0x00007ffc4a980000 - 0x00007ffc4aaea000 	C:\WINDOWS\System32\wintypes.dll
0x00007ffc4a110000 - 0x00007ffc4a978000 	C:\WINDOWS\System32\windows.storage.dll
0x00007ffc4cb20000 - 0x00007ffc4cc18000 	C:\WINDOWS\System32\SHCORE.dll
0x00007ffc4b530000 - 0x00007ffc4b596000 	C:\WINDOWS\System32\shlwapi.dll
0x00007ffc499b0000 - 0x00007ffc499d9000 	C:\WINDOWS\SYSTEM32\profapi.dll
0x00007ffc00f70000 - 0x00007ffc00f88000 	c:\Users\Abina\.vscode\extensions\redhat.java-1.54.0-win32-x64\jre\21.0.10-win32-x86_64\bin\zip.dll
0x00007ffc08660000 - 0x00007ffc08670000 	C:\Users\Abina\.vscode\extensions\redhat.java-1.54.0-win32-x64\jre\21.0.10-win32-x86_64\bin\net.dll
0x00007ffc421a0000 - 0x00007ffc422cd000 	C:\WINDOWS\SYSTEM32\WINHTTP.dll
0x00007ffc48d90000 - 0x00007ffc48dfc000 	C:\WINDOWS\system32\mswsock.dll
0x00007ffc00f50000 - 0x00007ffc00f66000 	C:\Users\Abina\.vscode\extensions\redhat.java-1.54.0-win32-x64\jre\21.0.10-win32-x86_64\bin\nio.dll
0x00007ffc00eb0000 - 0x00007ffc00ec0000 	c:\Users\Abina\.vscode\extensions\redhat.java-1.54.0-win32-x64\jre\21.0.10-win32-x86_64\bin\verify.dll

JVMTI agents:
c:\Users\Abina\.vscode\extensions\redhat.java-1.54.0-win32-x64\lombok\lombok-1.18.39-4050.jar path:c:\Users\Abina\.vscode\extensions\redhat.java-1.54.0-win32-x64\jre\21.0.10-win32-x86_64\bin\instrument.dll, loaded, initialized, instrumentlib options:none

dbghelp: loaded successfully - version: 4.0.5 - missing functions: none
symbol engine: initialized successfully - sym options: 0x614 - pdb path: .;c:\Users\Abina\.vscode\extensions\redhat.java-1.54.0-win32-x64\jre\21.0.10-win32-x86_64\bin;C:\WINDOWS\SYSTEM32;C:\WINDOWS\WinSxS\amd64_microsoft.windows.common-controls_6595b64144ccf1df_6.0.26100.8115_none_3e075c82e3354f9c;c:\Users\Abina\.vscode\extensions\redhat.java-1.54.0-win32-x64\jre\21.0.10-win32-x86_64\bin\server

VM Arguments:
jvm_args: --add-modules=ALL-SYSTEM --add-opens=java.base/java.util=ALL-UNNAMED --add-opens=java.base/java.lang=ALL-UNNAMED --add-opens=java.base/sun.nio.fs=ALL-UNNAMED -Declipse.application=org.eclipse.jdt.ls.core.id1 -Dosgi.bundles.defaultStartLevel=4 -Declipse.product=org.eclipse.jdt.ls.core.product -Djava.import.generatesMetadataFilesAtProjectRoot=false -DDetectVMInstallationsJob.disabled=true -Dfile.encoding=utf8 -XX:+UseParallelGC -XX:GCTimeRatio=4 -XX:AdaptiveSizePolicyWeight=90 -Dsun.zip.disableMemoryMapping=true -Xmx2G -Xms100m -Xlog:disable -javaagent:c:\Users\Abina\.vscode\extensions\redhat.java-1.54.0-win32-x64\lombok\lombok-1.18.39-4050.jar 
java_command: c:\Users\Abina\.vscode\extensions\redhat.java-1.54.0-win32-x64\server\plugins\org.eclipse.equinox.launcher_1.7.100.v20251111-0406.jar -configuration c:\Users\Abina\AppData\Roaming\Code\User\globalStorage\redhat.java\1.54.0\config_ss_win -data c:\Users\Abina\AppData\Roaming\Code\User\workspaceStorage\4b7f7d80164e17c7a29ae92a7ccfe082\redhat.java\ss_ws --pipe=\\.\pipe\lsp-e3f086776e465e43ad1d7777e37ce2ed-sock
java_class_path (initial): c:\Users\Abina\.vscode\extensions\redhat.java-1.54.0-win32-x64\server\plugins\org.eclipse.equinox.launcher_1.7.100.v20251111-0406.jar
Launcher Type: SUN_STANDARD

[Global flags]
    uintx AdaptiveSizePolicyWeight                 = 90                                        {product} {command line}
     intx CICompilerCount                          = 4                                         {product} {ergonomic}
    uintx GCTimeRatio                              = 4                                         {product} {command line}
   size_t InitialHeapSize                          = 104857600                                 {product} {command line}
   size_t MaxHeapSize                              = 2147483648                                {product} {command line}
   size_t MaxNewSize                               = 715653120                                 {product} {ergonomic}
   size_t MinHeapDeltaBytes                        = 524288                                    {product} {ergonomic}
   size_t MinHeapSize                              = 104857600                                 {product} {command line}
   size_t NewSize                                  = 34603008                                  {product} {ergonomic}
    uintx NonNMethodCodeHeapSize                   = 5839372                                {pd product} {ergonomic}
    uintx NonProfiledCodeHeapSize                  = 122909434                              {pd product} {ergonomic}
   size_t OldSize                                  = 70254592                                  {product} {ergonomic}
    uintx ProfiledCodeHeapSize                     = 122909434                              {pd product} {ergonomic}
    uintx ReservedCodeCacheSize                    = 251658240                              {pd product} {ergonomic}
     bool SegmentedCodeCache                       = true                                      {product} {ergonomic}
   size_t SoftMaxHeapSize                          = 2147483648                             {manageable} {ergonomic}
     bool UseCompressedOops                        = true                           {product lp64_product} {ergonomic}
     bool UseLargePagesIndividualAllocation        = false                                  {pd product} {ergonomic}
     bool UseParallelGC                            = true                                      {product} {command line}

Logging:
Log output configuration:
 #0: stdout all=off uptime,level,tags foldmultilines=false
 #1: stderr all=off uptime,level,tags foldmultilines=false

Release file:
JAVA_VERSION="21.0.10" 
MODULES="java.base java.compiler java.datatransfer java.xml java.prefs java.desktop java.instrument java.logging java.management java.security.sasl java.naming java.rmi java.management.rmi java.net.http java.scripting java.security.jgss java.transaction.xa java.sql java.sql.rowset java.xml.crypto java.se java.smartcardio jdk.accessibility jdk.internal.jvmstat jdk.attach jdk.charsets jdk.internal.opt jdk.zipfs jdk.compiler jdk.crypto.ec jdk.crypto.cryptoki jdk.crypto.mscapi jdk.dynalink jdk.internal.ed jdk.editpad jdk.hotspot.agent jdk.httpserver jdk.internal.le jdk.internal.vm.ci jdk.internal.vm.compiler jdk.internal.vm.compiler.management jdk.jartool jdk.javadoc jdk.jcmd jdk.management jdk.management.agent jdk.jconsole jdk.jdeps jdk.jdwp.agent jdk.jdi jdk.jfr jdk.jshell jdk.jsobject jdk.jstatd jdk.localedata jdk.management.jfr jdk.naming.dns jdk.naming.rmi jdk.net jdk.nio.mapmode jdk.random jdk.sctp jdk.security.auth jdk.security.jgss jdk.unsupported jdk.unsupported.desktop jdk.xml.dom" 

Environment Variables:
PATH=C:\Users\Abina\AppData\Local\Programs\Microsoft VS Code;E:\Python\Python314\Scripts\;E:\Python\Python314\;C:\Python313\Scripts\;C:\Python313\;C:\Program Files\Common Files\Oracle\Java\javapath;C:\WINDOWS\system32;C:\WINDOWS;C:\WINDOWS\System32\Wbem;C:\WINDOWS\System32\WindowsPowerShell\v1.0\;C:\WINDOWS\System32\OpenSSH\;C:\Program Files\dotnet\;C:\ProgramData\ComposerSetup\bin;C:\Windows\System32;C:\Program Files\Java\jdk-17\bin;C:\Users\Abina\flutter\bin;C:\Program Files\PuTTY\;D:\ngrok-v3-stable-windows-amd64;c:\xampp\mysql\bin\;E:\Program Files\Git\cmd;C:\ProgramData\chocolatey\bin;C:\Users\Abina\AppData\Roaming\Python\Python313\Scripts;E:\Python\Scripts;E:\Python;E:\ffmpeg\bin;E:\php;D:\Program Files\nodejs;D:\Program Files\nodejs\;C:\Program Files\Tailscale\;E:\Python\Scripts\;E:\Python\;E:\Python\Python314\Scripts\;E:\Python\Python314\;C:\Users\Abina\AppData\Local\pnpm;C:\Users\Abina\AppData\Local\Microsoft\WindowsApps;C:\Users\Abina\AppData\Local\Programs\Microsoft VS Code\bin;C:\Users\Abina\AppData\Roaming\Composer\vendor\bin;C:\Windows\System32;C:\Program Files\Java\jdk-17\bin;C:\Users\Abina\flutter\bin;E:\JetBrains\PyCharm 2025.2.5\bin;E:\PyCharm Community Edition 2023.3.3\bin;;D:\ngrok-v3-stable-windows-amd64;c:\xampp\mysql\bin\;E:\php;D:\Program Files\nodejs;C:\Users\Abina\AppData\Roaming\npm;D:\cursor\resources\app\bin
USERNAME=Abina
OS=Windows_NT
PROCESSOR_IDENTIFIER=Intel64 Family 6 Model 140 Stepping 1, GenuineIntel
TMP=C:\Users\Abina\AppData\Local\Temp
TEMP=C:\Users\Abina\AppData\Local\Temp




Periodic native trim disabled

---------------  S Y S T E M  ---------------

OS:
 Windows 11 , 64 bit Build 26100 (10.0.26100.8246)
OS uptime: 0 days 0:21 hours
Hyper-V role detected

CPU: total 8 (initial active 8) (4 cores per cpu, 2 threads per core) family 6 model 140 stepping 1 microcode 0xbe, cx8, cmov, fxsr, ht, mmx, 3dnowpref, sse, sse2, sse3, ssse3, sse4.1, sse4.2, popcnt, lzcnt, tsc, tscinvbit, avx, avx2, aes, erms, clmul, bmi1, bmi2, adx, avx512f, avx512dq, avx512cd, avx512bw, avx512vl, sha, fma, vzeroupper, avx512_vpopcntdq, avx512_vpclmulqdq, avx512_vaes, avx512_vnni, clflush, clflushopt, clwb, avx512_vbmi2, avx512_vbmi, hv, rdtscp, rdpid, fsrm, gfni, avx512_bitalg, f16c, cet_ibt, cet_ss, avx512_ifma
Processor Information for the first 8 processors :
  Max Mhz: 2419, Current Mhz: 2419, Mhz Limit: 2419

Memory: 4k page, system-wide physical 7926M (636M free)
TotalPageFile size 14675M (AvailPageFile size 171M)
current process WorkingSet (physical memory assigned to process): 84M, peak: 84M
current process commit charge ("private bytes"): 236M, peak: 236M

vm_info: OpenJDK 64-Bit Server VM (21.0.10+7-LTS) for windows-amd64 JRE (21.0.10+7-LTS), built on 2026-01-20T00:00:00Z by "admin" with MS VC++ 17.12 (VS2022)

END.
