#
# There is insufficient memory for the Java Runtime Environment to continue.
# Native memory allocation (malloc) failed to allocate 149616 bytes. Error detail: Chunk::new
# Possible reasons:
#   The system is out of physical RAM or swap space
#   This process is running with CompressedOops enabled, and the Java Heap may be blocking the growth of the native heap
# Possible solutions:
#   Reduce memory load on the system
#   Increase physical memory or swap space
#   Check if swap backing store is full
#   Decrease Java heap size (-Xmx/-Xms)
#   Decrease number of Java threads
#   Decrease Java thread stack sizes (-Xss)
#   Set larger code cache with -XX:ReservedCodeCacheSize=
#   JVM is running with Unscaled Compressed Oops mode in which the Java heap is
#     placed in the first 4GB address space. The Java Heap base address is the
#     maximum limit for the native heap growth. Please use -XX:HeapBaseMinAddress
#     to set the Java Heap base and to place the Java Heap above 4GB virtual address.
# This output file may be truncated or incomplete.
#
#  Out of Memory Error (arena.cpp:168), pid=13068, tid=15832
#
# JRE version: OpenJDK Runtime Environment Temurin-21.0.10+7 (21.0.10+7) (build 21.0.10+7-LTS)
# Java VM: OpenJDK 64-Bit Server VM Temurin-21.0.10+7 (21.0.10+7-LTS, mixed mode, sharing, tiered, compressed oops, compressed class ptrs, parallel gc, windows-amd64)
# No core dump will be written. Minidumps are not enabled by default on client versions of Windows
#

---------------  S U M M A R Y ------------

Command Line: --add-modules=ALL-SYSTEM --add-opens=java.base/java.util=ALL-UNNAMED --add-opens=java.base/java.lang=ALL-UNNAMED --add-opens=java.base/sun.nio.fs=ALL-UNNAMED -Declipse.application=org.eclipse.jdt.ls.core.id1 -Dosgi.bundles.defaultStartLevel=4 -Declipse.product=org.eclipse.jdt.ls.core.product -Djava.import.generatesMetadataFilesAtProjectRoot=false -DDetectVMInstallationsJob.disabled=true -Dfile.encoding=utf8 -XX:+UseParallelGC -XX:GCTimeRatio=4 -XX:AdaptiveSizePolicyWeight=90 -Dsun.zip.disableMemoryMapping=true -Xmx2G -Xms100m -Xlog:disable -javaagent:c:\Users\Abina\.vscode\extensions\redhat.java-1.54.0-win32-x64\lombok\lombok-1.18.39-4050.jar c:\Users\Abina\.vscode\extensions\redhat.java-1.54.0-win32-x64\server\plugins\org.eclipse.equinox.launcher_1.7.100.v20251111-0406.jar -configuration c:\Users\Abina\AppData\Roaming\Code\User\globalStorage\redhat.java\1.54.0\config_ss_win -data c:\Users\Abina\AppData\Roaming\Code\User\workspaceStorage\4b7f7d80164e17c7a29ae92a7ccfe082\redhat.java\ss_ws --pipe=\\.\pipe\lsp-b6e534173219ccf7976165991bccba22-sock

Host: 11th Gen Intel(R) Core(TM) i5-1135G7 @ 2.40GHz, 8 cores, 7G,  Windows 11 , 64 bit Build 26100 (10.0.26100.8246)
Time: Wed May 13 02:10:39 2026 India Standard Time elapsed time: 2.893427 seconds (0d 0h 0m 2s)

---------------  T H R E A D  ---------------

Current thread (0x0000024bc28b2920):  JavaThread "C2 CompilerThread0" daemon [_thread_in_native, id=15832, stack(0x000000aae4c00000,0x000000aae4d00000) (1024K)]


Current CompileTask:
C2:2893 1661       4       jdk.internal.org.objectweb.asm.SymbolTable::addConstantUtf8 (98 bytes)

Stack: [0x000000aae4c00000,0x000000aae4d00000]
Native frames: (J=compiled Java code, j=interpreted, Vv=VM code, C=native code)
V  [jvm.dll+0x6d7a39]
V  [jvm.dll+0x8b4b26]
V  [jvm.dll+0x8b70de]
V  [jvm.dll+0x8b77c3]
V  [jvm.dll+0x284346]
V  [jvm.dll+0xc66ed]
V  [jvm.dll+0xc6c31]
V  [jvm.dll+0x2fb29e]
V  [jvm.dll+0x5fe884]
V  [jvm.dll+0x255b17]
V  [jvm.dll+0x255edd]
V  [jvm.dll+0x24e500]
V  [jvm.dll+0x24ba42]
V  [jvm.dll+0x1cb34e]
V  [jvm.dll+0x25b85d]
V  [jvm.dll+0x259dea]
V  [jvm.dll+0x3f857e]
V  [jvm.dll+0x85f59d]
V  [jvm.dll+0x6d626d]
C  [ucrtbase.dll+0x37b0]
C  [KERNEL32.DLL+0x2e8d7]
C  [ntdll.dll+0x8c3fc]


---------------  P R O C E S S  ---------------

Threads class SMR info:
_java_thread_list=0x0000024c05896d50, length=14, elements={
0x0000024babe32000, 0x0000024bc289dd10, 0x0000024bc28a07b0, 0x0000024bc28a9510,
0x0000024bc28ac200, 0x0000024bc28acc60, 0x0000024bc28ad6c0, 0x0000024bc28b2920,
0x0000024c05237580, 0x0000024c053ea1c0, 0x0000024c05628070, 0x0000024c05c7bdf0,
0x0000024c058985f0, 0x0000024c05df8ca0
}

Java Threads: ( => current thread )
  0x0000024babe32000 JavaThread "main"                              [_thread_in_vm, id=17172, stack(0x000000aae4200000,0x000000aae4300000) (1024K)]
  0x0000024bc289dd10 JavaThread "Reference Handler"          daemon [_thread_blocked, id=17972, stack(0x000000aae4600000,0x000000aae4700000) (1024K)]
  0x0000024bc28a07b0 JavaThread "Finalizer"                  daemon [_thread_blocked, id=15696, stack(0x000000aae4700000,0x000000aae4800000) (1024K)]
  0x0000024bc28a9510 JavaThread "Signal Dispatcher"          daemon [_thread_blocked, id=14152, stack(0x000000aae4800000,0x000000aae4900000) (1024K)]
  0x0000024bc28ac200 JavaThread "Attach Listener"            daemon [_thread_blocked, id=9996, stack(0x000000aae4900000,0x000000aae4a00000) (1024K)]
  0x0000024bc28acc60 JavaThread "Service Thread"             daemon [_thread_blocked, id=16812, stack(0x000000aae4a00000,0x000000aae4b00000) (1024K)]
  0x0000024bc28ad6c0 JavaThread "Monitor Deflation Thread"   daemon [_thread_blocked, id=18820, stack(0x000000aae4b00000,0x000000aae4c00000) (1024K)]
=>0x0000024bc28b2920 JavaThread "C2 CompilerThread0"         daemon [_thread_in_native, id=15832, stack(0x000000aae4c00000,0x000000aae4d00000) (1024K)]
  0x0000024c05237580 JavaThread "C1 CompilerThread0"         daemon [_thread_in_vm, id=17284, stack(0x000000aae4d00000,0x000000aae4e00000) (1024K)]
  0x0000024c053ea1c0 JavaThread "Common-Cleaner"             daemon [_thread_blocked, id=1396, stack(0x000000aae4e00000,0x000000aae4f00000) (1024K)]
  0x0000024c05628070 JavaThread "Notification Thread"        daemon [_thread_blocked, id=3160, stack(0x000000aae4f00000,0x000000aae5000000) (1024K)]
  0x0000024c05c7bdf0 JavaThread "C2 CompilerThread1"         daemon [_thread_blocked, id=12728, stack(0x000000aae5000000,0x000000aae5100000) (1024K)]
  0x0000024c058985f0 JavaThread "C2 CompilerThread2"         daemon [_thread_blocked, id=20532, stack(0x000000aae5700000,0x000000aae5800000) (1024K)]
  0x0000024c05df8ca0 JavaThread "Active Thread: Equinox Container: 8a9b2802-a8d4-4322-bfe0-1f764b3634e2"        [_thread_blocked, id=16988, stack(0x000000aae5800000,0x000000aae5900000) (1024K)]
Total: 14

Other Threads:
  0x0000024babeeeb50 VMThread "VM Thread"                           [id=5224, stack(0x000000aae4500000,0x000000aae4600000) (1024K)]
  0x0000024babe9c220 WatcherThread "VM Periodic Task Thread"        [id=9444, stack(0x000000aae4400000,0x000000aae4500000) (1024K)]
  0x0000024babe4f560 WorkerThread "GC Thread#0"                     [id=14120, stack(0x000000aae4300000,0x000000aae4400000) (1024K)]
  0x0000024c05838ec0 WorkerThread "GC Thread#1"                     [id=11684, stack(0x000000aae5100000,0x000000aae5200000) (1024K)]
  0x0000024c05838b10 WorkerThread "GC Thread#2"                     [id=6960, stack(0x000000aae5200000,0x000000aae5300000) (1024K)]
  0x0000024c05839d80 WorkerThread "GC Thread#3"                     [id=13128, stack(0x000000aae5300000,0x000000aae5400000) (1024K)]
  0x0000024c0583a4e0 WorkerThread "GC Thread#4"                     [id=12156, stack(0x000000aae5400000,0x000000aae5500000) (1024K)]
  0x0000024c05839620 WorkerThread "GC Thread#5"                     [id=21272, stack(0x000000aae5500000,0x000000aae5600000) (1024K)]
  0x0000024c05839270 WorkerThread "GC Thread#6"                     [id=11488, stack(0x000000aae5600000,0x000000aae5700000) (1024K)]
Total: 9

Threads with active compile tasks:
C2 CompilerThread0  2918 1661       4       jdk.internal.org.objectweb.asm.SymbolTable::addConstantUtf8 (98 bytes)
C1 CompilerThread0  2918 1669       3       sun.net.www.protocol.jar.Handler::parseContextSpec (150 bytes)
Total: 2

VM state: not at safepoint (normal execution)

VM Mutex/Monitor currently owned by a thread: None

Heap address: 0x0000000080000000, size: 2048 MB, Compressed Oops mode: 32-bit

CDS archive(s) mapped at: [0x0000024bc3000000-0x0000024bc3ba0000-0x0000024bc3ba0000), size 12189696, SharedBaseAddress: 0x0000024bc3000000, ArchiveRelocationMode: 1.
Compressed class space mapped at: 0x0000024bc4000000-0x0000024c04000000, reserved size: 1073741824
Narrow klass base: 0x0000024bc3000000, Narrow klass shift: 0, Narrow klass range: 0x100000000

GC Precious Log:
 CardTable entry size: 512
 CPUs: 8 total, 8 available
 Memory: 7926M
 Large Page Support: Disabled
 NUMA Support: Disabled
 Compressed Oops: Enabled (32-bit)
 Alignments: Space 512K, Generation 512K, Heap 2M
 Heap Min Capacity: 100M
 Heap Initial Capacity: 100M
 Heap Max Capacity: 2G
 Pre-touch: Disabled
 Parallel Workers: 8

Heap:
 PSYoungGen      total 29696K, used 22251K [0x00000000d5580000, 0x00000000d7680000, 0x0000000100000000)
  eden space 25600K, 74% used [0x00000000d5580000,0x00000000d6801028,0x00000000d6e80000)
  from space 4096K, 80% used [0x00000000d6e80000,0x00000000d71b9e98,0x00000000d7280000)
  to   space 4096K, 0% used [0x00000000d7280000,0x00000000d7280000,0x00000000d7680000)
 ParOldGen       total 68608K, used 16K [0x0000000080000000, 0x0000000084300000, 0x00000000d5580000)
  object space 68608K, 0% used [0x0000000080000000,0x0000000080004000,0x0000000084300000)
 Metaspace       used 7360K, committed 7616K, reserved 1114112K
  class space    used 761K, committed 896K, reserved 1048576K

Card table byte_map: [0x0000024bab800000,0x0000024babc10000] _byte_map_base: 0x0000024bab400000

Marking Bits: (ParMarkBitMap*) 0x00007ffe70963450
 Begin Bits: [0x0000024bbe2e0000, 0x0000024bc02e0000)
 End Bits:   [0x0000024bc02e0000, 0x0000024bc22e0000)

Polling page: 0x0000024bab5f0000

Metaspace:

Usage:
  Non-class:      6.45 MB used.
      Class:    762.54 KB used.
       Both:      7.19 MB used.

Virtual space:
  Non-class space:       64.00 MB reserved,       6.56 MB ( 10%) committed,  1 nodes.
      Class space:        1.00 GB reserved,     896.00 KB ( <1%) committed,  1 nodes.
             Both:        1.06 GB reserved,       7.44 MB ( <1%) committed. 

Chunk freelists:
   Non-Class:  9.20 MB
       Class:  14.97 MB
        Both:  24.17 MB

MaxMetaspaceSize: unlimited
CompressedClassSpaceSize: 1.00 GB
Initial GC threshold: 21.00 MB
Current GC threshold: 21.00 MB
CDS: on
 - commit_granule_bytes: 65536.
 - commit_granule_words: 8192.
 - virtual_space_node_default_size: 8388608.
 - enlarge_chunks_in_place: 1.
 - use_allocation_guard: 0.


Internal statistics:

num_allocs_failed_limit: 0.
num_arena_births: 216.
num_arena_deaths: 0.
num_vsnodes_births: 2.
num_vsnodes_deaths: 0.
num_space_committed: 119.
num_space_uncommitted: 0.
num_chunks_returned_to_freelist: 0.
num_chunks_taken_from_freelist: 385.
num_chunk_merges: 0.
num_chunk_splits: 249.
num_chunks_enlarged: 161.
num_inconsistent_stats: 0.

CodeHeap 'non-profiled nmethods': size=120000Kb used=753Kb max_used=753Kb free=119247Kb
 bounds [0x0000024bb6b00000, 0x0000024bb6d70000, 0x0000024bbe030000]
CodeHeap 'profiled nmethods': size=120000Kb used=2822Kb max_used=2822Kb free=117177Kb
 bounds [0x0000024baf030000, 0x0000024baf300000, 0x0000024bb6560000]
CodeHeap 'non-nmethods': size=5760Kb used=1222Kb max_used=1251Kb free=4538Kb
 bounds [0x0000024bb6560000, 0x0000024bb67d0000, 0x0000024bb6b00000]
CodeCache: size=245760Kb, used=4797Kb, max_used=4826Kb, free=240962Kb
 total_blobs=2145, nmethods=1667, adapters=385, full_count=0
Compilation: enabled, stopped_count=0, restarted_count=0

Compilation events (20 events):
Event: 2.867 Thread 0x0000024c05237580 1649       3       java.util.zip.InflaterInputStream::close (34 bytes)
Event: 2.868 Thread 0x0000024c05237580 nmethod 1649 0x0000024baf2e6710 code [0x0000024baf2e68e0, 0x0000024baf2e6b80]
Event: 2.868 Thread 0x0000024c05237580 1650       3       java.util.zip.ZipFile$InflaterCleanupAction::run (12 bytes)
Event: 2.868 Thread 0x0000024c05237580 nmethod 1650 0x0000024baf2e6c90 code [0x0000024baf2e6e40, 0x0000024baf2e6fa0]
Event: 2.871 Thread 0x0000024c05237580 1652       1       lombok.patcher.ScriptManager::access$0 (5 bytes)
Event: 2.872 Thread 0x0000024c05237580 nmethod 1652 0x0000024bb6bb6f90 code [0x0000024bb6bb7120, 0x0000024bb6bb71d0]
Event: 2.872 Thread 0x0000024c05237580 1655   !   3       java.lang.ClassLoader::loadClass (121 bytes)
Event: 2.873 Thread 0x0000024bc28b2920 nmethod 1644 0x0000024bb6bb7290 code [0x0000024bb6bb74e0, 0x0000024bb6bb81d8]
Event: 2.873 Thread 0x0000024c05237580 nmethod 1655 0x0000024baf2e7090 code [0x0000024baf2e7360, 0x0000024baf2e7fd8]
Event: 2.873 Thread 0x0000024c05237580 1653       1       lombok.patcher.ScriptManager::access$2 (5 bytes)
Event: 2.873 Thread 0x0000024c05237580 nmethod 1653 0x0000024bb6bb8d10 code [0x0000024bb6bb8ea0, 0x0000024bb6bb8f50]
Event: 2.873 Thread 0x0000024c05237580 1654       1       lombok.patcher.ScriptManager::access$1 (5 bytes)
Event: 2.873 Thread 0x0000024c05237580 nmethod 1654 0x0000024bb6bb9010 code [0x0000024bb6bb91a0, 0x0000024bb6bb9250]
Event: 2.881 Thread 0x0000024c05237580 1656       3       java.lang.ClassNotFoundException::<init> (7 bytes)
Event: 2.881 Thread 0x0000024c05237580 nmethod 1656 0x0000024baf2e8690 code [0x0000024baf2e8840, 0x0000024baf2e8a40]
Event: 2.882 Thread 0x0000024c05237580 1657       3       java.lang.ClassLoader::compareCerts (197 bytes)
Event: 2.883 Thread 0x0000024c05237580 nmethod 1657 0x0000024baf2e8b10 code [0x0000024baf2e8d40, 0x0000024baf2e9578]
Event: 2.884 Thread 0x0000024c05237580 1659       3       sun.invoke.util.VerifyAccess::isTypeVisible (47 bytes)
Event: 2.884 Thread 0x0000024bc28b2920 1661       4       jdk.internal.org.objectweb.asm.SymbolTable::addConstantUtf8 (98 bytes)
Event: 2.884 Thread 0x0000024c05237580 nmethod 1659 0x0000024baf2e9890 code [0x0000024baf2e9a80, 0x0000024baf2e9e68]

GC Heap History (2 events):
Event: 2.068 GC heap before
{Heap before GC invocations=1 (full 0):
 PSYoungGen      total 29696K, used 25600K [0x00000000d5580000, 0x00000000d7680000, 0x0000000100000000)
  eden space 25600K, 100% used [0x00000000d5580000,0x00000000d6e80000,0x00000000d6e80000)
  from space 4096K, 0% used [0x00000000d7280000,0x00000000d7280000,0x00000000d7680000)
  to   space 4096K, 0% used [0x00000000d6e80000,0x00000000d6e80000,0x00000000d7280000)
 ParOldGen       total 68608K, used 0K [0x0000000080000000, 0x0000000084300000, 0x00000000d5580000)
  object space 68608K, 0% used [0x0000000080000000,0x0000000080000000,0x0000000084300000)
 Metaspace       used 4356K, committed 4608K, reserved 1114112K
  class space    used 474K, committed 576K, reserved 1048576K
}
Event: 2.080 GC heap after
{Heap after GC invocations=1 (full 0):
 PSYoungGen      total 29696K, used 3303K [0x00000000d5580000, 0x00000000d7680000, 0x0000000100000000)
  eden space 25600K, 0% used [0x00000000d5580000,0x00000000d5580000,0x00000000d6e80000)
  from space 4096K, 80% used [0x00000000d6e80000,0x00000000d71b9e98,0x00000000d7280000)
  to   space 4096K, 0% used [0x00000000d7280000,0x00000000d7280000,0x00000000d7680000)
 ParOldGen       total 68608K, used 16K [0x0000000080000000, 0x0000000084300000, 0x00000000d5580000)
  object space 68608K, 0% used [0x0000000080000000,0x0000000080004000,0x0000000084300000)
 Metaspace       used 4356K, committed 4608K, reserved 1114112K
  class space    used 474K, committed 576K, reserved 1048576K
}

Dll operation events (8 events):
Event: 0.198 Loaded shared library c:\Users\Abina\.vscode\extensions\redhat.java-1.54.0-win32-x64\jre\21.0.10-win32-x86_64\bin\java.dll
Event: 0.342 Loaded shared library c:\Users\Abina\.vscode\extensions\redhat.java-1.54.0-win32-x64\jre\21.0.10-win32-x86_64\bin\zip.dll
Event: 0.383 Loaded shared library C:\Users\Abina\.vscode\extensions\redhat.java-1.54.0-win32-x64\jre\21.0.10-win32-x86_64\bin\instrument.dll
Event: 0.388 Loaded shared library C:\Users\Abina\.vscode\extensions\redhat.java-1.54.0-win32-x64\jre\21.0.10-win32-x86_64\bin\net.dll
Event: 0.395 Loaded shared library C:\Users\Abina\.vscode\extensions\redhat.java-1.54.0-win32-x64\jre\21.0.10-win32-x86_64\bin\nio.dll
Event: 0.400 Loaded shared library C:\Users\Abina\.vscode\extensions\redhat.java-1.54.0-win32-x64\jre\21.0.10-win32-x86_64\bin\zip.dll
Event: 0.435 Loaded shared library C:\Users\Abina\.vscode\extensions\redhat.java-1.54.0-win32-x64\jre\21.0.10-win32-x86_64\bin\jimage.dll
Event: 0.646 Loaded shared library c:\Users\Abina\.vscode\extensions\redhat.java-1.54.0-win32-x64\jre\21.0.10-win32-x86_64\bin\verify.dll

Deoptimization events (20 events):
Event: 2.502 Thread 0x0000024babe32000 DEOPT PACKING pc=0x0000024baf0cd48d sp=0x000000aae42f8170
Event: 2.502 Thread 0x0000024babe32000 DEOPT UNPACKING pc=0x0000024bb65b78e2 sp=0x000000aae42f7620 mode 0
Event: 2.531 Thread 0x0000024babe32000 DEOPT PACKING pc=0x0000024baf0cd48d sp=0x000000aae42f4620
Event: 2.531 Thread 0x0000024babe32000 DEOPT UNPACKING pc=0x0000024bb65b78e2 sp=0x000000aae42f3ad0 mode 0
Event: 2.533 Thread 0x0000024babe32000 DEOPT PACKING pc=0x0000024baf0cd48d sp=0x000000aae42f4620
Event: 2.533 Thread 0x0000024babe32000 DEOPT UNPACKING pc=0x0000024bb65b78e2 sp=0x000000aae42f3ad0 mode 0
Event: 2.553 Thread 0x0000024babe32000 DEOPT PACKING pc=0x0000024baf0cd48d sp=0x000000aae42f8080
Event: 2.553 Thread 0x0000024babe32000 DEOPT UNPACKING pc=0x0000024bb65b78e2 sp=0x000000aae42f7530 mode 0
Event: 2.793 Thread 0x0000024babe32000 Uncommon trap: trap_request=0xffffff45 fr.pc=0x0000024bb6b85f4c relative=0x00000000000000ac
Event: 2.793 Thread 0x0000024babe32000 Uncommon trap: reason=unstable_if action=reinterpret pc=0x0000024bb6b85f4c method=java.util.concurrent.locks.ReentrantLock$NonfairSync.initialTryLock()Z @ 10 c2
Event: 2.793 Thread 0x0000024babe32000 DEOPT PACKING pc=0x0000024bb6b85f4c sp=0x000000aae42feb30
Event: 2.793 Thread 0x0000024babe32000 DEOPT UNPACKING pc=0x0000024bb65b6da2 sp=0x000000aae42feac0 mode 2
Event: 2.794 Thread 0x0000024babe32000 Uncommon trap: trap_request=0xffffff45 fr.pc=0x0000024bb6b85334 relative=0x0000000000000094
Event: 2.794 Thread 0x0000024babe32000 Uncommon trap: reason=unstable_if action=reinterpret pc=0x0000024bb6b85334 method=java.util.concurrent.locks.ReentrantLock$Sync.tryRelease(I)Z @ 26 c2
Event: 2.794 Thread 0x0000024babe32000 DEOPT PACKING pc=0x0000024bb6b85334 sp=0x000000aae42fec00
Event: 2.794 Thread 0x0000024babe32000 DEOPT UNPACKING pc=0x0000024bb65b6da2 sp=0x000000aae42feb80 mode 2
Event: 2.842 Thread 0x0000024babe32000 Uncommon trap: trap_request=0xffffff45 fr.pc=0x0000024bb6b84fe0 relative=0x0000000000000040
Event: 2.842 Thread 0x0000024babe32000 Uncommon trap: reason=unstable_if action=reinterpret pc=0x0000024bb6b84fe0 method=java.util.concurrent.locks.AbstractQueuedSynchronizer.signalNext(Ljava/util/concurrent/locks/AbstractQueuedSynchronizer$Node;)V @ 1 c2
Event: 2.842 Thread 0x0000024babe32000 DEOPT PACKING pc=0x0000024bb6b84fe0 sp=0x000000aae42fe930
Event: 2.842 Thread 0x0000024babe32000 DEOPT UNPACKING pc=0x0000024bb65b6da2 sp=0x000000aae42fe8c0 mode 2

Classes loaded (20 events):
Event: 2.833 Loading class java/util/concurrent/RunnableFuture done
Event: 2.833 Loading class java/util/concurrent/ScheduledFuture
Event: 2.833 Loading class java/util/concurrent/Delayed
Event: 2.833 Loading class java/util/concurrent/Delayed done
Event: 2.833 Loading class java/util/concurrent/ScheduledFuture done
Event: 2.833 Loading class java/util/concurrent/RunnableScheduledFuture done
Event: 2.835 Loading class java/util/concurrent/ScheduledThreadPoolExecutor$ScheduledFutureTask
Event: 2.835 Loading class java/util/concurrent/FutureTask
Event: 2.836 Loading class java/util/concurrent/FutureTask done
Event: 2.836 Loading class java/util/concurrent/ScheduledThreadPoolExecutor$ScheduledFutureTask done
Event: 2.836 Loading class java/util/concurrent/FutureTask$WaitNode
Event: 2.836 Loading class java/util/concurrent/FutureTask$WaitNode done
Event: 2.836 Loading class java/util/concurrent/Executors$RunnableAdapter
Event: 2.836 Loading class java/util/concurrent/Executors$RunnableAdapter done
Event: 2.836 Loading class java/util/concurrent/ThreadPoolExecutor$Worker
Event: 2.836 Loading class java/util/concurrent/ThreadPoolExecutor$Worker done
Event: 2.867 Loading class java/util/ArrayList$ListItr
Event: 2.867 Loading class java/util/ArrayList$ListItr done
Event: 2.870 Loading class java/net/ContentHandlerFactory
Event: 2.871 Loading class java/net/ContentHandlerFactory done

Classes unloaded (0 events):
No events

Classes redefined (0 events):
No events

Internal exceptions (20 events):
Event: 1.380 Thread 0x0000024babe32000 Exception <a 'java/lang/NoSuchMethodError'{0x00000000d653ab00}: 'java.lang.Object java.lang.invoke.DirectMethodHandle$Holder.invokeInterface(java.lang.Object, java.lang.Object)'> (0x00000000d653ab00) 
thrown [s\src\hotspot\share\interpreter\linkResolver.cpp, line 773]
Event: 1.386 Thread 0x0000024babe32000 Exception <a 'java/lang/NoSuchMethodError'{0x00000000d654e090}: 'java.lang.Object java.lang.invoke.Invokers$Holder.invokeExact_MT(java.lang.Object, java.lang.Object, java.lang.Object, java.lang.Object, java.lang.Object, java.lang.Object)'> (0x00000000d654e090) 
thrown [s\src\hotspot\share\interpreter\linkResolver.cpp, line 773]
Event: 1.395 Thread 0x0000024babe32000 Exception <a 'java/lang/NoSuchMethodError'{0x00000000d6565168}: 'int java.lang.invoke.DirectMethodHandle$Holder.invokeStatic(java.lang.Object, java.lang.Object, java.lang.Object, java.lang.Object, java.lang.Object)'> (0x00000000d6565168) 
thrown [s\src\hotspot\share\interpreter\linkResolver.cpp, line 773]
Event: 1.474 Thread 0x0000024babe32000 Exception <a 'java/lang/NoSuchMethodError'{0x00000000d65fa140}: 'java.lang.Object java.lang.invoke.DirectMethodHandle$Holder.invokeInterface(java.lang.Object, java.lang.Object, int)'> (0x00000000d65fa140) 
thrown [s\src\hotspot\share\interpreter\linkResolver.cpp, line 773]
Event: 1.880 Thread 0x0000024babe32000 Exception <a 'java/lang/NoSuchMethodError'{0x00000000d6a62998}: 'java.lang.ClassLoader java.lang.ClassLoader.getPlatformClassLoader(java.lang.Class)'> (0x00000000d6a62998) 
thrown [s\src\hotspot\share\interpreter\linkResolver.cpp, line 773]
Event: 2.083 Thread 0x0000024babe32000 Exception <a 'java/lang/ClassNotFoundException'{0x00000000d5581f98}: sun/net/www/protocol/c/Handler> (0x00000000d5581f98) 
thrown [s\src\hotspot\share\classfile\systemDictionary.cpp, line 312]
Event: 2.084 Thread 0x0000024babe32000 Exception <a 'java/lang/ClassNotFoundException'{0x00000000d55832f8}: sun/net/www/protocol/d/Handler> (0x00000000d55832f8) 
thrown [s\src\hotspot\share\classfile\systemDictionary.cpp, line 312]
Event: 2.084 Thread 0x0000024babe32000 Exception <a 'java/lang/ClassNotFoundException'{0x00000000d5584478}: sun/net/www/protocol/c/Handler> (0x00000000d5584478) 
thrown [s\src\hotspot\share\classfile\systemDictionary.cpp, line 312]
Event: 2.096 Thread 0x0000024babe32000 Exception <a 'java/io/FileNotFoundException'{0x00000000d55ac9a0}> (0x00000000d55ac9a0) 
thrown [s\src\hotspot\share\prims\jni.cpp, line 520]
Event: 2.155 Thread 0x0000024babe32000 Implicit null exception at 0x0000024bb6b62949 to 0x0000024bb6b632dc
Event: 2.155 Thread 0x0000024babe32000 Implicit null exception at 0x0000024bb6b73d9a to 0x0000024bb6b73fa0
Event: 2.162 Thread 0x0000024babe32000 Exception <a 'java/lang/NoSuchMethodError'{0x00000000d56dc3b8}: 'void java.lang.invoke.DirectMethodHandle$Holder.invokeStatic(java.lang.Object, java.lang.Object, java.lang.Object, java.lang.Object)'> (0x00000000d56dc3b8) 
thrown [s\src\hotspot\share\interpreter\linkResolver.cpp, line 773]
Event: 2.166 Thread 0x0000024babe32000 Implicit null exception at 0x0000024bb6b7051a to 0x0000024bb6b70724
Event: 2.369 Thread 0x0000024babe32000 Exception <a 'java/lang/NoSuchMethodError'{0x00000000d59a1530}: 'void java.lang.invoke.DirectMethodHandle$Holder.invokeSpecial(java.lang.Object, java.lang.Object, java.lang.Object)'> (0x00000000d59a1530) 
thrown [s\src\hotspot\share\interpreter\linkResolver.cpp, line 773]
Event: 2.750 Thread 0x0000024babe32000 Exception <a 'java/lang/NoSuchMethodError'{0x00000000d62bd570}: 'int java.lang.invoke.DirectMethodHandle$Holder.invokeVirtual(java.lang.Object, java.lang.Object)'> (0x00000000d62bd570) 
thrown [s\src\hotspot\share\interpreter\linkResolver.cpp, line 773]
Event: 2.817 Thread 0x0000024babe32000 Exception <a 'java/lang/NoSuchMethodError'{0x00000000d64313b0}: 'int java.lang.invoke.DirectMethodHandle$Holder.invokeStaticInit(java.lang.Object, java.lang.Object, java.lang.Object, java.lang.Object)'> (0x00000000d64313b0) 
thrown [s\src\hotspot\share\interpreter\linkResolver.cpp, line 773]
Event: 2.818 Thread 0x0000024babe32000 Exception <a 'java/lang/IncompatibleClassChangeError'{0x00000000d64397b8}: Found class java.lang.Object, but interface was expected> (0x00000000d64397b8) 
thrown [s\src\hotspot\share\interpreter\linkResolver.cpp, line 840]
Event: 2.818 Thread 0x0000024babe32000 Exception <a 'java/lang/NoSuchMethodError'{0x00000000d643fd68}: 'void java.lang.invoke.DirectMethodHandle$Holder.invokeStaticInit(java.lang.Object, java.lang.Object)'> (0x00000000d643fd68) 
thrown [s\src\hotspot\share\interpreter\linkResolver.cpp, line 773]
Event: 2.819 Thread 0x0000024babe32000 Exception <a 'java/lang/NoSuchMethodError'{0x00000000d6448f60}: 'int java.lang.invoke.DirectMethodHandle$Holder.invokeStaticInit(java.lang.Object, java.lang.Object)'> (0x00000000d6448f60) 
thrown [s\src\hotspot\share\interpreter\linkResolver.cpp, line 773]
Event: 2.884 Thread 0x0000024babe32000 Exception <a 'java/lang/NoSuchMethodError'{0x00000000d66902e0}: 'java.lang.Object java.lang.invoke.DirectMethodHandle$Holder.newInvokeSpecial(java.lang.Object, int, java.lang.Object)'> (0x00000000d66902e0) 
thrown [s\src\hotspot\share\interpreter\linkResolver.cpp, line 773]

ZGC Phase Switch (0 events):
No events

VM Operations (18 events):
Event: 0.337 Executing non-safepoint VM operation: HandshakeAllThreads (Deoptimize)
Event: 0.337 Executing non-safepoint VM operation: HandshakeAllThreads (Deoptimize) done
Event: 0.462 Executing non-safepoint VM operation: HandshakeAllThreads (Deoptimize)
Event: 0.462 Executing non-safepoint VM operation: HandshakeAllThreads (Deoptimize) done
Event: 1.212 Executing non-safepoint VM operation: HandshakeAllThreads (Deoptimize)
Event: 1.212 Executing non-safepoint VM operation: HandshakeAllThreads (Deoptimize) done
Event: 1.266 Executing non-safepoint VM operation: HandshakeAllThreads (Deoptimize)
Event: 1.266 Executing non-safepoint VM operation: HandshakeAllThreads (Deoptimize) done
Event: 1.266 Executing safepoint VM operation: Cleanup
Event: 1.267 Executing safepoint VM operation: Cleanup done
Event: 2.009 Executing non-safepoint VM operation: HandshakeAllThreads (Deoptimize)
Event: 2.009 Executing non-safepoint VM operation: HandshakeAllThreads (Deoptimize) done
Event: 2.068 Executing safepoint VM operation: ParallelGCFailedAllocation (Allocation Failure)
Event: 2.080 Executing safepoint VM operation: ParallelGCFailedAllocation (Allocation Failure) done
Event: 2.854 Executing non-safepoint VM operation: HandshakeAllThreads (Deoptimize)
Event: 2.854 Executing non-safepoint VM operation: HandshakeAllThreads (Deoptimize) done
Event: 2.867 Executing non-safepoint VM operation: HandshakeAllThreads (Deoptimize)
Event: 2.868 Executing non-safepoint VM operation: HandshakeAllThreads (Deoptimize) done

Memory protections (0 events):
No events

Nmethod flushes (0 events):
No events

Events (20 events):
Event: 0.224 Thread 0x0000024babe32000 Thread added: 0x0000024babe32000
Event: 0.276 Thread 0x0000024babe32000 Thread added: 0x0000024bc289dd10
Event: 0.276 Thread 0x0000024babe32000 Thread added: 0x0000024bc28a07b0
Event: 0.277 Thread 0x0000024babe32000 Thread added: 0x0000024bc28a9510
Event: 0.277 Thread 0x0000024babe32000 Thread added: 0x0000024bc28ac200
Event: 0.277 Thread 0x0000024babe32000 Thread added: 0x0000024bc28acc60
Event: 0.277 Thread 0x0000024babe32000 Thread added: 0x0000024bc28ad6c0
Event: 0.277 Thread 0x0000024babe32000 Thread added: 0x0000024bc28b2920
Event: 0.279 Thread 0x0000024babe32000 Thread added: 0x0000024c05237580
Event: 0.385 Thread 0x0000024babe32000 Thread added: 0x0000024c053ea1c0
Event: 0.553 Thread 0x0000024bc28b2920 Thread added: 0x0000024c0545cd20
Event: 0.663 Thread 0x0000024c0545cd20 Thread exited: 0x0000024c0545cd20
Event: 0.846 Thread 0x0000024babe32000 Thread added: 0x0000024c05628070
Event: 1.054 Thread 0x0000024c05237580 Thread added: 0x0000024c0552db80
Event: 1.596 Thread 0x0000024c0552db80 Thread exited: 0x0000024c0552db80
Event: 1.718 Thread 0x0000024bc28b2920 Thread added: 0x0000024c05b28da0
Event: 2.217 Thread 0x0000024c05b28da0 Thread exited: 0x0000024c05b28da0
Event: 2.445 Thread 0x0000024c05237580 Thread added: 0x0000024c05c7bdf0
Event: 2.445 Thread 0x0000024c05237580 Thread added: 0x0000024c058985f0
Event: 2.837 Thread 0x0000024babe32000 Thread added: 0x0000024c05df8ca0


Dynamic libraries:
0x00007ff6cedf0000 - 0x00007ff6cedfe000 	c:\Users\Abina\.vscode\extensions\redhat.java-1.54.0-win32-x64\jre\21.0.10-win32-x86_64\bin\java.exe
0x00007ffef3ea0000 - 0x00007ffef4107000 	C:\WINDOWS\SYSTEM32\ntdll.dll
0x00007ffef3680000 - 0x00007ffef3749000 	C:\WINDOWS\System32\KERNEL32.DLL
0x00007ffef08e0000 - 0x00007ffef0cd4000 	C:\WINDOWS\System32\KERNELBASE.dll
0x00007ffef1810000 - 0x00007ffef195b000 	C:\WINDOWS\System32\ucrtbase.dll
0x00007ffeddcc0000 - 0x00007ffeddcd8000 	c:\Users\Abina\.vscode\extensions\redhat.java-1.54.0-win32-x64\jre\21.0.10-win32-x86_64\bin\jli.dll
0x00007ffef2320000 - 0x00007ffef24e5000 	C:\WINDOWS\System32\USER32.dll
0x00007ffef0e10000 - 0x00007ffef0e37000 	C:\WINDOWS\System32\win32u.dll
0x00007ffef33f0000 - 0x00007ffef341b000 	C:\WINDOWS\System32\GDI32.dll
0x00007ffef0ce0000 - 0x00007ffef0e0b000 	C:\WINDOWS\System32\gdi32full.dll
0x00007ffeddc60000 - 0x00007ffeddc7e000 	c:\Users\Abina\.vscode\extensions\redhat.java-1.54.0-win32-x64\jre\21.0.10-win32-x86_64\bin\VCRUNTIME140.dll
0x00007ffed66c0000 - 0x00007ffed6953000 	C:\WINDOWS\WinSxS\amd64_microsoft.windows.common-controls_6595b64144ccf1df_6.0.26100.8115_none_3e075c82e3354f9c\COMCTL32.dll
0x00007ffef2270000 - 0x00007ffef2319000 	C:\WINDOWS\System32\msvcrt.dll
0x00007ffef1760000 - 0x00007ffef1803000 	C:\WINDOWS\System32\msvcp_win.dll
0x00007ffef3920000 - 0x00007ffef3952000 	C:\WINDOWS\System32\IMM32.DLL
0x00007ffee1d40000 - 0x00007ffee1d4c000 	c:\Users\Abina\.vscode\extensions\redhat.java-1.54.0-win32-x64\jre\21.0.10-win32-x86_64\bin\vcruntime140_1.dll
0x00007ffede340000 - 0x00007ffede3cd000 	c:\Users\Abina\.vscode\extensions\redhat.java-1.54.0-win32-x64\jre\21.0.10-win32-x86_64\bin\msvcp140.dll
0x00007ffe6fca0000 - 0x00007ffe70a41000 	c:\Users\Abina\.vscode\extensions\redhat.java-1.54.0-win32-x64\jre\21.0.10-win32-x86_64\bin\server\jvm.dll
0x00007ffef21b0000 - 0x00007ffef2266000 	C:\WINDOWS\System32\ADVAPI32.dll
0x00007ffef3ce0000 - 0x00007ffef3d87000 	C:\WINDOWS\System32\sechost.dll
0x00007ffef3bc0000 - 0x00007ffef3cd8000 	C:\WINDOWS\System32\RPCRT4.dll
0x00007ffef3800000 - 0x00007ffef3880000 	C:\WINDOWS\System32\WS2_32.dll
0x00007ffef05d0000 - 0x00007ffef062e000 	C:\WINDOWS\SYSTEM32\POWRPROF.dll
0x00007ffee95a0000 - 0x00007ffee95d6000 	C:\WINDOWS\SYSTEM32\WINMM.dll
0x00007ffee1080000 - 0x00007ffee108b000 	C:\WINDOWS\SYSTEM32\VERSION.dll
0x00007ffef05b0000 - 0x00007ffef05c4000 	C:\WINDOWS\SYSTEM32\UMPDC.dll
0x00007ffeef500000 - 0x00007ffeef51b000 	C:\WINDOWS\SYSTEM32\kernel.appcore.dll
0x00007ffee1d30000 - 0x00007ffee1d3a000 	c:\Users\Abina\.vscode\extensions\redhat.java-1.54.0-win32-x64\jre\21.0.10-win32-x86_64\bin\jimage.dll
0x00007ffeee5c0000 - 0x00007ffeee802000 	C:\WINDOWS\SYSTEM32\DBGHELP.DLL
0x00007ffef1e20000 - 0x00007ffef21a2000 	C:\WINDOWS\System32\combase.dll
0x00007ffef31b0000 - 0x00007ffef3288000 	C:\WINDOWS\System32\OLEAUT32.dll
0x00007ffed3870000 - 0x00007ffed38ab000 	C:\WINDOWS\SYSTEM32\dbgcore.DLL
0x00007ffef16b0000 - 0x00007ffef1755000 	C:\WINDOWS\System32\bcryptPrimitives.dll
0x00007ffede400000 - 0x00007ffede40f000 	c:\Users\Abina\.vscode\extensions\redhat.java-1.54.0-win32-x64\jre\21.0.10-win32-x86_64\bin\instrument.dll
0x00007ffede4a0000 - 0x00007ffede4c0000 	c:\Users\Abina\.vscode\extensions\redhat.java-1.54.0-win32-x64\jre\21.0.10-win32-x86_64\bin\java.dll
0x00007ffef25b0000 - 0x00007ffef2d17000 	C:\WINDOWS\System32\SHELL32.dll
0x00007ffef0770000 - 0x00007ffef08da000 	C:\WINDOWS\System32\wintypes.dll
0x00007ffef0e40000 - 0x00007ffef16a8000 	C:\WINDOWS\System32\windows.storage.dll
0x00007ffef3ac0000 - 0x00007ffef3bb8000 	C:\WINDOWS\System32\SHCORE.dll
0x00007ffef2510000 - 0x00007ffef2576000 	C:\WINDOWS\System32\shlwapi.dll
0x00007ffef0690000 - 0x00007ffef06b9000 	C:\WINDOWS\SYSTEM32\profapi.dll
0x00007ffede410000 - 0x00007ffede428000 	c:\Users\Abina\.vscode\extensions\redhat.java-1.54.0-win32-x64\jre\21.0.10-win32-x86_64\bin\zip.dll
0x00007ffede460000 - 0x00007ffede470000 	C:\Users\Abina\.vscode\extensions\redhat.java-1.54.0-win32-x64\jre\21.0.10-win32-x86_64\bin\net.dll
0x00007ffee3860000 - 0x00007ffee398d000 	C:\WINDOWS\SYSTEM32\WINHTTP.dll
0x00007ffeefa70000 - 0x00007ffeefadc000 	C:\WINDOWS\system32\mswsock.dll
0x00007ffede320000 - 0x00007ffede336000 	C:\Users\Abina\.vscode\extensions\redhat.java-1.54.0-win32-x64\jre\21.0.10-win32-x86_64\bin\nio.dll
0x00007ffede310000 - 0x00007ffede320000 	c:\Users\Abina\.vscode\extensions\redhat.java-1.54.0-win32-x64\jre\21.0.10-win32-x86_64\bin\verify.dll

JVMTI agents:
c:\Users\Abina\.vscode\extensions\redhat.java-1.54.0-win32-x64\lombok\lombok-1.18.39-4050.jar path:c:\Users\Abina\.vscode\extensions\redhat.java-1.54.0-win32-x64\jre\21.0.10-win32-x86_64\bin\instrument.dll, loaded, initialized, instrumentlib options:none

dbghelp: loaded successfully - version: 4.0.5 - missing functions: none
symbol engine: initialized successfully - sym options: 0x614 - pdb path: .;c:\Users\Abina\.vscode\extensions\redhat.java-1.54.0-win32-x64\jre\21.0.10-win32-x86_64\bin;C:\WINDOWS\SYSTEM32;C:\WINDOWS\WinSxS\amd64_microsoft.windows.common-controls_6595b64144ccf1df_6.0.26100.8115_none_3e075c82e3354f9c;c:\Users\Abina\.vscode\extensions\redhat.java-1.54.0-win32-x64\jre\21.0.10-win32-x86_64\bin\server

VM Arguments:
jvm_args: --add-modules=ALL-SYSTEM --add-opens=java.base/java.util=ALL-UNNAMED --add-opens=java.base/java.lang=ALL-UNNAMED --add-opens=java.base/sun.nio.fs=ALL-UNNAMED -Declipse.application=org.eclipse.jdt.ls.core.id1 -Dosgi.bundles.defaultStartLevel=4 -Declipse.product=org.eclipse.jdt.ls.core.product -Djava.import.generatesMetadataFilesAtProjectRoot=false -DDetectVMInstallationsJob.disabled=true -Dfile.encoding=utf8 -XX:+UseParallelGC -XX:GCTimeRatio=4 -XX:AdaptiveSizePolicyWeight=90 -Dsun.zip.disableMemoryMapping=true -Xmx2G -Xms100m -Xlog:disable -javaagent:c:\Users\Abina\.vscode\extensions\redhat.java-1.54.0-win32-x64\lombok\lombok-1.18.39-4050.jar 
java_command: c:\Users\Abina\.vscode\extensions\redhat.java-1.54.0-win32-x64\server\plugins\org.eclipse.equinox.launcher_1.7.100.v20251111-0406.jar -configuration c:\Users\Abina\AppData\Roaming\Code\User\globalStorage\redhat.java\1.54.0\config_ss_win -data c:\Users\Abina\AppData\Roaming\Code\User\workspaceStorage\4b7f7d80164e17c7a29ae92a7ccfe082\redhat.java\ss_ws --pipe=\\.\pipe\lsp-b6e534173219ccf7976165991bccba22-sock
java_class_path (initial): c:\Users\Abina\.vscode\extensions\redhat.java-1.54.0-win32-x64\server\plugins\org.eclipse.equinox.launcher_1.7.100.v20251111-0406.jar
Launcher Type: SUN_STANDARD

[Global flags]
    uintx AdaptiveSizePolicyWeight                 = 90                                        {product} {command line}
     intx CICompilerCount                          = 4                                         {product} {ergonomic}
    uintx GCTimeRatio                              = 4                                         {product} {command line}
   size_t InitialHeapSize                          = 104857600                                 {product} {command line}
   size_t MaxHeapSize                              = 2147483648                                {product} {command line}
   size_t MaxNewSize                               = 715653120                                 {product} {ergonomic}
   size_t MinHeapDeltaBytes                        = 524288                                    {product} {ergonomic}
   size_t MinHeapSize                              = 104857600                                 {product} {command line}
   size_t NewSize                                  = 34603008                                  {product} {ergonomic}
    uintx NonNMethodCodeHeapSize                   = 5839372                                {pd product} {ergonomic}
    uintx NonProfiledCodeHeapSize                  = 122909434                              {pd product} {ergonomic}
   size_t OldSize                                  = 70254592                                  {product} {ergonomic}
    uintx ProfiledCodeHeapSize                     = 122909434                              {pd product} {ergonomic}
    uintx ReservedCodeCacheSize                    = 251658240                              {pd product} {ergonomic}
     bool SegmentedCodeCache                       = true                                      {product} {ergonomic}
   size_t SoftMaxHeapSize                          = 2147483648                             {manageable} {ergonomic}
     bool UseCompressedOops                        = true                           {product lp64_product} {ergonomic}
     bool UseLargePagesIndividualAllocation        = false                                  {pd product} {ergonomic}
     bool UseParallelGC                            = true                                      {product} {command line}

Logging:
Log output configuration:
 #0: stdout all=off uptime,level,tags foldmultilines=false
 #1: stderr all=off uptime,level,tags foldmultilines=false

Release file:
JAVA_VERSION="21.0.10" 
MODULES="java.base java.compiler java.datatransfer java.xml java.prefs java.desktop java.instrument java.logging java.management java.security.sasl java.naming java.rmi java.management.rmi java.net.http java.scripting java.security.jgss java.transaction.xa java.sql java.sql.rowset java.xml.crypto java.se java.smartcardio jdk.accessibility jdk.internal.jvmstat jdk.attach jdk.charsets jdk.internal.opt jdk.zipfs jdk.compiler jdk.crypto.ec jdk.crypto.cryptoki jdk.crypto.mscapi jdk.dynalink jdk.internal.ed jdk.editpad jdk.hotspot.agent jdk.httpserver jdk.internal.le jdk.internal.vm.ci jdk.internal.vm.compiler jdk.internal.vm.compiler.management jdk.jartool jdk.javadoc jdk.jcmd jdk.management jdk.management.agent jdk.jconsole jdk.jdeps jdk.jdwp.agent jdk.jdi jdk.jfr jdk.jshell jdk.jsobject jdk.jstatd jdk.localedata jdk.management.jfr jdk.naming.dns jdk.naming.rmi jdk.net jdk.nio.mapmode jdk.random jdk.sctp jdk.security.auth jdk.security.jgss jdk.unsupported jdk.unsupported.desktop jdk.xml.dom" 

Environment Variables:
PATH=C:\Users\Abina\AppData\Local\Programs\Microsoft VS Code;E:\Python\Python314\Scripts\;E:\Python\Python314\;C:\Python313\Scripts\;C:\Python313\;C:\Program Files\Common Files\Oracle\Java\javapath;C:\WINDOWS\system32;C:\WINDOWS;C:\WINDOWS\System32\Wbem;C:\WINDOWS\System32\WindowsPowerShell\v1.0\;C:\WINDOWS\System32\OpenSSH\;C:\Program Files\dotnet\;C:\ProgramData\ComposerSetup\bin;C:\Windows\System32;C:\Program Files\Java\jdk-17\bin;C:\Users\Abina\flutter\bin;C:\Program Files\PuTTY\;D:\ngrok-v3-stable-windows-amd64;c:\xampp\mysql\bin\;E:\Program Files\Git\cmd;C:\ProgramData\chocolatey\bin;C:\Users\Abina\AppData\Roaming\Python\Python313\Scripts;E:\Python\Scripts;E:\Python;E:\ffmpeg\bin;E:\php;D:\Program Files\nodejs;D:\Program Files\nodejs\;C:\Program Files\Tailscale\;E:\Python\Scripts\;E:\Python\;E:\Python\Python314\Scripts\;E:\Python\Python314\;C:\Users\Abina\AppData\Local\pnpm;C:\Users\Abina\AppData\Local\Microsoft\WindowsApps;C:\Users\Abina\AppData\Local\Programs\Microsoft VS Code\bin;C:\Users\Abina\AppData\Roaming\Composer\vendor\bin;C:\Windows\System32;C:\Program Files\Java\jdk-17\bin;C:\Users\Abina\flutter\bin;E:\JetBrains\PyCharm 2025.2.5\bin;E:\PyCharm Community Edition 2023.3.3\bin;;D:\ngrok-v3-stable-windows-amd64;c:\xampp\mysql\bin\;E:\php;D:\Program Files\nodejs;C:\Users\Abina\AppData\Roaming\npm;D:\cursor\resources\app\bin
USERNAME=Abina
OS=Windows_NT
PROCESSOR_IDENTIFIER=Intel64 Family 6 Model 140 Stepping 1, GenuineIntel
TMP=C:\Users\Abina\AppData\Local\Temp
TEMP=C:\Users\Abina\AppData\Local\Temp




Periodic native trim disabled

---------------  S Y S T E M  ---------------

OS:
 Windows 11 , 64 bit Build 26100 (10.0.26100.8246)
OS uptime: 0 days 0:43 hours
Hyper-V role detected

CPU: total 8 (initial active 8) (4 cores per cpu, 2 threads per core) family 6 model 140 stepping 1 microcode 0xbe, cx8, cmov, fxsr, ht, mmx, 3dnowpref, sse, sse2, sse3, ssse3, sse4.1, sse4.2, popcnt, lzcnt, tsc, tscinvbit, avx, avx2, aes, erms, clmul, bmi1, bmi2, adx, avx512f, avx512dq, avx512cd, avx512bw, avx512vl, sha, fma, vzeroupper, avx512_vpopcntdq, avx512_vpclmulqdq, avx512_vaes, avx512_vnni, clflush, clflushopt, clwb, avx512_vbmi2, avx512_vbmi, hv, rdtscp, rdpid, fsrm, gfni, avx512_bitalg, f16c, cet_ibt, cet_ss, avx512_ifma
Processor Information for processor 0
  Max Mhz: 2419, Current Mhz: 2419, Mhz Limit: 2419
Processor Information for processor 1
  Max Mhz: 2419, Current Mhz: 2419, Mhz Limit: 2419
Processor Information for processor 2
  Max Mhz: 2419, Current Mhz: 2419, Mhz Limit: 2419
Processor Information for processor 3
  Max Mhz: 2419, Current Mhz: 2419, Mhz Limit: 2419
Processor Information for processor 4
  Max Mhz: 2419, Current Mhz: 2419, Mhz Limit: 2419
Processor Information for processor 5
  Max Mhz: 2419, Current Mhz: 1209, Mhz Limit: 2419
Processor Information for processor 6
  Max Mhz: 2419, Current Mhz: 2419, Mhz Limit: 2419
Processor Information for processor 7
  Max Mhz: 2419, Current Mhz: 1209, Mhz Limit: 2419

Memory: 4k page, system-wide physical 7926M (736M free)
TotalPageFile size 14530M (AvailPageFile size 2M)
current process WorkingSet (physical memory assigned to process): 89M, peak: 90M
current process commit charge ("private bytes"): 238M, peak: 239M

vm_info: OpenJDK 64-Bit Server VM (21.0.10+7-LTS) for windows-amd64 JRE (21.0.10+7-LTS), built on 2026-01-20T00:00:00Z by "admin" with MS VC++ 17.12 (VS2022)

END.
