#
# There is insufficient memory for the Java Runtime Environment to continue.
# Native memory allocation (malloc) failed to allocate 1048576 bytes. Error detail: AllocateHeap
# Possible reasons:
#   The system is out of physical RAM or swap space
#   This process is running with CompressedOops enabled, and the Java Heap may be blocking the growth of the native heap
# Possible solutions:
#   Reduce memory load on the system
#   Increase physical memory or swap space
#   Check if swap backing store is full
#   Decrease Java heap size (-Xmx/-Xms)
#   Decrease number of Java threads
#   Decrease Java thread stack sizes (-Xss)
#   Set larger code cache with -XX:ReservedCodeCacheSize=
#   JVM is running with Unscaled Compressed Oops mode in which the Java heap is
#     placed in the first 4GB address space. The Java Heap base address is the
#     maximum limit for the native heap growth. Please use -XX:HeapBaseMinAddress
#     to set the Java Heap base and to place the Java Heap above 4GB virtual address.
# This output file may be truncated or incomplete.
#
#  Out of Memory Error (allocation.cpp:44), pid=18024, tid=18148
#
# JRE version: OpenJDK Runtime Environment Temurin-21.0.10+7 (21.0.10+7) (build 21.0.10+7-LTS)
# Java VM: OpenJDK 64-Bit Server VM Temurin-21.0.10+7 (21.0.10+7-LTS, mixed mode, sharing, tiered, compressed oops, compressed class ptrs, parallel gc, windows-amd64)
# No core dump will be written. Minidumps are not enabled by default on client versions of Windows
#

---------------  S U M M A R Y ------------

Command Line: --add-modules=ALL-SYSTEM --add-opens=java.base/java.util=ALL-UNNAMED --add-opens=java.base/java.lang=ALL-UNNAMED --add-opens=java.base/sun.nio.fs=ALL-UNNAMED -Declipse.application=org.eclipse.jdt.ls.core.id1 -Dosgi.bundles.defaultStartLevel=4 -Declipse.product=org.eclipse.jdt.ls.core.product -Djava.import.generatesMetadataFilesAtProjectRoot=false -DDetectVMInstallationsJob.disabled=true -Dfile.encoding=utf8 -XX:+UseParallelGC -XX:GCTimeRatio=4 -XX:AdaptiveSizePolicyWeight=90 -Dsun.zip.disableMemoryMapping=true -Xmx2G -Xms100m -Xlog:disable -javaagent:c:\Users\Abina\.vscode\extensions\redhat.java-1.54.0-win32-x64\lombok\lombok-1.18.39-4050.jar -XX:+HeapDumpOnOutOfMemoryError -XX:HeapDumpPath=c:\Users\Abina\AppData\Roaming\Code\User\workspaceStorage\4b7f7d80164e17c7a29ae92a7ccfe082\redhat.java -Daether.dependencyCollector.impl=bf c:\Users\Abina\.vscode\extensions\redhat.java-1.54.0-win32-x64\server\plugins\org.eclipse.equinox.launcher_1.7.100.v20251111-0406.jar -configuration c:\Users\Abina\AppData\Roaming\Code\User\globalStorage\redhat.java\1.54.0\config_win -data c:\Users\Abina\AppData\Roaming\Code\User\workspaceStorage\4b7f7d80164e17c7a29ae92a7ccfe082\redhat.java\jdt_ws --pipe=\\.\pipe\lsp-4a317ddd122aab38aa70652d3fba8ad7-sock

Host: 11th Gen Intel(R) Core(TM) i5-1135G7 @ 2.40GHz, 8 cores, 7G,  Windows 11 , 64 bit Build 26100 (10.0.26100.8246)
Time: Tue May 12 23:16:23 2026 India Standard Time elapsed time: 2820.196111 seconds (0d 0h 47m 0s)

---------------  T H R E A D  ---------------

Current thread (0x000001a6232e7100):  JavaThread "Attach Listener" daemon [_thread_in_vm, id=18148, stack(0x000000683ff00000,0x0000006840000000) (1024K)]

Stack: [0x000000683ff00000,0x0000006840000000]
Native frames: (J=compiled Java code, j=interpreted, Vv=VM code, C=native code)
V  [jvm.dll+0x6d7a39]
V  [jvm.dll+0x8b4b26]
V  [jvm.dll+0x8b70de]
V  [jvm.dll+0x8b77c3]
V  [jvm.dll+0x284346]
V  [jvm.dll+0xc1277]
V  [jvm.dll+0x6d82e9]
V  [jvm.dll+0x1334a6]
V  [jvm.dll+0x3f857e]
V  [jvm.dll+0x85f59d]
V  [jvm.dll+0x6d626d]
C  [ucrtbase.dll+0x37b0]
C  [KERNEL32.DLL+0x2e8d7]
C  [ntdll.dll+0x8c3fc]


---------------  P R O C E S S  ---------------

Threads class SMR info:
_java_thread_list=0x000001a6051fdc90, length=35, elements={
0x000001a62336df80, 0x000001a623429880, 0x000001a62342c4d0, 0x000001a6232e66a0,
0x000001a6232e7100, 0x000001a6232e90c0, 0x000001a6232e9c50, 0x000001a6232eeab0,
0x000001a67c670240, 0x000001a67c855e00, 0x000001a67cb1d5a0, 0x000001a67d215d00,
0x000001a67d0d9c90, 0x000001a67d21c8e0, 0x000001a67d221340, 0x000001a67d83ea70,
0x000001a67d557ce0, 0x000001a62331c240, 0x000001a67c9e51a0, 0x000001a67c9e2a40,
0x000001a67c9e30d0, 0x000001a6043953a0, 0x000001a604395a30, 0x000001a604393ff0,
0x000001a604394680, 0x000001a604392c40, 0x000001a6043960c0, 0x000001a604393960,
0x000001a604396750, 0x000001a6043932d0, 0x000001a604396de0, 0x000001a604398190,
0x000001a604394d10, 0x000001a60439a260, 0x000001a67c9e3df0
}

Java Threads: ( => current thread )
  0x000001a62336df80 JavaThread "main"                              [_thread_blocked, id=7084, stack(0x000000683f800000,0x000000683f900000) (1024K)]
  0x000001a623429880 JavaThread "Reference Handler"          daemon [_thread_blocked, id=17748, stack(0x000000683fc00000,0x000000683fd00000) (1024K)]
  0x000001a62342c4d0 JavaThread "Finalizer"                  daemon [_thread_blocked, id=7468, stack(0x000000683fd00000,0x000000683fe00000) (1024K)]
  0x000001a6232e66a0 JavaThread "Signal Dispatcher"          daemon [_thread_blocked, id=7464, stack(0x000000683fe00000,0x000000683ff00000) (1024K)]
=>0x000001a6232e7100 JavaThread "Attach Listener"            daemon [_thread_in_vm, id=18148, stack(0x000000683ff00000,0x0000006840000000) (1024K)]
  0x000001a6232e90c0 JavaThread "Service Thread"             daemon [_thread_blocked, id=18136, stack(0x0000006840000000,0x0000006840100000) (1024K)]
  0x000001a6232e9c50 JavaThread "Monitor Deflation Thread"   daemon [_thread_blocked, id=18240, stack(0x0000006840100000,0x0000006840200000) (1024K)]
  0x000001a6232eeab0 JavaThread "C2 CompilerThread0"         daemon [_thread_blocked, id=18244, stack(0x0000006840200000,0x0000006840300000) (1024K)]
  0x000001a67c670240 JavaThread "C1 CompilerThread0"         daemon [_thread_blocked, id=18144, stack(0x0000006840300000,0x0000006840400000) (1024K)]
  0x000001a67c855e00 JavaThread "Common-Cleaner"             daemon [_thread_blocked, id=18204, stack(0x0000006840400000,0x0000006840500000) (1024K)]
  0x000001a67cb1d5a0 JavaThread "Notification Thread"        daemon [_thread_blocked, id=18208, stack(0x0000006840600000,0x0000006840700000) (1024K)]
  0x000001a67d215d00 JavaThread "Active Thread: Equinox Container: 3516ebc2-7b04-4cda-938d-d309838f6664"        [_thread_blocked, id=14604, stack(0x0000006840e00000,0x0000006840f00000) (1024K)]
  0x000001a67d0d9c90 JavaThread "Refresh Thread: Equinox Container: 3516ebc2-7b04-4cda-938d-d309838f6664" daemon [_thread_blocked, id=17168, stack(0x0000006841000000,0x0000006841100000) (1024K)]
  0x000001a67d21c8e0 JavaThread "Framework Event Dispatcher: Equinox Container: 3516ebc2-7b04-4cda-938d-d309838f6664" daemon [_thread_blocked, id=1316, stack(0x0000006841100000,0x0000006841200000) (1024K)]
  0x000001a67d221340 JavaThread "Start Level: Equinox Container: 3516ebc2-7b04-4cda-938d-d309838f6664" daemon [_thread_blocked, id=14608, stack(0x0000006841200000,0x0000006841300000) (1024K)]
  0x000001a67d83ea70 JavaThread "Bundle File Closer"         daemon [_thread_blocked, id=16336, stack(0x0000006841300000,0x0000006841400000) (1024K)]
  0x000001a67d557ce0 JavaThread "SCR Component Actor"        daemon [_thread_blocked, id=9304, stack(0x0000006840500000,0x0000006840600000) (1024K)]
  0x000001a62331c240 JavaThread "Worker-JM"                         [_thread_blocked, id=15192, stack(0x0000006841500000,0x0000006841600000) (1024K)]
  0x000001a67c9e51a0 JavaThread "JNA Cleaner"                daemon [_thread_blocked, id=11592, stack(0x0000006841600000,0x0000006841700000) (1024K)]
  0x000001a67c9e2a40 JavaThread "Java indexing"              daemon [_thread_blocked, id=18428, stack(0x0000006841900000,0x0000006841a00000) (1024K)]
  0x000001a67c9e30d0 JavaThread "Worker-5"                          [_thread_blocked, id=10576, stack(0x0000006841f00000,0x0000006842000000) (1024K)]
  0x000001a6043953a0 JavaThread "Thread-1"                   daemon [_thread_in_native, id=17512, stack(0x0000006842000000,0x0000006842100000) (1024K)]
  0x000001a604395a30 JavaThread "Thread-2"                   daemon [_thread_in_native, id=17516, stack(0x0000006842100000,0x0000006842200000) (1024K)]
  0x000001a604393ff0 JavaThread "Thread-3"                   daemon [_thread_in_native, id=13160, stack(0x0000006842200000,0x0000006842300000) (1024K)]
  0x000001a604394680 JavaThread "Thread-4"                   daemon [_thread_in_native, id=15944, stack(0x0000006842300000,0x0000006842400000) (1024K)]
  0x000001a604392c40 JavaThread "Thread-5"                   daemon [_thread_in_native, id=15024, stack(0x0000006842400000,0x0000006842500000) (1024K)]
  0x000001a6043960c0 JavaThread "Thread-6"                   daemon [_thread_in_native, id=17548, stack(0x0000006842500000,0x0000006842600000) (1024K)]
  0x000001a604393960 JavaThread "Thread-7"                   daemon [_thread_in_native, id=17196, stack(0x0000006842600000,0x0000006842700000) (1024K)]
  0x000001a604396750 JavaThread "Thread-8"                   daemon [_thread_in_native, id=2816, stack(0x0000006842700000,0x0000006842800000) (1024K)]
  0x000001a6043932d0 JavaThread "Thread-9"                   daemon [_thread_in_native, id=17572, stack(0x0000006842800000,0x0000006842900000) (1024K)]
  0x000001a604396de0 JavaThread "pool-2-thread-1"                   [_thread_blocked, id=17204, stack(0x0000006842900000,0x0000006842a00000) (1024K)]
  0x000001a604398190 JavaThread "WorkspaceEventsHandler"            [_thread_blocked, id=4640, stack(0x0000006842a00000,0x0000006842b00000) (1024K)]
  0x000001a604394d10 JavaThread "pool-1-thread-1"                   [_thread_blocked, id=13024, stack(0x0000006842b00000,0x0000006842c00000) (1024K)]
  0x000001a60439a260 JavaThread "Timer-0"                           [_thread_blocked, id=11728, stack(0x0000006842d00000,0x0000006842e00000) (1024K)]
  0x000001a67c9e3df0 JavaThread "Worker-6"                          [_thread_blocked, id=22488, stack(0x000000683f600000,0x000000683f700000) (1024K)]
Total: 35

Other Threads:
  0x000001a62340eb30 VMThread "VM Thread"                           [id=7348, stack(0x000000683fb00000,0x000000683fc00000) (1024K)]
  0x000001a6233d8f70 WatcherThread "VM Periodic Task Thread"        [id=14348, stack(0x000000683fa00000,0x000000683fb00000) (1024K)]
  0x000001a62338b390 WorkerThread "GC Thread#0"                     [id=8316, stack(0x000000683f900000,0x000000683fa00000) (1024K)]
  0x000001a67cf67760 WorkerThread "GC Thread#1"                     [id=9680, stack(0x0000006840700000,0x0000006840800000) (1024K)]
  0x000001a67cf664f0 WorkerThread "GC Thread#2"                     [id=18268, stack(0x0000006840800000,0x0000006840900000) (1024K)]
  0x000001a67cf67b10 WorkerThread "GC Thread#3"                     [id=18112, stack(0x0000006840900000,0x0000006840a00000) (1024K)]
  0x000001a67cf66c50 WorkerThread "GC Thread#4"                     [id=16308, stack(0x0000006840a00000,0x0000006840b00000) (1024K)]
  0x000001a67cf67ec0 WorkerThread "GC Thread#5"                     [id=15232, stack(0x0000006840b00000,0x0000006840c00000) (1024K)]
  0x000001a67cf668a0 WorkerThread "GC Thread#6"                     [id=15204, stack(0x0000006840c00000,0x0000006840d00000) (1024K)]
  0x000001a67cf67000 WorkerThread "GC Thread#7"                     [id=1284, stack(0x0000006840f00000,0x0000006841000000) (1024K)]
Total: 10

Threads with active compile tasks:
Total: 0

VM state: not at safepoint (normal execution)

VM Mutex/Monitor currently owned by a thread: None

Heap address: 0x0000000080000000, size: 2048 MB, Compressed Oops mode: 32-bit

CDS archive(s) mapped at: [0x000001a63a000000-0x000001a63aba0000-0x000001a63aba0000), size 12189696, SharedBaseAddress: 0x000001a63a000000, ArchiveRelocationMode: 1.
Compressed class space mapped at: 0x000001a63b000000-0x000001a67b000000, reserved size: 1073741824
Narrow klass base: 0x000001a63a000000, Narrow klass shift: 0, Narrow klass range: 0x100000000

GC Precious Log:
 CardTable entry size: 512
 CPUs: 8 total, 8 available
 Memory: 7926M
 Large Page Support: Disabled
 NUMA Support: Disabled
 Compressed Oops: Enabled (32-bit)
 Alignments: Space 512K, Generation 512K, Heap 2M
 Heap Min Capacity: 100M
 Heap Initial Capacity: 100M
 Heap Max Capacity: 2G
 Pre-touch: Disabled
 Parallel Workers: 8

Heap:
 PSYoungGen      total 24064K, used 2378K [0x00000000d5580000, 0x00000000d7000000, 0x0000000100000000)
  eden space 22016K, 2% used [0x00000000d5580000,0x00000000d55ff1b0,0x00000000d6b00000)
  from space 2048K, 91% used [0x00000000d6e00000,0x00000000d6fd37a0,0x00000000d7000000)
  to   space 2560K, 0% used [0x00000000d6b00000,0x00000000d6b00000,0x00000000d6d80000)
 ParOldGen       total 68608K, used 60508K [0x0000000080000000, 0x0000000084300000, 0x00000000d5580000)
  object space 68608K, 88% used [0x0000000080000000,0x0000000083b170e8,0x0000000084300000)
 Metaspace       used 71789K, committed 73280K, reserved 1114112K
  class space    used 8326K, committed 8960K, reserved 1048576K

Card table byte_map: [0x000001a622d10000,0x000001a623120000] _byte_map_base: 0x000001a622910000

Marking Bits: (ParMarkBitMap*) 0x00007ffa9f203450
 Begin Bits: [0x000001a635820000, 0x000001a637820000)
 End Bits:   [0x000001a637820000, 0x000001a639820000)

Polling page: 0x000001a620fc0000

Metaspace:

Usage:
  Non-class:     61.98 MB used.
      Class:      8.13 MB used.
       Both:     70.11 MB used.

Virtual space:
  Non-class space:       64.00 MB reserved,      62.81 MB ( 98%) committed,  1 nodes.
      Class space:        1.00 GB reserved,       8.75 MB ( <1%) committed,  1 nodes.
             Both:        1.06 GB reserved,      71.56 MB (  7%) committed. 

Chunk freelists:
   Non-Class:  1.09 MB
       Class:  7.10 MB
        Both:  8.19 MB

MaxMetaspaceSize: unlimited
CompressedClassSpaceSize: 1.00 GB
Initial GC threshold: 21.00 MB
Current GC threshold: 97.81 MB
CDS: on
 - commit_granule_bytes: 65536.
 - commit_granule_words: 8192.
 - virtual_space_node_default_size: 8388608.
 - enlarge_chunks_in_place: 1.
 - use_allocation_guard: 0.


Internal statistics:

num_allocs_failed_limit: 13.
num_arena_births: 1286.
num_arena_deaths: 24.
num_vsnodes_births: 2.
num_vsnodes_deaths: 0.
num_space_committed: 1145.
num_space_uncommitted: 0.
num_chunks_returned_to_freelist: 41.
num_chunks_taken_from_freelist: 4488.
num_chunk_merges: 22.
num_chunk_splits: 2874.
num_chunks_enlarged: 1785.
num_inconsistent_stats: 0.

CodeHeap 'non-profiled nmethods': size=120000Kb used=6633Kb max_used=6633Kb free=113366Kb
 bounds [0x000001a62e040000, 0x000001a62e6c0000, 0x000001a635570000]
CodeHeap 'profiled nmethods': size=120000Kb used=20276Kb max_used=20276Kb free=99723Kb
 bounds [0x000001a626570000, 0x000001a627940000, 0x000001a62daa0000]
CodeHeap 'non-nmethods': size=5760Kb used=1448Kb max_used=1535Kb free=4311Kb
 bounds [0x000001a62daa0000, 0x000001a62dd10000, 0x000001a62e040000]
CodeCache: size=245760Kb, used=28357Kb, max_used=28444Kb, free=217400Kb
 total_blobs=9936, nmethods=9184, adapters=657, full_count=0
Compilation: enabled, stopped_count=0, restarted_count=0

Compilation events (20 events):
Event: 2489.715 Thread 0x000001a67c670240 9927       1       org.eclipse.lsp4j.jsonrpc.messages.RequestMessage::getMethod (5 bytes)
Event: 2489.715 Thread 0x000001a67c670240 nmethod 9927 0x000001a62e6b3f90 code [0x000001a62e6b4120, 0x000001a62e6b41e8]
Event: 2489.782 Thread 0x000001a6232eeab0 9928   !   4       org.eclipse.core.internal.watson.ElementTree::getElementData (74 bytes)
Event: 2489.794 Thread 0x000001a6232eeab0 nmethod 9928 0x000001a62e6b4290 code [0x000001a62e6b4460, 0x000001a62e6b48c8]
Event: 2490.053 Thread 0x000001a6232eeab0 9929   !   4       java.util.zip.InflaterInputStream::read (129 bytes)
Event: 2490.241 Thread 0x000001a6232eeab0 nmethod 9929 0x000001a62e6b4b90 code [0x000001a62e6b4f60, 0x000001a62e6b7cc0]
Event: 2490.241 Thread 0x000001a6232eeab0 9930   !   4       java.util.zip.Inflater::needsDictionary (19 bytes)
Event: 2490.242 Thread 0x000001a6232eeab0 nmethod 9930 0x000001a62e6b9710 code [0x000001a62e6b98a0, 0x000001a62e6b9aa0]
Event: 2542.088 Thread 0x000001a67c670240 9931       3       java.util.Optional::get (22 bytes)
Event: 2542.088 Thread 0x000001a67c670240 nmethod 9931 0x000001a62793ae10 code [0x000001a62793afc0, 0x000001a62793b1e0]
Event: 2592.093 Thread 0x000001a67c670240 9932       3       org.eclipse.jdt.ls.core.internal.ParentProcessWatcher::run (83 bytes)
Event: 2592.108 Thread 0x000001a67c670240 nmethod 9932 0x000001a62793b310 code [0x000001a62793b5a0, 0x000001a62793c030]
Event: 2592.108 Thread 0x000001a67c670240 9933       3       org.eclipse.jdt.ls.core.internal.ParentProcessWatcher::parentProcessStillRunning (62 bytes)
Event: 2592.110 Thread 0x000001a67c670240 nmethod 9933 0x000001a62793c390 code [0x000001a62793c5c0, 0x000001a62793ccc8]
Event: 2702.128 Thread 0x000001a67c670240 9934       3       java.lang.ProcessHandleImpl::<init> (15 bytes)
Event: 2702.129 Thread 0x000001a67c670240 nmethod 9934 0x000001a62793cf10 code [0x000001a62793d0c0, 0x000001a62793d230]
Event: 2729.102 Thread 0x000001a6232eeab0 9935       4       java.util.TaskQueue::rescheduleMin (16 bytes)
Event: 2729.113 Thread 0x000001a6232eeab0 nmethod 9935 0x000001a62e6b9b90 code [0x000001a62e6b9d20, 0x000001a62e6b9e30]
Event: 2793.102 Thread 0x000001a6232eeab0 9936       4       org.eclipse.buildship.core.internal.util.progress.RateLimitingProgressMonitor$1::run (55 bytes)
Event: 2793.166 Thread 0x000001a6232eeab0 nmethod 9936 0x000001a62e6b9f90 code [0x000001a62e6ba140, 0x000001a62e6ba2d0]

GC Heap History (20 events):
Event: 45.074 GC heap before
{Heap before GC invocations=38 (full 3):
 PSYoungGen      total 23552K, used 1440K [0x00000000d5580000, 0x00000000d6f00000, 0x0000000100000000)
  eden space 22016K, 0% used [0x00000000d5580000,0x00000000d5580000,0x00000000d6b00000)
  from space 1536K, 93% used [0x00000000d6b80000,0x00000000d6ce8010,0x00000000d6d00000)
  to   space 2048K, 0% used [0x00000000d6d00000,0x00000000d6d00000,0x00000000d6f00000)
 ParOldGen       total 68608K, used 53847K [0x0000000080000000, 0x0000000084300000, 0x00000000d5580000)
  object space 68608K, 78% used [0x0000000080000000,0x0000000083495dc8,0x0000000084300000)
 Metaspace       used 58721K, committed 60096K, reserved 1114112K
  class space    used 6905K, committed 7552K, reserved 1048576K
}
Event: 45.150 GC heap after
{Heap after GC invocations=38 (full 3):
 PSYoungGen      total 23552K, used 0K [0x00000000d5580000, 0x00000000d6f00000, 0x0000000100000000)
  eden space 22016K, 0% used [0x00000000d5580000,0x00000000d5580000,0x00000000d6b00000)
  from space 1536K, 0% used [0x00000000d6b80000,0x00000000d6b80000,0x00000000d6d00000)
  to   space 2048K, 0% used [0x00000000d6d00000,0x00000000d6d00000,0x00000000d6f00000)
 ParOldGen       total 68608K, used 52170K [0x0000000080000000, 0x0000000084300000, 0x00000000d5580000)
  object space 68608K, 76% used [0x0000000080000000,0x00000000832f29b0,0x0000000084300000)
 Metaspace       used 58712K, committed 60096K, reserved 1114112K
  class space    used 6902K, committed 7552K, reserved 1048576K
}
Event: 45.321 GC heap before
{Heap before GC invocations=39 (full 3):
 PSYoungGen      total 23552K, used 22016K [0x00000000d5580000, 0x00000000d6f00000, 0x0000000100000000)
  eden space 22016K, 100% used [0x00000000d5580000,0x00000000d6b00000,0x00000000d6b00000)
  from space 1536K, 0% used [0x00000000d6b80000,0x00000000d6b80000,0x00000000d6d00000)
  to   space 2048K, 0% used [0x00000000d6d00000,0x00000000d6d00000,0x00000000d6f00000)
 ParOldGen       total 68608K, used 52170K [0x0000000080000000, 0x0000000084300000, 0x00000000d5580000)
  object space 68608K, 76% used [0x0000000080000000,0x00000000832f29b0,0x0000000084300000)
 Metaspace       used 59220K, committed 60608K, reserved 1114112K
  class space    used 6952K, committed 7552K, reserved 1048576K
}
Event: 45.326 GC heap after
{Heap after GC invocations=39 (full 3):
 PSYoungGen      total 24064K, used 1944K [0x00000000d5580000, 0x00000000d6f00000, 0x0000000100000000)
  eden space 22016K, 0% used [0x00000000d5580000,0x00000000d5580000,0x00000000d6b00000)
  from space 2048K, 94% used [0x00000000d6d00000,0x00000000d6ee6220,0x00000000d6f00000)
  to   space 2048K, 0% used [0x00000000d6b00000,0x00000000d6b00000,0x00000000d6d00000)
 ParOldGen       total 68608K, used 52178K [0x0000000080000000, 0x0000000084300000, 0x00000000d5580000)
  object space 68608K, 76% used [0x0000000080000000,0x00000000832f49b0,0x0000000084300000)
 Metaspace       used 59220K, committed 60608K, reserved 1114112K
  class space    used 6952K, committed 7552K, reserved 1048576K
}
Event: 68.878 GC heap before
{Heap before GC invocations=40 (full 3):
 PSYoungGen      total 24064K, used 23701K [0x00000000d5580000, 0x00000000d6f00000, 0x0000000100000000)
  eden space 22016K, 98% used [0x00000000d5580000,0x00000000d6abf2b8,0x00000000d6b00000)
  from space 2048K, 94% used [0x00000000d6d00000,0x00000000d6ee6220,0x00000000d6f00000)
  to   space 2048K, 0% used [0x00000000d6b00000,0x00000000d6b00000,0x00000000d6d00000)
 ParOldGen       total 68608K, used 52178K [0x0000000080000000, 0x0000000084300000, 0x00000000d5580000)
  object space 68608K, 76% used [0x0000000080000000,0x00000000832f49b0,0x0000000084300000)
 Metaspace       used 61043K, committed 62336K, reserved 1114112K
  class space    used 7211K, committed 7808K, reserved 1048576K
}
Event: 68.882 GC heap after
{Heap after GC invocations=40 (full 3):
 PSYoungGen      total 24064K, used 1987K [0x00000000d5580000, 0x00000000d6f00000, 0x0000000100000000)
  eden space 22016K, 0% used [0x00000000d5580000,0x00000000d5580000,0x00000000d6b00000)
  from space 2048K, 97% used [0x00000000d6b00000,0x00000000d6cf0cb8,0x00000000d6d00000)
  to   space 2048K, 0% used [0x00000000d6d00000,0x00000000d6d00000,0x00000000d6f00000)
 ParOldGen       total 68608K, used 53971K [0x0000000080000000, 0x0000000084300000, 0x00000000d5580000)
  object space 68608K, 78% used [0x0000000080000000,0x00000000834b4e08,0x0000000084300000)
 Metaspace       used 61043K, committed 62336K, reserved 1114112K
  class space    used 7211K, committed 7808K, reserved 1048576K
}
Event: 961.190 GC heap before
{Heap before GC invocations=41 (full 3):
 PSYoungGen      total 24064K, used 24003K [0x00000000d5580000, 0x00000000d6f00000, 0x0000000100000000)
  eden space 22016K, 100% used [0x00000000d5580000,0x00000000d6b00000,0x00000000d6b00000)
  from space 2048K, 97% used [0x00000000d6b00000,0x00000000d6cf0cb8,0x00000000d6d00000)
  to   space 2048K, 0% used [0x00000000d6d00000,0x00000000d6d00000,0x00000000d6f00000)
 ParOldGen       total 68608K, used 53971K [0x0000000080000000, 0x0000000084300000, 0x00000000d5580000)
  object space 68608K, 78% used [0x0000000080000000,0x00000000834b4e08,0x0000000084300000)
 Metaspace       used 62419K, committed 63808K, reserved 1114112K
  class space    used 7358K, committed 7936K, reserved 1048576K
}
Event: 961.256 GC heap after
{Heap after GC invocations=41 (full 3):
 PSYoungGen      total 23040K, used 480K [0x00000000d5580000, 0x00000000d6e00000, 0x0000000100000000)
  eden space 22016K, 0% used [0x00000000d5580000,0x00000000d5580000,0x00000000d6b00000)
  from space 1024K, 46% used [0x00000000d6d00000,0x00000000d6d78000,0x00000000d6e00000)
  to   space 1536K, 0% used [0x00000000d6b00000,0x00000000d6b00000,0x00000000d6c80000)
 ParOldGen       total 68608K, used 55039K [0x0000000080000000, 0x0000000084300000, 0x00000000d5580000)
  object space 68608K, 80% used [0x0000000080000000,0x00000000835bfe28,0x0000000084300000)
 Metaspace       used 62419K, committed 63808K, reserved 1114112K
  class space    used 7358K, committed 7936K, reserved 1048576K
}
Event: 961.794 GC heap before
{Heap before GC invocations=42 (full 3):
 PSYoungGen      total 23040K, used 22490K [0x00000000d5580000, 0x00000000d6e00000, 0x0000000100000000)
  eden space 22016K, 99% used [0x00000000d5580000,0x00000000d6afeb20,0x00000000d6b00000)
  from space 1024K, 46% used [0x00000000d6d00000,0x00000000d6d78000,0x00000000d6e00000)
  to   space 1536K, 0% used [0x00000000d6b00000,0x00000000d6b00000,0x00000000d6c80000)
 ParOldGen       total 68608K, used 55039K [0x0000000080000000, 0x0000000084300000, 0x00000000d5580000)
  object space 68608K, 80% used [0x0000000080000000,0x00000000835bfe28,0x0000000084300000)
 Metaspace       used 64394K, committed 65792K, reserved 1114112K
  class space    used 7588K, committed 8192K, reserved 1048576K
}
Event: 961.798 GC heap after
{Heap after GC invocations=42 (full 3):
 PSYoungGen      total 23552K, used 1513K [0x00000000d5580000, 0x00000000d7200000, 0x0000000100000000)
  eden space 22016K, 0% used [0x00000000d5580000,0x00000000d5580000,0x00000000d6b00000)
  from space 1536K, 98% used [0x00000000d6b00000,0x00000000d6c7a490,0x00000000d6c80000)
  to   space 3584K, 0% used [0x00000000d6e80000,0x00000000d6e80000,0x00000000d7200000)
 ParOldGen       total 68608K, used 56311K [0x0000000080000000, 0x0000000084300000, 0x00000000d5580000)
  object space 68608K, 82% used [0x0000000080000000,0x00000000836fdd58,0x0000000084300000)
 Metaspace       used 64394K, committed 65792K, reserved 1114112K
  class space    used 7588K, committed 8192K, reserved 1048576K
}
Event: 961.848 GC heap before
{Heap before GC invocations=43 (full 3):
 PSYoungGen      total 23552K, used 23529K [0x00000000d5580000, 0x00000000d7200000, 0x0000000100000000)
  eden space 22016K, 100% used [0x00000000d5580000,0x00000000d6b00000,0x00000000d6b00000)
  from space 1536K, 98% used [0x00000000d6b00000,0x00000000d6c7a490,0x00000000d6c80000)
  to   space 3584K, 0% used [0x00000000d6e80000,0x00000000d6e80000,0x00000000d7200000)
 ParOldGen       total 68608K, used 56311K [0x0000000080000000, 0x0000000084300000, 0x00000000d5580000)
  object space 68608K, 82% used [0x0000000080000000,0x00000000836fdd58,0x0000000084300000)
 Metaspace       used 64414K, committed 65856K, reserved 1114112K
  class space    used 7588K, committed 8192K, reserved 1048576K
}
Event: 961.850 GC heap after
{Heap after GC invocations=43 (full 3):
 PSYoungGen      total 23040K, used 726K [0x00000000d5580000, 0x00000000d6f80000, 0x0000000100000000)
  eden space 22016K, 0% used [0x00000000d5580000,0x00000000d5580000,0x00000000d6b00000)
  from space 1024K, 70% used [0x00000000d6e80000,0x00000000d6f35a18,0x00000000d6f80000)
  to   space 1536K, 0% used [0x00000000d6c80000,0x00000000d6c80000,0x00000000d6e00000)
 ParOldGen       total 68608K, used 57685K [0x0000000080000000, 0x0000000084300000, 0x00000000d5580000)
  object space 68608K, 84% used [0x0000000080000000,0x0000000083855580,0x0000000084300000)
 Metaspace       used 64414K, committed 65856K, reserved 1114112K
  class space    used 7588K, committed 8192K, reserved 1048576K
}
Event: 962.232 GC heap before
{Heap before GC invocations=44 (full 3):
 PSYoungGen      total 23040K, used 22742K [0x00000000d5580000, 0x00000000d6f80000, 0x0000000100000000)
  eden space 22016K, 100% used [0x00000000d5580000,0x00000000d6b00000,0x00000000d6b00000)
  from space 1024K, 70% used [0x00000000d6e80000,0x00000000d6f35a18,0x00000000d6f80000)
  to   space 1536K, 0% used [0x00000000d6c80000,0x00000000d6c80000,0x00000000d6e00000)
 ParOldGen       total 68608K, used 57685K [0x0000000080000000, 0x0000000084300000, 0x00000000d5580000)
  object space 68608K, 84% used [0x0000000080000000,0x0000000083855580,0x0000000084300000)
 Metaspace       used 66246K, committed 67648K, reserved 1114112K
  class space    used 7769K, committed 8384K, reserved 1048576K
}
Event: 962.235 GC heap after
{Heap after GC invocations=44 (full 3):
 PSYoungGen      total 23552K, used 416K [0x00000000d5580000, 0x00000000d6f00000, 0x0000000100000000)
  eden space 22016K, 0% used [0x00000000d5580000,0x00000000d5580000,0x00000000d6b00000)
  from space 1536K, 27% used [0x00000000d6c80000,0x00000000d6ce8020,0x00000000d6e00000)
  to   space 1024K, 0% used [0x00000000d6e00000,0x00000000d6e00000,0x00000000d6f00000)
 ParOldGen       total 68608K, used 57701K [0x0000000080000000, 0x0000000084300000, 0x00000000d5580000)
  object space 68608K, 84% used [0x0000000080000000,0x0000000083859580,0x0000000084300000)
 Metaspace       used 66246K, committed 67648K, reserved 1114112K
  class space    used 7769K, committed 8384K, reserved 1048576K
}
Event: 962.543 GC heap before
{Heap before GC invocations=45 (full 3):
 PSYoungGen      total 23552K, used 22335K [0x00000000d5580000, 0x00000000d6f00000, 0x0000000100000000)
  eden space 22016K, 99% used [0x00000000d5580000,0x00000000d6ae7cd0,0x00000000d6b00000)
  from space 1536K, 27% used [0x00000000d6c80000,0x00000000d6ce8020,0x00000000d6e00000)
  to   space 1024K, 0% used [0x00000000d6e00000,0x00000000d6e00000,0x00000000d6f00000)
 ParOldGen       total 68608K, used 57701K [0x0000000080000000, 0x0000000084300000, 0x00000000d5580000)
  object space 68608K, 84% used [0x0000000080000000,0x0000000083859580,0x0000000084300000)
 Metaspace       used 67745K, committed 69248K, reserved 1114112K
  class space    used 7906K, committed 8576K, reserved 1048576K
}
Event: 962.545 GC heap after
{Heap after GC invocations=45 (full 3):
 PSYoungGen      total 23040K, used 1017K [0x00000000d5580000, 0x00000000d6f00000, 0x0000000100000000)
  eden space 22016K, 0% used [0x00000000d5580000,0x00000000d5580000,0x00000000d6b00000)
  from space 1024K, 99% used [0x00000000d6e00000,0x00000000d6efe6b8,0x00000000d6f00000)
  to   space 2048K, 0% used [0x00000000d6b00000,0x00000000d6b00000,0x00000000d6d00000)
 ParOldGen       total 68608K, used 58061K [0x0000000080000000, 0x0000000084300000, 0x00000000d5580000)
  object space 68608K, 84% used [0x0000000080000000,0x00000000838b35a0,0x0000000084300000)
 Metaspace       used 67745K, committed 69248K, reserved 1114112K
  class space    used 7906K, committed 8576K, reserved 1048576K
}
Event: 962.925 GC heap before
{Heap before GC invocations=46 (full 3):
 PSYoungGen      total 23040K, used 22980K [0x00000000d5580000, 0x00000000d6f00000, 0x0000000100000000)
  eden space 22016K, 99% used [0x00000000d5580000,0x00000000d6af2c50,0x00000000d6b00000)
  from space 1024K, 99% used [0x00000000d6e00000,0x00000000d6efe6b8,0x00000000d6f00000)
  to   space 2048K, 0% used [0x00000000d6b00000,0x00000000d6b00000,0x00000000d6d00000)
 ParOldGen       total 68608K, used 58061K [0x0000000080000000, 0x0000000084300000, 0x00000000d5580000)
  object space 68608K, 84% used [0x0000000080000000,0x00000000838b35a0,0x0000000084300000)
 Metaspace       used 70301K, committed 71808K, reserved 1114112K
  class space    used 8156K, committed 8832K, reserved 1048576K
}
Event: 962.929 GC heap after
{Heap after GC invocations=46 (full 3):
 PSYoungGen      total 24064K, used 2038K [0x00000000d5580000, 0x00000000d7100000, 0x0000000100000000)
  eden space 22016K, 0% used [0x00000000d5580000,0x00000000d5580000,0x00000000d6b00000)
  from space 2048K, 99% used [0x00000000d6b00000,0x00000000d6cfd980,0x00000000d6d00000)
  to   space 3072K, 0% used [0x00000000d6e00000,0x00000000d6e00000,0x00000000d7100000)
 ParOldGen       total 68608K, used 58681K [0x0000000080000000, 0x0000000084300000, 0x00000000d5580000)
  object space 68608K, 85% used [0x0000000080000000,0x000000008394e500,0x0000000084300000)
 Metaspace       used 70301K, committed 71808K, reserved 1114112K
  class space    used 8156K, committed 8832K, reserved 1048576K
}
Event: 2490.068 GC heap before
{Heap before GC invocations=47 (full 3):
 PSYoungGen      total 24064K, used 24054K [0x00000000d5580000, 0x00000000d7100000, 0x0000000100000000)
  eden space 22016K, 100% used [0x00000000d5580000,0x00000000d6b00000,0x00000000d6b00000)
  from space 2048K, 99% used [0x00000000d6b00000,0x00000000d6cfd980,0x00000000d6d00000)
  to   space 3072K, 0% used [0x00000000d6e00000,0x00000000d6e00000,0x00000000d7100000)
 ParOldGen       total 68608K, used 58681K [0x0000000080000000, 0x0000000084300000, 0x00000000d5580000)
  object space 68608K, 85% used [0x0000000080000000,0x000000008394e500,0x0000000084300000)
 Metaspace       used 71734K, committed 73216K, reserved 1114112K
  class space    used 8320K, committed 8960K, reserved 1048576K
}
Event: 2490.169 GC heap after
{Heap after GC invocations=47 (full 3):
 PSYoungGen      total 24064K, used 1869K [0x00000000d5580000, 0x00000000d7000000, 0x0000000100000000)
  eden space 22016K, 0% used [0x00000000d5580000,0x00000000d5580000,0x00000000d6b00000)
  from space 2048K, 91% used [0x00000000d6e00000,0x00000000d6fd37a0,0x00000000d7000000)
  to   space 2560K, 0% used [0x00000000d6b00000,0x00000000d6b00000,0x00000000d6d80000)
 ParOldGen       total 68608K, used 60508K [0x0000000080000000, 0x0000000084300000, 0x00000000d5580000)
  object space 68608K, 88% used [0x0000000080000000,0x0000000083b170e8,0x0000000084300000)
 Metaspace       used 71734K, committed 73216K, reserved 1114112K
  class space    used 8320K, committed 8960K, reserved 1048576K
}

Dll operation events (15 events):
Event: 0.011 Loaded shared library c:\Users\Abina\.vscode\extensions\redhat.java-1.54.0-win32-x64\jre\21.0.10-win32-x86_64\bin\java.dll
Event: 0.122 Loaded shared library c:\Users\Abina\.vscode\extensions\redhat.java-1.54.0-win32-x64\jre\21.0.10-win32-x86_64\bin\zip.dll
Event: 0.154 Loaded shared library C:\Users\Abina\.vscode\extensions\redhat.java-1.54.0-win32-x64\jre\21.0.10-win32-x86_64\bin\instrument.dll
Event: 0.160 Loaded shared library C:\Users\Abina\.vscode\extensions\redhat.java-1.54.0-win32-x64\jre\21.0.10-win32-x86_64\bin\net.dll
Event: 0.166 Loaded shared library C:\Users\Abina\.vscode\extensions\redhat.java-1.54.0-win32-x64\jre\21.0.10-win32-x86_64\bin\nio.dll
Event: 0.171 Loaded shared library C:\Users\Abina\.vscode\extensions\redhat.java-1.54.0-win32-x64\jre\21.0.10-win32-x86_64\bin\zip.dll
Event: 0.202 Loaded shared library C:\Users\Abina\.vscode\extensions\redhat.java-1.54.0-win32-x64\jre\21.0.10-win32-x86_64\bin\jimage.dll
Event: 0.317 Loaded shared library c:\Users\Abina\.vscode\extensions\redhat.java-1.54.0-win32-x64\jre\21.0.10-win32-x86_64\bin\verify.dll
Event: 2.207 Loaded shared library C:\Users\Abina\AppData\Roaming\Code\User\globalStorage\redhat.java\1.54.0\config_win\org.eclipse.equinox.launcher\org.eclipse.equinox.launcher.win32.win32.x86_64_1.3.0.v20260203-2149\eclipse_11919.dll
Event: 6.156 Loaded shared library C:\Users\Abina\AppData\Local\Temp\jna-63052795\jna1474111911305828781.dll
Event: 42.211 Loaded shared library C:\Users\Abina\.gradle\native\c067742578af261105cb4f569cf0c3c89f3d7b1fecec35dd04571415982c5e48\windows-amd64\native-platform.dll
Event: 43.090 Loaded shared library C:\Users\Abina\.vscode\extensions\redhat.java-1.54.0-win32-x64\jre\21.0.10-win32-x86_64\bin\management.dll
Event: 43.095 Loaded shared library C:\Users\Abina\.vscode\extensions\redhat.java-1.54.0-win32-x64\jre\21.0.10-win32-x86_64\bin\management_ext.dll
Event: 45.387 Loaded shared library C:\Users\Abina\.vscode\extensions\redhat.java-1.54.0-win32-x64\jre\21.0.10-win32-x86_64\bin\extnet.dll
Event: 47.303 Loaded shared library C:\Users\Abina\.vscode\extensions\redhat.java-1.54.0-win32-x64\jre\21.0.10-win32-x86_64\bin\sunmscapi.dll

Deoptimization events (20 events):
Event: 1262.048 Thread 0x000001a67c9e3df0 DEOPT PACKING pc=0x000001a62e6a4f90 sp=0x000000683f6fe910
Event: 1262.048 Thread 0x000001a67c9e3df0 DEOPT UNPACKING pc=0x000001a62daf6da2 sp=0x000000683f6fe8e8 mode 2
Event: 1262.048 Thread 0x000001a67c9e3df0 Uncommon trap: trap_request=0xffffffc6 fr.pc=0x000001a62e6a4f90 relative=0x0000000000000790
Event: 1262.048 Thread 0x000001a67c9e3df0 Uncommon trap: reason=bimorphic_or_optimized_type_check action=maybe_recompile pc=0x000001a62e6a4f90 method=java.io.DataOutputStream.writeInt(I)V @ 19 c2
Event: 1262.048 Thread 0x000001a67c9e3df0 DEOPT PACKING pc=0x000001a62e6a4f90 sp=0x000000683f6fe8b0
Event: 1262.048 Thread 0x000001a67c9e3df0 DEOPT UNPACKING pc=0x000001a62daf6da2 sp=0x000000683f6fe888 mode 2
Event: 1262.065 Thread 0x000001a67c9e3df0 DEOPT PACKING pc=0x000001a626a1ff28 sp=0x000000683f6fec50
Event: 1262.065 Thread 0x000001a67c9e3df0 DEOPT UNPACKING pc=0x000001a62daf78e2 sp=0x000000683f6fe1a8 mode 0
Event: 2489.853 Thread 0x000001a604398eb0 Uncommon trap: trap_request=0xffffff45 fr.pc=0x000001a62e653e4c relative=0x000000000000060c
Event: 2489.853 Thread 0x000001a604398eb0 Uncommon trap: reason=unstable_if action=reinterpret pc=0x000001a62e653e4c method=org.eclipse.jdt.internal.compiler.parser.Scanner.getNextToken0()Lorg/eclipse/jdt/internal/compiler/parser/TerminalToken; @ 433 c2
Event: 2489.853 Thread 0x000001a604398eb0 DEOPT PACKING pc=0x000001a62e653e4c sp=0x000000683f5fe6d0
Event: 2489.854 Thread 0x000001a604398eb0 DEOPT UNPACKING pc=0x000001a62daf6da2 sp=0x000000683f5fe608 mode 2
Event: 2489.854 Thread 0x000001a604398eb0 Uncommon trap: trap_request=0xffffff45 fr.pc=0x000001a62e678f80 relative=0x0000000000000420
Event: 2489.854 Thread 0x000001a604398eb0 Uncommon trap: reason=unstable_if action=reinterpret pc=0x000001a62e678f80 method=org.eclipse.jdt.internal.compiler.parser.Scanner.getNextToken()Lorg/eclipse/jdt/internal/compiler/parser/TerminalToken; @ 92 c2
Event: 2489.854 Thread 0x000001a604398eb0 DEOPT PACKING pc=0x000001a62e678f80 sp=0x000000683f5fe710
Event: 2489.854 Thread 0x000001a604398eb0 DEOPT UNPACKING pc=0x000001a62daf6da2 sp=0x000000683f5fe6b0 mode 2
Event: 2489.854 Thread 0x000001a604398eb0 Uncommon trap: trap_request=0xffffff45 fr.pc=0x000001a62e62e524 relative=0x00000000000000e4
Event: 2489.855 Thread 0x000001a604398eb0 Uncommon trap: reason=unstable_if action=reinterpret pc=0x000001a62e62e524 method=org.eclipse.jdt.internal.compiler.parser.Scanner.scanIdentifierOrKeyword()Lorg/eclipse/jdt/internal/compiler/parser/TerminalToken; @ 27 c2
Event: 2489.855 Thread 0x000001a604398eb0 DEOPT PACKING pc=0x000001a62e62e524 sp=0x000000683f5fe5d0
Event: 2489.856 Thread 0x000001a604398eb0 DEOPT UNPACKING pc=0x000001a62daf6da2 sp=0x000000683f5fe558 mode 2

Classes loaded (20 events):
Event: 1261.944 Loading class java/util/stream/Nodes$CollectorTask$OfRef
Event: 1261.946 Loading class java/util/stream/Nodes$CollectorTask
Event: 1261.950 Loading class java/util/stream/Nodes$CollectorTask done
Event: 1261.950 Loading class java/util/stream/Nodes$CollectorTask$OfRef done
Event: 1261.951 Loading class java/util/function/LongFunction
Event: 1261.952 Loading class java/util/function/LongFunction done
Event: 1261.953 Loading class java/util/stream/Nodes$ConcNode
Event: 1261.954 Loading class java/util/stream/Nodes$AbstractConcNode
Event: 1261.955 Loading class java/util/stream/Nodes$AbstractConcNode done
Event: 1261.955 Loading class java/util/stream/Nodes$ConcNode done
Event: 1262.006 Loading class java/util/stream/Nodes$ToArrayTask$OfRef
Event: 1262.006 Loading class java/util/stream/Nodes$ToArrayTask
Event: 1262.007 Loading class java/util/stream/Nodes$ToArrayTask done
Event: 1262.007 Loading class java/util/stream/Nodes$ToArrayTask$OfRef done
Event: 1262.013 Loading class java/io/ObjectOutputStream$BlockDataOutputStream
Event: 1262.014 Loading class java/io/ObjectOutputStream$BlockDataOutputStream done
Event: 1262.015 Loading class java/io/ObjectOutputStream$HandleTable
Event: 1262.015 Loading class java/io/ObjectOutputStream$HandleTable done
Event: 1262.015 Loading class java/io/ObjectOutputStream$ReplaceTable
Event: 1262.015 Loading class java/io/ObjectOutputStream$ReplaceTable done

Classes unloaded (12 events):
Event: 18.224 Thread 0x000001a62340eb30 Unloading class 0x000001a63b1a8c00 'java/lang/invoke/LambdaForm$MH+0x000001a63b1a8c00'
Event: 18.224 Thread 0x000001a62340eb30 Unloading class 0x000001a63b1a8800 'java/lang/invoke/LambdaForm$MH+0x000001a63b1a8800'
Event: 18.224 Thread 0x000001a62340eb30 Unloading class 0x000001a63b1a8400 'java/lang/invoke/LambdaForm$MH+0x000001a63b1a8400'
Event: 18.224 Thread 0x000001a62340eb30 Unloading class 0x000001a63b1a8000 'java/lang/invoke/LambdaForm$MH+0x000001a63b1a8000'
Event: 18.224 Thread 0x000001a62340eb30 Unloading class 0x000001a63b1a7c00 'java/lang/invoke/LambdaForm$BMH+0x000001a63b1a7c00'
Event: 18.224 Thread 0x000001a62340eb30 Unloading class 0x000001a63b1a7800 'java/lang/invoke/LambdaForm$DMH+0x000001a63b1a7800'
Event: 18.224 Thread 0x000001a62340eb30 Unloading class 0x000001a63b1a6400 'java/lang/invoke/LambdaForm$DMH+0x000001a63b1a6400'
Event: 45.089 Thread 0x000001a62340eb30 Unloading class 0x000001a63b740800 'java/lang/invoke/LambdaForm$MH+0x000001a63b740800'
Event: 45.089 Thread 0x000001a62340eb30 Unloading class 0x000001a63b740000 'java/lang/invoke/LambdaForm$MH+0x000001a63b740000'
Event: 45.089 Thread 0x000001a62340eb30 Unloading class 0x000001a63b73dc00 'java/lang/invoke/LambdaForm$MH+0x000001a63b73dc00'
Event: 45.089 Thread 0x000001a62340eb30 Unloading class 0x000001a63b73d400 'java/lang/invoke/LambdaForm$MH+0x000001a63b73d400'
Event: 45.089 Thread 0x000001a62340eb30 Unloading class 0x000001a63b73cc00 'java/lang/invoke/LambdaForm$MH+0x000001a63b73cc00'

Classes redefined (0 events):
No events

Internal exceptions (20 events):
Event: 68.963 Thread 0x000001a604399540 Exception <a 'java/lang/NoSuchMethodError'{0x00000000d58bfce0}: static Lorg/gradle/tooling/internal/gradle/DefaultProjectIdentifier;.<clinit>()V> (0x00000000d58bfce0) 
thrown [s\src\hotspot\share\prims\jni.cpp, line 1111]
Event: 68.964 Thread 0x000001a604399540 Exception <a 'java/lang/NoSuchMethodError'{0x00000000d58ce5a0}: static Lorg/gradle/tooling/internal/gradle/DefaultBuildIdentifier;.<clinit>()V> (0x00000000d58ce5a0) 
thrown [s\src\hotspot\share\prims\jni.cpp, line 1111]
Event: 68.971 Thread 0x000001a604399540 Exception <a 'java/lang/NoSuchMethodError'{0x00000000d590b578}: static Lorg/gradle/plugins/ide/internal/tooling/model/LaunchableGradleTask;.<clinit>()V> (0x00000000d590b578) 
thrown [s\src\hotspot\share\prims\jni.cpp, line 1111]
Event: 68.971 Thread 0x000001a604399540 Exception <a 'java/lang/NoSuchMethodError'{0x00000000d59113a8}: static Lorg/gradle/plugins/ide/internal/tooling/model/LaunchableGradleProjectTask;.<clinit>()V> (0x00000000d59113a8) 
thrown [s\src\hotspot\share\prims\jni.cpp, line 1111]
Event: 960.947 Thread 0x000001a604398190 Exception <a 'sun/nio/fs/WindowsException'{0x00000000d6776bf8}> (0x00000000d6776bf8) 
thrown [s\src\hotspot\share\prims\jni.cpp, line 520]
Event: 960.950 Thread 0x000001a604398190 Exception <a 'sun/nio/fs/WindowsException'{0x00000000d67774f8}> (0x00000000d67774f8) 
thrown [s\src\hotspot\share\prims\jni.cpp, line 520]
Event: 961.496 Thread 0x000001a604398190 Exception <a 'java/lang/NoSuchMethodError'{0x00000000d5a87e20}: 'java.lang.Object java.lang.invoke.DirectMethodHandle$Holder.invokeVirtual(java.lang.Object, java.lang.Object, int)'> (0x00000000d5a87e20) 
thrown [s\src\hotspot\share\interpreter\linkResolver.cpp, line 773]
Event: 961.669 Thread 0x000001a604398190 Exception <a 'java/lang/NoSuchMethodError'{0x00000000d5e02598}: 'java.lang.Object java.lang.invoke.DirectMethodHandle$Holder.invokeStatic(java.lang.Object, java.lang.Object, int, java.lang.Object)'> (0x00000000d5e02598) 
thrown [s\src\hotspot\share\interpreter\linkResolver.cpp, line 773]
Event: 961.762 Thread 0x000001a604398190 Exception <a 'java/io/FileNotFoundException'{0x00000000d63512c8}> (0x00000000d63512c8) 
thrown [s\src\hotspot\share\prims\jni.cpp, line 520]
Event: 961.763 Thread 0x000001a604398190 Exception <a 'java/io/FileNotFoundException'{0x00000000d63522e0}> (0x00000000d63522e0) 
thrown [s\src\hotspot\share\prims\jni.cpp, line 520]
Event: 962.444 Thread 0x000001a67c9e3df0 Exception <a 'java/io/FileNotFoundException'{0x00000000d5e00948}> (0x00000000d5e00948) 
thrown [s\src\hotspot\share\prims\jni.cpp, line 520]
Event: 962.445 Thread 0x000001a67c9e3df0 Exception <a 'java/io/FileNotFoundException'{0x00000000d5e01c10}> (0x00000000d5e01c10) 
thrown [s\src\hotspot\share\prims\jni.cpp, line 520]
Event: 962.445 Thread 0x000001a67c9e3df0 Exception <a 'java/io/FileNotFoundException'{0x00000000d5e02c28}> (0x00000000d5e02c28) 
thrown [s\src\hotspot\share\prims\jni.cpp, line 520]
Event: 962.701 Thread 0x000001a67c9e3df0 Exception <a 'java/lang/NoSuchMethodError'{0x00000000d5eb6e40}: 'int java.lang.invoke.DirectMethodHandle$Holder.invokeSpecialIFC(java.lang.Object, java.lang.Object, java.lang.Object)'> (0x00000000d5eb6e40) 
thrown [s\src\hotspot\share\interpreter\linkResolver.cpp, line 773]
Event: 963.107 Thread 0x000001a604399540 Exception <a 'java/lang/NoSuchMethodError'{0x00000000d595ee20}: 'void java.lang.invoke.DirectMethodHandle$Holder.invokeVirtual(java.lang.Object, java.lang.Object, java.lang.Object, java.lang.Object, java.lang.Object)'> (0x00000000d595ee20) 
thrown [s\src\hotspot\share\interpreter\linkResolver.cpp, line 773]
Event: 963.127 Thread 0x000001a604399540 Exception <a 'java/lang/NoSuchMethodError'{0x00000000d59f92f8}: 'java.lang.Object java.lang.invoke.DirectMethodHandle$Holder.invokeStatic(java.lang.Object, java.lang.Object, int, java.lang.Object, java.lang.Object)'> (0x00000000d59f92f8) 
thrown [s\src\hotspot\share\interpreter\linkResolver.cpp, line 773]
Event: 1206.532 Thread 0x000001a67c9e3df0 Implicit null exception at 0x000001a62e586aa3 to 0x000001a62e587230
Event: 1261.993 Thread 0x000001a67c9e3df0 Exception <a 'sun/nio/fs/WindowsException'{0x00000000d67f96f0}> (0x00000000d67f96f0) 
thrown [s\src\hotspot\share\prims\jni.cpp, line 520]
Event: 1261.994 Thread 0x000001a67c9e3df0 Exception <a 'sun/nio/fs/WindowsException'{0x00000000d67f9fd0}> (0x00000000d67f9fd0) 
thrown [s\src\hotspot\share\prims\jni.cpp, line 520]
Event: 1262.057 Thread 0x000001a67c9e3df0 Exception <a 'java/lang/NoSuchMethodError'{0x00000000d686a7d8}: 'java.lang.Object java.lang.invoke.DirectMethodHandle$Holder.newInvokeSpecial(java.lang.Object, java.lang.Object, java.lang.Object, java.lang.Object, java.lang.Object, java.lang.Object, java.lang.Object, java.lang.Object)'> (0x00000000d686a7d8) 
thrown [s\src\hotspot\share\interpreter\linkResolver.cpp, line 773]

ZGC Phase Switch (0 events):
No events

VM Operations (20 events):
Event: 1262.041 Executing safepoint VM operation: Cleanup
Event: 1262.041 Executing safepoint VM operation: Cleanup done
Event: 1263.043 Executing safepoint VM operation: Cleanup
Event: 1263.043 Executing safepoint VM operation: Cleanup done
Event: 1263.091 Executing non-safepoint VM operation: HandshakeAllThreads (HandshakeForDeflation)
Event: 1263.091 Executing non-safepoint VM operation: HandshakeAllThreads (HandshakeForDeflation) done
Event: 1263.091 Executing non-safepoint VM operation: RendezvousGCThreads
Event: 1263.091 Executing non-safepoint VM operation: RendezvousGCThreads done
Event: 2165.046 Executing non-safepoint VM operation: HandshakeAllThreads (HandshakeForDeflation)
Event: 2165.052 Executing non-safepoint VM operation: HandshakeAllThreads (HandshakeForDeflation) done
Event: 2165.052 Executing non-safepoint VM operation: RendezvousGCThreads
Event: 2165.052 Executing non-safepoint VM operation: RendezvousGCThreads done
Event: 2345.684 Executing non-safepoint VM operation: HandshakeAllThreads (HandshakeForDeflation)
Event: 2345.684 Executing non-safepoint VM operation: HandshakeAllThreads (HandshakeForDeflation) done
Event: 2345.684 Executing non-safepoint VM operation: RendezvousGCThreads
Event: 2345.684 Executing non-safepoint VM operation: RendezvousGCThreads done
Event: 2490.067 Executing safepoint VM operation: ParallelGCFailedAllocation (Allocation Failure)
Event: 2490.169 Executing safepoint VM operation: ParallelGCFailedAllocation (Allocation Failure) done
Event: 2491.177 Executing safepoint VM operation: Cleanup
Event: 2491.177 Executing safepoint VM operation: Cleanup done

Memory protections (0 events):
No events

Nmethod flushes (20 events):
Event: 45.105 Thread 0x000001a62340eb30 flushing  nmethod 0x000001a626e23690
Event: 45.105 Thread 0x000001a62340eb30 flushing  nmethod 0x000001a626e2cc10
Event: 45.105 Thread 0x000001a62340eb30 flushing  nmethod 0x000001a626e32990
Event: 45.105 Thread 0x000001a62340eb30 flushing  nmethod 0x000001a626e46590
Event: 45.105 Thread 0x000001a62340eb30 flushing  nmethod 0x000001a626e47b90
Event: 45.105 Thread 0x000001a62340eb30 flushing  nmethod 0x000001a626e48b90
Event: 45.105 Thread 0x000001a62340eb30 flushing  nmethod 0x000001a626e4b010
Event: 45.105 Thread 0x000001a62340eb30 flushing  nmethod 0x000001a626e4b490
Event: 45.105 Thread 0x000001a62340eb30 flushing  nmethod 0x000001a626e59290
Event: 45.105 Thread 0x000001a62340eb30 flushing  nmethod 0x000001a626e59f90
Event: 45.105 Thread 0x000001a62340eb30 flushing  nmethod 0x000001a626e5ba90
Event: 45.105 Thread 0x000001a62340eb30 flushing  nmethod 0x000001a626e64010
Event: 45.105 Thread 0x000001a62340eb30 flushing  nmethod 0x000001a626e64e90
Event: 45.105 Thread 0x000001a62340eb30 flushing  nmethod 0x000001a626e7a410
Event: 45.105 Thread 0x000001a62340eb30 flushing  nmethod 0x000001a626e7b390
Event: 45.105 Thread 0x000001a62340eb30 flushing  nmethod 0x000001a626e7b990
Event: 45.105 Thread 0x000001a62340eb30 flushing  nmethod 0x000001a626e7c090
Event: 45.105 Thread 0x000001a62340eb30 flushing  nmethod 0x000001a626e7cb90
Event: 45.105 Thread 0x000001a62340eb30 flushing  nmethod 0x000001a626e7f910
Event: 45.105 Thread 0x000001a62340eb30 flushing  nmethod 0x000001a626ee5c90

Events (20 events):
Event: 968.507 Thread 0x000001a60f18c3d0 Thread exited: 0x000001a60f18c3d0
Event: 968.551 Thread 0x000001a6047ec030 Thread exited: 0x000001a6047ec030
Event: 1023.195 Thread 0x000001a604399540 Thread exited: 0x000001a604399540
Event: 1023.245 Thread 0x000001a67c9e4b10 Thread exited: 0x000001a67c9e4b10
Event: 1023.315 Thread 0x000001a67c9e4480 Thread exited: 0x000001a67c9e4480
Event: 1261.936 Thread 0x000001a67c9e3df0 Thread added: 0x000001a60e9322e0
Event: 1261.959 Thread 0x000001a60e9322e0 Thread exited: 0x000001a60e9322e0
Event: 1262.001 Thread 0x000001a67c9e3df0 Thread added: 0x000001a60e934a40
Event: 1262.005 Thread 0x000001a60e934a40 Thread added: 0x000001a60e933690
Event: 1262.007 Thread 0x000001a60e934a40 Thread exited: 0x000001a60e934a40
Event: 1262.007 Thread 0x000001a60e933690 Thread exited: 0x000001a60e933690
Event: 1262.066 Thread 0x000001a67c670240 Thread added: 0x000001a605e937b0
Event: 1262.219 Thread 0x000001a605e937b0 Thread exited: 0x000001a605e937b0
Event: 1262.570 Thread 0x000001a604397b00 Thread exited: 0x000001a604397b00
Event: 1262.570 Thread 0x000001a604398eb0 Thread exited: 0x000001a604398eb0
Event: 1262.980 Thread 0x000001a60e931c50 Thread exited: 0x000001a60e931c50
Event: 2489.515 Thread 0x000001a604394d10 Thread added: 0x000001a604398eb0
Event: 2489.893 Thread 0x000001a604398eb0 Thread added: 0x000001a604397b00
Event: 2550.260 Thread 0x000001a604398eb0 Thread exited: 0x000001a604398eb0
Event: 2610.255 Thread 0x000001a604397b00 Thread exited: 0x000001a604397b00


Dynamic libraries:
0x00007ff65d030000 - 0x00007ff65d03e000 	c:\Users\Abina\.vscode\extensions\redhat.java-1.54.0-win32-x64\jre\21.0.10-win32-x86_64\bin\java.exe
0x00007ffb36940000 - 0x00007ffb36ba7000 	C:\WINDOWS\SYSTEM32\ntdll.dll
0x00007ffb36270000 - 0x00007ffb36339000 	C:\WINDOWS\System32\KERNEL32.DLL
0x00007ffb33710000 - 0x00007ffb33b04000 	C:\WINDOWS\System32\KERNELBASE.dll
0x00007ffb332c0000 - 0x00007ffb3340b000 	C:\WINDOWS\System32\ucrtbase.dll
0x00007ffae0d50000 - 0x00007ffae0d68000 	c:\Users\Abina\.vscode\extensions\redhat.java-1.54.0-win32-x64\jre\21.0.10-win32-x86_64\bin\jli.dll
0x00007ffb36350000 - 0x00007ffb36515000 	C:\WINDOWS\System32\USER32.dll
0x00007ffb336e0000 - 0x00007ffb33707000 	C:\WINDOWS\System32\win32u.dll
0x00007ffb346d0000 - 0x00007ffb346fb000 	C:\WINDOWS\System32\GDI32.dll
0x00007ffb344f0000 - 0x00007ffb3461b000 	C:\WINDOWS\System32\gdi32full.dll
0x00007ffb34620000 - 0x00007ffb346c3000 	C:\WINDOWS\System32\msvcp_win.dll
0x00007ffae0d70000 - 0x00007ffae0d8e000 	c:\Users\Abina\.vscode\extensions\redhat.java-1.54.0-win32-x64\jre\21.0.10-win32-x86_64\bin\VCRUNTIME140.dll
0x00007ffb19de0000 - 0x00007ffb1a073000 	C:\WINDOWS\WinSxS\amd64_microsoft.windows.common-controls_6595b64144ccf1df_6.0.26100.8115_none_3e075c82e3354f9c\COMCTL32.dll
0x00007ffb34e70000 - 0x00007ffb34f19000 	C:\WINDOWS\System32\msvcrt.dll
0x00007ffb35130000 - 0x00007ffb35162000 	C:\WINDOWS\System32\IMM32.DLL
0x00007ffb24f70000 - 0x00007ffb24f7c000 	c:\Users\Abina\.vscode\extensions\redhat.java-1.54.0-win32-x64\jre\21.0.10-win32-x86_64\bin\vcruntime140_1.dll
0x00007ffadea80000 - 0x00007ffadeb0d000 	c:\Users\Abina\.vscode\extensions\redhat.java-1.54.0-win32-x64\jre\21.0.10-win32-x86_64\bin\msvcp140.dll
0x00007ffa9e540000 - 0x00007ffa9f2e1000 	c:\Users\Abina\.vscode\extensions\redhat.java-1.54.0-win32-x64\jre\21.0.10-win32-x86_64\bin\server\jvm.dll
0x00007ffb35a50000 - 0x00007ffb35b06000 	C:\WINDOWS\System32\ADVAPI32.dll
0x00007ffb35080000 - 0x00007ffb35127000 	C:\WINDOWS\System32\sechost.dll
0x00007ffb36680000 - 0x00007ffb36798000 	C:\WINDOWS\System32\RPCRT4.dll
0x00007ffb367a0000 - 0x00007ffb36820000 	C:\WINDOWS\System32\WS2_32.dll
0x00007ffb33070000 - 0x00007ffb330ce000 	C:\WINDOWS\SYSTEM32\POWRPROF.dll
0x00007ffb2c110000 - 0x00007ffb2c146000 	C:\WINDOWS\SYSTEM32\WINMM.dll
0x00007ffb24790000 - 0x00007ffb2479b000 	C:\WINDOWS\SYSTEM32\VERSION.dll
0x00007ffb33050000 - 0x00007ffb33064000 	C:\WINDOWS\SYSTEM32\UMPDC.dll
0x00007ffb31fa0000 - 0x00007ffb31fbb000 	C:\WINDOWS\SYSTEM32\kernel.appcore.dll
0x00007ffaf9ef0000 - 0x00007ffaf9efa000 	c:\Users\Abina\.vscode\extensions\redhat.java-1.54.0-win32-x64\jre\21.0.10-win32-x86_64\bin\jimage.dll
0x00007ffb30dc0000 - 0x00007ffb31002000 	C:\WINDOWS\SYSTEM32\DBGHELP.DLL
0x00007ffb35270000 - 0x00007ffb355f2000 	C:\WINDOWS\System32\combase.dll
0x00007ffb358f0000 - 0x00007ffb359c8000 	C:\WINDOWS\System32\OLEAUT32.dll
0x00007ffb17c70000 - 0x00007ffb17cab000 	C:\WINDOWS\SYSTEM32\dbgcore.DLL
0x00007ffb33210000 - 0x00007ffb332b5000 	C:\WINDOWS\System32\bcryptPrimitives.dll
0x00007ffae8390000 - 0x00007ffae839f000 	c:\Users\Abina\.vscode\extensions\redhat.java-1.54.0-win32-x64\jre\21.0.10-win32-x86_64\bin\instrument.dll
0x00007ffadec10000 - 0x00007ffadec30000 	c:\Users\Abina\.vscode\extensions\redhat.java-1.54.0-win32-x64\jre\21.0.10-win32-x86_64\bin\java.dll
0x00007ffb34700000 - 0x00007ffb34e67000 	C:\WINDOWS\System32\SHELL32.dll
0x00007ffb33b10000 - 0x00007ffb33c7a000 	C:\WINDOWS\System32\wintypes.dll
0x00007ffb33c80000 - 0x00007ffb344e8000 	C:\WINDOWS\System32\windows.storage.dll
0x00007ffb36520000 - 0x00007ffb36618000 	C:\WINDOWS\System32\SHCORE.dll
0x00007ffb35650000 - 0x00007ffb356b6000 	C:\WINDOWS\System32\shlwapi.dll
0x00007ffb33130000 - 0x00007ffb33159000 	C:\WINDOWS\SYSTEM32\profapi.dll
0x00007ffadea60000 - 0x00007ffadea78000 	c:\Users\Abina\.vscode\extensions\redhat.java-1.54.0-win32-x64\jre\21.0.10-win32-x86_64\bin\zip.dll
0x00007ffae8d70000 - 0x00007ffae8d80000 	C:\Users\Abina\.vscode\extensions\redhat.java-1.54.0-win32-x64\jre\21.0.10-win32-x86_64\bin\net.dll
0x00007ffb25590000 - 0x00007ffb256bd000 	C:\WINDOWS\SYSTEM32\WINHTTP.dll
0x00007ffb32510000 - 0x00007ffb3257c000 	C:\WINDOWS\system32\mswsock.dll
0x00007ffadea40000 - 0x00007ffadea56000 	C:\Users\Abina\.vscode\extensions\redhat.java-1.54.0-win32-x64\jre\21.0.10-win32-x86_64\bin\nio.dll
0x00007ffae3220000 - 0x00007ffae3230000 	c:\Users\Abina\.vscode\extensions\redhat.java-1.54.0-win32-x64\jre\21.0.10-win32-x86_64\bin\verify.dll
0x00007ffade620000 - 0x00007ffade665000 	C:\Users\Abina\AppData\Roaming\Code\User\globalStorage\redhat.java\1.54.0\config_win\org.eclipse.equinox.launcher\org.eclipse.equinox.launcher.win32.win32.x86_64_1.3.0.v20260203-2149\eclipse_11919.dll
0x00007ffb35750000 - 0x00007ffb358e7000 	C:\WINDOWS\System32\ole32.dll
0x00007ffb327f0000 - 0x00007ffb3280b000 	C:\WINDOWS\SYSTEM32\CRYPTSP.dll
0x00007ffb31f00000 - 0x00007ffb31f39000 	C:\WINDOWS\system32\rsaenh.dll
0x00007ffb325c0000 - 0x00007ffb325f3000 	C:\WINDOWS\SYSTEM32\USERENV.dll
0x00007ffb33100000 - 0x00007ffb3312a000 	C:\WINDOWS\SYSTEM32\bcrypt.dll
0x00007ffb32810000 - 0x00007ffb3281c000 	C:\WINDOWS\SYSTEM32\CRYPTBASE.dll
0x00007ffb319d0000 - 0x00007ffb31a02000 	C:\WINDOWS\SYSTEM32\IPHLPAPI.DLL
0x00007ffb368f0000 - 0x00007ffb368fa000 	C:\WINDOWS\System32\NSI.dll
0x00007ffadde40000 - 0x00007ffadde89000 	C:\Users\Abina\AppData\Local\Temp\jna-63052795\jna1474111911305828781.dll
0x00007ffb36340000 - 0x00007ffb36348000 	C:\WINDOWS\System32\PSAPI.DLL
0x00007ffb262a0000 - 0x00007ffb262bd000 	C:\WINDOWS\SYSTEM32\dhcpcsvc6.DLL
0x00007ffb25d90000 - 0x00007ffb25db5000 	C:\WINDOWS\SYSTEM32\dhcpcsvc.DLL
0x00007ffa886e0000 - 0x00007ffa88707000 	C:\Users\Abina\.gradle\native\c067742578af261105cb4f569cf0c3c89f3d7b1fecec35dd04571415982c5e48\windows-amd64\native-platform.dll
0x00007ffaf9dc0000 - 0x00007ffaf9dca000 	C:\Users\Abina\.vscode\extensions\redhat.java-1.54.0-win32-x64\jre\21.0.10-win32-x86_64\bin\management.dll
0x00007ffae3090000 - 0x00007ffae309c000 	C:\Users\Abina\.vscode\extensions\redhat.java-1.54.0-win32-x64\jre\21.0.10-win32-x86_64\bin\management_ext.dll
0x00007ffae1aa0000 - 0x00007ffae1aa9000 	C:\Users\Abina\.vscode\extensions\redhat.java-1.54.0-win32-x64\jre\21.0.10-win32-x86_64\bin\extnet.dll
0x00007ffae1fc0000 - 0x00007ffae1fce000 	C:\Users\Abina\.vscode\extensions\redhat.java-1.54.0-win32-x64\jre\21.0.10-win32-x86_64\bin\sunmscapi.dll
0x00007ffb334d0000 - 0x00007ffb33647000 	C:\WINDOWS\System32\CRYPT32.dll
0x00007ffb32a10000 - 0x00007ffb32a40000 	C:\WINDOWS\SYSTEM32\ncrypt.dll
0x00007ffb329c0000 - 0x00007ffb329ff000 	C:\WINDOWS\SYSTEM32\NTASN1.dll
0x00007ffaf3b80000 - 0x00007ffaf3b88000 	C:\WINDOWS\system32\wshunix.dll

JVMTI agents:
c:\Users\Abina\.vscode\extensions\redhat.java-1.54.0-win32-x64\lombok\lombok-1.18.39-4050.jar path:c:\Users\Abina\.vscode\extensions\redhat.java-1.54.0-win32-x64\jre\21.0.10-win32-x86_64\bin\instrument.dll, loaded, initialized, instrumentlib options:none

dbghelp: loaded successfully - version: 4.0.5 - missing functions: none
symbol engine: initialized successfully - sym options: 0x614 - pdb path: .;c:\Users\Abina\.vscode\extensions\redhat.java-1.54.0-win32-x64\jre\21.0.10-win32-x86_64\bin;C:\WINDOWS\SYSTEM32;C:\WINDOWS\WinSxS\amd64_microsoft.windows.common-controls_6595b64144ccf1df_6.0.26100.8115_none_3e075c82e3354f9c;c:\Users\Abina\.vscode\extensions\redhat.java-1.54.0-win32-x64\jre\21.0.10-win32-x86_64\bin\server;C:\Users\Abina\AppData\Roaming\Code\User\globalStorage\redhat.java\1.54.0\config_win\org.eclipse.equinox.launcher\org.eclipse.equinox.launcher.win32.win32.x86_64_1.3.0.v20260203-2149;C:\Users\Abina\AppData\Local\Temp\jna-63052795;C:\Users\Abina\.gradle\native\c067742578af261105cb4f569cf0c3c89f3d7b1fecec35dd04571415982c5e48\windows-amd64

VM Arguments:
jvm_args: --add-modules=ALL-SYSTEM --add-opens=java.base/java.util=ALL-UNNAMED --add-opens=java.base/java.lang=ALL-UNNAMED --add-opens=java.base/sun.nio.fs=ALL-UNNAMED -Declipse.application=org.eclipse.jdt.ls.core.id1 -Dosgi.bundles.defaultStartLevel=4 -Declipse.product=org.eclipse.jdt.ls.core.product -Djava.import.generatesMetadataFilesAtProjectRoot=false -DDetectVMInstallationsJob.disabled=true -Dfile.encoding=utf8 -XX:+UseParallelGC -XX:GCTimeRatio=4 -XX:AdaptiveSizePolicyWeight=90 -Dsun.zip.disableMemoryMapping=true -Xmx2G -Xms100m -Xlog:disable -javaagent:c:\Users\Abina\.vscode\extensions\redhat.java-1.54.0-win32-x64\lombok\lombok-1.18.39-4050.jar -XX:+HeapDumpOnOutOfMemoryError -XX:HeapDumpPath=c:\Users\Abina\AppData\Roaming\Code\User\workspaceStorage\4b7f7d80164e17c7a29ae92a7ccfe082\redhat.java -Daether.dependencyCollector.impl=bf 
java_command: c:\Users\Abina\.vscode\extensions\redhat.java-1.54.0-win32-x64\server\plugins\org.eclipse.equinox.launcher_1.7.100.v20251111-0406.jar -configuration c:\Users\Abina\AppData\Roaming\Code\User\globalStorage\redhat.java\1.54.0\config_win -data c:\Users\Abina\AppData\Roaming\Code\User\workspaceStorage\4b7f7d80164e17c7a29ae92a7ccfe082\redhat.java\jdt_ws --pipe=\\.\pipe\lsp-4a317ddd122aab38aa70652d3fba8ad7-sock
java_class_path (initial): c:\Users\Abina\.vscode\extensions\redhat.java-1.54.0-win32-x64\server\plugins\org.eclipse.equinox.launcher_1.7.100.v20251111-0406.jar
Launcher Type: SUN_STANDARD

[Global flags]
    uintx AdaptiveSizePolicyWeight                 = 90                                        {product} {command line}
     intx CICompilerCount                          = 4                                         {product} {ergonomic}
    uintx GCTimeRatio                              = 4                                         {product} {command line}
     bool HeapDumpOnOutOfMemoryError               = true                                   {manageable} {command line}
    ccstr HeapDumpPath                             = c:\Users\Abina\AppData\Roaming\Code\User\workspaceStorage\4b7f7d80164e17c7a29ae92a7ccfe082\redhat.java         {manageable} {command line}
   size_t InitialHeapSize                          = 104857600                                 {product} {command line}
   size_t MaxHeapSize                              = 2147483648                                {product} {command line}
   size_t MaxNewSize                               = 715653120                                 {product} {ergonomic}
   size_t MinHeapDeltaBytes                        = 524288                                    {product} {ergonomic}
   size_t MinHeapSize                              = 104857600                                 {product} {command line}
   size_t NewSize                                  = 34603008                                  {product} {ergonomic}
    uintx NonNMethodCodeHeapSize                   = 5839372                                {pd product} {ergonomic}
    uintx NonProfiledCodeHeapSize                  = 122909434                              {pd product} {ergonomic}
   size_t OldSize                                  = 70254592                                  {product} {ergonomic}
    uintx ProfiledCodeHeapSize                     = 122909434                              {pd product} {ergonomic}
    uintx ReservedCodeCacheSize                    = 251658240                              {pd product} {ergonomic}
     bool SegmentedCodeCache                       = true                                      {product} {ergonomic}
   size_t SoftMaxHeapSize                          = 2147483648                             {manageable} {ergonomic}
     bool UseCompressedOops                        = true                           {product lp64_product} {ergonomic}
     bool UseLargePagesIndividualAllocation        = false                                  {pd product} {ergonomic}
     bool UseParallelGC                            = true                                      {product} {command line}

Logging:
Log output configuration:
 #0: stdout all=off uptime,level,tags foldmultilines=false
 #1: stderr all=off uptime,level,tags foldmultilines=false

Release file:
JAVA_VERSION="21.0.10" 
MODULES="java.base java.compiler java.datatransfer java.xml java.prefs java.desktop java.instrument java.logging java.management java.security.sasl java.naming java.rmi java.management.rmi java.net.http java.scripting java.security.jgss java.transaction.xa java.sql java.sql.rowset java.xml.crypto java.se java.smartcardio jdk.accessibility jdk.internal.jvmstat jdk.attach jdk.charsets jdk.internal.opt jdk.zipfs jdk.compiler jdk.crypto.ec jdk.crypto.cryptoki jdk.crypto.mscapi jdk.dynalink jdk.internal.ed jdk.editpad jdk.hotspot.agent jdk.httpserver jdk.internal.le jdk.internal.vm.ci jdk.internal.vm.compiler jdk.internal.vm.compiler.management jdk.jartool jdk.javadoc jdk.jcmd jdk.management jdk.management.agent jdk.jconsole jdk.jdeps jdk.jdwp.agent jdk.jdi jdk.jfr jdk.jshell jdk.jsobject jdk.jstatd jdk.localedata jdk.management.jfr jdk.naming.dns jdk.naming.rmi jdk.net jdk.nio.mapmode jdk.random jdk.sctp jdk.security.auth jdk.security.jgss jdk.unsupported jdk.unsupported.desktop jdk.xml.dom" 

Environment Variables:
PATH=C:\Users\Abina\AppData\Local\Programs\Microsoft VS Code;E:\Python\Python314\Scripts\;E:\Python\Python314\;C:\Python313\Scripts\;C:\Python313\;C:\Program Files\Common Files\Oracle\Java\javapath;C:\WINDOWS\system32;C:\WINDOWS;C:\WINDOWS\System32\Wbem;C:\WINDOWS\System32\WindowsPowerShell\v1.0\;C:\WINDOWS\System32\OpenSSH\;C:\Program Files\dotnet\;C:\ProgramData\ComposerSetup\bin;C:\Windows\System32;C:\Program Files\Java\jdk-17\bin;C:\Users\Abina\flutter\bin;C:\Program Files\PuTTY\;D:\ngrok-v3-stable-windows-amd64;c:\xampp\mysql\bin\;E:\Program Files\Git\cmd;C:\ProgramData\chocolatey\bin;C:\Users\Abina\AppData\Roaming\Python\Python313\Scripts;E:\Python\Scripts;E:\Python;E:\ffmpeg\bin;E:\php;D:\Program Files\nodejs;D:\Program Files\nodejs\;C:\Program Files\Tailscale\;E:\Python\Scripts\;E:\Python\;E:\Python\Python314\Scripts\;E:\Python\Python314\;C:\Users\Abina\AppData\Local\pnpm;C:\Users\Abina\AppData\Local\Microsoft\WindowsApps;C:\Users\Abina\AppData\Local\Programs\Microsoft VS Code\bin;C:\Users\Abina\AppData\Roaming\Composer\vendor\bin;C:\Windows\System32;C:\Program Files\Java\jdk-17\bin;C:\Users\Abina\flutter\bin;E:\JetBrains\PyCharm 2025.2.5\bin;E:\PyCharm Community Edition 2023.3.3\bin;;D:\ngrok-v3-stable-windows-amd64;c:\xampp\mysql\bin\;E:\php;D:\Program Files\nodejs;C:\Users\Abina\AppData\Roaming\npm;D:\cursor\resources\app\bin
USERNAME=Abina
OS=Windows_NT
PROCESSOR_IDENTIFIER=Intel64 Family 6 Model 140 Stepping 1, GenuineIntel
TMP=C:\Users\Abina\AppData\Local\Temp
TEMP=C:\Users\Abina\AppData\Local\Temp




Periodic native trim disabled

---------------  S Y S T E M  ---------------

OS:
 Windows 11 , 64 bit Build 26100 (10.0.26100.8246)
OS uptime: 0 days 0:47 hours
Hyper-V role detected

CPU: total 8 (initial active 8) (4 cores per cpu, 2 threads per core) family 6 model 140 stepping 1 microcode 0xbe, cx8, cmov, fxsr, ht, mmx, 3dnowpref, sse, sse2, sse3, ssse3, sse4.1, sse4.2, popcnt, lzcnt, tsc, tscinvbit, avx, avx2, aes, erms, clmul, bmi1, bmi2, adx, avx512f, avx512dq, avx512cd, avx512bw, avx512vl, sha, fma, vzeroupper, avx512_vpopcntdq, avx512_vpclmulqdq, avx512_vaes, avx512_vnni, clflush, clflushopt, clwb, avx512_vbmi2, avx512_vbmi, hv, rdtscp, rdpid, fsrm, gfni, avx512_bitalg, f16c, cet_ibt, cet_ss, avx512_ifma
Processor Information for the first 8 processors :
  Max Mhz: 2419, Current Mhz: 2419, Mhz Limit: 2419

Memory: 4k page, system-wide physical 7926M (708M free)
TotalPageFile size 15661M (AvailPageFile size 96M)
current process WorkingSet (physical memory assigned to process): 13M, peak: 283M
current process commit charge ("private bytes"): 385M, peak: 437M

vm_info: OpenJDK 64-Bit Server VM (21.0.10+7-LTS) for windows-amd64 JRE (21.0.10+7-LTS), built on 2026-01-20T00:00:00Z by "admin" with MS VC++ 17.12 (VS2022)

END.
