#
# There is insufficient memory for the Java Runtime Environment to continue.
# Native memory allocation (malloc) failed to allocate 106896 bytes. Error detail: Chunk::new
# Possible reasons:
#   The system is out of physical RAM or swap space
#   This process is running with CompressedOops enabled, and the Java Heap may be blocking the growth of the native heap
# Possible solutions:
#   Reduce memory load on the system
#   Increase physical memory or swap space
#   Check if swap backing store is full
#   Decrease Java heap size (-Xmx/-Xms)
#   Decrease number of Java threads
#   Decrease Java thread stack sizes (-Xss)
#   Set larger code cache with -XX:ReservedCodeCacheSize=
#   JVM is running with Unscaled Compressed Oops mode in which the Java heap is
#     placed in the first 4GB address space. The Java Heap base address is the
#     maximum limit for the native heap growth. Please use -XX:HeapBaseMinAddress
#     to set the Java Heap base and to place the Java Heap above 4GB virtual address.
# This output file may be truncated or incomplete.
#
#  Out of Memory Error (arena.cpp:168), pid=11976, tid=24496
#
# JRE version: OpenJDK Runtime Environment Temurin-21.0.10+7 (21.0.10+7) (build 21.0.10+7-LTS)
# Java VM: OpenJDK 64-Bit Server VM Temurin-21.0.10+7 (21.0.10+7-LTS, mixed mode, sharing, tiered, compressed oops, compressed class ptrs, parallel gc, windows-amd64)
# No core dump will be written. Minidumps are not enabled by default on client versions of Windows
#

---------------  S U M M A R Y ------------

Command Line: --add-modules=ALL-SYSTEM --add-opens=java.base/java.util=ALL-UNNAMED --add-opens=java.base/java.lang=ALL-UNNAMED --add-opens=java.base/sun.nio.fs=ALL-UNNAMED -Declipse.application=org.eclipse.jdt.ls.core.id1 -Dosgi.bundles.defaultStartLevel=4 -Declipse.product=org.eclipse.jdt.ls.core.product -Djava.import.generatesMetadataFilesAtProjectRoot=false -DDetectVMInstallationsJob.disabled=true -Dfile.encoding=utf8 -XX:+UseParallelGC -XX:GCTimeRatio=4 -XX:AdaptiveSizePolicyWeight=90 -Dsun.zip.disableMemoryMapping=true -Xmx2G -Xms100m -Xlog:disable -javaagent:c:\Users\Abina\.vscode\extensions\redhat.java-1.54.0-win32-x64\lombok\lombok-1.18.39-4050.jar -XX:+HeapDumpOnOutOfMemoryError -XX:HeapDumpPath=c:\Users\Abina\AppData\Roaming\Code\User\workspaceStorage\4b7f7d80164e17c7a29ae92a7ccfe082\redhat.java -Daether.dependencyCollector.impl=bf c:\Users\Abina\.vscode\extensions\redhat.java-1.54.0-win32-x64\server\plugins\org.eclipse.equinox.launcher_1.7.100.v20251111-0406.jar -configuration c:\Users\Abina\AppData\Roaming\Code\User\globalStorage\redhat.java\1.54.0\config_win -data c:\Users\Abina\AppData\Roaming\Code\User\workspaceStorage\4b7f7d80164e17c7a29ae92a7ccfe082\redhat.java\jdt_ws --pipe=\\.\pipe\lsp-16317ea8039210c9408ee31b0b0a1750-sock

Host: 11th Gen Intel(R) Core(TM) i5-1135G7 @ 2.40GHz, 8 cores, 7G,  Windows 11 , 64 bit Build 26100 (10.0.26100.8246)
Time: Tue May 12 19:39:06 2026 India Standard Time elapsed time: 21.499437 seconds (0d 0h 0m 21s)

---------------  T H R E A D  ---------------

Current thread (0x000001c70b550210):  JavaThread "C2 CompilerThread0" daemon [_thread_in_native, id=24496, stack(0x000000751ca00000,0x000000751cb00000) (1024K)]


Current CompileTask:
C2:21499 2059       4       java.util.zip.ZipFile::getZipEntry (322 bytes)

Stack: [0x000000751ca00000,0x000000751cb00000]
Native frames: (J=compiled Java code, j=interpreted, Vv=VM code, C=native code)
V  [jvm.dll+0x6d7a39]
V  [jvm.dll+0x8b4b26]
V  [jvm.dll+0x8b70de]
V  [jvm.dll+0x8b77c3]
V  [jvm.dll+0x284346]
V  [jvm.dll+0xc66ed]
V  [jvm.dll+0xc6c31]
V  [jvm.dll+0x2fb29e]
V  [jvm.dll+0x5fe884]
V  [jvm.dll+0x255b17]
V  [jvm.dll+0x24dc0b]
V  [jvm.dll+0x24ba42]
V  [jvm.dll+0x1cb34e]
V  [jvm.dll+0x25b85d]
V  [jvm.dll+0x259dea]
V  [jvm.dll+0x3f857e]
V  [jvm.dll+0x85f59d]
V  [jvm.dll+0x6d626d]
C  [ucrtbase.dll+0x37b0]
C  [KERNEL32.DLL+0x2e8d7]
C  [ntdll.dll+0x8c3fc]


---------------  P R O C E S S  ---------------

Threads class SMR info:
_java_thread_list=0x000001c76914ec30, length=16, elements={
0x000001c70b5c5110, 0x000001c70b67b9d0, 0x000001c70b67daf0, 0x000001c70b535670,
0x000001c70b537090, 0x000001c70b53c2b0, 0x000001c70b549c30, 0x000001c70b550210,
0x000001c70b550f90, 0x000001c764a72020, 0x000001c764a726b0, 0x000001c764a705e0,
0x000001c764a70c70, 0x000001c764a72d40, 0x000001c764a6f8c0, 0x000001c7694db750
}

Java Threads: ( => current thread )
  0x000001c70b5c5110 JavaThread "main"                              [_thread_blocked, id=21668, stack(0x000000751c000000,0x000000751c100000) (1024K)]
  0x000001c70b67b9d0 JavaThread "Reference Handler"          daemon [_thread_blocked, id=5572, stack(0x000000751c400000,0x000000751c500000) (1024K)]
  0x000001c70b67daf0 JavaThread "Finalizer"                  daemon [_thread_blocked, id=22568, stack(0x000000751c500000,0x000000751c600000) (1024K)]
  0x000001c70b535670 JavaThread "Signal Dispatcher"          daemon [_thread_blocked, id=23384, stack(0x000000751c600000,0x000000751c700000) (1024K)]
  0x000001c70b537090 JavaThread "Attach Listener"            daemon [_thread_blocked, id=10412, stack(0x000000751c700000,0x000000751c800000) (1024K)]
  0x000001c70b53c2b0 JavaThread "Service Thread"             daemon [_thread_blocked, id=24324, stack(0x000000751c800000,0x000000751c900000) (1024K)]
  0x000001c70b549c30 JavaThread "Monitor Deflation Thread"   daemon [_thread_blocked, id=15316, stack(0x000000751c900000,0x000000751ca00000) (1024K)]
=>0x000001c70b550210 JavaThread "C2 CompilerThread0"         daemon [_thread_in_native, id=24496, stack(0x000000751ca00000,0x000000751cb00000) (1024K)]
  0x000001c70b550f90 JavaThread "C1 CompilerThread0"         daemon [_thread_in_native, id=3968, stack(0x000000751cb00000,0x000000751cc00000) (1024K)]
  0x000001c764a72020 JavaThread "Common-Cleaner"             daemon [_thread_blocked, id=24264, stack(0x000000751cc00000,0x000000751cd00000) (1024K)]
  0x000001c764a726b0 JavaThread "Notification Thread"        daemon [_thread_blocked, id=24476, stack(0x000000751ce00000,0x000000751cf00000) (1024K)]
  0x000001c764a705e0 JavaThread "Active Thread: Equinox Container: d8925a3a-2bfa-4fce-a54a-1066f53febc2"        [_thread_blocked, id=18024, stack(0x000000751d400000,0x000000751d500000) (1024K)]
  0x000001c764a70c70 JavaThread "Refresh Thread: Equinox Container: d8925a3a-2bfa-4fce-a54a-1066f53febc2" daemon [_thread_blocked, id=24396, stack(0x000000751d600000,0x000000751d700000) (1024K)]
  0x000001c764a72d40 JavaThread "Framework Event Dispatcher: Equinox Container: d8925a3a-2bfa-4fce-a54a-1066f53febc2" daemon [_thread_blocked, id=14700, stack(0x000000751d700000,0x000000751d800000) (1024K)]
  0x000001c764a6f8c0 JavaThread "Start Level: Equinox Container: d8925a3a-2bfa-4fce-a54a-1066f53febc2" daemon [_thread_in_native, id=4432, stack(0x000000751d800000,0x000000751d900000) (1024K)]
  0x000001c7694db750 JavaThread "C2 CompilerThread1"         daemon [_thread_in_native, id=16416, stack(0x000000751d900000,0x000000751da00000) (1024K)]
Total: 16

Other Threads:
  0x000001c70b532d40 VMThread "VM Thread"                           [id=3296, stack(0x000000751c300000,0x000000751c400000) (1024K)]
  0x000001c70b631310 WatcherThread "VM Periodic Task Thread"        [id=22716, stack(0x000000751c200000,0x000000751c300000) (1024K)]
  0x000001c70b5e2810 WorkerThread "GC Thread#0"                     [id=20660, stack(0x000000751c100000,0x000000751c200000) (1024K)]
  0x000001c7693a2860 WorkerThread "GC Thread#1"                     [id=8660, stack(0x000000751cd00000,0x000000751ce00000) (1024K)]
  0x000001c7693a2c10 WorkerThread "GC Thread#2"                     [id=4572, stack(0x000000751cf00000,0x000000751d000000) (1024K)]
  0x000001c7693a2fc0 WorkerThread "GC Thread#3"                     [id=20588, stack(0x000000751d000000,0x000000751d100000) (1024K)]
  0x000001c7693a3370 WorkerThread "GC Thread#4"                     [id=18764, stack(0x000000751d100000,0x000000751d200000) (1024K)]
  0x000001c7693a3720 WorkerThread "GC Thread#5"                     [id=10476, stack(0x000000751d200000,0x000000751d300000) (1024K)]
  0x000001c7693a3ad0 WorkerThread "GC Thread#6"                     [id=1964, stack(0x000000751d300000,0x000000751d400000) (1024K)]
  0x000001c769621340 WorkerThread "GC Thread#7"                     [id=12568, stack(0x000000751d500000,0x000000751d600000) (1024K)]
Total: 10

Threads with active compile tasks:
C2 CompilerThread0  21533 2059       4       java.util.zip.ZipFile::getZipEntry (322 bytes)
C1 CompilerThread0  21533 2079   !   3       org.eclipse.osgi.storage.bundlefile.CloseableBundleFile::internalOpen (118 bytes)
C2 CompilerThread1  21534 2062       4       java.util.zip.ZipCoder$UTF8ZipCoder::toString (12 bytes)
Total: 3

VM state: not at safepoint (normal execution)

VM Mutex/Monitor currently owned by a thread: None

Heap address: 0x0000000080000000, size: 2048 MB, Compressed Oops mode: 32-bit

CDS archive(s) mapped at: [0x000001c722000000-0x000001c722ba0000-0x000001c722ba0000), size 12189696, SharedBaseAddress: 0x000001c722000000, ArchiveRelocationMode: 1.
Compressed class space mapped at: 0x000001c723000000-0x000001c763000000, reserved size: 1073741824
Narrow klass base: 0x000001c722000000, Narrow klass shift: 0, Narrow klass range: 0x100000000

GC Precious Log:
 CardTable entry size: 512
 CPUs: 8 total, 8 available
 Memory: 7926M
 Large Page Support: Disabled
 NUMA Support: Disabled
 Compressed Oops: Enabled (32-bit)
 Alignments: Space 512K, Generation 512K, Heap 2M
 Heap Min Capacity: 100M
 Heap Initial Capacity: 100M
 Heap Max Capacity: 2G
 Pre-touch: Disabled
 Parallel Workers: 8

Heap:
 PSYoungGen      total 29696K, used 24197K [0x00000000d5580000, 0x00000000d7680000, 0x0000000100000000)
  eden space 25600K, 78% used [0x00000000d5580000,0x00000000d6923df0,0x00000000d6e80000)
  from space 4096K, 99% used [0x00000000d7280000,0x00000000d767d810,0x00000000d7680000)
  to   space 4096K, 0% used [0x00000000d6e80000,0x00000000d6e80000,0x00000000d7280000)
 ParOldGen       total 68608K, used 2047K [0x0000000080000000, 0x0000000084300000, 0x00000000d5580000)
  object space 68608K, 2% used [0x0000000080000000,0x00000000801ffeb8,0x0000000084300000)
 Metaspace       used 9392K, committed 9728K, reserved 1114112K
  class space    used 1009K, committed 1152K, reserved 1048576K

Card table byte_map: [0x000001c70af60000,0x000001c70b370000] _byte_map_base: 0x000001c70ab60000

Marking Bits: (ParMarkBitMap*) 0x00007ffaecb43450
 Begin Bits: [0x000001c71da70000, 0x000001c71fa70000)
 End Bits:   [0x000001c71fa70000, 0x000001c721a70000)

Polling page: 0x000001c709430000

Metaspace:

Usage:
  Non-class:      8.19 MB used.
      Class:   1009.19 KB used.
       Both:      9.17 MB used.

Virtual space:
  Non-class space:       64.00 MB reserved,       8.38 MB ( 13%) committed,  1 nodes.
      Class space:        1.00 GB reserved,       1.12 MB ( <1%) committed,  1 nodes.
             Both:        1.06 GB reserved,       9.50 MB ( <1%) committed. 

Chunk freelists:
   Non-Class:  6.83 MB
       Class:  14.79 MB
        Both:  21.61 MB

MaxMetaspaceSize: unlimited
CompressedClassSpaceSize: 1.00 GB
Initial GC threshold: 21.00 MB
Current GC threshold: 21.00 MB
CDS: on
 - commit_granule_bytes: 65536.
 - commit_granule_words: 8192.
 - virtual_space_node_default_size: 8388608.
 - enlarge_chunks_in_place: 1.
 - use_allocation_guard: 0.


Internal statistics:

num_allocs_failed_limit: 0.
num_arena_births: 256.
num_arena_deaths: 0.
num_vsnodes_births: 2.
num_vsnodes_deaths: 0.
num_space_committed: 152.
num_space_uncommitted: 0.
num_chunks_returned_to_freelist: 0.
num_chunks_taken_from_freelist: 509.
num_chunk_merges: 0.
num_chunk_splits: 322.
num_chunks_enlarged: 211.
num_inconsistent_stats: 0.

CodeHeap 'non-profiled nmethods': size=120000Kb used=895Kb max_used=895Kb free=119104Kb
 bounds [0x000001c716290000, 0x000001c716500000, 0x000001c71d7c0000]
CodeHeap 'profiled nmethods': size=120000Kb used=3796Kb max_used=3796Kb free=116204Kb
 bounds [0x000001c70e7c0000, 0x000001c70eb80000, 0x000001c715cf0000]
CodeHeap 'non-nmethods': size=5760Kb used=1238Kb max_used=1254Kb free=4521Kb
 bounds [0x000001c715cf0000, 0x000001c715f60000, 0x000001c716290000]
CodeCache: size=245760Kb, used=5929Kb, max_used=5945Kb, free=239829Kb
 total_blobs=2563, nmethods=2071, adapters=398, full_count=0
Compilation: enabled, stopped_count=0, restarted_count=0

Compilation events (20 events):
Event: 21.487 Thread 0x000001c70b550f90 2056       3       java.lang.AbstractStringBuilder::<init> (63 bytes)
Event: 21.487 Thread 0x000001c70b550210 2058       4       java.util.AbstractMap::<init> (5 bytes)
Event: 21.488 Thread 0x000001c70b550f90 nmethod 2056 0x000001c70eb6f810 code [0x000001c70eb6fa20, 0x000001c70eb70048]
Event: 21.488 Thread 0x000001c70b550210 nmethod 2058 0x000001c71636db90 code [0x000001c71636dd20, 0x000001c71636dda8]
Event: 21.488 Thread 0x000001c70b550f90 2057   !   3       org.eclipse.osgi.storage.bundlefile.CloseableBundleFile::lockOpen (113 bytes)
Event: 21.488 Thread 0x000001c70b550210 2059       4       java.util.zip.ZipFile::getZipEntry (322 bytes)
Event: 21.489 Thread 0x000001c70b550f90 nmethod 2057 0x000001c70eb70290 code [0x000001c70eb70560, 0x000001c70eb71678]
Event: 21.490 Thread 0x000001c70b550f90 2066       3       org.eclipse.osgi.storage.bundlefile.CloseableBundleFile::mruListUse (16 bytes)
Event: 21.490 Thread 0x000001c70b550f90 nmethod 2066 0x000001c70eb71d10 code [0x000001c70eb71ec0, 0x000001c70eb72058]
Event: 21.491 Thread 0x000001c70b550f90 2067   !   3       org.eclipse.osgi.storage.bundlefile.MRUBundleFileList::use (55 bytes)
Event: 21.491 Thread 0x000001c7694db750 2061       4       java.util.zip.ZipEntry::<init> (84 bytes)
Event: 21.491 Thread 0x000001c70b550f90 nmethod 2067 0x000001c70eb72110 code [0x000001c70eb722e0, 0x000001c70eb726d0]
Event: 21.491 Thread 0x000001c70b550f90 2070       3       org.eclipse.osgi.framework.util.CaseInsensitiveDictionaryMap::computeHashCode (76 bytes)
Event: 21.492 Thread 0x000001c70b550f90 nmethod 2070 0x000001c70eb72890 code [0x000001c70eb72ae0, 0x000001c70eb73308]
Event: 21.492 Thread 0x000001c70b550f90 2071       3       java.lang.invoke.DirectMethodHandle$Holder::newInvokeSpecial (21 bytes)
Event: 21.492 Thread 0x000001c7694db750 nmethod 2061 0x000001c71636de90 code [0x000001c71636e020, 0x000001c71636e158]
Event: 21.492 Thread 0x000001c7694db750 2063       4       java.util.zip.ZipFile$ZipEntryIterator::hasMoreElements (5 bytes)
Event: 21.492 Thread 0x000001c70b550f90 nmethod 2071 0x000001c70eb73610 code [0x000001c70eb73800, 0x000001c70eb73f80]
Event: 21.493 Thread 0x000001c7694db750 nmethod 2063 0x000001c71636e290 code [0x000001c71636e420, 0x000001c71636e4c0]
Event: 21.493 Thread 0x000001c7694db750 2060       4       java.lang.String::newStringUTF8NoRepl (322 bytes)

GC Heap History (4 events):
Event: 1.792 GC heap before
{Heap before GC invocations=1 (full 0):
 PSYoungGen      total 29696K, used 25600K [0x00000000d5580000, 0x00000000d7680000, 0x0000000100000000)
  eden space 25600K, 100% used [0x00000000d5580000,0x00000000d6e80000,0x00000000d6e80000)
  from space 4096K, 0% used [0x00000000d7280000,0x00000000d7280000,0x00000000d7680000)
  to   space 4096K, 0% used [0x00000000d6e80000,0x00000000d6e80000,0x00000000d7280000)
 ParOldGen       total 68608K, used 0K [0x0000000080000000, 0x0000000084300000, 0x00000000d5580000)
  object space 68608K, 0% used [0x0000000080000000,0x0000000080000000,0x0000000084300000)
 Metaspace       used 4373K, committed 4608K, reserved 1114112K
  class space    used 474K, committed 576K, reserved 1048576K
}
Event: 1.808 GC heap after
{Heap after GC invocations=1 (full 0):
 PSYoungGen      total 29696K, used 3312K [0x00000000d5580000, 0x00000000d7680000, 0x0000000100000000)
  eden space 25600K, 0% used [0x00000000d5580000,0x00000000d5580000,0x00000000d6e80000)
  from space 4096K, 80% used [0x00000000d6e80000,0x00000000d71bc148,0x00000000d7280000)
  to   space 4096K, 0% used [0x00000000d7280000,0x00000000d7280000,0x00000000d7680000)
 ParOldGen       total 68608K, used 0K [0x0000000080000000, 0x0000000084300000, 0x00000000d5580000)
  object space 68608K, 0% used [0x0000000080000000,0x0000000080000000,0x0000000084300000)
 Metaspace       used 4373K, committed 4608K, reserved 1114112K
  class space    used 474K, committed 576K, reserved 1048576K
}
Event: 19.969 GC heap before
{Heap before GC invocations=2 (full 0):
 PSYoungGen      total 29696K, used 28912K [0x00000000d5580000, 0x00000000d7680000, 0x0000000100000000)
  eden space 25600K, 100% used [0x00000000d5580000,0x00000000d6e80000,0x00000000d6e80000)
  from space 4096K, 80% used [0x00000000d6e80000,0x00000000d71bc148,0x00000000d7280000)
  to   space 4096K, 0% used [0x00000000d7280000,0x00000000d7280000,0x00000000d7680000)
 ParOldGen       total 68608K, used 0K [0x0000000080000000, 0x0000000084300000, 0x00000000d5580000)
  object space 68608K, 0% used [0x0000000080000000,0x0000000080000000,0x0000000084300000)
 Metaspace       used 8000K, committed 8256K, reserved 1114112K
  class space    used 831K, committed 960K, reserved 1048576K
}
Event: 19.978 GC heap after
{Heap after GC invocations=2 (full 0):
 PSYoungGen      total 29696K, used 4086K [0x00000000d5580000, 0x00000000d7680000, 0x0000000100000000)
  eden space 25600K, 0% used [0x00000000d5580000,0x00000000d5580000,0x00000000d6e80000)
  from space 4096K, 99% used [0x00000000d7280000,0x00000000d767d810,0x00000000d7680000)
  to   space 4096K, 0% used [0x00000000d6e80000,0x00000000d6e80000,0x00000000d7280000)
 ParOldGen       total 68608K, used 2047K [0x0000000080000000, 0x0000000084300000, 0x00000000d5580000)
  object space 68608K, 2% used [0x0000000080000000,0x00000000801ffeb8,0x0000000084300000)
 Metaspace       used 8000K, committed 8256K, reserved 1114112K
  class space    used 831K, committed 960K, reserved 1048576K
}

Dll operation events (9 events):
Event: 0.016 Loaded shared library c:\Users\Abina\.vscode\extensions\redhat.java-1.54.0-win32-x64\jre\21.0.10-win32-x86_64\bin\java.dll
Event: 0.137 Loaded shared library c:\Users\Abina\.vscode\extensions\redhat.java-1.54.0-win32-x64\jre\21.0.10-win32-x86_64\bin\zip.dll
Event: 0.179 Loaded shared library C:\Users\Abina\.vscode\extensions\redhat.java-1.54.0-win32-x64\jre\21.0.10-win32-x86_64\bin\instrument.dll
Event: 0.185 Loaded shared library C:\Users\Abina\.vscode\extensions\redhat.java-1.54.0-win32-x64\jre\21.0.10-win32-x86_64\bin\net.dll
Event: 0.188 Loaded shared library C:\Users\Abina\.vscode\extensions\redhat.java-1.54.0-win32-x64\jre\21.0.10-win32-x86_64\bin\nio.dll
Event: 0.192 Loaded shared library C:\Users\Abina\.vscode\extensions\redhat.java-1.54.0-win32-x64\jre\21.0.10-win32-x86_64\bin\zip.dll
Event: 0.234 Loaded shared library C:\Users\Abina\.vscode\extensions\redhat.java-1.54.0-win32-x64\jre\21.0.10-win32-x86_64\bin\jimage.dll
Event: 0.376 Loaded shared library c:\Users\Abina\.vscode\extensions\redhat.java-1.54.0-win32-x64\jre\21.0.10-win32-x86_64\bin\verify.dll
Event: 20.989 Loaded shared library C:\Users\Abina\AppData\Roaming\Code\User\globalStorage\redhat.java\1.54.0\config_win\org.eclipse.equinox.launcher\org.eclipse.equinox.launcher.win32.win32.x86_64_1.3.0.v20260203-2149\eclipse_11919.dll

Deoptimization events (20 events):
Event: 21.059 Thread 0x000001c764a6f8c0 Uncommon trap: trap_request=0xffffff45 fr.pc=0x000001c71634b8ac relative=0x0000000000000fec
Event: 21.059 Thread 0x000001c764a6f8c0 Uncommon trap: reason=unstable_if action=reinterpret pc=0x000001c71634b8ac method=java.lang.String.<init>(Ljava/nio/charset/Charset;[BII)V @ 6 c2
Event: 21.059 Thread 0x000001c764a6f8c0 DEOPT PACKING pc=0x000001c71634b8ac sp=0x000000751d8fd9b0
Event: 21.059 Thread 0x000001c764a6f8c0 DEOPT UNPACKING pc=0x000001c715d46da2 sp=0x000000751d8fd980 mode 2
Event: 21.207 Thread 0x000001c764a6f8c0 Uncommon trap: trap_request=0xffffff45 fr.pc=0x000001c7162cdbf4 relative=0x0000000000000054
Event: 21.207 Thread 0x000001c764a6f8c0 Uncommon trap: reason=unstable_if action=reinterpret pc=0x000001c7162cdbf4 method=java.lang.CharacterData.of(I)Ljava/lang/CharacterData; @ 4 c2
Event: 21.207 Thread 0x000001c764a6f8c0 DEOPT PACKING pc=0x000001c7162cdbf4 sp=0x000000751d8fd400
Event: 21.207 Thread 0x000001c764a6f8c0 DEOPT UNPACKING pc=0x000001c715d46da2 sp=0x000000751d8fd398 mode 2
Event: 21.472 Thread 0x000001c764a6f8c0 Uncommon trap: trap_request=0xffffffde fr.pc=0x000001c71636a464 relative=0x0000000000000304
Event: 21.472 Thread 0x000001c764a6f8c0 Uncommon trap: reason=class_check action=maybe_recompile pc=0x000001c71636a464 method=java.util.regex.Pattern$BmpCharPropertyGreedy.match(Ljava/util/regex/Matcher;ILjava/lang/CharSequence;)Z @ 26 c2
Event: 21.472 Thread 0x000001c764a6f8c0 DEOPT PACKING pc=0x000001c71636a464 sp=0x000000751d8fdb80
Event: 21.472 Thread 0x000001c764a6f8c0 DEOPT UNPACKING pc=0x000001c715d46da2 sp=0x000000751d8fdb38 mode 2
Event: 21.472 Thread 0x000001c764a6f8c0 Uncommon trap: trap_request=0xffffffde fr.pc=0x000001c71636a464 relative=0x0000000000000304
Event: 21.472 Thread 0x000001c764a6f8c0 Uncommon trap: reason=class_check action=maybe_recompile pc=0x000001c71636a464 method=java.util.regex.Pattern$BmpCharPropertyGreedy.match(Ljava/util/regex/Matcher;ILjava/lang/CharSequence;)Z @ 26 c2
Event: 21.472 Thread 0x000001c764a6f8c0 DEOPT PACKING pc=0x000001c71636a464 sp=0x000000751d8fdb90
Event: 21.473 Thread 0x000001c764a6f8c0 DEOPT UNPACKING pc=0x000001c715d46da2 sp=0x000000751d8fdb48 mode 2
Event: 21.483 Thread 0x000001c764a6f8c0 Uncommon trap: trap_request=0xffffff45 fr.pc=0x000001c71633f6c8 relative=0x00000000000009e8
Event: 21.483 Thread 0x000001c764a6f8c0 Uncommon trap: reason=unstable_if action=reinterpret pc=0x000001c71633f6c8 method=java.util.concurrent.ConcurrentHashMap.putVal(Ljava/lang/Object;Ljava/lang/Object;Z)Ljava/lang/Object; @ 148 c2
Event: 21.483 Thread 0x000001c764a6f8c0 DEOPT PACKING pc=0x000001c71633f6c8 sp=0x000000751d8fe0b0
Event: 21.483 Thread 0x000001c764a6f8c0 DEOPT UNPACKING pc=0x000001c715d46da2 sp=0x000000751d8fe020 mode 2

Classes loaded (20 events):
Event: 21.169 Loading class sun/util/logging/resources/logging_en_IN
Event: 21.169 Loading class sun/util/logging/resources/logging_en_IN done
Event: 21.172 Loading class java/util/Formatter$DateTime
Event: 21.172 Loading class java/util/Formatter$DateTime done
Event: 21.172 Loading class java/util/Formatter$FixedString
Event: 21.172 Loading class java/util/Formatter$FixedString done
Event: 21.173 Loading class java/time/ZonedDateTime$1
Event: 21.173 Loading class java/time/ZonedDateTime$1 done
Event: 21.181 Loading class jdk/internal/module/ModulePatcher$PatchedModuleReader
Event: 21.182 Loading class jdk/internal/module/ModulePatcher$PatchedModuleReader done
Event: 21.191 Loading class sun/util/resources/LocaleData$CommonResourceBundleProvider
Event: 21.191 Loading class sun/util/resources/LocaleData$LocaleDataResourceBundleProvider
Event: 21.191 Loading class java/util/spi/ResourceBundleProvider
Event: 21.192 Loading class java/util/spi/ResourceBundleProvider done
Event: 21.192 Loading class sun/util/resources/LocaleData$LocaleDataResourceBundleProvider done
Event: 21.192 Loading class sun/util/resources/LocaleData$CommonResourceBundleProvider done
Event: 21.195 Loading class sun/text/resources/cldr/FormatData_en
Event: 21.195 Loading class sun/text/resources/cldr/FormatData_en done
Event: 21.195 Loading class sun/util/resources/Bundles$2
Event: 21.196 Loading class sun/util/resources/Bundles$2 done

Classes unloaded (0 events):
No events

Classes redefined (0 events):
No events

Internal exceptions (20 events):
Event: 1.996 Thread 0x000001c70b5c5110 Implicit null exception at 0x000001c7162ee1a9 to 0x000001c7162eea48
Event: 1.997 Thread 0x000001c70b5c5110 Implicit null exception at 0x000001c7162f861a to 0x000001c7162f8824
Event: 1.998 Thread 0x000001c70b5c5110 Exception <a 'java/lang/NoSuchMethodError'{0x00000000d56ef7f0}: 'void java.lang.invoke.DirectMethodHandle$Holder.invokeStatic(java.lang.Object, java.lang.Object, java.lang.Object, java.lang.Object)'> (0x00000000d56ef7f0) 
thrown [s\src\hotspot\share\interpreter\linkResolver.cpp, line 773]
Event: 1.999 Thread 0x000001c70b5c5110 Implicit null exception at 0x000001c7162f183c to 0x000001c7162f1ac8
Event: 1.999 Thread 0x000001c70b5c5110 Implicit null exception at 0x000001c7162f143d to 0x000001c7162f14c1
Event: 2.813 Thread 0x000001c70b5c5110 Exception <a 'java/lang/NoSuchMethodError'{0x00000000d59dac28}: 'void java.lang.invoke.DirectMethodHandle$Holder.invokeSpecial(java.lang.Object, java.lang.Object, java.lang.Object)'> (0x00000000d59dac28) 
thrown [s\src\hotspot\share\interpreter\linkResolver.cpp, line 773]
Event: 3.582 Thread 0x000001c70b5c5110 Exception <a 'java/lang/NoSuchMethodError'{0x00000000d644beb0}: 'int java.lang.invoke.DirectMethodHandle$Holder.invokeVirtual(java.lang.Object, java.lang.Object)'> (0x00000000d644beb0) 
thrown [s\src\hotspot\share\interpreter\linkResolver.cpp, line 773]
Event: 3.832 Thread 0x000001c70b5c5110 Exception <a 'java/lang/NoSuchMethodError'{0x00000000d65c3010}: 'int java.lang.invoke.DirectMethodHandle$Holder.invokeStaticInit(java.lang.Object, java.lang.Object, java.lang.Object, java.lang.Object)'> (0x00000000d65c3010) 
thrown [s\src\hotspot\share\interpreter\linkResolver.cpp, line 773]
Event: 3.836 Thread 0x000001c70b5c5110 Exception <a 'java/lang/IncompatibleClassChangeError'{0x00000000d65cb418}: Found class java.lang.Object, but interface was expected> (0x00000000d65cb418) 
thrown [s\src\hotspot\share\interpreter\linkResolver.cpp, line 840]
Event: 3.837 Thread 0x000001c70b5c5110 Exception <a 'java/lang/NoSuchMethodError'{0x00000000d65d1c90}: 'void java.lang.invoke.DirectMethodHandle$Holder.invokeStaticInit(java.lang.Object, java.lang.Object)'> (0x00000000d65d1c90) 
thrown [s\src\hotspot\share\interpreter\linkResolver.cpp, line 773]
Event: 3.840 Thread 0x000001c70b5c5110 Exception <a 'java/lang/NoSuchMethodError'{0x00000000d65db0e8}: 'int java.lang.invoke.DirectMethodHandle$Holder.invokeStaticInit(java.lang.Object, java.lang.Object)'> (0x00000000d65db0e8) 
thrown [s\src\hotspot\share\interpreter\linkResolver.cpp, line 773]
Event: 3.909 Thread 0x000001c70b5c5110 Exception <a 'java/lang/NoSuchMethodError'{0x00000000d6820b90}: 'java.lang.Object java.lang.invoke.DirectMethodHandle$Holder.newInvokeSpecial(java.lang.Object, int, java.lang.Object)'> (0x00000000d6820b90) 
thrown [s\src\hotspot\share\interpreter\linkResolver.cpp, line 773]
Event: 3.973 Thread 0x000001c70b5c5110 Exception <a 'java/lang/ClassNotFoundException'{0x00000000d6a37978}: sun/net/www/protocol/plurl/Handler> (0x00000000d6a37978) 
thrown [s\src\hotspot\share\classfile\systemDictionary.cpp, line 312]
Event: 3.973 Thread 0x000001c70b5c5110 Exception <a 'java/lang/ClassNotFoundException'{0x00000000d6a387f8}: sun/net/www/protocol/plurl/Handler> (0x00000000d6a387f8) 
thrown [s\src\hotspot\share\classfile\systemDictionary.cpp, line 312]
Event: 20.884 Thread 0x000001c70b5c5110 Exception <a 'java/lang/UnsatisfiedLinkError'{0x00000000d55d6010}: 'void org.eclipse.equinox.launcher.JNIBridge._update_splash()'> (0x00000000d55d6010) 
thrown [s\src\hotspot\share\prims\nativeLookup.cpp, line 415]
Event: 20.937 Thread 0x000001c764a70c70 Exception <a 'java/lang/NoSuchMethodError'{0x00000000d586b2c0}: 'void java.lang.invoke.DirectMethodHandle$Holder.invokeInterface(java.lang.Object, java.lang.Object, java.lang.Object)'> (0x00000000d586b2c0) 
thrown [s\src\hotspot\share\interpreter\linkResolver.cpp, line 773]
Event: 21.108 Thread 0x000001c764a6f8c0 Exception <a 'java/lang/NoSuchMethodError'{0x00000000d5cb70f8}: 'java.lang.Object java.lang.invoke.DirectMethodHandle$Holder.newInvokeSpecial(java.lang.Object, java.lang.Object, int, java.lang.Object)'> (0x00000000d5cb70f8) 
thrown [s\src\hotspot\share\interpreter\linkResolver.cpp, line 773]
Event: 21.108 Thread 0x000001c764a6f8c0 Exception <a 'java/lang/NoSuchMethodError'{0x00000000d5cbaf28}: 'java.lang.Object java.lang.invoke.DirectMethodHandle$Holder.invokeSpecial(java.lang.Object, java.lang.Object, java.lang.Object, int, java.lang.Object)'> (0x00000000d5cbaf28) 
thrown [s\src\hotspot\share\interpreter\linkResolver.cpp, line 773]
Event: 21.129 Thread 0x000001c764a6f8c0 Exception <a 'java/lang/NoClassDefFoundError'{0x00000000d5d621d8}: jakarta/servlet/ServletContainerInitializer> (0x00000000d5d621d8) 
thrown [s\src\hotspot\share\classfile\systemDictionary.cpp, line 301]
Event: 21.164 Thread 0x000001c764a6f8c0 Exception <a 'java/lang/ClassNotFoundException'{0x00000000d5eb6978}: sun/util/logging/resources/spi/loggingProvider> (0x00000000d5eb6978) 
thrown [s\src\hotspot\share\classfile\systemDictionary.cpp, line 312]

ZGC Phase Switch (0 events):
No events

VM Operations (20 events):
Event: 3.891 Executing non-safepoint VM operation: HandshakeAllThreads (Deoptimize)
Event: 3.891 Executing non-safepoint VM operation: HandshakeAllThreads (Deoptimize) done
Event: 3.945 Executing non-safepoint VM operation: HandshakeAllThreads (Deoptimize)
Event: 3.945 Executing non-safepoint VM operation: HandshakeAllThreads (Deoptimize) done
Event: 3.967 Executing non-safepoint VM operation: HandshakeAllThreads (Deoptimize)
Event: 3.967 Executing non-safepoint VM operation: HandshakeAllThreads (Deoptimize) done
Event: 4.973 Executing safepoint VM operation: Cleanup
Event: 4.973 Executing safepoint VM operation: Cleanup done
Event: 19.969 Executing safepoint VM operation: ParallelGCFailedAllocation (Allocation Failure)
Event: 19.978 Executing safepoint VM operation: ParallelGCFailedAllocation (Allocation Failure) done
Event: 20.983 Executing safepoint VM operation: Cleanup
Event: 20.998 Executing safepoint VM operation: Cleanup done
Event: 21.148 Executing non-safepoint VM operation: HandshakeAllThreads (Deoptimize)
Event: 21.148 Executing non-safepoint VM operation: HandshakeAllThreads (Deoptimize) done
Event: 21.182 Executing non-safepoint VM operation: HandshakeAllThreads (Deoptimize)
Event: 21.182 Executing non-safepoint VM operation: HandshakeAllThreads (Deoptimize) done
Event: 21.209 Executing non-safepoint VM operation: HandshakeAllThreads (Deoptimize)
Event: 21.209 Executing non-safepoint VM operation: HandshakeAllThreads (Deoptimize) done
Event: 21.482 Executing non-safepoint VM operation: HandshakeAllThreads (Deoptimize)
Event: 21.483 Executing non-safepoint VM operation: HandshakeAllThreads (Deoptimize) done

Memory protections (0 events):
No events

Nmethod flushes (0 events):
No events

Events (20 events):
Event: 0.059 Thread 0x000001c70b5c5110 Thread added: 0x000001c70b67daf0
Event: 0.066 Thread 0x000001c70b5c5110 Thread added: 0x000001c70b535670
Event: 0.066 Thread 0x000001c70b5c5110 Thread added: 0x000001c70b537090
Event: 0.066 Thread 0x000001c70b5c5110 Thread added: 0x000001c70b53c2b0
Event: 0.066 Thread 0x000001c70b5c5110 Thread added: 0x000001c70b549c30
Event: 0.066 Thread 0x000001c70b5c5110 Thread added: 0x000001c70b550210
Event: 0.069 Thread 0x000001c70b5c5110 Thread added: 0x000001c70b550f90
Event: 0.182 Thread 0x000001c70b5c5110 Thread added: 0x000001c764a72020
Event: 0.357 Thread 0x000001c70b550210 Thread added: 0x000001c764af1e70
Event: 0.606 Thread 0x000001c70b5c5110 Thread added: 0x000001c764a726b0
Event: 1.259 Thread 0x000001c764af1e70 Thread exited: 0x000001c764af1e70
Event: 3.186 Thread 0x000001c70b550f90 Thread added: 0x000001c7692f07b0
Event: 3.186 Thread 0x000001c70b550f90 Thread added: 0x000001c769622270
Event: 3.676 Thread 0x000001c769622270 Thread exited: 0x000001c769622270
Event: 3.792 Thread 0x000001c7692f07b0 Thread exited: 0x000001c7692f07b0
Event: 3.854 Thread 0x000001c70b5c5110 Thread added: 0x000001c764a705e0
Event: 20.881 Thread 0x000001c70b5c5110 Thread added: 0x000001c764a70c70
Event: 20.940 Thread 0x000001c764a70c70 Thread added: 0x000001c764a72d40
Event: 21.004 Thread 0x000001c70b5c5110 Thread added: 0x000001c764a6f8c0
Event: 21.490 Thread 0x000001c70b550f90 Thread added: 0x000001c7694db750


Dynamic libraries:
0x00007ff6e8890000 - 0x00007ff6e889e000 	c:\Users\Abina\.vscode\extensions\redhat.java-1.54.0-win32-x64\jre\21.0.10-win32-x86_64\bin\java.exe
0x00007ffb995c0000 - 0x00007ffb99827000 	C:\WINDOWS\SYSTEM32\ntdll.dll
0x00007ffb97e80000 - 0x00007ffb97f49000 	C:\WINDOWS\System32\KERNEL32.DLL
0x00007ffb96f50000 - 0x00007ffb97344000 	C:\WINDOWS\System32\KERNELBASE.dll
0x00007ffb962f0000 - 0x00007ffb9643b000 	C:\WINDOWS\System32\ucrtbase.dll
0x00007ffb3ea70000 - 0x00007ffb3ea88000 	c:\Users\Abina\.vscode\extensions\redhat.java-1.54.0-win32-x64\jre\21.0.10-win32-x86_64\bin\jli.dll
0x00007ffb3e7a0000 - 0x00007ffb3e7be000 	c:\Users\Abina\.vscode\extensions\redhat.java-1.54.0-win32-x64\jre\21.0.10-win32-x86_64\bin\VCRUNTIME140.dll
0x00007ffb984c0000 - 0x00007ffb98685000 	C:\WINDOWS\System32\USER32.dll
0x00007ffb95e90000 - 0x00007ffb95eb7000 	C:\WINDOWS\System32\win32u.dll
0x00007ffb7c0c0000 - 0x00007ffb7c353000 	C:\WINDOWS\WinSxS\amd64_microsoft.windows.common-controls_6595b64144ccf1df_6.0.26100.8115_none_3e075c82e3354f9c\COMCTL32.dll
0x00007ffb99520000 - 0x00007ffb9954b000 	C:\WINDOWS\System32\GDI32.dll
0x00007ffb979d0000 - 0x00007ffb97a79000 	C:\WINDOWS\System32\msvcrt.dll
0x00007ffb96e20000 - 0x00007ffb96f4b000 	C:\WINDOWS\System32\gdi32full.dll
0x00007ffb960c0000 - 0x00007ffb96163000 	C:\WINDOWS\System32\msvcp_win.dll
0x00007ffb97990000 - 0x00007ffb979c2000 	C:\WINDOWS\System32\IMM32.DLL
0x00007ffb743c0000 - 0x00007ffb743cc000 	c:\Users\Abina\.vscode\extensions\redhat.java-1.54.0-win32-x64\jre\21.0.10-win32-x86_64\bin\vcruntime140_1.dll
0x00007ffaeeda0000 - 0x00007ffaeee2d000 	c:\Users\Abina\.vscode\extensions\redhat.java-1.54.0-win32-x64\jre\21.0.10-win32-x86_64\bin\msvcp140.dll
0x00007ffaebe80000 - 0x00007ffaecc21000 	c:\Users\Abina\.vscode\extensions\redhat.java-1.54.0-win32-x64\jre\21.0.10-win32-x86_64\bin\server\jvm.dll
0x00007ffb974d0000 - 0x00007ffb97586000 	C:\WINDOWS\System32\ADVAPI32.dll
0x00007ffb97720000 - 0x00007ffb977c7000 	C:\WINDOWS\System32\sechost.dll
0x00007ffb98c30000 - 0x00007ffb98d48000 	C:\WINDOWS\System32\RPCRT4.dll
0x00007ffb97440000 - 0x00007ffb974c0000 	C:\WINDOWS\System32\WS2_32.dll
0x00007ffb95cf0000 - 0x00007ffb95d4e000 	C:\WINDOWS\SYSTEM32\POWRPROF.dll
0x00007ffb8ed90000 - 0x00007ffb8edc6000 	C:\WINDOWS\SYSTEM32\WINMM.dll
0x00007ffb87db0000 - 0x00007ffb87dbb000 	C:\WINDOWS\SYSTEM32\VERSION.dll
0x00007ffb95cd0000 - 0x00007ffb95ce4000 	C:\WINDOWS\SYSTEM32\UMPDC.dll
0x00007ffb94c20000 - 0x00007ffb94c3b000 	C:\WINDOWS\SYSTEM32\kernel.appcore.dll
0x00007ffb5efa0000 - 0x00007ffb5efaa000 	c:\Users\Abina\.vscode\extensions\redhat.java-1.54.0-win32-x64\jre\21.0.10-win32-x86_64\bin\jimage.dll
0x00007ffb93ce0000 - 0x00007ffb93f22000 	C:\WINDOWS\SYSTEM32\DBGHELP.DLL
0x00007ffb98730000 - 0x00007ffb98ab2000 	C:\WINDOWS\System32\combase.dll
0x00007ffb983e0000 - 0x00007ffb984b8000 	C:\WINDOWS\System32\OLEAUT32.dll
0x00007ffb779f0000 - 0x00007ffb77a2b000 	C:\WINDOWS\SYSTEM32\dbgcore.DLL
0x00007ffb96010000 - 0x00007ffb960b5000 	C:\WINDOWS\System32\bcryptPrimitives.dll
0x00007ffb868b0000 - 0x00007ffb868bf000 	c:\Users\Abina\.vscode\extensions\redhat.java-1.54.0-win32-x64\jre\21.0.10-win32-x86_64\bin\instrument.dll
0x00007ffb253c0000 - 0x00007ffb253e0000 	c:\Users\Abina\.vscode\extensions\redhat.java-1.54.0-win32-x64\jre\21.0.10-win32-x86_64\bin\java.dll
0x00007ffb98d60000 - 0x00007ffb994c7000 	C:\WINDOWS\System32\SHELL32.dll
0x00007ffb96cb0000 - 0x00007ffb96e1a000 	C:\WINDOWS\System32\wintypes.dll
0x00007ffb96440000 - 0x00007ffb96ca8000 	C:\WINDOWS\System32\windows.storage.dll
0x00007ffb977d0000 - 0x00007ffb978c8000 	C:\WINDOWS\System32\SHCORE.dll
0x00007ffb97350000 - 0x00007ffb973b6000 	C:\WINDOWS\System32\shlwapi.dll
0x00007ffb95db0000 - 0x00007ffb95dd9000 	C:\WINDOWS\SYSTEM32\profapi.dll
0x00007ffb25330000 - 0x00007ffb25348000 	c:\Users\Abina\.vscode\extensions\redhat.java-1.54.0-win32-x64\jre\21.0.10-win32-x86_64\bin\zip.dll
0x00007ffb5eae0000 - 0x00007ffb5eaf0000 	C:\Users\Abina\.vscode\extensions\redhat.java-1.54.0-win32-x64\jre\21.0.10-win32-x86_64\bin\net.dll
0x00007ffb88ec0000 - 0x00007ffb88fed000 	C:\WINDOWS\SYSTEM32\WINHTTP.dll
0x00007ffb95190000 - 0x00007ffb951fc000 	C:\WINDOWS\system32\mswsock.dll
0x00007ffb250c0000 - 0x00007ffb250d6000 	C:\Users\Abina\.vscode\extensions\redhat.java-1.54.0-win32-x64\jre\21.0.10-win32-x86_64\bin\nio.dll
0x00007ffb831a0000 - 0x00007ffb831b0000 	c:\Users\Abina\.vscode\extensions\redhat.java-1.54.0-win32-x64\jre\21.0.10-win32-x86_64\bin\verify.dll
0x00007ffb45af0000 - 0x00007ffb45b35000 	C:\Users\Abina\AppData\Roaming\Code\User\globalStorage\redhat.java\1.54.0\config_win\org.eclipse.equinox.launcher\org.eclipse.equinox.launcher.win32.win32.x86_64_1.3.0.v20260203-2149\eclipse_11919.dll
0x00007ffb97b00000 - 0x00007ffb97c97000 	C:\WINDOWS\System32\ole32.dll

JVMTI agents:
c:\Users\Abina\.vscode\extensions\redhat.java-1.54.0-win32-x64\lombok\lombok-1.18.39-4050.jar path:c:\Users\Abina\.vscode\extensions\redhat.java-1.54.0-win32-x64\jre\21.0.10-win32-x86_64\bin\instrument.dll, loaded, initialized, instrumentlib options:none

dbghelp: loaded successfully - version: 4.0.5 - missing functions: none
symbol engine: initialized successfully - sym options: 0x614 - pdb path: .;c:\Users\Abina\.vscode\extensions\redhat.java-1.54.0-win32-x64\jre\21.0.10-win32-x86_64\bin;C:\WINDOWS\SYSTEM32;C:\WINDOWS\WinSxS\amd64_microsoft.windows.common-controls_6595b64144ccf1df_6.0.26100.8115_none_3e075c82e3354f9c;c:\Users\Abina\.vscode\extensions\redhat.java-1.54.0-win32-x64\jre\21.0.10-win32-x86_64\bin\server;C:\Users\Abina\AppData\Roaming\Code\User\globalStorage\redhat.java\1.54.0\config_win\org.eclipse.equinox.launcher\org.eclipse.equinox.launcher.win32.win32.x86_64_1.3.0.v20260203-2149

VM Arguments:
jvm_args: --add-modules=ALL-SYSTEM --add-opens=java.base/java.util=ALL-UNNAMED --add-opens=java.base/java.lang=ALL-UNNAMED --add-opens=java.base/sun.nio.fs=ALL-UNNAMED -Declipse.application=org.eclipse.jdt.ls.core.id1 -Dosgi.bundles.defaultStartLevel=4 -Declipse.product=org.eclipse.jdt.ls.core.product -Djava.import.generatesMetadataFilesAtProjectRoot=false -DDetectVMInstallationsJob.disabled=true -Dfile.encoding=utf8 -XX:+UseParallelGC -XX:GCTimeRatio=4 -XX:AdaptiveSizePolicyWeight=90 -Dsun.zip.disableMemoryMapping=true -Xmx2G -Xms100m -Xlog:disable -javaagent:c:\Users\Abina\.vscode\extensions\redhat.java-1.54.0-win32-x64\lombok\lombok-1.18.39-4050.jar -XX:+HeapDumpOnOutOfMemoryError -XX:HeapDumpPath=c:\Users\Abina\AppData\Roaming\Code\User\workspaceStorage\4b7f7d80164e17c7a29ae92a7ccfe082\redhat.java -Daether.dependencyCollector.impl=bf 
java_command: c:\Users\Abina\.vscode\extensions\redhat.java-1.54.0-win32-x64\server\plugins\org.eclipse.equinox.launcher_1.7.100.v20251111-0406.jar -configuration c:\Users\Abina\AppData\Roaming\Code\User\globalStorage\redhat.java\1.54.0\config_win -data c:\Users\Abina\AppData\Roaming\Code\User\workspaceStorage\4b7f7d80164e17c7a29ae92a7ccfe082\redhat.java\jdt_ws --pipe=\\.\pipe\lsp-16317ea8039210c9408ee31b0b0a1750-sock
java_class_path (initial): c:\Users\Abina\.vscode\extensions\redhat.java-1.54.0-win32-x64\server\plugins\org.eclipse.equinox.launcher_1.7.100.v20251111-0406.jar
Launcher Type: SUN_STANDARD

[Global flags]
    uintx AdaptiveSizePolicyWeight                 = 90                                        {product} {command line}
     intx CICompilerCount                          = 4                                         {product} {ergonomic}
    uintx GCTimeRatio                              = 4                                         {product} {command line}
     bool HeapDumpOnOutOfMemoryError               = true                                   {manageable} {command line}
    ccstr HeapDumpPath                             = c:\Users\Abina\AppData\Roaming\Code\User\workspaceStorage\4b7f7d80164e17c7a29ae92a7ccfe082\redhat.java         {manageable} {command line}
   size_t InitialHeapSize                          = 104857600                                 {product} {command line}
   size_t MaxHeapSize                              = 2147483648                                {product} {command line}
   size_t MaxNewSize                               = 715653120                                 {product} {ergonomic}
   size_t MinHeapDeltaBytes                        = 524288                                    {product} {ergonomic}
   size_t MinHeapSize                              = 104857600                                 {product} {command line}
   size_t NewSize                                  = 34603008                                  {product} {ergonomic}
    uintx NonNMethodCodeHeapSize                   = 5839372                                {pd product} {ergonomic}
    uintx NonProfiledCodeHeapSize                  = 122909434                              {pd product} {ergonomic}
   size_t OldSize                                  = 70254592                                  {product} {ergonomic}
    uintx ProfiledCodeHeapSize                     = 122909434                              {pd product} {ergonomic}
    uintx ReservedCodeCacheSize                    = 251658240                              {pd product} {ergonomic}
     bool SegmentedCodeCache                       = true                                      {product} {ergonomic}
   size_t SoftMaxHeapSize                          = 2147483648                             {manageable} {ergonomic}
     bool UseCompressedOops                        = true                           {product lp64_product} {ergonomic}
     bool UseLargePagesIndividualAllocation        = false                                  {pd product} {ergonomic}
     bool UseParallelGC                            = true                                      {product} {command line}

Logging:
Log output configuration:
 #0: stdout all=off uptime,level,tags foldmultilines=false
 #1: stderr all=off uptime,level,tags foldmultilines=false

Release file:
JAVA_VERSION="21.0.10" 
MODULES="java.base java.compiler java.datatransfer java.xml java.prefs java.desktop java.instrument java.logging java.management java.security.sasl java.naming java.rmi java.management.rmi java.net.http java.scripting java.security.jgss java.transaction.xa java.sql java.sql.rowset java.xml.crypto java.se java.smartcardio jdk.accessibility jdk.internal.jvmstat jdk.attach jdk.charsets jdk.internal.opt jdk.zipfs jdk.compiler jdk.crypto.ec jdk.crypto.cryptoki jdk.crypto.mscapi jdk.dynalink jdk.internal.ed jdk.editpad jdk.hotspot.agent jdk.httpserver jdk.internal.le jdk.internal.vm.ci jdk.internal.vm.compiler jdk.internal.vm.compiler.management jdk.jartool jdk.javadoc jdk.jcmd jdk.management jdk.management.agent jdk.jconsole jdk.jdeps jdk.jdwp.agent jdk.jdi jdk.jfr jdk.jshell jdk.jsobject jdk.jstatd jdk.localedata jdk.management.jfr jdk.naming.dns jdk.naming.rmi jdk.net jdk.nio.mapmode jdk.random jdk.sctp jdk.security.auth jdk.security.jgss jdk.unsupported jdk.unsupported.desktop jdk.xml.dom" 

Environment Variables:
PATH=C:\Users\Abina\AppData\Local\Programs\Microsoft VS Code;E:\Python\Python314\Scripts\;E:\Python\Python314\;C:\Python313\Scripts\;C:\Python313\;C:\Program Files\Common Files\Oracle\Java\javapath;C:\WINDOWS\system32;C:\WINDOWS;C:\WINDOWS\System32\Wbem;C:\WINDOWS\System32\WindowsPowerShell\v1.0\;C:\WINDOWS\System32\OpenSSH\;C:\Program Files\dotnet\;C:\ProgramData\ComposerSetup\bin;C:\Windows\System32;C:\Program Files\Java\jdk-17\bin;C:\Users\Abina\flutter\bin;C:\Program Files\PuTTY\;D:\ngrok-v3-stable-windows-amd64;c:\xampp\mysql\bin\;E:\Program Files\Git\cmd;C:\ProgramData\chocolatey\bin;C:\Users\Abina\AppData\Roaming\Python\Python313\Scripts;E:\Python\Scripts;E:\Python;E:\ffmpeg\bin;E:\php;D:\Program Files\nodejs;D:\Program Files\nodejs\;C:\Program Files\Tailscale\;E:\Python\Scripts\;E:\Python\;E:\Python\Python314\Scripts\;E:\Python\Python314\;C:\Users\Abina\AppData\Local\pnpm;C:\Users\Abina\AppData\Local\Microsoft\WindowsApps;C:\Users\Abina\AppData\Local\Programs\Microsoft VS Code\bin;C:\Users\Abina\AppData\Roaming\Composer\vendor\bin;C:\Windows\System32;C:\Program Files\Java\jdk-17\bin;C:\Users\Abina\flutter\bin;E:\JetBrains\PyCharm 2025.2.5\bin;E:\PyCharm Community Edition 2023.3.3\bin;;D:\ngrok-v3-stable-windows-amd64;c:\xampp\mysql\bin\;E:\php;D:\Program Files\nodejs;C:\Users\Abina\AppData\Roaming\npm;D:\cursor\resources\app\bin
USERNAME=Abina
OS=Windows_NT
PROCESSOR_IDENTIFIER=Intel64 Family 6 Model 140 Stepping 1, GenuineIntel
TMP=C:\Users\Abina\AppData\Local\Temp
TEMP=C:\Users\Abina\AppData\Local\Temp




Periodic native trim disabled

---------------  S Y S T E M  ---------------

OS:
 Windows 11 , 64 bit Build 26100 (10.0.26100.8246)
OS uptime: 0 days 1:19 hours
Hyper-V role detected

CPU: total 8 (initial active 8) (4 cores per cpu, 2 threads per core) family 6 model 140 stepping 1 microcode 0xbe, cx8, cmov, fxsr, ht, mmx, 3dnowpref, sse, sse2, sse3, ssse3, sse4.1, sse4.2, popcnt, lzcnt, tsc, tscinvbit, avx, avx2, aes, erms, clmul, bmi1, bmi2, adx, avx512f, avx512dq, avx512cd, avx512bw, avx512vl, sha, fma, vzeroupper, avx512_vpopcntdq, avx512_vpclmulqdq, avx512_vaes, avx512_vnni, clflush, clflushopt, clwb, avx512_vbmi2, avx512_vbmi, hv, rdtscp, rdpid, fsrm, gfni, avx512_bitalg, f16c, cet_ibt, cet_ss, avx512_ifma
Processor Information for the first 8 processors :
  Max Mhz: 2419, Current Mhz: 2419, Mhz Limit: 2419

Memory: 4k page, system-wide physical 7926M (567M free)
TotalPageFile size 16601M (AvailPageFile size 0M)
current process WorkingSet (physical memory assigned to process): 83M, peak: 90M
current process commit charge ("private bytes"): 240M, peak: 241M

vm_info: OpenJDK 64-Bit Server VM (21.0.10+7-LTS) for windows-amd64 JRE (21.0.10+7-LTS), built on 2026-01-20T00:00:00Z by "admin" with MS VC++ 17.12 (VS2022)

END.
