#
# There is insufficient memory for the Java Runtime Environment to continue.
# Native memory allocation (malloc) failed to allocate 100496 bytes. Error detail: Chunk::new
# Possible reasons:
#   The system is out of physical RAM or swap space
#   This process is running with CompressedOops enabled, and the Java Heap may be blocking the growth of the native heap
# Possible solutions:
#   Reduce memory load on the system
#   Increase physical memory or swap space
#   Check if swap backing store is full
#   Decrease Java heap size (-Xmx/-Xms)
#   Decrease number of Java threads
#   Decrease Java thread stack sizes (-Xss)
#   Set larger code cache with -XX:ReservedCodeCacheSize=
#   JVM is running with Unscaled Compressed Oops mode in which the Java heap is
#     placed in the first 4GB address space. The Java Heap base address is the
#     maximum limit for the native heap growth. Please use -XX:HeapBaseMinAddress
#     to set the Java Heap base and to place the Java Heap above 4GB virtual address.
# This output file may be truncated or incomplete.
#
#  Out of Memory Error (arena.cpp:168), pid=2940, tid=12092
#
# JRE version: OpenJDK Runtime Environment Temurin-21.0.10+7 (21.0.10+7) (build 21.0.10+7-LTS)
# Java VM: OpenJDK 64-Bit Server VM Temurin-21.0.10+7 (21.0.10+7-LTS, mixed mode, sharing, tiered, compressed oops, compressed class ptrs, g1 gc, windows-amd64)
# No core dump will be written. Minidumps are not enabled by default on client versions of Windows
#

---------------  S U M M A R Y ------------

Command Line: --add-opens=java.base/java.util=ALL-UNNAMED --add-opens=java.base/java.lang=ALL-UNNAMED --add-opens=java.base/java.lang.invoke=ALL-UNNAMED --add-opens=java.prefs/java.util.prefs=ALL-UNNAMED --add-exports=jdk.compiler/com.sun.tools.javac.api=ALL-UNNAMED --add-exports=jdk.compiler/com.sun.tools.javac.util=ALL-UNNAMED --add-opens=java.base/java.nio.charset=ALL-UNNAMED --add-opens=java.base/java.net=ALL-UNNAMED --add-opens=java.base/java.util.concurrent.atomic=ALL-UNNAMED -XX:MaxMetaspaceSize=384m -XX:+HeapDumpOnOutOfMemoryError -Xms256m -Xmx512m -Dfile.encoding=utf8 -Duser.country=IN -Duser.language=en -Duser.variant -javaagent:C:\Users\Abina\.gradle\wrapper\dists\gradle-8.9-bin\90cnw93cvbtalezasaz0blq0a\gradle-8.9\lib\agents\gradle-instrumentation-agent-8.9.jar org.gradle.launcher.daemon.bootstrap.GradleDaemon 8.9

Host: 11th Gen Intel(R) Core(TM) i5-1135G7 @ 2.40GHz, 8 cores, 7G,  Windows 11 , 64 bit Build 26100 (10.0.26100.8246)
Time: Tue May 12 19:41:17 2026 India Standard Time elapsed time: 10.548694 seconds (0d 0h 0m 10s)

---------------  T H R E A D  ---------------

Current thread (0x00000183780204a0):  JavaThread "C2 CompilerThread0" daemon [_thread_in_native, id=12092, stack(0x0000002a72200000,0x0000002a72300000) (1024K)]


Current CompileTask:
C2:10548 7815       4       org.gradle.internal.snapshot.LargeChildMap::withNode (45 bytes)

Stack: [0x0000002a72200000,0x0000002a72300000]
Native frames: (J=compiled Java code, j=interpreted, Vv=VM code, C=native code)
V  [jvm.dll+0x6d7a39]
V  [jvm.dll+0x8b4b26]
V  [jvm.dll+0x8b70de]
V  [jvm.dll+0x8b77c3]
V  [jvm.dll+0x284346]
V  [jvm.dll+0xc66ed]
V  [jvm.dll+0xc6c31]
V  [jvm.dll+0x3bec01]
V  [jvm.dll+0x1e396e]
V  [jvm.dll+0x24c6b3]
V  [jvm.dll+0x24bb40]
V  [jvm.dll+0x1cb34e]
V  [jvm.dll+0x25b85d]
V  [jvm.dll+0x259dea]
V  [jvm.dll+0x3f857e]
V  [jvm.dll+0x85f59d]
V  [jvm.dll+0x6d626d]
C  [ucrtbase.dll+0x37b0]
C  [KERNEL32.DLL+0x2e8d7]
C  [ntdll.dll+0x8c3fc]


---------------  P R O C E S S  ---------------

Threads class SMR info:
_java_thread_list=0x000001837f5a7650, length=55, elements={
0x00000183493c6810, 0x000001835ed6b430, 0x000001835ed6dab0, 0x000001835ed6e380,
0x000001837800d4e0, 0x000001837800ff70, 0x0000018378017af0, 0x00000183780204a0,
0x0000018378020b50, 0x0000018378278e40, 0x00000183781ea050, 0x0000018379bc4640,
0x0000018379b0d3e0, 0x0000018379bf7850, 0x0000018379ab5470, 0x0000018379a49820,
0x0000018379cf0a40, 0x0000018379af7d10, 0x0000018379af9750, 0x0000018379af83a0,
0x0000018379af6960, 0x0000018379af62d0, 0x0000018379af6ff0, 0x0000018379af7680,
0x0000018379af90c0, 0x000001837afa8d00, 0x000001837afa9390, 0x000001837afa8670,
0x000001837afaa0b0, 0x000001837afa9a20, 0x000001837afaa740, 0x000001837afaadd0,
0x000001837afab460, 0x000001837afa7fe0, 0x000001837afac180, 0x000001837afae250,
0x000001837bc177e0, 0x000001837bc198b0, 0x000001837bc18b90, 0x000001837bc19f40,
0x000001837bc17e70, 0x000001837bc18500, 0x000001837bc16ac0, 0x000001837bc19220,
0x000001837bc1a5d0, 0x000001837bc17150, 0x000001837bc1b980, 0x000001837bc1c010,
0x000001837bc1da50, 0x000001837bc1d3c0, 0x000001837bc1b2f0, 0x000001837bc1c6a0,
0x000001837bc1e0e0, 0x000001837bc1ac60, 0x000001837bc1cd30
}

Java Threads: ( => current thread )
  0x00000183493c6810 JavaThread "main"                              [_thread_blocked, id=6240, stack(0x0000002a71400000,0x0000002a71500000) (1024K)]
  0x000001835ed6b430 JavaThread "Reference Handler"          daemon [_thread_blocked, id=11808, stack(0x0000002a71c00000,0x0000002a71d00000) (1024K)]
  0x000001835ed6dab0 JavaThread "Finalizer"                  daemon [_thread_blocked, id=12976, stack(0x0000002a71d00000,0x0000002a71e00000) (1024K)]
  0x000001835ed6e380 JavaThread "Signal Dispatcher"          daemon [_thread_blocked, id=5756, stack(0x0000002a71e00000,0x0000002a71f00000) (1024K)]
  0x000001837800d4e0 JavaThread "Attach Listener"            daemon [_thread_blocked, id=20312, stack(0x0000002a71f00000,0x0000002a72000000) (1024K)]
  0x000001837800ff70 JavaThread "Service Thread"             daemon [_thread_blocked, id=11272, stack(0x0000002a72000000,0x0000002a72100000) (1024K)]
  0x0000018378017af0 JavaThread "Monitor Deflation Thread"   daemon [_thread_blocked, id=23192, stack(0x0000002a72100000,0x0000002a72200000) (1024K)]
=>0x00000183780204a0 JavaThread "C2 CompilerThread0"         daemon [_thread_in_native, id=12092, stack(0x0000002a72200000,0x0000002a72300000) (1024K)]
  0x0000018378020b50 JavaThread "C1 CompilerThread0"         daemon [_thread_blocked, id=12276, stack(0x0000002a72300000,0x0000002a72400000) (1024K)]
  0x0000018378278e40 JavaThread "Common-Cleaner"             daemon [_thread_blocked, id=22144, stack(0x0000002a72400000,0x0000002a72500000) (1024K)]
  0x00000183781ea050 JavaThread "Notification Thread"        daemon [_thread_blocked, id=13920, stack(0x0000002a72500000,0x0000002a72600000) (1024K)]
  0x0000018379bc4640 JavaThread "Daemon health stats"               [_thread_blocked, id=20024, stack(0x0000002a72d00000,0x0000002a72e00000) (1024K)]
  0x0000018379b0d3e0 JavaThread "Incoming local TCP Connector on port 56436"        [_thread_in_native, id=24456, stack(0x0000002a72e00000,0x0000002a72f00000) (1024K)]
  0x0000018379bf7850 JavaThread "Daemon periodic checks"            [_thread_blocked, id=17480, stack(0x0000002a72f00000,0x0000002a73000000) (1024K)]
  0x0000018379ab5470 JavaThread "Daemon"                            [_thread_blocked, id=16168, stack(0x0000002a73000000,0x0000002a73100000) (1024K)]
  0x0000018379a49820 JavaThread "Handler for socket connection from /127.0.0.1:56436 to /127.0.0.1:56437"        [_thread_in_native, id=23816, stack(0x0000002a73100000,0x0000002a73200000) (1024K)]
  0x0000018379cf0a40 JavaThread "Cancel handler"                    [_thread_blocked, id=23784, stack(0x0000002a73200000,0x0000002a73300000) (1024K)]
  0x0000018379af7d10 JavaThread "Daemon worker"                     [_thread_blocked, id=12772, stack(0x0000002a73300000,0x0000002a73400000) (1024K)]
  0x0000018379af9750 JavaThread "Asynchronous log dispatcher for DefaultDaemonConnection: socket connection from /127.0.0.1:56436 to /127.0.0.1:56437"        [_thread_blocked, id=9724, stack(0x0000002a73400000,0x0000002a73500000) (1024K)]
  0x0000018379af83a0 JavaThread "Stdin handler"                     [_thread_blocked, id=17412, stack(0x0000002a73500000,0x0000002a73600000) (1024K)]
  0x0000018379af6960 JavaThread "Daemon client event forwarder"        [_thread_blocked, id=23984, stack(0x0000002a73600000,0x0000002a73700000) (1024K)]
  0x0000018379af62d0 JavaThread "Cache worker for journal cache (C:\Users\Abina\.gradle\caches\journal-1)"        [_thread_blocked, id=19892, stack(0x0000002a73700000,0x0000002a73800000) (1024K)]
  0x0000018379af6ff0 JavaThread "File lock request listener"        [_thread_in_native, id=4156, stack(0x0000002a73800000,0x0000002a73900000) (1024K)]
  0x0000018379af7680 JavaThread "Cache worker for file hash cache (C:\Users\Abina\.gradle\caches\8.9\fileHashes)"        [_thread_blocked, id=19380, stack(0x0000002a72700000,0x0000002a72800000) (1024K)]
  0x0000018379af90c0 JavaThread "Cache worker for file hash cache (D:\Final year project\mobile-android\.gradle\8.9\fileHashes)"        [_thread_blocked, id=19616, stack(0x0000002a73a00000,0x0000002a73b00000) (1024K)]
  0x000001837afa8d00 JavaThread "Cache worker for Build Output Cleanup Cache (D:\Final year project\mobile-android\.gradle\buildOutputCleanup)"        [_thread_blocked, id=22820, stack(0x0000002a73e00000,0x0000002a73f00000) (1024K)]
  0x000001837afa9390 JavaThread "File watcher server"        daemon [_thread_in_native, id=22768, stack(0x0000002a73f00000,0x0000002a74000000) (1024K)]
  0x000001837afa8670 JavaThread "File watcher consumer"      daemon [_thread_blocked, id=8976, stack(0x0000002a74000000,0x0000002a74100000) (1024K)]
  0x000001837afaa0b0 JavaThread "Cache worker for checksums cache (D:\Final year project\mobile-android\.gradle\8.9\checksums)"        [_thread_blocked, id=11444, stack(0x0000002a73900000,0x0000002a73a00000) (1024K)]
  0x000001837afa9a20 JavaThread "Cache worker for file content cache (C:\Users\Abina\.gradle\caches\8.9\fileContent)"        [_thread_blocked, id=17488, stack(0x0000002a74100000,0x0000002a74200000) (1024K)]
  0x000001837afaa740 JavaThread "Cache worker for cache directory md-rule (C:\Users\Abina\.gradle\caches\8.9\md-rule)"        [_thread_blocked, id=6412, stack(0x0000002a74200000,0x0000002a74300000) (1024K)]
  0x000001837afaadd0 JavaThread "Cache worker for cache directory md-supplier (C:\Users\Abina\.gradle\caches\8.9\md-supplier)"        [_thread_blocked, id=22760, stack(0x0000002a74300000,0x0000002a74400000) (1024K)]
  0x000001837afab460 JavaThread "jar transforms"                    [_thread_blocked, id=22260, stack(0x0000002a74400000,0x0000002a74500000) (1024K)]
  0x000001837afa7fe0 JavaThread "jar transforms Thread 2"           [_thread_blocked, id=19528, stack(0x0000002a74500000,0x0000002a74600000) (1024K)]
  0x000001837afac180 JavaThread "Unconstrained build operations"        [_thread_blocked, id=11024, stack(0x0000002a72600000,0x0000002a72700000) (1024K)]
  0x000001837afae250 JavaThread "Unconstrained build operations Thread 2"        [_thread_blocked, id=18932, stack(0x0000002a74600000,0x0000002a74700000) (1024K)]
  0x000001837bc177e0 JavaThread "Unconstrained build operations Thread 3"        [_thread_blocked, id=13288, stack(0x0000002a74700000,0x0000002a74800000) (1024K)]
  0x000001837bc198b0 JavaThread "Unconstrained build operations Thread 4"        [_thread_blocked, id=22236, stack(0x0000002a74800000,0x0000002a74900000) (1024K)]
  0x000001837bc18b90 JavaThread "Unconstrained build operations Thread 5"        [_thread_blocked, id=23236, stack(0x0000002a74900000,0x0000002a74a00000) (1024K)]
  0x000001837bc19f40 JavaThread "Unconstrained build operations Thread 6"        [_thread_blocked, id=17272, stack(0x0000002a74a00000,0x0000002a74b00000) (1024K)]
  0x000001837bc17e70 JavaThread "Unconstrained build operations Thread 7"        [_thread_blocked, id=22452, stack(0x0000002a74b00000,0x0000002a74c00000) (1024K)]
  0x000001837bc18500 JavaThread "Unconstrained build operations Thread 8"        [_thread_blocked, id=17268, stack(0x0000002a74c00000,0x0000002a74d00000) (1024K)]
  0x000001837bc16ac0 JavaThread "Unconstrained build operations Thread 9"        [_thread_blocked, id=18948, stack(0x0000002a74d00000,0x0000002a74e00000) (1024K)]
  0x000001837bc19220 JavaThread "Unconstrained build operations Thread 10"        [_thread_blocked, id=20344, stack(0x0000002a74e00000,0x0000002a74f00000) (1024K)]
  0x000001837bc1a5d0 JavaThread "Unconstrained build operations Thread 11"        [_thread_blocked, id=23248, stack(0x0000002a74f00000,0x0000002a75000000) (1024K)]
  0x000001837bc17150 JavaThread "Unconstrained build operations Thread 12"        [_thread_blocked, id=18008, stack(0x0000002a75000000,0x0000002a75100000) (1024K)]
  0x000001837bc1b980 JavaThread "Unconstrained build operations Thread 13"        [_thread_blocked, id=13460, stack(0x0000002a75100000,0x0000002a75200000) (1024K)]
  0x000001837bc1c010 JavaThread "Unconstrained build operations Thread 14"        [_thread_blocked, id=20840, stack(0x0000002a75200000,0x0000002a75300000) (1024K)]
  0x000001837bc1da50 JavaThread "Unconstrained build operations Thread 15"        [_thread_blocked, id=1308, stack(0x0000002a75500000,0x0000002a75600000) (1024K)]
  0x000001837bc1d3c0 JavaThread "Unconstrained build operations Thread 16"        [_thread_blocked, id=17872, stack(0x0000002a75600000,0x0000002a75700000) (1024K)]
  0x000001837bc1b2f0 JavaThread "Unconstrained build operations Thread 17"        [_thread_blocked, id=18980, stack(0x0000002a75700000,0x0000002a75800000) (1024K)]
  0x000001837bc1c6a0 JavaThread "Unconstrained build operations Thread 18"        [_thread_blocked, id=1384, stack(0x0000002a75800000,0x0000002a75900000) (1024K)]
  0x000001837bc1e0e0 JavaThread "Unconstrained build operations Thread 19"        [_thread_blocked, id=14540, stack(0x0000002a75900000,0x0000002a75a00000) (1024K)]
  0x000001837bc1ac60 JavaThread "Unconstrained build operations Thread 20"        [_thread_blocked, id=19292, stack(0x0000002a75a00000,0x0000002a75b00000) (1024K)]
  0x000001837bc1cd30 JavaThread "Unconstrained build operations Thread 21"        [_thread_blocked, id=21636, stack(0x0000002a75b00000,0x0000002a75c00000) (1024K)]
Total: 55

Other Threads:
  0x000001835ed51160 VMThread "VM Thread"                           [id=1704, stack(0x0000002a71b00000,0x0000002a71c00000) (1024K)]
  0x000001835ed3a7a0 WatcherThread "VM Periodic Task Thread"        [id=2932, stack(0x0000002a71a00000,0x0000002a71b00000) (1024K)]
  0x00000183493f01b0 WorkerThread "GC Thread#0"                     [id=5740, stack(0x0000002a71500000,0x0000002a71600000) (1024K)]
  0x00000183783ccb80 WorkerThread "GC Thread#1"                     [id=3288, stack(0x0000002a72800000,0x0000002a72900000) (1024K)]
  0x0000018378a68ce0 WorkerThread "GC Thread#2"                     [id=6316, stack(0x0000002a72900000,0x0000002a72a00000) (1024K)]
  0x00000183786001b0 WorkerThread "GC Thread#3"                     [id=11992, stack(0x0000002a72a00000,0x0000002a72b00000) (1024K)]
  0x0000018378600560 WorkerThread "GC Thread#4"                     [id=24180, stack(0x0000002a72b00000,0x0000002a72c00000) (1024K)]
  0x0000018378600910 WorkerThread "GC Thread#5"                     [id=20052, stack(0x0000002a72c00000,0x0000002a72d00000) (1024K)]
  0x0000018379ca67c0 WorkerThread "GC Thread#6"                     [id=12080, stack(0x0000002a73b00000,0x0000002a73c00000) (1024K)]
  0x000001837ca5f840 WorkerThread "GC Thread#7"                     [id=4280, stack(0x0000002a73c00000,0x0000002a73d00000) (1024K)]
  0x00000183493f60c0 ConcurrentGCThread "G1 Main Marker"            [id=18444, stack(0x0000002a71600000,0x0000002a71700000) (1024K)]
  0x00000183493f6ae0 WorkerThread "G1 Conc#0"                       [id=15872, stack(0x0000002a71700000,0x0000002a71800000) (1024K)]
  0x000001837ca5dac0 WorkerThread "G1 Conc#1"                       [id=20300, stack(0x0000002a73d00000,0x0000002a73e00000) (1024K)]
  0x000001834947eb00 ConcurrentGCThread "G1 Refine#0"               [id=17076, stack(0x0000002a71800000,0x0000002a71900000) (1024K)]
  0x000001835ec0c720 ConcurrentGCThread "G1 Service"                [id=23548, stack(0x0000002a71900000,0x0000002a71a00000) (1024K)]
Total: 15

Threads with active compile tasks:
C2 CompilerThread0  10580 7815       4       org.gradle.internal.snapshot.LargeChildMap::withNode (45 bytes)
Total: 1

VM state: not at safepoint (normal execution)

VM Mutex/Monitor currently owned by a thread: None

Heap address: 0x00000000e0000000, size: 512 MB, Compressed Oops mode: 32-bit

CDS archive(s) mapped at: [0x000001835f000000-0x000001835fba0000-0x000001835fba0000), size 12189696, SharedBaseAddress: 0x000001835f000000, ArchiveRelocationMode: 1.
Compressed class space mapped at: 0x0000018360000000-0x0000018374000000, reserved size: 335544320
Narrow klass base: 0x000001835f000000, Narrow klass shift: 0, Narrow klass range: 0x100000000

GC Precious Log:
 CardTable entry size: 512
 Card Set container configuration: InlinePtr #cards 5 size 8 Array Of Cards #cards 12 size 40 Howl #buckets 4 coarsen threshold 1843 Howl Bitmap #cards 512 size 80 coarsen threshold 460 Card regions per heap region 1 cards per card region 2048
 CPUs: 8 total, 8 available
 Memory: 7926M
 Large Page Support: Disabled
 NUMA Support: Disabled
 Compressed Oops: Enabled (32-bit)
 Heap Region Size: 1M
 Heap Min Capacity: 256M
 Heap Initial Capacity: 256M
 Heap Max Capacity: 512M
 Pre-touch: Disabled
 Parallel Workers: 8
 Concurrent Workers: 2
 Concurrent Refinement Workers: 8
 Periodic GC: Disabled

Heap:
 garbage-first heap   total 262144K, used 176364K [0x00000000e0000000, 0x0000000100000000)
  region size 1024K, 150 young (153600K), 16 survivors (16384K)
 Metaspace       used 54103K, committed 55744K, reserved 393216K
  class space    used 7749K, committed 8576K, reserved 327680K

Heap Regions: E=young(eden), S=young(survivor), O=old, HS=humongous(starts), HC=humongous(continues), CS=collection set, F=free, TAMS=top-at-mark-start, PB=parsable bottom
|   0|0x00000000e0000000, 0x00000000e0100000, 0x00000000e0100000|100%|HS|  |TAMS 0x00000000e0000000| PB 0x00000000e0000000| Complete 
|   1|0x00000000e0100000, 0x00000000e0200000, 0x00000000e0200000|100%|HC|  |TAMS 0x00000000e0100000| PB 0x00000000e0100000| Complete 
|   2|0x00000000e0200000, 0x00000000e0300000, 0x00000000e0300000|100%|HC|  |TAMS 0x00000000e0200000| PB 0x00000000e0200000| Complete 
|   3|0x00000000e0300000, 0x00000000e0400000, 0x00000000e0400000|100%|HC|  |TAMS 0x00000000e0300000| PB 0x00000000e0300000| Complete 
|   4|0x00000000e0400000, 0x00000000e0500000, 0x00000000e0500000|100%| O|  |TAMS 0x00000000e0400000| PB 0x00000000e0400000| Untracked 
|   5|0x00000000e0500000, 0x00000000e0600000, 0x00000000e0600000|100%| O|  |TAMS 0x00000000e0500000| PB 0x00000000e0500000| Untracked 
|   6|0x00000000e0600000, 0x00000000e0700000, 0x00000000e0700000|100%| O|  |TAMS 0x00000000e0600000| PB 0x00000000e0600000| Untracked 
|   7|0x00000000e0700000, 0x00000000e0800000, 0x00000000e0800000|100%| O|  |TAMS 0x00000000e0700000| PB 0x00000000e0700000| Untracked 
|   8|0x00000000e0800000, 0x00000000e0800000, 0x00000000e0900000|  0%| F|  |TAMS 0x00000000e0800000| PB 0x00000000e0800000| Untracked 
|   9|0x00000000e0900000, 0x00000000e0a00000, 0x00000000e0a00000|100%| O|  |TAMS 0x00000000e0900000| PB 0x00000000e0900000| Untracked 
|  10|0x00000000e0a00000, 0x00000000e0b00000, 0x00000000e0b00000|100%| O|  |TAMS 0x00000000e0a00000| PB 0x00000000e0a00000| Untracked 
|  11|0x00000000e0b00000, 0x00000000e0c00000, 0x00000000e0c00000|100%|HS|  |TAMS 0x00000000e0b00000| PB 0x00000000e0b00000| Complete 
|  12|0x00000000e0c00000, 0x00000000e0d00000, 0x00000000e0d00000|100%| O|  |TAMS 0x00000000e0c00000| PB 0x00000000e0c00000| Untracked 
|  13|0x00000000e0d00000, 0x00000000e0e00000, 0x00000000e0e00000|100%| O|  |TAMS 0x00000000e0d00000| PB 0x00000000e0d00000| Untracked 
|  14|0x00000000e0e00000, 0x00000000e0f00000, 0x00000000e0f00000|100%| O|  |TAMS 0x00000000e0e00000| PB 0x00000000e0e00000| Untracked 
|  15|0x00000000e0f00000, 0x00000000e1000000, 0x00000000e1000000|100%| O|  |TAMS 0x00000000e0f00000| PB 0x00000000e0f00000| Untracked 
|  16|0x00000000e1000000, 0x00000000e1100000, 0x00000000e1100000|100%| O|  |TAMS 0x00000000e1000000| PB 0x00000000e1000000| Untracked 
|  17|0x00000000e1100000, 0x00000000e1200000, 0x00000000e1200000|100%| O|  |TAMS 0x00000000e1100000| PB 0x00000000e1100000| Untracked 
|  18|0x00000000e1200000, 0x00000000e1300000, 0x00000000e1300000|100%| O|  |TAMS 0x00000000e1200000| PB 0x00000000e1200000| Untracked 
|  19|0x00000000e1300000, 0x00000000e1400000, 0x00000000e1400000|100%| O|  |TAMS 0x00000000e1300000| PB 0x00000000e1300000| Untracked 
|  20|0x00000000e1400000, 0x00000000e1500000, 0x00000000e1500000|100%| O|  |TAMS 0x00000000e1400000| PB 0x00000000e1400000| Untracked 
|  21|0x00000000e1500000, 0x00000000e1600000, 0x00000000e1600000|100%| O|  |TAMS 0x00000000e1500000| PB 0x00000000e1500000| Untracked 
|  22|0x00000000e1600000, 0x00000000e1700000, 0x00000000e1700000|100%| O|  |TAMS 0x00000000e1600000| PB 0x00000000e1600000| Untracked 
|  23|0x00000000e1700000, 0x00000000e1800000, 0x00000000e1800000|100%| O|  |TAMS 0x00000000e1700000| PB 0x00000000e1700000| Untracked 
|  24|0x00000000e1800000, 0x00000000e1900000, 0x00000000e1900000|100%| O|Cm|TAMS 0x00000000e1800000| PB 0x00000000e1800000| Complete 
|  25|0x00000000e1900000, 0x00000000e1a00000, 0x00000000e1a00000|100%| O|  |TAMS 0x00000000e1900000| PB 0x00000000e1900000| Untracked 
|  26|0x00000000e1a00000, 0x00000000e1a13200, 0x00000000e1b00000|  7%| O|  |TAMS 0x00000000e1a00000| PB 0x00000000e1a00000| Untracked 
|  27|0x00000000e1b00000, 0x00000000e1b00000, 0x00000000e1c00000|  0%| F|  |TAMS 0x00000000e1b00000| PB 0x00000000e1b00000| Untracked 
|  28|0x00000000e1c00000, 0x00000000e1c00000, 0x00000000e1d00000|  0%| F|  |TAMS 0x00000000e1c00000| PB 0x00000000e1c00000| Untracked 
|  29|0x00000000e1d00000, 0x00000000e1d00000, 0x00000000e1e00000|  0%| F|  |TAMS 0x00000000e1d00000| PB 0x00000000e1d00000| Untracked 
|  30|0x00000000e1e00000, 0x00000000e1e00000, 0x00000000e1f00000|  0%| F|  |TAMS 0x00000000e1e00000| PB 0x00000000e1e00000| Untracked 
|  31|0x00000000e1f00000, 0x00000000e1f00000, 0x00000000e2000000|  0%| F|  |TAMS 0x00000000e1f00000| PB 0x00000000e1f00000| Untracked 
|  32|0x00000000e2000000, 0x00000000e2000000, 0x00000000e2100000|  0%| F|  |TAMS 0x00000000e2000000| PB 0x00000000e2000000| Untracked 
|  33|0x00000000e2100000, 0x00000000e2100000, 0x00000000e2200000|  0%| F|  |TAMS 0x00000000e2100000| PB 0x00000000e2100000| Untracked 
|  34|0x00000000e2200000, 0x00000000e2200000, 0x00000000e2300000|  0%| F|  |TAMS 0x00000000e2200000| PB 0x00000000e2200000| Untracked 
|  35|0x00000000e2300000, 0x00000000e2300000, 0x00000000e2400000|  0%| F|  |TAMS 0x00000000e2300000| PB 0x00000000e2300000| Untracked 
|  36|0x00000000e2400000, 0x00000000e2400000, 0x00000000e2500000|  0%| F|  |TAMS 0x00000000e2400000| PB 0x00000000e2400000| Untracked 
|  37|0x00000000e2500000, 0x00000000e2500000, 0x00000000e2600000|  0%| F|  |TAMS 0x00000000e2500000| PB 0x00000000e2500000| Untracked 
|  38|0x00000000e2600000, 0x00000000e2600000, 0x00000000e2700000|  0%| F|  |TAMS 0x00000000e2600000| PB 0x00000000e2600000| Untracked 
|  39|0x00000000e2700000, 0x00000000e2700000, 0x00000000e2800000|  0%| F|  |TAMS 0x00000000e2700000| PB 0x00000000e2700000| Untracked 
|  40|0x00000000e2800000, 0x00000000e2800000, 0x00000000e2900000|  0%| F|  |TAMS 0x00000000e2800000| PB 0x00000000e2800000| Untracked 
|  41|0x00000000e2900000, 0x00000000e2900000, 0x00000000e2a00000|  0%| F|  |TAMS 0x00000000e2900000| PB 0x00000000e2900000| Untracked 
|  42|0x00000000e2a00000, 0x00000000e2a00000, 0x00000000e2b00000|  0%| F|  |TAMS 0x00000000e2a00000| PB 0x00000000e2a00000| Untracked 
|  43|0x00000000e2b00000, 0x00000000e2b00000, 0x00000000e2c00000|  0%| F|  |TAMS 0x00000000e2b00000| PB 0x00000000e2b00000| Untracked 
|  44|0x00000000e2c00000, 0x00000000e2c00000, 0x00000000e2d00000|  0%| F|  |TAMS 0x00000000e2c00000| PB 0x00000000e2c00000| Untracked 
|  45|0x00000000e2d00000, 0x00000000e2d00000, 0x00000000e2e00000|  0%| F|  |TAMS 0x00000000e2d00000| PB 0x00000000e2d00000| Untracked 
|  46|0x00000000e2e00000, 0x00000000e2e00000, 0x00000000e2f00000|  0%| F|  |TAMS 0x00000000e2e00000| PB 0x00000000e2e00000| Untracked 
|  47|0x00000000e2f00000, 0x00000000e2f00000, 0x00000000e3000000|  0%| F|  |TAMS 0x00000000e2f00000| PB 0x00000000e2f00000| Untracked 
|  48|0x00000000e3000000, 0x00000000e3000000, 0x00000000e3100000|  0%| F|  |TAMS 0x00000000e3000000| PB 0x00000000e3000000| Untracked 
|  49|0x00000000e3100000, 0x00000000e3100000, 0x00000000e3200000|  0%| F|  |TAMS 0x00000000e3100000| PB 0x00000000e3100000| Untracked 
|  50|0x00000000e3200000, 0x00000000e3200000, 0x00000000e3300000|  0%| F|  |TAMS 0x00000000e3200000| PB 0x00000000e3200000| Untracked 
|  51|0x00000000e3300000, 0x00000000e3300000, 0x00000000e3400000|  0%| F|  |TAMS 0x00000000e3300000| PB 0x00000000e3300000| Untracked 
|  52|0x00000000e3400000, 0x00000000e3400000, 0x00000000e3500000|  0%| F|  |TAMS 0x00000000e3400000| PB 0x00000000e3400000| Untracked 
|  53|0x00000000e3500000, 0x00000000e3500000, 0x00000000e3600000|  0%| F|  |TAMS 0x00000000e3500000| PB 0x00000000e3500000| Untracked 
|  54|0x00000000e3600000, 0x00000000e3600000, 0x00000000e3700000|  0%| F|  |TAMS 0x00000000e3600000| PB 0x00000000e3600000| Untracked 
|  55|0x00000000e3700000, 0x00000000e3700000, 0x00000000e3800000|  0%| F|  |TAMS 0x00000000e3700000| PB 0x00000000e3700000| Untracked 
|  56|0x00000000e3800000, 0x00000000e3800000, 0x00000000e3900000|  0%| F|  |TAMS 0x00000000e3800000| PB 0x00000000e3800000| Untracked 
|  57|0x00000000e3900000, 0x00000000e3900000, 0x00000000e3a00000|  0%| F|  |TAMS 0x00000000e3900000| PB 0x00000000e3900000| Untracked 
|  58|0x00000000e3a00000, 0x00000000e3a00000, 0x00000000e3b00000|  0%| F|  |TAMS 0x00000000e3a00000| PB 0x00000000e3a00000| Untracked 
|  59|0x00000000e3b00000, 0x00000000e3b00000, 0x00000000e3c00000|  0%| F|  |TAMS 0x00000000e3b00000| PB 0x00000000e3b00000| Untracked 
|  60|0x00000000e3c00000, 0x00000000e3c00000, 0x00000000e3d00000|  0%| F|  |TAMS 0x00000000e3c00000| PB 0x00000000e3c00000| Untracked 
|  61|0x00000000e3d00000, 0x00000000e3d00000, 0x00000000e3e00000|  0%| F|  |TAMS 0x00000000e3d00000| PB 0x00000000e3d00000| Untracked 
|  62|0x00000000e3e00000, 0x00000000e3e00000, 0x00000000e3f00000|  0%| F|  |TAMS 0x00000000e3e00000| PB 0x00000000e3e00000| Untracked 
|  63|0x00000000e3f00000, 0x00000000e3f00000, 0x00000000e4000000|  0%| F|  |TAMS 0x00000000e3f00000| PB 0x00000000e3f00000| Untracked 
|  64|0x00000000e4000000, 0x00000000e4000000, 0x00000000e4100000|  0%| F|  |TAMS 0x00000000e4000000| PB 0x00000000e4000000| Untracked 
|  65|0x00000000e4100000, 0x00000000e4100000, 0x00000000e4200000|  0%| F|  |TAMS 0x00000000e4100000| PB 0x00000000e4100000| Untracked 
|  66|0x00000000e4200000, 0x00000000e4200000, 0x00000000e4300000|  0%| F|  |TAMS 0x00000000e4200000| PB 0x00000000e4200000| Untracked 
|  67|0x00000000e4300000, 0x00000000e4300000, 0x00000000e4400000|  0%| F|  |TAMS 0x00000000e4300000| PB 0x00000000e4300000| Untracked 
|  68|0x00000000e4400000, 0x00000000e4400000, 0x00000000e4500000|  0%| F|  |TAMS 0x00000000e4400000| PB 0x00000000e4400000| Untracked 
|  69|0x00000000e4500000, 0x00000000e4500000, 0x00000000e4600000|  0%| F|  |TAMS 0x00000000e4500000| PB 0x00000000e4500000| Untracked 
|  70|0x00000000e4600000, 0x00000000e4600000, 0x00000000e4700000|  0%| F|  |TAMS 0x00000000e4600000| PB 0x00000000e4600000| Untracked 
|  71|0x00000000e4700000, 0x00000000e4700000, 0x00000000e4800000|  0%| F|  |TAMS 0x00000000e4700000| PB 0x00000000e4700000| Untracked 
|  72|0x00000000e4800000, 0x00000000e4800000, 0x00000000e4900000|  0%| F|  |TAMS 0x00000000e4800000| PB 0x00000000e4800000| Untracked 
|  73|0x00000000e4900000, 0x00000000e4900000, 0x00000000e4a00000|  0%| F|  |TAMS 0x00000000e4900000| PB 0x00000000e4900000| Untracked 
|  74|0x00000000e4a00000, 0x00000000e4a00000, 0x00000000e4b00000|  0%| F|  |TAMS 0x00000000e4a00000| PB 0x00000000e4a00000| Untracked 
|  75|0x00000000e4b00000, 0x00000000e4b00000, 0x00000000e4c00000|  0%| F|  |TAMS 0x00000000e4b00000| PB 0x00000000e4b00000| Untracked 
|  76|0x00000000e4c00000, 0x00000000e4c00000, 0x00000000e4d00000|  0%| F|  |TAMS 0x00000000e4c00000| PB 0x00000000e4c00000| Untracked 
|  77|0x00000000e4d00000, 0x00000000e4d00000, 0x00000000e4e00000|  0%| F|  |TAMS 0x00000000e4d00000| PB 0x00000000e4d00000| Untracked 
|  78|0x00000000e4e00000, 0x00000000e4e00000, 0x00000000e4f00000|  0%| F|  |TAMS 0x00000000e4e00000| PB 0x00000000e4e00000| Untracked 
|  79|0x00000000e4f00000, 0x00000000e4f00000, 0x00000000e5000000|  0%| F|  |TAMS 0x00000000e4f00000| PB 0x00000000e4f00000| Untracked 
|  80|0x00000000e5000000, 0x00000000e5000000, 0x00000000e5100000|  0%| F|  |TAMS 0x00000000e5000000| PB 0x00000000e5000000| Untracked 
|  81|0x00000000e5100000, 0x00000000e5100000, 0x00000000e5200000|  0%| F|  |TAMS 0x00000000e5100000| PB 0x00000000e5100000| Untracked 
|  82|0x00000000e5200000, 0x00000000e5200000, 0x00000000e5300000|  0%| F|  |TAMS 0x00000000e5200000| PB 0x00000000e5200000| Untracked 
|  83|0x00000000e5300000, 0x00000000e5300000, 0x00000000e5400000|  0%| F|  |TAMS 0x00000000e5300000| PB 0x00000000e5300000| Untracked 
|  84|0x00000000e5400000, 0x00000000e5400000, 0x00000000e5500000|  0%| F|  |TAMS 0x00000000e5400000| PB 0x00000000e5400000| Untracked 
|  85|0x00000000e5500000, 0x00000000e5500000, 0x00000000e5600000|  0%| F|  |TAMS 0x00000000e5500000| PB 0x00000000e5500000| Untracked 
|  86|0x00000000e5600000, 0x00000000e5600000, 0x00000000e5700000|  0%| F|  |TAMS 0x00000000e5600000| PB 0x00000000e5600000| Untracked 
|  87|0x00000000e5700000, 0x00000000e57280d8, 0x00000000e5800000| 15%| S|CS|TAMS 0x00000000e5700000| PB 0x00000000e5700000| Complete 
|  88|0x00000000e5800000, 0x00000000e5900000, 0x00000000e5900000|100%| S|CS|TAMS 0x00000000e5800000| PB 0x00000000e5800000| Complete 
|  89|0x00000000e5900000, 0x00000000e5a00000, 0x00000000e5a00000|100%| S|CS|TAMS 0x00000000e5900000| PB 0x00000000e5900000| Complete 
|  90|0x00000000e5a00000, 0x00000000e5b00000, 0x00000000e5b00000|100%| S|CS|TAMS 0x00000000e5a00000| PB 0x00000000e5a00000| Complete 
|  91|0x00000000e5b00000, 0x00000000e5c00000, 0x00000000e5c00000|100%| S|CS|TAMS 0x00000000e5b00000| PB 0x00000000e5b00000| Complete 
|  92|0x00000000e5c00000, 0x00000000e5d00000, 0x00000000e5d00000|100%| S|CS|TAMS 0x00000000e5c00000| PB 0x00000000e5c00000| Complete 
|  93|0x00000000e5d00000, 0x00000000e5e00000, 0x00000000e5e00000|100%| S|CS|TAMS 0x00000000e5d00000| PB 0x00000000e5d00000| Complete 
|  94|0x00000000e5e00000, 0x00000000e5f00000, 0x00000000e5f00000|100%| S|CS|TAMS 0x00000000e5e00000| PB 0x00000000e5e00000| Complete 
|  95|0x00000000e5f00000, 0x00000000e6000000, 0x00000000e6000000|100%| S|CS|TAMS 0x00000000e5f00000| PB 0x00000000e5f00000| Complete 
|  96|0x00000000e6000000, 0x00000000e6100000, 0x00000000e6100000|100%| S|CS|TAMS 0x00000000e6000000| PB 0x00000000e6000000| Complete 
|  97|0x00000000e6100000, 0x00000000e6200000, 0x00000000e6200000|100%| S|CS|TAMS 0x00000000e6100000| PB 0x00000000e6100000| Complete 
|  98|0x00000000e6200000, 0x00000000e6300000, 0x00000000e6300000|100%| S|CS|TAMS 0x00000000e6200000| PB 0x00000000e6200000| Complete 
|  99|0x00000000e6300000, 0x00000000e6400000, 0x00000000e6400000|100%| S|CS|TAMS 0x00000000e6300000| PB 0x00000000e6300000| Complete 
| 100|0x00000000e6400000, 0x00000000e6500000, 0x00000000e6500000|100%| S|CS|TAMS 0x00000000e6400000| PB 0x00000000e6400000| Complete 
| 101|0x00000000e6500000, 0x00000000e6600000, 0x00000000e6600000|100%| S|CS|TAMS 0x00000000e6500000| PB 0x00000000e6500000| Complete 
| 102|0x00000000e6600000, 0x00000000e6700000, 0x00000000e6700000|100%| S|CS|TAMS 0x00000000e6600000| PB 0x00000000e6600000| Complete 
| 103|0x00000000e6700000, 0x00000000e6700000, 0x00000000e6800000|  0%| F|  |TAMS 0x00000000e6700000| PB 0x00000000e6700000| Untracked 
| 104|0x00000000e6800000, 0x00000000e6800000, 0x00000000e6900000|  0%| F|  |TAMS 0x00000000e6800000| PB 0x00000000e6800000| Untracked 
| 105|0x00000000e6900000, 0x00000000e6900000, 0x00000000e6a00000|  0%| F|  |TAMS 0x00000000e6900000| PB 0x00000000e6900000| Untracked 
| 106|0x00000000e6a00000, 0x00000000e6a00000, 0x00000000e6b00000|  0%| F|  |TAMS 0x00000000e6a00000| PB 0x00000000e6a00000| Untracked 
| 107|0x00000000e6b00000, 0x00000000e6b00000, 0x00000000e6c00000|  0%| F|  |TAMS 0x00000000e6b00000| PB 0x00000000e6b00000| Untracked 
| 108|0x00000000e6c00000, 0x00000000e6c00000, 0x00000000e6d00000|  0%| F|  |TAMS 0x00000000e6c00000| PB 0x00000000e6c00000| Untracked 
| 109|0x00000000e6d00000, 0x00000000e6d00000, 0x00000000e6e00000|  0%| F|  |TAMS 0x00000000e6d00000| PB 0x00000000e6d00000| Untracked 
| 110|0x00000000e6e00000, 0x00000000e6e00000, 0x00000000e6f00000|  0%| F|  |TAMS 0x00000000e6e00000| PB 0x00000000e6e00000| Untracked 
| 111|0x00000000e6f00000, 0x00000000e6f00000, 0x00000000e7000000|  0%| F|  |TAMS 0x00000000e6f00000| PB 0x00000000e6f00000| Untracked 
| 112|0x00000000e7000000, 0x00000000e7000000, 0x00000000e7100000|  0%| F|  |TAMS 0x00000000e7000000| PB 0x00000000e7000000| Untracked 
| 113|0x00000000e7100000, 0x00000000e7100000, 0x00000000e7200000|  0%| F|  |TAMS 0x00000000e7100000| PB 0x00000000e7100000| Untracked 
| 114|0x00000000e7200000, 0x00000000e7200000, 0x00000000e7300000|  0%| F|  |TAMS 0x00000000e7200000| PB 0x00000000e7200000| Untracked 
| 115|0x00000000e7300000, 0x00000000e7300000, 0x00000000e7400000|  0%| F|  |TAMS 0x00000000e7300000| PB 0x00000000e7300000| Untracked 
| 116|0x00000000e7400000, 0x00000000e7400000, 0x00000000e7500000|  0%| F|  |TAMS 0x00000000e7400000| PB 0x00000000e7400000| Untracked 
| 117|0x00000000e7500000, 0x00000000e7500000, 0x00000000e7600000|  0%| F|  |TAMS 0x00000000e7500000| PB 0x00000000e7500000| Untracked 
| 118|0x00000000e7600000, 0x00000000e7600000, 0x00000000e7700000|  0%| F|  |TAMS 0x00000000e7600000| PB 0x00000000e7600000| Untracked 
| 119|0x00000000e7700000, 0x00000000e7700000, 0x00000000e7800000|  0%| F|  |TAMS 0x00000000e7700000| PB 0x00000000e7700000| Untracked 
| 120|0x00000000e7800000, 0x00000000e7800000, 0x00000000e7900000|  0%| F|  |TAMS 0x00000000e7800000| PB 0x00000000e7800000| Untracked 
| 121|0x00000000e7900000, 0x00000000e7900000, 0x00000000e7a00000|  0%| F|  |TAMS 0x00000000e7900000| PB 0x00000000e7900000| Untracked 
| 122|0x00000000e7a00000, 0x00000000e7a611b8, 0x00000000e7b00000| 37%| E|  |TAMS 0x00000000e7a00000| PB 0x00000000e7a00000| Complete 
| 123|0x00000000e7b00000, 0x00000000e7c00000, 0x00000000e7c00000|100%| E|CS|TAMS 0x00000000e7b00000| PB 0x00000000e7b00000| Complete 
| 124|0x00000000e7c00000, 0x00000000e7d00000, 0x00000000e7d00000|100%| E|CS|TAMS 0x00000000e7c00000| PB 0x00000000e7c00000| Complete 
| 125|0x00000000e7d00000, 0x00000000e7e00000, 0x00000000e7e00000|100%| E|CS|TAMS 0x00000000e7d00000| PB 0x00000000e7d00000| Complete 
| 126|0x00000000e7e00000, 0x00000000e7f00000, 0x00000000e7f00000|100%| E|CS|TAMS 0x00000000e7e00000| PB 0x00000000e7e00000| Complete 
| 127|0x00000000e7f00000, 0x00000000e8000000, 0x00000000e8000000|100%| E|CS|TAMS 0x00000000e7f00000| PB 0x00000000e7f00000| Complete 
| 128|0x00000000e8000000, 0x00000000e8100000, 0x00000000e8100000|100%| E|CS|TAMS 0x00000000e8000000| PB 0x00000000e8000000| Complete 
| 129|0x00000000e8100000, 0x00000000e8200000, 0x00000000e8200000|100%| E|CS|TAMS 0x00000000e8100000| PB 0x00000000e8100000| Complete 
| 130|0x00000000e8200000, 0x00000000e8300000, 0x00000000e8300000|100%| E|CS|TAMS 0x00000000e8200000| PB 0x00000000e8200000| Complete 
| 131|0x00000000e8300000, 0x00000000e8400000, 0x00000000e8400000|100%| E|CS|TAMS 0x00000000e8300000| PB 0x00000000e8300000| Complete 
| 132|0x00000000e8400000, 0x00000000e8500000, 0x00000000e8500000|100%| E|CS|TAMS 0x00000000e8400000| PB 0x00000000e8400000| Complete 
| 133|0x00000000e8500000, 0x00000000e8600000, 0x00000000e8600000|100%| E|CS|TAMS 0x00000000e8500000| PB 0x00000000e8500000| Complete 
| 134|0x00000000e8600000, 0x00000000e8700000, 0x00000000e8700000|100%| E|CS|TAMS 0x00000000e8600000| PB 0x00000000e8600000| Complete 
| 135|0x00000000e8700000, 0x00000000e8800000, 0x00000000e8800000|100%| E|CS|TAMS 0x00000000e8700000| PB 0x00000000e8700000| Complete 
| 136|0x00000000e8800000, 0x00000000e8900000, 0x00000000e8900000|100%| E|CS|TAMS 0x00000000e8800000| PB 0x00000000e8800000| Complete 
| 137|0x00000000e8900000, 0x00000000e8a00000, 0x00000000e8a00000|100%| E|CS|TAMS 0x00000000e8900000| PB 0x00000000e8900000| Complete 
| 138|0x00000000e8a00000, 0x00000000e8b00000, 0x00000000e8b00000|100%| E|CS|TAMS 0x00000000e8a00000| PB 0x00000000e8a00000| Complete 
| 139|0x00000000e8b00000, 0x00000000e8c00000, 0x00000000e8c00000|100%| E|CS|TAMS 0x00000000e8b00000| PB 0x00000000e8b00000| Complete 
| 140|0x00000000e8c00000, 0x00000000e8d00000, 0x00000000e8d00000|100%| E|CS|TAMS 0x00000000e8c00000| PB 0x00000000e8c00000| Complete 
| 141|0x00000000e8d00000, 0x00000000e8e00000, 0x00000000e8e00000|100%| E|CS|TAMS 0x00000000e8d00000| PB 0x00000000e8d00000| Complete 
| 142|0x00000000e8e00000, 0x00000000e8f00000, 0x00000000e8f00000|100%| E|CS|TAMS 0x00000000e8e00000| PB 0x00000000e8e00000| Complete 
| 143|0x00000000e8f00000, 0x00000000e9000000, 0x00000000e9000000|100%| E|CS|TAMS 0x00000000e8f00000| PB 0x00000000e8f00000| Complete 
| 144|0x00000000e9000000, 0x00000000e9100000, 0x00000000e9100000|100%| E|CS|TAMS 0x00000000e9000000| PB 0x00000000e9000000| Complete 
| 145|0x00000000e9100000, 0x00000000e9200000, 0x00000000e9200000|100%| E|CS|TAMS 0x00000000e9100000| PB 0x00000000e9100000| Complete 
| 146|0x00000000e9200000, 0x00000000e9300000, 0x00000000e9300000|100%| E|CS|TAMS 0x00000000e9200000| PB 0x00000000e9200000| Complete 
| 147|0x00000000e9300000, 0x00000000e9400000, 0x00000000e9400000|100%| E|CS|TAMS 0x00000000e9300000| PB 0x00000000e9300000| Complete 
| 148|0x00000000e9400000, 0x00000000e9500000, 0x00000000e9500000|100%| E|CS|TAMS 0x00000000e9400000| PB 0x00000000e9400000| Complete 
| 149|0x00000000e9500000, 0x00000000e9600000, 0x00000000e9600000|100%| E|CS|TAMS 0x00000000e9500000| PB 0x00000000e9500000| Complete 
| 150|0x00000000e9600000, 0x00000000e9700000, 0x00000000e9700000|100%| E|CS|TAMS 0x00000000e9600000| PB 0x00000000e9600000| Complete 
| 151|0x00000000e9700000, 0x00000000e9800000, 0x00000000e9800000|100%| E|CS|TAMS 0x00000000e9700000| PB 0x00000000e9700000| Complete 
| 152|0x00000000e9800000, 0x00000000e9900000, 0x00000000e9900000|100%| E|CS|TAMS 0x00000000e9800000| PB 0x00000000e9800000| Complete 
| 153|0x00000000e9900000, 0x00000000e9a00000, 0x00000000e9a00000|100%| E|CS|TAMS 0x00000000e9900000| PB 0x00000000e9900000| Complete 
| 154|0x00000000e9a00000, 0x00000000e9b00000, 0x00000000e9b00000|100%| E|CS|TAMS 0x00000000e9a00000| PB 0x00000000e9a00000| Complete 
| 155|0x00000000e9b00000, 0x00000000e9c00000, 0x00000000e9c00000|100%| E|CS|TAMS 0x00000000e9b00000| PB 0x00000000e9b00000| Complete 
| 156|0x00000000e9c00000, 0x00000000e9d00000, 0x00000000e9d00000|100%| E|CS|TAMS 0x00000000e9c00000| PB 0x00000000e9c00000| Complete 
| 157|0x00000000e9d00000, 0x00000000e9e00000, 0x00000000e9e00000|100%| E|CS|TAMS 0x00000000e9d00000| PB 0x00000000e9d00000| Complete 
| 158|0x00000000e9e00000, 0x00000000e9f00000, 0x00000000e9f00000|100%| E|CS|TAMS 0x00000000e9e00000| PB 0x00000000e9e00000| Complete 
| 159|0x00000000e9f00000, 0x00000000ea000000, 0x00000000ea000000|100%| E|CS|TAMS 0x00000000e9f00000| PB 0x00000000e9f00000| Complete 
| 160|0x00000000ea000000, 0x00000000ea100000, 0x00000000ea100000|100%| E|CS|TAMS 0x00000000ea000000| PB 0x00000000ea000000| Complete 
| 161|0x00000000ea100000, 0x00000000ea200000, 0x00000000ea200000|100%| E|CS|TAMS 0x00000000ea100000| PB 0x00000000ea100000| Complete 
| 162|0x00000000ea200000, 0x00000000ea300000, 0x00000000ea300000|100%| E|CS|TAMS 0x00000000ea200000| PB 0x00000000ea200000| Complete 
| 163|0x00000000ea300000, 0x00000000ea400000, 0x00000000ea400000|100%| E|  |TAMS 0x00000000ea300000| PB 0x00000000ea300000| Complete 
| 164|0x00000000ea400000, 0x00000000ea500000, 0x00000000ea500000|100%| E|CS|TAMS 0x00000000ea400000| PB 0x00000000ea400000| Complete 
| 165|0x00000000ea500000, 0x00000000ea600000, 0x00000000ea600000|100%| E|CS|TAMS 0x00000000ea500000| PB 0x00000000ea500000| Complete 
| 166|0x00000000ea600000, 0x00000000ea700000, 0x00000000ea700000|100%| E|CS|TAMS 0x00000000ea600000| PB 0x00000000ea600000| Complete 
| 167|0x00000000ea700000, 0x00000000ea800000, 0x00000000ea800000|100%| E|CS|TAMS 0x00000000ea700000| PB 0x00000000ea700000| Complete 
| 168|0x00000000ea800000, 0x00000000ea900000, 0x00000000ea900000|100%| E|CS|TAMS 0x00000000ea800000| PB 0x00000000ea800000| Complete 
| 169|0x00000000ea900000, 0x00000000eaa00000, 0x00000000eaa00000|100%| E|CS|TAMS 0x00000000ea900000| PB 0x00000000ea900000| Complete 
| 170|0x00000000eaa00000, 0x00000000eab00000, 0x00000000eab00000|100%| E|CS|TAMS 0x00000000eaa00000| PB 0x00000000eaa00000| Complete 
| 171|0x00000000eab00000, 0x00000000eac00000, 0x00000000eac00000|100%| E|CS|TAMS 0x00000000eab00000| PB 0x00000000eab00000| Complete 
| 172|0x00000000eac00000, 0x00000000ead00000, 0x00000000ead00000|100%| E|CS|TAMS 0x00000000eac00000| PB 0x00000000eac00000| Complete 
| 173|0x00000000ead00000, 0x00000000eae00000, 0x00000000eae00000|100%| E|CS|TAMS 0x00000000ead00000| PB 0x00000000ead00000| Complete 
| 174|0x00000000eae00000, 0x00000000eaf00000, 0x00000000eaf00000|100%| E|CS|TAMS 0x00000000eae00000| PB 0x00000000eae00000| Complete 
| 175|0x00000000eaf00000, 0x00000000eb000000, 0x00000000eb000000|100%| E|CS|TAMS 0x00000000eaf00000| PB 0x00000000eaf00000| Complete 
| 176|0x00000000eb000000, 0x00000000eb100000, 0x00000000eb100000|100%| E|CS|TAMS 0x00000000eb000000| PB 0x00000000eb000000| Complete 
| 177|0x00000000eb100000, 0x00000000eb200000, 0x00000000eb200000|100%| E|CS|TAMS 0x00000000eb100000| PB 0x00000000eb100000| Complete 
| 178|0x00000000eb200000, 0x00000000eb300000, 0x00000000eb300000|100%| E|CS|TAMS 0x00000000eb200000| PB 0x00000000eb200000| Complete 
| 179|0x00000000eb300000, 0x00000000eb400000, 0x00000000eb400000|100%| E|CS|TAMS 0x00000000eb300000| PB 0x00000000eb300000| Complete 
| 180|0x00000000eb400000, 0x00000000eb500000, 0x00000000eb500000|100%| E|CS|TAMS 0x00000000eb400000| PB 0x00000000eb400000| Complete 
| 181|0x00000000eb500000, 0x00000000eb600000, 0x00000000eb600000|100%| E|CS|TAMS 0x00000000eb500000| PB 0x00000000eb500000| Complete 
| 182|0x00000000eb600000, 0x00000000eb700000, 0x00000000eb700000|100%| E|CS|TAMS 0x00000000eb600000| PB 0x00000000eb600000| Complete 
| 183|0x00000000eb700000, 0x00000000eb800000, 0x00000000eb800000|100%| E|CS|TAMS 0x00000000eb700000| PB 0x00000000eb700000| Complete 
| 184|0x00000000eb800000, 0x00000000eb900000, 0x00000000eb900000|100%| E|CS|TAMS 0x00000000eb800000| PB 0x00000000eb800000| Complete 
| 185|0x00000000eb900000, 0x00000000eba00000, 0x00000000eba00000|100%| E|CS|TAMS 0x00000000eb900000| PB 0x00000000eb900000| Complete 
| 186|0x00000000eba00000, 0x00000000ebb00000, 0x00000000ebb00000|100%| E|CS|TAMS 0x00000000eba00000| PB 0x00000000eba00000| Complete 
| 187|0x00000000ebb00000, 0x00000000ebc00000, 0x00000000ebc00000|100%| E|CS|TAMS 0x00000000ebb00000| PB 0x00000000ebb00000| Complete 
| 188|0x00000000ebc00000, 0x00000000ebd00000, 0x00000000ebd00000|100%| E|CS|TAMS 0x00000000ebc00000| PB 0x00000000ebc00000| Complete 
| 189|0x00000000ebd00000, 0x00000000ebe00000, 0x00000000ebe00000|100%| E|CS|TAMS 0x00000000ebd00000| PB 0x00000000ebd00000| Complete 
| 190|0x00000000ebe00000, 0x00000000ebf00000, 0x00000000ebf00000|100%| E|CS|TAMS 0x00000000ebe00000| PB 0x00000000ebe00000| Complete 
| 191|0x00000000ebf00000, 0x00000000ec000000, 0x00000000ec000000|100%| E|CS|TAMS 0x00000000ebf00000| PB 0x00000000ebf00000| Complete 
| 192|0x00000000ec000000, 0x00000000ec100000, 0x00000000ec100000|100%| E|CS|TAMS 0x00000000ec000000| PB 0x00000000ec000000| Complete 
| 193|0x00000000ec100000, 0x00000000ec200000, 0x00000000ec200000|100%| E|CS|TAMS 0x00000000ec100000| PB 0x00000000ec100000| Complete 
| 194|0x00000000ec200000, 0x00000000ec300000, 0x00000000ec300000|100%| E|CS|TAMS 0x00000000ec200000| PB 0x00000000ec200000| Complete 
| 195|0x00000000ec300000, 0x00000000ec400000, 0x00000000ec400000|100%| E|CS|TAMS 0x00000000ec300000| PB 0x00000000ec300000| Complete 
| 196|0x00000000ec400000, 0x00000000ec500000, 0x00000000ec500000|100%| E|CS|TAMS 0x00000000ec400000| PB 0x00000000ec400000| Complete 
| 197|0x00000000ec500000, 0x00000000ec600000, 0x00000000ec600000|100%| E|CS|TAMS 0x00000000ec500000| PB 0x00000000ec500000| Complete 
| 198|0x00000000ec600000, 0x00000000ec700000, 0x00000000ec700000|100%| E|CS|TAMS 0x00000000ec600000| PB 0x00000000ec600000| Complete 
| 199|0x00000000ec700000, 0x00000000ec800000, 0x00000000ec800000|100%| E|CS|TAMS 0x00000000ec700000| PB 0x00000000ec700000| Complete 
| 200|0x00000000ec800000, 0x00000000ec900000, 0x00000000ec900000|100%| E|CS|TAMS 0x00000000ec800000| PB 0x00000000ec800000| Complete 
| 201|0x00000000ec900000, 0x00000000eca00000, 0x00000000eca00000|100%| E|CS|TAMS 0x00000000ec900000| PB 0x00000000ec900000| Complete 
| 202|0x00000000eca00000, 0x00000000ecb00000, 0x00000000ecb00000|100%| E|CS|TAMS 0x00000000eca00000| PB 0x00000000eca00000| Complete 
| 203|0x00000000ecb00000, 0x00000000ecc00000, 0x00000000ecc00000|100%| E|CS|TAMS 0x00000000ecb00000| PB 0x00000000ecb00000| Complete 
| 204|0x00000000ecc00000, 0x00000000ecd00000, 0x00000000ecd00000|100%| E|CS|TAMS 0x00000000ecc00000| PB 0x00000000ecc00000| Complete 
| 205|0x00000000ecd00000, 0x00000000ece00000, 0x00000000ece00000|100%| E|CS|TAMS 0x00000000ecd00000| PB 0x00000000ecd00000| Complete 
| 206|0x00000000ece00000, 0x00000000ecf00000, 0x00000000ecf00000|100%| E|CS|TAMS 0x00000000ece00000| PB 0x00000000ece00000| Complete 
| 207|0x00000000ecf00000, 0x00000000ed000000, 0x00000000ed000000|100%| E|CS|TAMS 0x00000000ecf00000| PB 0x00000000ecf00000| Complete 
| 208|0x00000000ed000000, 0x00000000ed100000, 0x00000000ed100000|100%| E|CS|TAMS 0x00000000ed000000| PB 0x00000000ed000000| Complete 
| 209|0x00000000ed100000, 0x00000000ed200000, 0x00000000ed200000|100%| E|CS|TAMS 0x00000000ed100000| PB 0x00000000ed100000| Complete 
| 210|0x00000000ed200000, 0x00000000ed300000, 0x00000000ed300000|100%| E|CS|TAMS 0x00000000ed200000| PB 0x00000000ed200000| Complete 
| 211|0x00000000ed300000, 0x00000000ed400000, 0x00000000ed400000|100%| E|CS|TAMS 0x00000000ed300000| PB 0x00000000ed300000| Complete 
| 212|0x00000000ed400000, 0x00000000ed500000, 0x00000000ed500000|100%| E|CS|TAMS 0x00000000ed400000| PB 0x00000000ed400000| Complete 
| 213|0x00000000ed500000, 0x00000000ed600000, 0x00000000ed600000|100%| E|CS|TAMS 0x00000000ed500000| PB 0x00000000ed500000| Complete 
| 214|0x00000000ed600000, 0x00000000ed700000, 0x00000000ed700000|100%| E|CS|TAMS 0x00000000ed600000| PB 0x00000000ed600000| Complete 
| 215|0x00000000ed700000, 0x00000000ed800000, 0x00000000ed800000|100%| E|CS|TAMS 0x00000000ed700000| PB 0x00000000ed700000| Complete 
| 216|0x00000000ed800000, 0x00000000ed900000, 0x00000000ed900000|100%| E|CS|TAMS 0x00000000ed800000| PB 0x00000000ed800000| Complete 
| 217|0x00000000ed900000, 0x00000000eda00000, 0x00000000eda00000|100%| E|CS|TAMS 0x00000000ed900000| PB 0x00000000ed900000| Complete 
| 218|0x00000000eda00000, 0x00000000edb00000, 0x00000000edb00000|100%| E|CS|TAMS 0x00000000eda00000| PB 0x00000000eda00000| Complete 
| 219|0x00000000edb00000, 0x00000000edc00000, 0x00000000edc00000|100%| E|CS|TAMS 0x00000000edb00000| PB 0x00000000edb00000| Complete 
| 220|0x00000000edc00000, 0x00000000edd00000, 0x00000000edd00000|100%| E|CS|TAMS 0x00000000edc00000| PB 0x00000000edc00000| Complete 
| 221|0x00000000edd00000, 0x00000000ede00000, 0x00000000ede00000|100%| E|CS|TAMS 0x00000000edd00000| PB 0x00000000edd00000| Complete 
| 222|0x00000000ede00000, 0x00000000edf00000, 0x00000000edf00000|100%| E|CS|TAMS 0x00000000ede00000| PB 0x00000000ede00000| Complete 
| 223|0x00000000edf00000, 0x00000000ee000000, 0x00000000ee000000|100%| E|CS|TAMS 0x00000000edf00000| PB 0x00000000edf00000| Complete 
| 224|0x00000000ee000000, 0x00000000ee100000, 0x00000000ee100000|100%| E|CS|TAMS 0x00000000ee000000| PB 0x00000000ee000000| Complete 
| 225|0x00000000ee100000, 0x00000000ee200000, 0x00000000ee200000|100%| E|CS|TAMS 0x00000000ee100000| PB 0x00000000ee100000| Complete 
| 226|0x00000000ee200000, 0x00000000ee300000, 0x00000000ee300000|100%| E|CS|TAMS 0x00000000ee200000| PB 0x00000000ee200000| Complete 
| 227|0x00000000ee300000, 0x00000000ee400000, 0x00000000ee400000|100%| E|CS|TAMS 0x00000000ee300000| PB 0x00000000ee300000| Complete 
| 228|0x00000000ee400000, 0x00000000ee500000, 0x00000000ee500000|100%| E|CS|TAMS 0x00000000ee400000| PB 0x00000000ee400000| Complete 
| 229|0x00000000ee500000, 0x00000000ee600000, 0x00000000ee600000|100%| E|CS|TAMS 0x00000000ee500000| PB 0x00000000ee500000| Complete 
| 230|0x00000000ee600000, 0x00000000ee700000, 0x00000000ee700000|100%| E|CS|TAMS 0x00000000ee600000| PB 0x00000000ee600000| Complete 
| 231|0x00000000ee700000, 0x00000000ee800000, 0x00000000ee800000|100%| E|CS|TAMS 0x00000000ee700000| PB 0x00000000ee700000| Complete 
| 232|0x00000000ee800000, 0x00000000ee900000, 0x00000000ee900000|100%| E|CS|TAMS 0x00000000ee800000| PB 0x00000000ee800000| Complete 
| 233|0x00000000ee900000, 0x00000000eea00000, 0x00000000eea00000|100%| E|CS|TAMS 0x00000000ee900000| PB 0x00000000ee900000| Complete 
| 234|0x00000000eea00000, 0x00000000eeb00000, 0x00000000eeb00000|100%| E|CS|TAMS 0x00000000eea00000| PB 0x00000000eea00000| Complete 
| 235|0x00000000eeb00000, 0x00000000eec00000, 0x00000000eec00000|100%| E|CS|TAMS 0x00000000eeb00000| PB 0x00000000eeb00000| Complete 
| 236|0x00000000eec00000, 0x00000000eed00000, 0x00000000eed00000|100%| E|CS|TAMS 0x00000000eec00000| PB 0x00000000eec00000| Complete 
| 237|0x00000000eed00000, 0x00000000eee00000, 0x00000000eee00000|100%| E|CS|TAMS 0x00000000eed00000| PB 0x00000000eed00000| Complete 
| 238|0x00000000eee00000, 0x00000000eef00000, 0x00000000eef00000|100%| E|CS|TAMS 0x00000000eee00000| PB 0x00000000eee00000| Complete 
| 239|0x00000000eef00000, 0x00000000ef000000, 0x00000000ef000000|100%| E|CS|TAMS 0x00000000eef00000| PB 0x00000000eef00000| Complete 
| 240|0x00000000ef000000, 0x00000000ef100000, 0x00000000ef100000|100%| E|CS|TAMS 0x00000000ef000000| PB 0x00000000ef000000| Complete 
| 241|0x00000000ef100000, 0x00000000ef200000, 0x00000000ef200000|100%| E|CS|TAMS 0x00000000ef100000| PB 0x00000000ef100000| Complete 
| 242|0x00000000ef200000, 0x00000000ef300000, 0x00000000ef300000|100%| E|CS|TAMS 0x00000000ef200000| PB 0x00000000ef200000| Complete 
| 243|0x00000000ef300000, 0x00000000ef400000, 0x00000000ef400000|100%| E|CS|TAMS 0x00000000ef300000| PB 0x00000000ef300000| Complete 
| 244|0x00000000ef400000, 0x00000000ef500000, 0x00000000ef500000|100%| E|CS|TAMS 0x00000000ef400000| PB 0x00000000ef400000| Complete 
| 245|0x00000000ef500000, 0x00000000ef600000, 0x00000000ef600000|100%| E|CS|TAMS 0x00000000ef500000| PB 0x00000000ef500000| Complete 
| 246|0x00000000ef600000, 0x00000000ef700000, 0x00000000ef700000|100%| E|CS|TAMS 0x00000000ef600000| PB 0x00000000ef600000| Complete 
| 247|0x00000000ef700000, 0x00000000ef800000, 0x00000000ef800000|100%| E|CS|TAMS 0x00000000ef700000| PB 0x00000000ef700000| Complete 
| 248|0x00000000ef800000, 0x00000000ef900000, 0x00000000ef900000|100%| E|CS|TAMS 0x00000000ef800000| PB 0x00000000ef800000| Complete 
| 249|0x00000000ef900000, 0x00000000efa00000, 0x00000000efa00000|100%| E|CS|TAMS 0x00000000ef900000| PB 0x00000000ef900000| Complete 
| 250|0x00000000efa00000, 0x00000000efb00000, 0x00000000efb00000|100%| E|CS|TAMS 0x00000000efa00000| PB 0x00000000efa00000| Complete 
| 251|0x00000000efb00000, 0x00000000efc00000, 0x00000000efc00000|100%| E|CS|TAMS 0x00000000efb00000| PB 0x00000000efb00000| Complete 
| 252|0x00000000efc00000, 0x00000000efd00000, 0x00000000efd00000|100%| E|CS|TAMS 0x00000000efc00000| PB 0x00000000efc00000| Complete 
| 253|0x00000000efd00000, 0x00000000efe00000, 0x00000000efe00000|100%| E|CS|TAMS 0x00000000efd00000| PB 0x00000000efd00000| Complete 
| 254|0x00000000efe00000, 0x00000000eff00000, 0x00000000eff00000|100%| E|CS|TAMS 0x00000000efe00000| PB 0x00000000efe00000| Complete 
| 255|0x00000000eff00000, 0x00000000f0000000, 0x00000000f0000000|100%| E|CS|TAMS 0x00000000eff00000| PB 0x00000000eff00000| Complete 

Card table byte_map: [0x000001835b9f0000,0x000001835baf0000] _byte_map_base: 0x000001835b2f0000

Marking Bits: (CMBitMap*) 0x00000183493f07d0
 Bits: [0x000001835baf0000, 0x000001835c2f0000)

Polling page: 0x0000018347420000

Metaspace:

Usage:
  Non-class:     45.27 MB used.
      Class:      7.57 MB used.
       Both:     52.84 MB used.

Virtual space:
  Non-class space:       64.00 MB reserved,      46.06 MB ( 72%) committed,  1 nodes.
      Class space:      320.00 MB reserved,       8.38 MB (  3%) committed,  1 nodes.
             Both:      384.00 MB reserved,      54.44 MB ( 14%) committed. 

Chunk freelists:
   Non-Class:  1.38 MB
       Class:  7.53 MB
        Both:  8.91 MB

MaxMetaspaceSize: 384.00 MB
CompressedClassSpaceSize: 320.00 MB
Initial GC threshold: 21.00 MB
Current GC threshold: 59.81 MB
CDS: on
 - commit_granule_bytes: 65536.
 - commit_granule_words: 8192.
 - virtual_space_node_default_size: 8388608.
 - enlarge_chunks_in_place: 1.
 - use_allocation_guard: 0.


Internal statistics:

num_allocs_failed_limit: 12.
num_arena_births: 2936.
num_arena_deaths: 0.
num_vsnodes_births: 2.
num_vsnodes_deaths: 0.
num_space_committed: 871.
num_space_uncommitted: 0.
num_chunks_returned_to_freelist: 12.
num_chunks_taken_from_freelist: 5431.
num_chunk_merges: 9.
num_chunk_splits: 3570.
num_chunks_enlarged: 2241.
num_inconsistent_stats: 0.

CodeHeap 'non-profiled nmethods': size=120000Kb used=4280Kb max_used=4280Kb free=115719Kb
 bounds [0x0000018354090000, 0x00000183544c0000, 0x000001835b5c0000]
CodeHeap 'profiled nmethods': size=120000Kb used=13819Kb max_used=13819Kb free=106181Kb
 bounds [0x000001834c5c0000, 0x000001834d340000, 0x0000018353af0000]
CodeHeap 'non-nmethods': size=5760Kb used=2836Kb max_used=2899Kb free=2923Kb
 bounds [0x0000018353af0000, 0x0000018353dd0000, 0x0000018354090000]
CodeCache: size=245760Kb, used=20935Kb, max_used=20998Kb, free=224823Kb
 total_blobs=8227, nmethods=7344, adapters=786, full_count=0
Compilation: enabled, stopped_count=0, restarted_count=0

Compilation events (20 events):
Event: 10.520 Thread 0x0000018378020b50 7817       3       org.gradle.api.internal.changedetection.state.DefaultResourceSnapshotterCacheService$$Lambda/0x0000018360624d58::<init> (15 bytes)
Event: 10.520 Thread 0x0000018378020b50 nmethod 7817 0x000001834d32eb90 code [0x000001834d32ed40, 0x000001834d32ef60]
Event: 10.520 Thread 0x0000018378020b50 7818       3       org.gradle.internal.fingerprint.impl.IgnoredPathFileSystemLocationFingerprint::<init> (15 bytes)
Event: 10.520 Thread 0x0000018378020b50 nmethod 7818 0x000001834d32f010 code [0x000001834d32f1c0, 0x000001834d32f3e0]
Event: 10.521 Thread 0x0000018378020b50 7820       3       org.gradle.internal.fingerprint.classpath.impl.ClasspathFingerprintingStrategy$ClasspathFingerprintingVisitor$$Lambda/0x000001836052f320::<init> (10 bytes)
Event: 10.521 Thread 0x0000018378020b50 nmethod 7820 0x000001834d32f490 code [0x000001834d32f640, 0x000001834d32f7f8]
Event: 10.521 Thread 0x0000018378020b50 7821       3       org.gradle.api.internal.changedetection.state.DefaultRegularFileSnapshotContext::<init> (15 bytes)
Event: 10.522 Thread 0x0000018378020b50 nmethod 7821 0x000001834d32f890 code [0x000001834d32fa40, 0x000001834d32fc60]
Event: 10.522 Thread 0x0000018378020b50 7822       3       org.gradle.api.internal.changedetection.state.ZipHasher::isZipFile (19 bytes)
Event: 10.522 Thread 0x0000018378020b50 nmethod 7822 0x000001834d32fd10 code [0x000001834d32ff40, 0x000001834d330548]
Event: 10.522 Thread 0x0000018378020b50 7823       3       org.apache.commons.io.FilenameUtils::getExtension (27 bytes)
Event: 10.523 Thread 0x0000018378020b50 nmethod 7823 0x000001834d330790 code [0x000001834d330980, 0x000001834d330d28]
Event: 10.523 Thread 0x0000018378020b50 7824       3       org.apache.commons.io.FilenameUtils::indexOfExtension (61 bytes)
Event: 10.524 Thread 0x0000018378020b50 nmethod 7824 0x000001834d330e90 code [0x000001834d331160, 0x000001834d331d40]
Event: 10.524 Thread 0x0000018378020b50 7825       3       org.apache.commons.io.FilenameUtils::isSystemWindows (14 bytes)
Event: 10.524 Thread 0x0000018378020b50 nmethod 7825 0x000001834d332190 code [0x000001834d332320, 0x000001834d332430]
Event: 10.524 Thread 0x0000018378020b50 7827       3       org.gradle.api.internal.changedetection.state.DefaultResourceSnapshotterCacheService::resourceHashCacheKey (25 bytes)
Event: 10.525 Thread 0x0000018378020b50 nmethod 7827 0x000001834d332490 code [0x000001834d332800, 0x000001834d333ef8]
Event: 10.526 Thread 0x0000018378020b50 7828       3       org.gradle.internal.fingerprint.impl.IgnoredPathFileSystemLocationFingerprint::appendToHasher (11 bytes)
Event: 10.526 Thread 0x0000018378020b50 nmethod 7828 0x000001834d334790 code [0x000001834d3349a0, 0x000001834d334f58]

GC Heap History (14 events):
Event: 0.485 GC heap before
{Heap before GC invocations=0 (full 0):
 garbage-first heap   total 262144K, used 26624K [0x00000000e0000000, 0x0000000100000000)
  region size 1024K, 23 young (23552K), 0 survivors (0K)
 Metaspace       used 1102K, committed 1216K, reserved 393216K
  class space    used 80K, committed 128K, reserved 327680K
}
Event: 0.491 GC heap after
{Heap after GC invocations=1 (full 0):
 garbage-first heap   total 262144K, used 10453K [0x00000000e0000000, 0x0000000100000000)
  region size 1024K, 3 young (3072K), 3 survivors (3072K)
 Metaspace       used 1102K, committed 1216K, reserved 393216K
  class space    used 80K, committed 128K, reserved 327680K
}
Event: 1.106 GC heap before
{Heap before GC invocations=1 (full 0):
 garbage-first heap   total 262144K, used 41173K [0x00000000e0000000, 0x0000000100000000)
  region size 1024K, 33 young (33792K), 3 survivors (3072K)
 Metaspace       used 4245K, committed 4416K, reserved 393216K
  class space    used 544K, committed 640K, reserved 327680K
}
Event: 1.110 GC heap after
{Heap after GC invocations=2 (full 0):
 garbage-first heap   total 262144K, used 12014K [0x00000000e0000000, 0x0000000100000000)
  region size 1024K, 2 young (2048K), 2 survivors (2048K)
 Metaspace       used 4245K, committed 4416K, reserved 393216K
  class space    used 544K, committed 640K, reserved 327680K
}
Event: 3.958 GC heap before
{Heap before GC invocations=2 (full 0):
 garbage-first heap   total 262144K, used 143086K [0x00000000e0000000, 0x0000000100000000)
  region size 1024K, 130 young (133120K), 2 survivors (2048K)
 Metaspace       used 20834K, committed 21504K, reserved 393216K
  class space    used 3079K, committed 3392K, reserved 327680K
}
Event: 3.976 GC heap after
{Heap after GC invocations=3 (full 0):
 garbage-first heap   total 262144K, used 25283K [0x00000000e0000000, 0x0000000100000000)
  region size 1024K, 14 young (14336K), 14 survivors (14336K)
 Metaspace       used 20834K, committed 21504K, reserved 393216K
  class space    used 3079K, committed 3392K, reserved 327680K
}
Event: 5.677 GC heap before
{Heap before GC invocations=4 (full 0):
 garbage-first heap   total 262144K, used 117443K [0x00000000e0000000, 0x0000000100000000)
  region size 1024K, 106 young (108544K), 14 survivors (14336K)
 Metaspace       used 34727K, committed 35968K, reserved 393216K
  class space    used 5150K, committed 5760K, reserved 327680K
}
Event: 5.700 GC heap after
{Heap after GC invocations=5 (full 0):
 garbage-first heap   total 262144K, used 31958K [0x00000000e0000000, 0x0000000100000000)
  region size 1024K, 8 young (8192K), 8 survivors (8192K)
 Metaspace       used 34727K, committed 35968K, reserved 393216K
  class space    used 5150K, committed 5760K, reserved 327680K
}
Event: 5.731 GC heap before
{Heap before GC invocations=5 (full 0):
 garbage-first heap   total 262144K, used 31958K [0x00000000e0000000, 0x0000000100000000)
  region size 1024K, 9 young (9216K), 8 survivors (8192K)
 Metaspace       used 35004K, committed 36288K, reserved 393216K
  class space    used 5170K, committed 5824K, reserved 327680K
}
Event: 5.738 GC heap after
{Heap after GC invocations=6 (full 0):
 garbage-first heap   total 262144K, used 33015K [0x00000000e0000000, 0x0000000100000000)
  region size 1024K, 8 young (8192K), 8 survivors (8192K)
 Metaspace       used 35004K, committed 36288K, reserved 393216K
  class space    used 5170K, committed 5824K, reserved 327680K
}
Event: 5.811 GC heap before
{Heap before GC invocations=6 (full 0):
 garbage-first heap   total 262144K, used 35063K [0x00000000e0000000, 0x0000000100000000)
  region size 1024K, 12 young (12288K), 8 survivors (8192K)
 Metaspace       used 35350K, committed 36608K, reserved 393216K
  class space    used 5204K, committed 5824K, reserved 327680K
}
Event: 5.816 GC heap after
{Heap after GC invocations=7 (full 0):
 garbage-first heap   total 262144K, used 33316K [0x00000000e0000000, 0x0000000100000000)
  region size 1024K, 8 young (8192K), 8 survivors (8192K)
 Metaspace       used 35350K, committed 36608K, reserved 393216K
  class space    used 5204K, committed 5824K, reserved 327680K
}
Event: 7.830 GC heap before
{Heap before GC invocations=8 (full 0):
 garbage-first heap   total 262144K, used 188964K [0x00000000e0000000, 0x0000000100000000)
  region size 1024K, 153 young (156672K), 8 survivors (8192K)
 Metaspace       used 49888K, committed 51520K, reserved 393216K
  class space    used 7243K, committed 8064K, reserved 327680K
}
Event: 7.843 GC heap after
{Heap after GC invocations=9 (full 0):
 garbage-first heap   total 262144K, used 41196K [0x00000000e0000000, 0x0000000100000000)
  region size 1024K, 16 young (16384K), 16 survivors (16384K)
 Metaspace       used 49888K, committed 51520K, reserved 393216K
  class space    used 7243K, committed 8064K, reserved 327680K
}

Dll operation events (14 events):
Event: 0.013 Loaded shared library C:\Users\Abina\.vscode\extensions\redhat.java-1.54.0-win32-x64\jre\21.0.10-win32-x86_64\bin\java.dll
Event: 0.082 Loaded shared library C:\Users\Abina\.vscode\extensions\redhat.java-1.54.0-win32-x64\jre\21.0.10-win32-x86_64\bin\zip.dll
Event: 0.101 Loaded shared library C:\Users\Abina\.vscode\extensions\redhat.java-1.54.0-win32-x64\jre\21.0.10-win32-x86_64\bin\instrument.dll
Event: 0.107 Loaded shared library C:\Users\Abina\.vscode\extensions\redhat.java-1.54.0-win32-x64\jre\21.0.10-win32-x86_64\bin\net.dll
Event: 0.108 Loaded shared library C:\Users\Abina\.vscode\extensions\redhat.java-1.54.0-win32-x64\jre\21.0.10-win32-x86_64\bin\nio.dll
Event: 0.111 Loaded shared library C:\Users\Abina\.vscode\extensions\redhat.java-1.54.0-win32-x64\jre\21.0.10-win32-x86_64\bin\zip.dll
Event: 0.336 Loaded shared library C:\Users\Abina\.vscode\extensions\redhat.java-1.54.0-win32-x64\jre\21.0.10-win32-x86_64\bin\jimage.dll
Event: 0.502 Loaded shared library C:\Users\Abina\.vscode\extensions\redhat.java-1.54.0-win32-x64\jre\21.0.10-win32-x86_64\bin\verify.dll
Event: 0.685 Loaded shared library C:\Users\Abina\.gradle\native\c067742578af261105cb4f569cf0c3c89f3d7b1fecec35dd04571415982c5e48\windows-amd64\native-platform.dll
Event: 0.702 Loaded shared library C:\Users\Abina\.gradle\native\100fb08df4bc3b14c8652ba06237920a3bd2aa13389f12d3474272988ae205f9\windows-amd64\native-platform-file-events.dll
Event: 1.629 Loaded shared library C:\Users\Abina\.vscode\extensions\redhat.java-1.54.0-win32-x64\jre\21.0.10-win32-x86_64\bin\management.dll
Event: 1.631 Loaded shared library C:\Users\Abina\.vscode\extensions\redhat.java-1.54.0-win32-x64\jre\21.0.10-win32-x86_64\bin\management_ext.dll
Event: 1.857 Loaded shared library C:\Users\Abina\.vscode\extensions\redhat.java-1.54.0-win32-x64\jre\21.0.10-win32-x86_64\bin\extnet.dll
Event: 2.006 Loaded shared library C:\Users\Abina\.vscode\extensions\redhat.java-1.54.0-win32-x64\jre\21.0.10-win32-x86_64\bin\sunmscapi.dll

Deoptimization events (20 events):
Event: 10.182 Thread 0x0000018379af7d10 DEOPT PACKING pc=0x000001834ce93cbb sp=0x0000002a733f8720
Event: 10.182 Thread 0x0000018379af7d10 DEOPT UNPACKING pc=0x0000018353b486e2 sp=0x0000002a733f7c58 mode 0
Event: 10.185 Thread 0x0000018379af7d10 DEOPT PACKING pc=0x000001834ceb52f8 sp=0x0000002a733f86d0
Event: 10.185 Thread 0x0000018379af7d10 DEOPT UNPACKING pc=0x0000018353b486e2 sp=0x0000002a733f7bb8 mode 0
Event: 10.186 Thread 0x0000018379af7d10 DEOPT PACKING pc=0x000001834ce93cbb sp=0x0000002a733f8720
Event: 10.186 Thread 0x0000018379af7d10 DEOPT UNPACKING pc=0x0000018353b486e2 sp=0x0000002a733f7c58 mode 0
Event: 10.195 Thread 0x0000018379af7d10 DEOPT PACKING pc=0x000001834ceb52f8 sp=0x0000002a733f8c60
Event: 10.195 Thread 0x0000018379af7d10 DEOPT UNPACKING pc=0x0000018353b486e2 sp=0x0000002a733f8148 mode 0
Event: 10.195 Thread 0x0000018379af7d10 DEOPT PACKING pc=0x000001834ceb52f8 sp=0x0000002a733f8c60
Event: 10.195 Thread 0x0000018379af7d10 DEOPT UNPACKING pc=0x0000018353b486e2 sp=0x0000002a733f8148 mode 0
Event: 10.201 Thread 0x0000018379af7d10 DEOPT PACKING pc=0x000001834ceb52f8 sp=0x0000002a733f8cc0
Event: 10.201 Thread 0x0000018379af7d10 DEOPT UNPACKING pc=0x0000018353b486e2 sp=0x0000002a733f81a8 mode 0
Event: 10.518 Thread 0x0000018379af7d10 Uncommon trap: trap_request=0xffffffc6 fr.pc=0x0000018354442544 relative=0x00000000000003e4
Event: 10.518 Thread 0x0000018379af7d10 Uncommon trap: reason=bimorphic_or_optimized_type_check action=maybe_recompile pc=0x0000018354442544 method=com.google.common.base.Equivalence$Equals.doEquivalent(Ljava/lang/Object;Ljava/lang/Object;)Z @ 2 c2
Event: 10.518 Thread 0x0000018379af7d10 DEOPT PACKING pc=0x0000018354442544 sp=0x0000002a733f8190
Event: 10.518 Thread 0x0000018379af7d10 DEOPT UNPACKING pc=0x0000018353b47ba2 sp=0x0000002a733f8040 mode 2
Event: 10.518 Thread 0x0000018379af7d10 Uncommon trap: trap_request=0xffffffc6 fr.pc=0x0000018354442544 relative=0x00000000000003e4
Event: 10.518 Thread 0x0000018379af7d10 Uncommon trap: reason=bimorphic_or_optimized_type_check action=maybe_recompile pc=0x0000018354442544 method=com.google.common.base.Equivalence$Equals.doEquivalent(Ljava/lang/Object;Ljava/lang/Object;)Z @ 2 c2
Event: 10.518 Thread 0x0000018379af7d10 DEOPT PACKING pc=0x0000018354442544 sp=0x0000002a733f8190
Event: 10.518 Thread 0x0000018379af7d10 DEOPT UNPACKING pc=0x0000018353b47ba2 sp=0x0000002a733f8040 mode 2

Classes loaded (20 events):
Event: 8.494 Loading class jdk/internal/reflect/MethodAccessorGenerator$1
Event: 8.494 Loading class jdk/internal/reflect/MethodAccessorGenerator$1 done
Event: 8.494 Loading class jdk/internal/reflect/ClassDefiner
Event: 8.494 Loading class jdk/internal/reflect/ClassDefiner done
Event: 8.494 Loading class jdk/internal/reflect/ClassDefiner$1
Event: 8.494 Loading class jdk/internal/reflect/ClassDefiner$1 done
Event: 8.494 Loading class jdk/internal/reflect/SerializationConstructorAccessorImpl
Event: 8.494 Loading class jdk/internal/reflect/SerializationConstructorAccessorImpl done
Event: 8.542 Loading class java/nio/channels/Channels
Event: 8.542 Loading class java/nio/channels/Channels done
Event: 8.542 Loading class sun/nio/ch/Streams
Event: 8.542 Loading class sun/nio/ch/Streams done
Event: 8.542 Loading class sun/nio/ch/ChannelInputStream
Event: 8.542 Loading class sun/nio/ch/ChannelInputStream done
Event: 8.864 Loading class java/util/Collections$2
Event: 8.864 Loading class java/util/Collections$2 done
Event: 9.302 Loading class java/lang/foreign/MemorySegment
Event: 9.305 Loading class java/lang/foreign/MemorySegment done
Event: 10.248 Loading class java/lang/Override
Event: 10.248 Loading class java/lang/Override done

Classes unloaded (0 events):
No events

Classes redefined (0 events):
No events

Internal exceptions (20 events):
Event: 7.487 Thread 0x0000018379af7d10 Exception <a 'java/lang/ClassNotFoundException'{0x00000000e7d49850}: org/gradle/api/internal/project/DefaultProjectCustomizer> (0x00000000e7d49850) 
thrown [s\src\hotspot\share\classfile\systemDictionary.cpp, line 312]
Event: 7.493 Thread 0x0000018379af7d10 Exception <a 'java/lang/ClassNotFoundException'{0x00000000e7dfec20}: org/gradle/api/internal/project/DefaultProject_DecoratedCustomizer> (0x00000000e7dfec20) 
thrown [s\src\hotspot\share\classfile\systemDictionary.cpp, line 312]
Event: 7.501 Thread 0x0000018379af7d10 Exception <a 'java/lang/ClassNotFoundException'{0x00000000e7cac6b0}: org/gradle/configuration/internal/DefaultListenerBuildOperationDecorator$BuildOperationEmittingClosureBeanInfo> (0x00000000e7cac6b0) 
thrown [s\src\hotspot\share\classfile\systemDictionary.cpp, line 312]
Event: 7.501 Thread 0x0000018379af7d10 Exception <a 'java/lang/ClassNotFoundException'{0x00000000e7cb8a40}: org/gradle/configuration/internal/DefaultListenerBuildOperationDecorator$BuildOperationEmittingClosureCustomizer> (0x00000000e7cb8a40) 
thrown [s\src\hotspot\share\classfile\systemDictionary.cpp, line 312]
Event: 7.579 Thread 0x0000018379af7d10 Exception <a 'java/lang/NoSuchMethodError'{0x00000000e77c9778}: 'long java.lang.invoke.DirectMethodHandle$Holder.invokeStatic(java.lang.Object, long)'> (0x00000000e77c9778) 
thrown [s\src\hotspot\share\interpreter\linkResolver.cpp, line 773]
Event: 7.614 Thread 0x0000018379af7d10 Implicit null exception at 0x000001835432b143 to 0x000001835432b47c
Event: 7.702 Thread 0x0000018379af7d10 Exception <a 'java/lang/NoSuchMethodError'{0x00000000e6ff70f8}: 'java.lang.Object java.lang.invoke.DirectMethodHandle$Holder.invokeVirtual(java.lang.Object, java.lang.Object, java.lang.Object, java.lang.Object, java.lang.Object, java.lang.Object, java.lang.Object, java.lang.Object, java.lang.Object, java.lang.Object, java.lang.Object, java.lang.Object, java.lang.Object, java.lang.Object, java.lang.Object, java.lang.Object, java.lang.Object)'> (0x00000000e6ff70f8) 
thrown [s\src\hotspot\share\interpreter\li
Event: 7.703 Thread 0x0000018379af7d10 Exception <a 'java/lang/NoSuchMethodError'{0x00000000e6ffd100}: 'java.lang.Object java.lang.invoke.DirectMethodHandle$Holder.invokeSpecial(java.lang.Object, java.lang.Object, java.lang.Object, java.lang.Object, java.lang.Object, java.lang.Object, java.lang.Object, java.lang.Object, java.lang.Object, java.lang.Object, java.lang.Object, java.lang.Object, java.lang.Object, java.lang.Object, java.lang.Object, java.lang.Object, java.lang.Object, java.lang.Object)'> (0x00000000e6ffd100) 
thrown [s\src\hotspot\sh
Event: 7.703 Thread 0x0000018379af7d10 Exception <a 'java/lang/NoSuchMethodError'{0x00000000e6e02968}: 'java.lang.Object java.lang.invoke.DelegatingMethodHandle$Holder.reinvoke_L(java.lang.Object, java.lang.Object, java.lang.Object, java.lang.Object, java.lang.Object, java.lang.Object, java.lang.Object, java.lang.Object, java.lang.Object, java.lang.Object, java.lang.Object, java.lang.Object, java.lang.Object, java.lang.Object, java.lang.Object, java.lang.Object, java.lang.Object)'> (0x00000000e6e02968) 
thrown [s\src\hotspot\share\interpreter\l
Event: 7.736 Thread 0x0000018379af7d10 Exception <a 'java/lang/NoSuchMethodError'{0x00000000e6c2ad78}: 'void java.lang.invoke.DirectMethodHandle$Holder.invokeStatic(java.lang.Object, java.lang.Object, java.lang.Object, java.lang.Object, java.lang.Object, java.lang.Object)'> (0x00000000e6c2ad78) 
thrown [s\src\hotspot\share\interpreter\linkResolver.cpp, line 773]
Event: 7.872 Thread 0x0000018379af7d10 Exception <a 'java/lang/NoSuchMethodError'{0x00000000efde5338}: 'java.lang.Object java.lang.invoke.DirectMethodHandle$Holder.newInvokeSpecial(java.lang.Object, java.lang.Object, java.lang.Object, int)'> (0x00000000efde5338) 
thrown [s\src\hotspot\share\interpreter\linkResolver.cpp, line 773]
Event: 7.872 Thread 0x0000018379af7d10 Exception <a 'java/lang/NoSuchMethodError'{0x00000000efdea0c8}: 'java.lang.Object java.lang.invoke.DirectMethodHandle$Holder.invokeSpecial(java.lang.Object, java.lang.Object, java.lang.Object, java.lang.Object, int)'> (0x00000000efdea0c8) 
thrown [s\src\hotspot\share\interpreter\linkResolver.cpp, line 773]
Event: 7.872 Thread 0x0000018379af7d10 Exception <a 'java/lang/NoSuchMethodError'{0x00000000efdee7e0}: 'java.lang.Object java.lang.invoke.Invokers$Holder.linkToTargetMethod(java.lang.Object, java.lang.Object, int, java.lang.Object)'> (0x00000000efdee7e0) 
thrown [s\src\hotspot\share\interpreter\linkResolver.cpp, line 773]
Event: 7.918 Thread 0x0000018379af7d10 Exception <a 'java/lang/NoSuchMethodError'{0x00000000efa33c88}: 'int java.lang.invoke.DirectMethodHandle$Holder.invokeSpecialIFC(java.lang.Object, java.lang.Object, java.lang.Object)'> (0x00000000efa33c88) 
thrown [s\src\hotspot\share\interpreter\linkResolver.cpp, line 773]
Event: 7.983 Thread 0x0000018379af7d10 Exception <a 'java/lang/NoSuchMethodError'{0x00000000ef6a0c38}: 'java.lang.Object java.lang.invoke.DirectMethodHandle$Holder.invokeSpecial(java.lang.Object, java.lang.Object, java.lang.Object, java.lang.Object, java.lang.Object, long)'> (0x00000000ef6a0c38) 
thrown [s\src\hotspot\share\interpreter\linkResolver.cpp, line 773]
Event: 7.985 Thread 0x0000018379af7d10 Exception <a 'java/lang/NoSuchMethodError'{0x00000000ef6c6820}: 'void java.lang.invoke.DirectMethodHandle$Holder.invokeStatic(java.lang.Object, java.lang.Object, java.lang.Object, int, java.lang.Object)'> (0x00000000ef6c6820) 
thrown [s\src\hotspot\share\interpreter\linkResolver.cpp, line 773]
Event: 8.497 Thread 0x0000018379af7d10 Exception <a 'java/lang/NoSuchMethodError'{0x00000000ee124e20}: 'java.lang.Object java.lang.invoke.DirectMethodHandle$Holder.newInvokeSpecial(java.lang.Object, java.lang.Object, java.lang.Object, java.lang.Object, int, java.lang.Object)'> (0x00000000ee124e20) 
thrown [s\src\hotspot\share\interpreter\linkResolver.cpp, line 773]
Event: 8.498 Thread 0x0000018379af7d10 Exception <a 'java/lang/NoSuchMethodError'{0x00000000ee12d720}: 'java.lang.Object java.lang.invoke.Invokers$Holder.linkToTargetMethod(java.lang.Object, java.lang.Object, java.lang.Object, int, java.lang.Object, java.lang.Object)'> (0x00000000ee12d720) 
thrown [s\src\hotspot\share\interpreter\linkResolver.cpp, line 773]
Event: 8.841 Thread 0x0000018379af7d10 Exception <a 'java/lang/NoSuchMethodError'{0x00000000ecaa6cb0}: 'java.lang.Object java.lang.invoke.DirectMethodHandle$Holder.invokeSpecialIFC(java.lang.Object, java.lang.Object, java.lang.Object)'> (0x00000000ecaa6cb0) 
thrown [s\src\hotspot\share\interpreter\linkResolver.cpp, line 773]
Event: 9.680 Thread 0x000001837bc1d3c0 Implicit null exception at 0x000001835446a761 to 0x000001835446a960

ZGC Phase Switch (0 events):
No events

VM Operations (20 events):
Event: 7.753 Executing safepoint VM operation: ICBufferFull
Event: 7.753 Executing safepoint VM operation: ICBufferFull done
Event: 7.830 Executing safepoint VM operation: G1CollectForAllocation (G1 Evacuation Pause)
Event: 7.843 Executing safepoint VM operation: G1CollectForAllocation (G1 Evacuation Pause) done
Event: 7.938 Executing non-safepoint VM operation: HandshakeAllThreads (Deoptimize)
Event: 7.938 Executing non-safepoint VM operation: HandshakeAllThreads (Deoptimize) done
Event: 8.326 Executing safepoint VM operation: ICBufferFull
Event: 8.326 Executing safepoint VM operation: ICBufferFull done
Event: 8.384 Executing non-safepoint VM operation: HandshakeAllThreads (Deoptimize)
Event: 8.384 Executing non-safepoint VM operation: HandshakeAllThreads (Deoptimize) done
Event: 8.476 Executing safepoint VM operation: ICBufferFull
Event: 8.477 Executing safepoint VM operation: ICBufferFull done
Event: 8.672 Executing safepoint VM operation: ICBufferFull
Event: 8.672 Executing safepoint VM operation: ICBufferFull done
Event: 8.845 Executing safepoint VM operation: ICBufferFull
Event: 8.845 Executing safepoint VM operation: ICBufferFull done
Event: 9.216 Executing safepoint VM operation: ICBufferFull
Event: 9.216 Executing safepoint VM operation: ICBufferFull done
Event: 9.972 Executing safepoint VM operation: ICBufferFull
Event: 9.973 Executing safepoint VM operation: ICBufferFull done

Memory protections (0 events):
No events

Nmethod flushes (20 events):
Event: 5.840 Thread 0x000001835ed51160 flushing  nmethod 0x000001834c76b190
Event: 5.840 Thread 0x000001835ed51160 flushing  nmethod 0x000001834c76c910
Event: 5.840 Thread 0x000001835ed51160 flushing  nmethod 0x000001834c7a6a10
Event: 5.840 Thread 0x000001835ed51160 flushing  nmethod 0x000001834c7ad190
Event: 5.840 Thread 0x000001835ed51160 flushing  nmethod 0x000001834c7b1790
Event: 5.840 Thread 0x000001835ed51160 flushing  nmethod 0x000001834c805b10
Event: 5.840 Thread 0x000001835ed51160 flushing  nmethod 0x000001834c806290
Event: 5.840 Thread 0x000001835ed51160 flushing  nmethod 0x000001834c80b490
Event: 5.840 Thread 0x000001835ed51160 flushing  nmethod 0x000001834c881690
Event: 5.840 Thread 0x000001835ed51160 flushing  nmethod 0x000001834c885610
Event: 5.840 Thread 0x000001835ed51160 flushing  nmethod 0x000001834c886c10
Event: 5.840 Thread 0x000001835ed51160 flushing  nmethod 0x000001834c8e0910
Event: 5.840 Thread 0x000001835ed51160 flushing  nmethod 0x000001834c8e3690
Event: 5.840 Thread 0x000001835ed51160 flushing  nmethod 0x000001834c8e4090
Event: 5.840 Thread 0x000001835ed51160 flushing  nmethod 0x000001834c8e4c90
Event: 5.840 Thread 0x000001835ed51160 flushing  nmethod 0x000001834c8e5910
Event: 5.840 Thread 0x000001835ed51160 flushing  nmethod 0x000001834c8e6c90
Event: 5.840 Thread 0x000001835ed51160 flushing  nmethod 0x000001834c993810
Event: 5.840 Thread 0x000001835ed51160 flushing  nmethod 0x000001834c9de490
Event: 5.840 Thread 0x000001835ed51160 flushing  nmethod 0x000001834c9e5990

Events (20 events):
Event: 8.432 Thread 0x0000018379af7d10 Thread added: 0x000001837bc19f40
Event: 8.432 Thread 0x0000018379af7d10 Thread added: 0x000001837bc17e70
Event: 8.525 Thread 0x0000018379af7d10 Thread added: 0x000001837bc18500
Event: 8.527 Thread 0x0000018379af7d10 Thread added: 0x000001837bc16ac0
Event: 8.528 Thread 0x0000018379af7d10 Thread added: 0x000001837bc19220
Event: 8.531 Thread 0x0000018379af7d10 Thread added: 0x000001837bc1a5d0
Event: 8.533 Thread 0x0000018379af7d10 Thread added: 0x000001837bc17150
Event: 8.536 Thread 0x0000018379af7d10 Thread added: 0x000001837bc1b980
Event: 8.542 Thread 0x0000018379af7d10 Thread added: 0x000001837bc1c010
Event: 8.551 Thread 0x0000018378020b50 Thread added: 0x000001837cccf5d0
Event: 8.578 Thread 0x000001837cccf5d0 Thread added: 0x000001837cdb0860
Event: 8.842 Thread 0x0000018379af7d10 Thread added: 0x000001837bc1da50
Event: 8.843 Thread 0x0000018379af7d10 Thread added: 0x000001837bc1d3c0
Event: 8.844 Thread 0x0000018379af7d10 Thread added: 0x000001837bc1b2f0
Event: 8.845 Thread 0x0000018379af7d10 Thread added: 0x000001837bc1c6a0
Event: 8.846 Thread 0x0000018379af7d10 Thread added: 0x000001837bc1e0e0
Event: 8.846 Thread 0x0000018379af7d10 Thread added: 0x000001837bc1ac60
Event: 8.847 Thread 0x0000018379af7d10 Thread added: 0x000001837bc1cd30
Event: 10.322 Thread 0x000001837cdb0860 Thread exited: 0x000001837cdb0860
Event: 10.322 Thread 0x000001837cccf5d0 Thread exited: 0x000001837cccf5d0


Dynamic libraries:
0x00007ff6e8890000 - 0x00007ff6e889e000 	C:\Users\Abina\.vscode\extensions\redhat.java-1.54.0-win32-x64\jre\21.0.10-win32-x86_64\bin\java.exe
0x00007ffb995c0000 - 0x00007ffb99827000 	C:\WINDOWS\SYSTEM32\ntdll.dll
0x00007ffb97e80000 - 0x00007ffb97f49000 	C:\WINDOWS\System32\KERNEL32.DLL
0x00007ffb96f50000 - 0x00007ffb97344000 	C:\WINDOWS\System32\KERNELBASE.dll
0x00007ffb962f0000 - 0x00007ffb9643b000 	C:\WINDOWS\System32\ucrtbase.dll
0x00007ffb3e7a0000 - 0x00007ffb3e7be000 	C:\Users\Abina\.vscode\extensions\redhat.java-1.54.0-win32-x64\jre\21.0.10-win32-x86_64\bin\VCRUNTIME140.dll
0x00007ffb3ea70000 - 0x00007ffb3ea88000 	C:\Users\Abina\.vscode\extensions\redhat.java-1.54.0-win32-x64\jre\21.0.10-win32-x86_64\bin\jli.dll
0x00007ffb984c0000 - 0x00007ffb98685000 	C:\WINDOWS\System32\USER32.dll
0x00007ffb7c0c0000 - 0x00007ffb7c353000 	C:\WINDOWS\WinSxS\amd64_microsoft.windows.common-controls_6595b64144ccf1df_6.0.26100.8115_none_3e075c82e3354f9c\COMCTL32.dll
0x00007ffb95e90000 - 0x00007ffb95eb7000 	C:\WINDOWS\System32\win32u.dll
0x00007ffb979d0000 - 0x00007ffb97a79000 	C:\WINDOWS\System32\msvcrt.dll
0x00007ffb99520000 - 0x00007ffb9954b000 	C:\WINDOWS\System32\GDI32.dll
0x00007ffb96e20000 - 0x00007ffb96f4b000 	C:\WINDOWS\System32\gdi32full.dll
0x00007ffb960c0000 - 0x00007ffb96163000 	C:\WINDOWS\System32\msvcp_win.dll
0x00007ffb97990000 - 0x00007ffb979c2000 	C:\WINDOWS\System32\IMM32.DLL
0x00007ffb743c0000 - 0x00007ffb743cc000 	C:\Users\Abina\.vscode\extensions\redhat.java-1.54.0-win32-x64\jre\21.0.10-win32-x86_64\bin\vcruntime140_1.dll
0x00007ffaeeda0000 - 0x00007ffaeee2d000 	C:\Users\Abina\.vscode\extensions\redhat.java-1.54.0-win32-x64\jre\21.0.10-win32-x86_64\bin\msvcp140.dll
0x00007ffaebe80000 - 0x00007ffaecc21000 	C:\Users\Abina\.vscode\extensions\redhat.java-1.54.0-win32-x64\jre\21.0.10-win32-x86_64\bin\server\jvm.dll
0x00007ffb974d0000 - 0x00007ffb97586000 	C:\WINDOWS\System32\ADVAPI32.dll
0x00007ffb97720000 - 0x00007ffb977c7000 	C:\WINDOWS\System32\sechost.dll
0x00007ffb98c30000 - 0x00007ffb98d48000 	C:\WINDOWS\System32\RPCRT4.dll
0x00007ffb97440000 - 0x00007ffb974c0000 	C:\WINDOWS\System32\WS2_32.dll
0x00007ffb95cf0000 - 0x00007ffb95d4e000 	C:\WINDOWS\SYSTEM32\POWRPROF.dll
0x00007ffb87db0000 - 0x00007ffb87dbb000 	C:\WINDOWS\SYSTEM32\VERSION.dll
0x00007ffb8ed90000 - 0x00007ffb8edc6000 	C:\WINDOWS\SYSTEM32\WINMM.dll
0x00007ffb95cd0000 - 0x00007ffb95ce4000 	C:\WINDOWS\SYSTEM32\UMPDC.dll
0x00007ffb94c20000 - 0x00007ffb94c3b000 	C:\WINDOWS\SYSTEM32\kernel.appcore.dll
0x00007ffb5efa0000 - 0x00007ffb5efaa000 	C:\Users\Abina\.vscode\extensions\redhat.java-1.54.0-win32-x64\jre\21.0.10-win32-x86_64\bin\jimage.dll
0x00007ffb93ce0000 - 0x00007ffb93f22000 	C:\WINDOWS\SYSTEM32\DBGHELP.DLL
0x00007ffb98730000 - 0x00007ffb98ab2000 	C:\WINDOWS\System32\combase.dll
0x00007ffb983e0000 - 0x00007ffb984b8000 	C:\WINDOWS\System32\OLEAUT32.dll
0x00007ffb779f0000 - 0x00007ffb77a2b000 	C:\WINDOWS\SYSTEM32\dbgcore.DLL
0x00007ffb96010000 - 0x00007ffb960b5000 	C:\WINDOWS\System32\bcryptPrimitives.dll
0x00007ffb86d40000 - 0x00007ffb86d4f000 	C:\Users\Abina\.vscode\extensions\redhat.java-1.54.0-win32-x64\jre\21.0.10-win32-x86_64\bin\instrument.dll
0x00007ffb253c0000 - 0x00007ffb253e0000 	C:\Users\Abina\.vscode\extensions\redhat.java-1.54.0-win32-x64\jre\21.0.10-win32-x86_64\bin\java.dll
0x00007ffb98d60000 - 0x00007ffb994c7000 	C:\WINDOWS\System32\SHELL32.dll
0x00007ffb96cb0000 - 0x00007ffb96e1a000 	C:\WINDOWS\System32\wintypes.dll
0x00007ffb96440000 - 0x00007ffb96ca8000 	C:\WINDOWS\System32\windows.storage.dll
0x00007ffb977d0000 - 0x00007ffb978c8000 	C:\WINDOWS\System32\SHCORE.dll
0x00007ffb97350000 - 0x00007ffb973b6000 	C:\WINDOWS\System32\shlwapi.dll
0x00007ffb95db0000 - 0x00007ffb95dd9000 	C:\WINDOWS\SYSTEM32\profapi.dll
0x00007ffb25330000 - 0x00007ffb25348000 	C:\Users\Abina\.vscode\extensions\redhat.java-1.54.0-win32-x64\jre\21.0.10-win32-x86_64\bin\zip.dll
0x00007ffb5eae0000 - 0x00007ffb5eaf0000 	C:\Users\Abina\.vscode\extensions\redhat.java-1.54.0-win32-x64\jre\21.0.10-win32-x86_64\bin\net.dll
0x00007ffb88ec0000 - 0x00007ffb88fed000 	C:\WINDOWS\SYSTEM32\WINHTTP.dll
0x00007ffb95190000 - 0x00007ffb951fc000 	C:\WINDOWS\system32\mswsock.dll
0x00007ffb250c0000 - 0x00007ffb250d6000 	C:\Users\Abina\.vscode\extensions\redhat.java-1.54.0-win32-x64\jre\21.0.10-win32-x86_64\bin\nio.dll
0x00007ffb868b0000 - 0x00007ffb868c0000 	C:\Users\Abina\.vscode\extensions\redhat.java-1.54.0-win32-x64\jre\21.0.10-win32-x86_64\bin\verify.dll
0x00007ffad3af0000 - 0x00007ffad3b17000 	C:\Users\Abina\.gradle\native\c067742578af261105cb4f569cf0c3c89f3d7b1fecec35dd04571415982c5e48\windows-amd64\native-platform.dll
0x00007ffae2ed0000 - 0x00007ffae3014000 	C:\Users\Abina\.gradle\native\100fb08df4bc3b14c8652ba06237920a3bd2aa13389f12d3474272988ae205f9\windows-amd64\native-platform-file-events.dll
0x00007ffb86e30000 - 0x00007ffb86e3a000 	C:\Users\Abina\.vscode\extensions\redhat.java-1.54.0-win32-x64\jre\21.0.10-win32-x86_64\bin\management.dll
0x00007ffb86e20000 - 0x00007ffb86e2c000 	C:\Users\Abina\.vscode\extensions\redhat.java-1.54.0-win32-x64\jre\21.0.10-win32-x86_64\bin\management_ext.dll
0x00007ffb98ac0000 - 0x00007ffb98ac8000 	C:\WINDOWS\System32\PSAPI.DLL
0x00007ffb95480000 - 0x00007ffb9549b000 	C:\WINDOWS\SYSTEM32\CRYPTSP.dll
0x00007ffb94b80000 - 0x00007ffb94bb9000 	C:\WINDOWS\system32\rsaenh.dll
0x00007ffb95240000 - 0x00007ffb95273000 	C:\WINDOWS\SYSTEM32\USERENV.dll
0x00007ffb95d80000 - 0x00007ffb95daa000 	C:\WINDOWS\SYSTEM32\bcrypt.dll
0x00007ffb95470000 - 0x00007ffb9547c000 	C:\WINDOWS\SYSTEM32\CRYPTBASE.dll
0x00007ffb94630000 - 0x00007ffb94662000 	C:\WINDOWS\SYSTEM32\IPHLPAPI.DLL
0x00007ffb98d50000 - 0x00007ffb98d5a000 	C:\WINDOWS\System32\NSI.dll
0x00007ffb49de0000 - 0x00007ffb49de9000 	C:\Users\Abina\.vscode\extensions\redhat.java-1.54.0-win32-x64\jre\21.0.10-win32-x86_64\bin\extnet.dll
0x00007ffb4ad80000 - 0x00007ffb4ad8e000 	C:\Users\Abina\.vscode\extensions\redhat.java-1.54.0-win32-x64\jre\21.0.10-win32-x86_64\bin\sunmscapi.dll
0x00007ffb96170000 - 0x00007ffb962e7000 	C:\WINDOWS\System32\CRYPT32.dll
0x00007ffb95690000 - 0x00007ffb956c0000 	C:\WINDOWS\SYSTEM32\ncrypt.dll
0x00007ffb95640000 - 0x00007ffb9567f000 	C:\WINDOWS\SYSTEM32\NTASN1.dll
0x00007ffb56c50000 - 0x00007ffb56c58000 	C:\WINDOWS\system32\wshunix.dll

JVMTI agents:
C:\Users\Abina\.gradle\wrapper\dists\gradle-8.9-bin\90cnw93cvbtalezasaz0blq0a\gradle-8.9\lib\agents\gradle-instrumentation-agent-8.9.jar path:C:\Users\Abina\.vscode\extensions\redhat.java-1.54.0-win32-x64\jre\21.0.10-win32-x86_64\bin\instrument.dll, loaded, initialized, instrumentlib options:none

dbghelp: loaded successfully - version: 4.0.5 - missing functions: none
symbol engine: initialized successfully - sym options: 0x614 - pdb path: .;C:\Users\Abina\.vscode\extensions\redhat.java-1.54.0-win32-x64\jre\21.0.10-win32-x86_64\bin;C:\WINDOWS\SYSTEM32;C:\WINDOWS\WinSxS\amd64_microsoft.windows.common-controls_6595b64144ccf1df_6.0.26100.8115_none_3e075c82e3354f9c;C:\Users\Abina\.vscode\extensions\redhat.java-1.54.0-win32-x64\jre\21.0.10-win32-x86_64\bin\server;C:\Users\Abina\.gradle\native\c067742578af261105cb4f569cf0c3c89f3d7b1fecec35dd04571415982c5e48\windows-amd64;C:\Users\Abina\.gradle\native\100fb08df4bc3b14c8652ba06237920a3bd2aa13389f12d3474272988ae205f9\windows-amd64

VM Arguments:
jvm_args: --add-opens=java.base/java.util=ALL-UNNAMED --add-opens=java.base/java.lang=ALL-UNNAMED --add-opens=java.base/java.lang.invoke=ALL-UNNAMED --add-opens=java.prefs/java.util.prefs=ALL-UNNAMED --add-exports=jdk.compiler/com.sun.tools.javac.api=ALL-UNNAMED --add-exports=jdk.compiler/com.sun.tools.javac.util=ALL-UNNAMED --add-opens=java.base/java.nio.charset=ALL-UNNAMED --add-opens=java.base/java.net=ALL-UNNAMED --add-opens=java.base/java.util.concurrent.atomic=ALL-UNNAMED -XX:MaxMetaspaceSize=384m -XX:+HeapDumpOnOutOfMemoryError -Xms256m -Xmx512m -Dfile.encoding=utf8 -Duser.country=IN -Duser.language=en -Duser.variant -javaagent:C:\Users\Abina\.gradle\wrapper\dists\gradle-8.9-bin\90cnw93cvbtalezasaz0blq0a\gradle-8.9\lib\agents\gradle-instrumentation-agent-8.9.jar 
java_command: org.gradle.launcher.daemon.bootstrap.GradleDaemon 8.9
java_class_path (initial): C:\Users\Abina\.gradle\wrapper\dists\gradle-8.9-bin\90cnw93cvbtalezasaz0blq0a\gradle-8.9\lib\gradle-daemon-main-8.9.jar
Launcher Type: SUN_STANDARD

[Global flags]
     intx CICompilerCount                          = 4                                         {product} {ergonomic}
   size_t CompressedClassSpaceSize                 = 335544320                                 {product} {ergonomic}
     uint ConcGCThreads                            = 2                                         {product} {ergonomic}
     uint G1ConcRefinementThreads                  = 8                                         {product} {ergonomic}
   size_t G1HeapRegionSize                         = 1048576                                   {product} {ergonomic}
    uintx GCDrainStackTargetSize                   = 64                                        {product} {ergonomic}
     bool HeapDumpOnOutOfMemoryError               = true                                   {manageable} {command line}
   size_t InitialHeapSize                          = 268435456                                 {product} {command line}
   size_t MarkStackSize                            = 4194304                                   {product} {ergonomic}
   size_t MaxHeapSize                              = 536870912                                 {product} {command line}
   size_t MaxMetaspaceSize                         = 402653184                                 {product} {command line}
   size_t MaxNewSize                               = 321912832                                 {product} {ergonomic}
   size_t MinHeapDeltaBytes                        = 1048576                                   {product} {ergonomic}
   size_t MinHeapSize                              = 268435456                                 {product} {command line}
    uintx NonNMethodCodeHeapSize                   = 5839372                                {pd product} {ergonomic}
    uintx NonProfiledCodeHeapSize                  = 122909434                              {pd product} {ergonomic}
    uintx ProfiledCodeHeapSize                     = 122909434                              {pd product} {ergonomic}
    uintx ReservedCodeCacheSize                    = 251658240                              {pd product} {ergonomic}
     bool SegmentedCodeCache                       = true                                      {product} {ergonomic}
   size_t SoftMaxHeapSize                          = 536870912                              {manageable} {ergonomic}
     bool UseCompressedOops                        = true                           {product lp64_product} {ergonomic}
     bool UseG1GC                                  = true                                      {product} {ergonomic}
     bool UseLargePagesIndividualAllocation        = false                                  {pd product} {ergonomic}

Logging:
Log output configuration:
 #0: stdout all=warning uptime,level,tags foldmultilines=false
 #1: stderr all=off uptime,level,tags foldmultilines=false

Release file:
JAVA_VERSION="21.0.10" 
MODULES="java.base java.compiler java.datatransfer java.xml java.prefs java.desktop java.instrument java.logging java.management java.security.sasl java.naming java.rmi java.management.rmi java.net.http java.scripting java.security.jgss java.transaction.xa java.sql java.sql.rowset java.xml.crypto java.se java.smartcardio jdk.accessibility jdk.internal.jvmstat jdk.attach jdk.charsets jdk.internal.opt jdk.zipfs jdk.compiler jdk.crypto.ec jdk.crypto.cryptoki jdk.crypto.mscapi jdk.dynalink jdk.internal.ed jdk.editpad jdk.hotspot.agent jdk.httpserver jdk.internal.le jdk.internal.vm.ci jdk.internal.vm.compiler jdk.internal.vm.compiler.management jdk.jartool jdk.javadoc jdk.jcmd jdk.management jdk.management.agent jdk.jconsole jdk.jdeps jdk.jdwp.agent jdk.jdi jdk.jfr jdk.jshell jdk.jsobject jdk.jstatd jdk.localedata jdk.management.jfr jdk.naming.dns jdk.naming.rmi jdk.net jdk.nio.mapmode jdk.random jdk.sctp jdk.security.auth jdk.security.jgss jdk.unsupported jdk.unsupported.desktop jdk.xml.dom" 

Environment Variables:
PATH=C:\Users\Abina\AppData\Local\Programs\Microsoft VS Code;E:\Python\Python314\Scripts\;E:\Python\Python314\;C:\Python313\Scripts\;C:\Python313\;C:\Program Files\Common Files\Oracle\Java\javapath;C:\WINDOWS\system32;C:\WINDOWS;C:\WINDOWS\System32\Wbem;C:\WINDOWS\System32\WindowsPowerShell\v1.0\;C:\WINDOWS\System32\OpenSSH\;C:\Program Files\dotnet\;C:\ProgramData\ComposerSetup\bin;C:\Windows\System32;C:\Program Files\Java\jdk-17\bin;C:\Users\Abina\flutter\bin;C:\Program Files\PuTTY\;D:\ngrok-v3-stable-windows-amd64;c:\xampp\mysql\bin\;E:\Program Files\Git\cmd;C:\ProgramData\chocolatey\bin;C:\Users\Abina\AppData\Roaming\Python\Python313\Scripts;E:\Python\Scripts;E:\Python;E:\ffmpeg\bin;E:\php;D:\Program Files\nodejs;D:\Program Files\nodejs\;C:\Program Files\Tailscale\;E:\Python\Scripts\;E:\Python\;E:\Python\Python314\Scripts\;E:\Python\Python314\;C:\Users\Abina\AppData\Local\pnpm;C:\Users\Abina\AppData\Local\Microsoft\WindowsApps;C:\Users\Abina\AppData\Local\Programs\Microsoft VS Code\bin;C:\Users\Abina\AppData\Roaming\Composer\vendor\bin;C:\Windows\System32;C:\Program Files\Java\jdk-17\bin;C:\Users\Abina\flutter\bin;E:\JetBrains\PyCharm 2025.2.5\bin;E:\PyCharm Community Edition 2023.3.3\bin;;D:\ngrok-v3-stable-windows-amd64;c:\xampp\mysql\bin\;E:\php;D:\Program Files\nodejs;C:\Users\Abina\AppData\Roaming\npm;D:\cursor\resources\app\bin
USERNAME=Abina
OS=Windows_NT
PROCESSOR_IDENTIFIER=Intel64 Family 6 Model 140 Stepping 1, GenuineIntel
TMP=C:\Users\Abina\AppData\Local\Temp
TEMP=C:\Users\Abina\AppData\Local\Temp




Periodic native trim disabled

---------------  S Y S T E M  ---------------

OS:
 Windows 11 , 64 bit Build 26100 (10.0.26100.8246)
OS uptime: 0 days 1:22 hours
Hyper-V role detected

CPU: total 8 (initial active 8) (4 cores per cpu, 2 threads per core) family 6 model 140 stepping 1 microcode 0xbe, cx8, cmov, fxsr, ht, mmx, 3dnowpref, sse, sse2, sse3, ssse3, sse4.1, sse4.2, popcnt, lzcnt, tsc, tscinvbit, avx, avx2, aes, erms, clmul, bmi1, bmi2, adx, avx512f, avx512dq, avx512cd, avx512bw, avx512vl, sha, fma, vzeroupper, avx512_vpopcntdq, avx512_vpclmulqdq, avx512_vaes, avx512_vnni, clflush, clflushopt, clwb, avx512_vbmi2, avx512_vbmi, hv, rdtscp, rdpid, fsrm, gfni, avx512_bitalg, f16c, cet_ibt, cet_ss, avx512_ifma
Processor Information for the first 8 processors :
  Max Mhz: 2419, Current Mhz: 2419, Mhz Limit: 2419

Memory: 4k page, system-wide physical 7926M (641M free)
TotalPageFile size 16601M (AvailPageFile size 10M)
current process WorkingSet (physical memory assigned to process): 371M, peak: 433M
current process commit charge ("private bytes"): 472M, peak: 530M

vm_info: OpenJDK 64-Bit Server VM (21.0.10+7-LTS) for windows-amd64 JRE (21.0.10+7-LTS), built on 2026-01-20T00:00:00Z by "admin" with MS VC++ 17.12 (VS2022)

END.
